085052 - Loading config xml...
085052 - Loading game xml...
085053 - Loading missiles...
085053 - Loading interceptors...
085053 - Loading missile sites...
085053 - Loading SAM sites...
085053 - Loading sentry guns...
085053 - Loading ore mines...
085053 - Loading loots...
085053 - Loading radiations...
085251 - Loading config xml...
085252 - Loading game xml...
094515 - Loading config xml...
094515 - Loading game xml...
094515 - Loading missiles...
094515 - Loading interceptors...
094515 - Loading missile sites...
094515 - Loading SAM sites...
094515 - Loading sentry guns...
094515 - Loading ore mines...
094515 - Loading loots...
094515 - Loading radiations...
135954 - Loading config xml...
135954 - Loading game xml...
224217 - Loading config xml...
224217 - Loading game xml...
224226 - Loading config xml...
224226 - Loading game xml...
224229 - Loading config xml...
224229 - Loading game xml...
224230 - Loading config xml...
224230 - Loading game xml...
224232 - Loading config xml...
224232 - Loading game xml...
224320 - Loading config xml...
224320 - Loading game xml...
224602 - Loading config xml...
224602 - Loading game xml...
