075713 - Saving and backing up the game.
075719 - Saving and backing up the game.
075719 - Saving and backing up the game.
075720 - Saving and backing up the game.
075721 - Saving and backing up the game.
084228 - Saving and backing up the game.
084229 - Saving and backing up the game.
084229 - Saving and backing up the game.
084229 - Saving and backing up the game.
084230 - Saving and backing up the game.
084231 - Saving and backing up the game.
084231 - Saving and backing up the game.
084231 - Saving and backing up the game.
084231 - Saving and backing up the game.
084232 - Saving and backing up the game.
084232 - Saving and backing up the game.
084232 - Saving and backing up the game.
084232 - Saving and backing up the game.
084232 - Saving and backing up the game.
084232 - Saving and backing up the game.
084232 - Saving and backing up the game.
084233 - Saving and backing up the game.
084233 - Saving and backing up the game.
084233 - Saving and backing up the game.
084233 - Saving and backing up the game.
084233 - Saving and backing up the game.
084233 - Saving and backing up the game.
084233 - Saving and backing up the game.
084234 - Saving and backing up the game.
084234 - Saving and backing up the game.
084234 - Saving and backing up the game.
084234 - Saving and backing up the game.
084234 - Saving and backing up the game.
084234 - Saving and backing up the game.
084234 - Saving and backing up the game.
084234 - Saving and backing up the game.
084234 - Saving and backing up the game.
084235 - Saving and backing up the game.
084235 - Saving and backing up the game.
084235 - Saving and backing up the game.
084235 - Saving and backing up the game.
084235 - Saving and backing up the game.
084235 - Saving and backing up the game.
084235 - Saving and backing up the game.
084235 - Saving and backing up the game.
084236 - Saving and backing up the game.
084236 - Saving and backing up the game.
084236 - Saving and backing up the game.
084236 - Saving and backing up the game.
084236 - Saving and backing up the game.
084236 - Saving and backing up the game.
084237 - Saving and backing up the game.
084237 - Saving and backing up the game.
084237 - Saving and backing up the game.
084237 - Saving and backing up the game.
084238 - Saving and backing up the game.
084238 - Saving and backing up the game.
084238 - Saving and backing up the game.
084238 - Saving and backing up the game.
084238 - Saving and backing up the game.
084238 - Saving and backing up the game.
084238 - Saving and backing up the game.
084238 - Saving and backing up the game.
084238 - Saving and backing up the game.
084239 - Saving and backing up the game.
084239 - Saving and backing up the game.
084239 - Saving and backing up the game.
084239 - Saving and backing up the game.
084239 - Saving and backing up the game.
084239 - Saving and backing up the game.
084239 - Saving and backing up the game.
084239 - Saving and backing up the game.
084239 - Saving and backing up the game.
084239 - Saving and backing up the game.
084239 - Saving and backing up the game.
084240 - Saving and backing up the game.
084240 - Saving and backing up the game.
084240 - Saving and backing up the game.
084240 - Saving and backing up the game.
084240 - Saving and backing up the game.
084240 - Saving and backing up the game.
084240 - Saving and backing up the game.
084240 - Saving and backing up the game.
084240 - Saving and backing up the game.
084240 - Saving and backing up the game.
084240 - Saving and backing up the game.
084240 - Saving and backing up the game.
084241 - Saving and backing up the game.
084241 - Saving and backing up the game.
084241 - Saving and backing up the game.
084241 - Saving and backing up the game.
084241 - Saving and backing up the game.
084241 - Saving and backing up the game.
084241 - Saving and backing up the game.
084241 - Saving and backing up the game.
084241 - Saving and backing up the game.
084242 - Saving and backing up the game.
084242 - Saving and backing up the game.
084242 - Saving and backing up the game.
084242 - Saving and backing up the game.
084242 - Saving and backing up the game.
084242 - Saving and backing up the game.
084242 - Saving and backing up the game.
084242 - Saving and backing up the game.
084242 - Saving and backing up the game.
084242 - Saving and backing up the game.
084242 - Saving and backing up the game.
084243 - Saving and backing up the game.
084243 - Saving and backing up the game.
084243 - Saving and backing up the game.
084243 - Saving and backing up the game.
084243 - Saving and backing up the game.
084243 - Saving and backing up the game.
084243 - Saving and backing up the game.
084243 - Saving and backing up the game.
084243 - Saving and backing up the game.
084243 - Saving and backing up the game.
084243 - Saving and backing up the game.
084243 - Saving and backing up the game.
084244 - Saving and backing up the game.
084244 - Saving and backing up the game.
084244 - Saving and backing up the game.
084244 - Saving and backing up the game.
084244 - Saving and backing up the game.
084244 - Saving and backing up the game.
084244 - Saving and backing up the game.
084244 - Saving and backing up the game.
084244 - Saving and backing up the game.
084245 - Saving and backing up the game.
084245 - Saving and backing up the game.
084245 - Saving and backing up the game.
084245 - Saving and backing up the game.
084245 - Saving and backing up the game.
084245 - Saving and backing up the game.
084245 - Saving and backing up the game.
084245 - Saving and backing up the game.
084245 - Saving and backing up the game.
084245 - Saving and backing up the game.
084246 - Saving and backing up the game.
084246 - Saving and backing up the game.
084246 - Saving and backing up the game.
084246 - Saving and backing up the game.
084246 - Saving and backing up the game.
084246 - Saving and backing up the game.
084246 - Saving and backing up the game.
084246 - Saving and backing up the game.
084247 - Saving and backing up the game.
084247 - Saving and backing up the game.
084247 - Saving and backing up the game.
084247 - Saving and backing up the game.
084247 - Saving and backing up the game.
084247 - Saving and backing up the game.
084247 - Saving and backing up the game.
084247 - Saving and backing up the game.
084248 - Saving and backing up the game.
084248 - Saving and backing up the game.
084248 - Saving and backing up the game.
084248 - Saving and backing up the game.
084248 - Saving and backing up the game.
084248 - Saving and backing up the game.
084248 - Saving and backing up the game.
084248 - Saving and backing up the game.
084248 - Saving and backing up the game.
084248 - Saving and backing up the game.
084248 - Saving and backing up the game.
084249 - Saving and backing up the game.
084249 - Saving and backing up the game.
084249 - Saving and backing up the game.
084249 - Saving and backing up the game.
084249 - Saving and backing up the game.
084249 - Saving and backing up the game.
084249 - Saving and backing up the game.
084249 - Saving and backing up the game.
084250 - Saving and backing up the game.
084250 - Saving and backing up the game.
084250 - Saving and backing up the game.
084250 - Saving and backing up the game.
084250 - Saving and backing up the game.
084250 - Saving and backing up the game.
084250 - Saving and backing up the game.
084250 - Saving and backing up the game.
084250 - Saving and backing up the game.
084251 - Saving and backing up the game.
084251 - Saving and backing up the game.
084251 - Saving and backing up the game.
084251 - Saving and backing up the game.
084251 - Saving and backing up the game.
084251 - Saving and backing up the game.
084251 - Saving and backing up the game.
084251 - Saving and backing up the game.
084251 - Saving and backing up the game.
084252 - Saving and backing up the game.
084252 - Saving and backing up the game.
084252 - Saving and backing up the game.
084252 - Saving and backing up the game.
084252 - Saving and backing up the game.
084252 - Saving and backing up the game.
084252 - Saving and backing up the game.
084252 - Saving and backing up the game.
084252 - Saving and backing up the game.
084252 - Saving and backing up the game.
084252 - Saving and backing up the game.
084252 - Saving and backing up the game.
084253 - Saving and backing up the game.
084253 - Saving and backing up the game.
084253 - Saving and backing up the game.
084253 - Saving and backing up the game.
084253 - Saving and backing up the game.
084253 - Saving and backing up the game.
084253 - Saving and backing up the game.
084254 - Saving and backing up the game.
084254 - Saving and backing up the game.
084254 - Saving and backing up the game.
084254 - Saving and backing up the game.
084254 - Saving and backing up the game.
084254 - Saving and backing up the game.
084254 - Saving and backing up the game.
084254 - Saving and backing up the game.
084254 - Saving and backing up the game.
084254 - Saving and backing up the game.
084254 - Saving and backing up the game.
084254 - Saving and backing up the game.
084255 - Saving and backing up the game.
084255 - Saving and backing up the game.
084255 - Saving and backing up the game.
084255 - Saving and backing up the game.
084255 - Saving and backing up the game.
084255 - Saving and backing up the game.
084255 - Saving and backing up the game.
084255 - Saving and backing up the game.
084255 - Saving and backing up the game.
084255 - Saving and backing up the game.
084255 - Saving and backing up the game.
084255 - Saving and backing up the game.
084256 - Saving and backing up the game.
084256 - Saving and backing up the game.
084256 - Saving and backing up the game.
084256 - Saving and backing up the game.
084256 - Saving and backing up the game.
084256 - Saving and backing up the game.
084256 - Saving and backing up the game.
084256 - Saving and backing up the game.
084256 - Saving and backing up the game.
084256 - Saving and backing up the game.
084256 - Saving and backing up the game.
084257 - Saving and backing up the game.
084257 - Saving and backing up the game.
084257 - Saving and backing up the game.
084257 - Saving and backing up the game.
084257 - Saving and backing up the game.
084257 - Saving and backing up the game.
084257 - Saving and backing up the game.
084257 - Saving and backing up the game.
084257 - Saving and backing up the game.
084257 - Saving and backing up the game.
084257 - Saving and backing up the game.
084257 - Saving and backing up the game.
084257 - Saving and backing up the game.
084257 - Saving and backing up the game.
084258 - Saving and backing up the game.
084258 - Saving and backing up the game.
084258 - Saving and backing up the game.
084258 - Saving and backing up the game.
084258 - Saving and backing up the game.
084258 - Saving and backing up the game.
084258 - Saving and backing up the game.
084258 - Saving and backing up the game.
084258 - Saving and backing up the game.
084259 - Saving and backing up the game.
084259 - Saving and backing up the game.
084259 - Saving and backing up the game.
084259 - Saving and backing up the game.
084259 - Saving and backing up the game.
084259 - Saving and backing up the game.
084259 - Saving and backing up the game.
084259 - Saving and backing up the game.
084259 - Saving and backing up the game.
084259 - Saving and backing up the game.
084300 - Saving and backing up the game.
084300 - Saving and backing up the game.
084300 - Saving and backing up the game.
084300 - Saving and backing up the game.
084300 - Saving and backing up the game.
084300 - Saving and backing up the game.
084300 - Saving and backing up the game.
084300 - Saving and backing up the game.
084300 - Saving and backing up the game.
084300 - Saving and backing up the game.
084300 - Saving and backing up the game.
084300 - Saving and backing up the game.
084300 - Saving and backing up the game.
084301 - Saving and backing up the game.
084301 - Saving and backing up the game.
084301 - Saving and backing up the game.
084301 - Saving and backing up the game.
084301 - Saving and backing up the game.
084301 - Saving and backing up the game.
084301 - Saving and backing up the game.
084301 - Saving and backing up the game.
084301 - Saving and backing up the game.
084301 - Saving and backing up the game.
084301 - Saving and backing up the game.
084301 - Saving and backing up the game.
084302 - Saving and backing up the game.
084302 - Saving and backing up the game.
084302 - Saving and backing up the game.
084302 - Saving and backing up the game.
084302 - Saving and backing up the game.
084302 - Saving and backing up the game.
084302 - Saving and backing up the game.
084302 - Saving and backing up the game.
084302 - Saving and backing up the game.
084302 - Saving and backing up the game.
084302 - Saving and backing up the game.
084302 - Saving and backing up the game.
084303 - Saving and backing up the game.
084303 - Saving and backing up the game.
084303 - Saving and backing up the game.
084303 - Saving and backing up the game.
084303 - Saving and backing up the game.
084303 - Saving and backing up the game.
084303 - Saving and backing up the game.
084303 - Saving and backing up the game.
084303 - Saving and backing up the game.
084303 - Saving and backing up the game.
084303 - Saving and backing up the game.
084303 - Saving and backing up the game.
084303 - Saving and backing up the game.
084303 - Saving and backing up the game.
084304 - Saving and backing up the game.
084304 - Saving and backing up the game.
084304 - Saving and backing up the game.
084304 - Saving and backing up the game.
084304 - Saving and backing up the game.
084304 - Saving and backing up the game.
084304 - Saving and backing up the game.
084304 - Saving and backing up the game.
084304 - Saving and backing up the game.
084304 - Saving and backing up the game.
084304 - Saving and backing up the game.
084304 - Saving and backing up the game.
084304 - Saving and backing up the game.
084304 - Saving and backing up the game.
084305 - Saving and backing up the game.
084305 - Saving and backing up the game.
084305 - Saving and backing up the game.
084305 - Saving and backing up the game.
084305 - Saving and backing up the game.
084305 - Saving and backing up the game.
084305 - Saving and backing up the game.
084305 - Saving and backing up the game.
084305 - Saving and backing up the game.
084305 - Saving and backing up the game.
084305 - Saving and backing up the game.
084305 - Saving and backing up the game.
084305 - Saving and backing up the game.
084305 - Saving and backing up the game.
084305 - Saving and backing up the game.
084305 - Saving and backing up the game.
084306 - Saving and backing up the game.
084306 - Saving and backing up the game.
084306 - Saving and backing up the game.
084306 - Saving and backing up the game.
084306 - Saving and backing up the game.
084306 - Saving and backing up the game.
084306 - Saving and backing up the game.
084306 - Saving and backing up the game.
084306 - Saving and backing up the game.
084306 - Saving and backing up the game.
084306 - Saving and backing up the game.
084306 - Saving and backing up the game.
084306 - Saving and backing up the game.
084306 - Saving and backing up the game.
084306 - Saving and backing up the game.
084307 - Saving and backing up the game.
084307 - Saving and backing up the game.
084307 - Saving and backing up the game.
084307 - Saving and backing up the game.
084307 - Saving and backing up the game.
084307 - Saving and backing up the game.
084307 - Saving and backing up the game.
084307 - Saving and backing up the game.
084307 - Saving and backing up the game.
084307 - Saving and backing up the game.
084307 - Saving and backing up the game.
084307 - Saving and backing up the game.
084307 - Saving and backing up the game.
084307 - Saving and backing up the game.
084307 - Saving and backing up the game.
084307 - Saving and backing up the game.
084308 - Saving and backing up the game.
084308 - Saving and backing up the game.
084308 - Saving and backing up the game.
084308 - Saving and backing up the game.
084308 - Saving and backing up the game.
084308 - Saving and backing up the game.
084308 - Saving and backing up the game.
084308 - Saving and backing up the game.
084308 - Saving and backing up the game.
084308 - Saving and backing up the game.
084308 - Saving and backing up the game.
084308 - Saving and backing up the game.
084308 - Saving and backing up the game.
084308 - Saving and backing up the game.
084309 - Saving and backing up the game.
084309 - Saving and backing up the game.
084309 - Saving and backing up the game.
084309 - Saving and backing up the game.
084309 - Saving and backing up the game.
084309 - Saving and backing up the game.
084309 - Saving and backing up the game.
084309 - Saving and backing up the game.
084309 - Saving and backing up the game.
084309 - Saving and backing up the game.
084309 - Saving and backing up the game.
084309 - Saving and backing up the game.
084309 - Saving and backing up the game.
084309 - Saving and backing up the game.
084309 - Saving and backing up the game.
084309 - Saving and backing up the game.
084310 - Saving and backing up the game.
084310 - Saving and backing up the game.
084310 - Saving and backing up the game.
084310 - Saving and backing up the game.
084310 - Saving and backing up the game.
084310 - Saving and backing up the game.
084310 - Saving and backing up the game.
084310 - Saving and backing up the game.
084310 - Saving and backing up the game.
084310 - Saving and backing up the game.
084310 - Saving and backing up the game.
084310 - Saving and backing up the game.
084310 - Saving and backing up the game.
084310 - Saving and backing up the game.
084310 - Saving and backing up the game.
084311 - Saving and backing up the game.
084311 - Saving and backing up the game.
084311 - Saving and backing up the game.
084311 - Saving and backing up the game.
084311 - Saving and backing up the game.
084311 - Saving and backing up the game.
084311 - Saving and backing up the game.
084311 - Saving and backing up the game.
084311 - Saving and backing up the game.
084311 - Saving and backing up the game.
084311 - Saving and backing up the game.
084311 - Saving and backing up the game.
084311 - Saving and backing up the game.
084311 - Saving and backing up the game.
084312 - Saving and backing up the game.
084312 - Saving and backing up the game.
084312 - Saving and backing up the game.
084312 - Saving and backing up the game.
084312 - Saving and backing up the game.
084312 - Saving and backing up the game.
084312 - Saving and backing up the game.
084312 - Saving and backing up the game.
084312 - Saving and backing up the game.
084312 - Saving and backing up the game.
084312 - Saving and backing up the game.
084312 - Saving and backing up the game.
084312 - Saving and backing up the game.
084312 - Saving and backing up the game.
084312 - Saving and backing up the game.
084313 - Saving and backing up the game.
084313 - Saving and backing up the game.
084313 - Saving and backing up the game.
084313 - Saving and backing up the game.
084313 - Saving and backing up the game.
084313 - Saving and backing up the game.
084313 - Saving and backing up the game.
084313 - Saving and backing up the game.
084313 - Saving and backing up the game.
084313 - Saving and backing up the game.
084313 - Saving and backing up the game.
084313 - Saving and backing up the game.
085052 - Firing up Launch server...
085052 - Load warning: Unable to get byte root element Variant. Returning default 0.
085052 - Load warning: Unable to get asset ID for MissileType. Returning default.
085052 - Load warning: Unable to get asset ID for InterceptorType. Returning default.
085052 - Load warning: Unable to get asset ID for InterceptorType. Returning default.
085052 - Load warning: Unable to get asset ID for InterceptorType. Returning default.
085052 - Load warning: Unable to get asset ID for InterceptorType. Returning default.
085052 - Load warning: Unable to get asset ID for InterceptorType. Returning default.
085052 - Load warning: Unable to get asset ID for InterceptorType. Returning default.
085052 - Load warning: Unable to get asset ID for InterceptorType. Returning default.
085052 - Load warning: Unable to get asset ID for InterceptorType. Returning default.
085052 - Load warning: Unable to get asset ID for InterceptorType. Returning default.
085052 - Load warning: Unable to get asset ID for InterceptorType. Returning default.
085052 - Loading game...
085053 - ...game loaded.
085053 - ...We're running.
085251 - Firing up Launch server...
085251 - Load warning: Unable to get byte root element Variant. Returning default 0.
085251 - Load warning: Unable to get asset ID for MissileType. Returning default.
085251 - Load warning: Unable to get asset ID for InterceptorType. Returning default.
085251 - Load warning: Unable to get asset ID for InterceptorType. Returning default.
085251 - Load warning: Unable to get asset ID for InterceptorType. Returning default.
085251 - Load warning: Unable to get asset ID for InterceptorType. Returning default.
085251 - Load warning: Unable to get asset ID for InterceptorType. Returning default.
085251 - Load warning: Unable to get asset ID for InterceptorType. Returning default.
085251 - Load warning: Unable to get asset ID for InterceptorType. Returning default.
085252 - Load warning: Unable to get asset ID for InterceptorType. Returning default.
085252 - Load warning: Unable to get asset ID for InterceptorType. Returning default.
085252 - Load warning: Unable to get asset ID for InterceptorType. Returning default.
085252 - Loading game...
085252 - ...game loaded.
085252 - ...We're running.
085511 - Saving and backing up the game.
085512 - Saving and backing up the game.
085547 - Saving and backing up the game.
085548 - Saving and backing up the game.
094515 - Firing up Launch server...
094515 - Load warning: Unable to get byte root element Variant. Returning default 0.
094515 - Load warning: Unable to get asset ID for MissileType. Returning default.
094515 - Load warning: Unable to get asset ID for InterceptorType. Returning default.
094515 - Load warning: Unable to get asset ID for InterceptorType. Returning default.
094515 - Load warning: Unable to get asset ID for InterceptorType. Returning default.
094515 - Load warning: Unable to get asset ID for InterceptorType. Returning default.
094515 - Load warning: Unable to get asset ID for InterceptorType. Returning default.
094515 - Load warning: Unable to get asset ID for InterceptorType. Returning default.
094515 - Load warning: Unable to get asset ID for InterceptorType. Returning default.
094515 - Load warning: Unable to get asset ID for InterceptorType. Returning default.
094515 - Load warning: Unable to get asset ID for InterceptorType. Returning default.
094515 - Load warning: Unable to get asset ID for InterceptorType. Returning default.
094515 - Loading game...
094515 - ...game loaded.
094515 - ...We're running.
114514 - Saving and backing up the game.
122154 - Saving and backing up the game.
135954 - Firing up Launch server...
135954 - Load warning: Unable to get byte root element Variant. Returning default 0.
135954 - Load warning: Unable to get asset ID for MissileType. Returning default.
135954 - Load warning: Unable to get asset ID for InterceptorType. Returning default.
135954 - Load warning: Unable to get asset ID for InterceptorType. Returning default.
135954 - Load warning: Unable to get asset ID for InterceptorType. Returning default.
135954 - Load warning: Unable to get asset ID for InterceptorType. Returning default.
135954 - Load warning: Unable to get asset ID for InterceptorType. Returning default.
135954 - Load warning: Unable to get asset ID for InterceptorType. Returning default.
135954 - Load warning: Unable to get asset ID for InterceptorType. Returning default.
135954 - Load warning: Unable to get asset ID for InterceptorType. Returning default.
135954 - Load warning: Unable to get asset ID for InterceptorType. Returning default.
135954 - Load warning: Unable to get asset ID for InterceptorType. Returning default.
135954 - Loading game...
135954 - ...game loaded.
135954 - ...We're running.
141125 - Saving and backing up the game.
141125 - Saving and backing up the game.
141158 - Saving and backing up the game.
145604 - Saving and backing up the game.
150314 - Saving and backing up the game.
192026 - Saving and backing up the game.
192027 - Saving and backing up the game.
210314 - Saving and backing up the game.
224217 - Firing up Launch server...
224217 - Load warning: Unable to get byte root element Variant. Returning default 0.
224217 - Load warning: Unable to get asset ID for MissileType. Returning default.
224217 - Load warning: Unable to get asset ID for InterceptorType. Returning default.
224217 - Load error: Other error when loading config from config.xml. Last handled: String element Description
224217 - Loading game...
224217 - ...game loaded.
224217 - There were errors when loading the game. Quitting...
224217 - Did not save/backup the game as it didn't load correctly.
224217 - Goodbye.
224226 - Firing up Launch server...
224226 - Load warning: Unable to get byte root element Variant. Returning default 0.
224226 - Load warning: Unable to get asset ID for MissileType. Returning default.
224226 - Load warning: Unable to get asset ID for InterceptorType. Returning default.
224226 - Load error: Other error when loading config from config.xml. Last handled: String element Description
224226 - Loading game...
224226 - ...game loaded.
224226 - There were errors when loading the game. Quitting...
224226 - Did not save/backup the game as it didn't load correctly.
224226 - Goodbye.
224228 - Firing up Launch server...
224229 - Load warning: Unable to get byte root element Variant. Returning default 0.
224229 - Load warning: Unable to get asset ID for MissileType. Returning default.
224229 - Load warning: Unable to get asset ID for InterceptorType. Returning default.
224229 - Load error: Other error when loading config from config.xml. Last handled: String element Description
224229 - Loading game...
224229 - ...game loaded.
224229 - There were errors when loading the game. Quitting...
224229 - Did not save/backup the game as it didn't load correctly.
224229 - Goodbye.
224230 - Firing up Launch server...
224230 - Load warning: Unable to get byte root element Variant. Returning default 0.
224230 - Load warning: Unable to get asset ID for MissileType. Returning default.
224230 - Load warning: Unable to get asset ID for InterceptorType. Returning default.
224230 - Load error: Other error when loading config from config.xml. Last handled: String element Description
224230 - Loading game...
224230 - ...game loaded.
224230 - There were errors when loading the game. Quitting...
224230 - Did not save/backup the game as it didn't load correctly.
224230 - Goodbye.
224232 - Firing up Launch server...
224232 - Load warning: Unable to get byte root element Variant. Returning default 0.
224232 - Load warning: Unable to get asset ID for MissileType. Returning default.
224232 - Load warning: Unable to get asset ID for InterceptorType. Returning default.
224232 - Load error: Other error when loading config from config.xml. Last handled: String element Description
224232 - Loading game...
224232 - ...game loaded.
224232 - There were errors when loading the game. Quitting...
224232 - Did not save/backup the game as it didn't load correctly.
224232 - Goodbye.
224320 - Firing up Launch server...
224320 - Load warning: Unable to get byte root element Variant. Returning default 0.
224320 - Load warning: Unable to get asset ID for MissileType. Returning default.
224320 - Load warning: Unable to get asset ID for InterceptorType. Returning default.
224320 - Load error: Other error when loading config from config.xml. Last handled: String element Description
224320 - Loading game...
224320 - ...game loaded.
224320 - There were errors when loading the game. Quitting...
224320 - Did not save/backup the game as it didn't load correctly.
224320 - Goodbye.
224601 - Firing up Launch server...
224602 - Load warning: Unable to get byte root element Variant. Returning default 0.
224602 - Load warning: Unable to get asset ID for MissileType. Returning default.
224602 - Load warning: Unable to get asset ID for InterceptorType. Returning default.
224602 - Loading game...
224602 - ...game loaded.
224602 - ...We're running.
225552 - Saving and backing up the game.
225625 - Saving and backing up the game.
225712 - Saving and backing up the game.
230741 - Saving and backing up the game.
