115218 - (41.391319, -84.129074) @ 3.2m GPS - FIRST 0.0m 0.0kph
115218 - (41.391319, -84.129074) @ 3.2m GPS - PREV 0.0m NaNkph
115223 - (41.391319, -84.129074) @ 3.2m GPS - PREV 0.0m NaNkph
115228 - (41.391312, -84.129082) @ 3.2m GPS - OK 0.0m 0.3kph
115233 - (41.391312, -84.129082) @ 3.2m GPS - PREV 0.0m NaNkph
115238 - (41.391312, -84.129082) @ 3.2m GPS - PREV 0.0m NaNkph
115243 - (41.391312, -84.129082) @ 3.2m GPS - PREV 0.0m NaNkph
115248 - (41.391312, -84.129082) @ 3.2m GPS - PREV 0.0m NaNkph
115253 - (41.391312, -84.129082) @ 3.2m GPS - PREV 0.0m NaNkph
115258 - (41.391312, -84.129082) @ 3.2m GPS - PREV 0.0m NaNkph
115303 - (41.391312, -84.129082) @ 3.2m GPS - PREV 0.0m NaNkph
115308 - (41.391312, -84.129082) @ 3.2m GPS - PREV 0.0m NaNkph
115313 - (41.391365, -84.128906) @ 49.6m Network - OK 0.0m 1.2kph
115318 - (41.391304, -84.129074) @ 9.6m GPS - OK 0.0m 9.9kph
115323 - (41.391304, -84.129074) @ 9.6m GPS - PREV 0.0m NaNkph
115329 - (41.391304, -84.129074) @ 9.6m GPS - PREV 0.0m NaNkph
115333 - (41.391281, -84.128853) @ 45.6m Network - OK 0.0m 4.7kph
115338 - (41.391281, -84.128853) @ 45.6m Network - PREV 0.0m NaNkph
115343 - (41.391281, -84.128853) @ 45.6m Network - PREV 0.0m NaNkph
115349 - (41.391281, -84.128853) @ 45.6m Network - PREV 0.0m NaNkph
115354 - (41.391262, -84.128883) @ 45.8m Network - OK 0.0m 0.6kph
115358 - (41.391262, -84.128883) @ 45.8m Network - PREV 0.0m NaNkph
115403 - (41.391262, -84.128883) @ 45.8m Network - PREV 0.0m NaNkph
115408 - (41.391262, -84.128883) @ 45.8m Network - PREV 0.0m NaNkph
115413 - (41.391293, -84.129074) @ 9.6m GPS - OK 0.0m 3.0kph
115426 - (41.391266, -84.129044) @ 9.6m GPS - OK 0.0m 1.4kph
115431 - (41.391365, -84.128983) @ 39.0m Network - OK 0.0m 4.2kph
115436 - (41.391258, -84.129051) @ 9.6m GPS - OK 0.0m 28.6kph
115441 - (41.391258, -84.129051) @ 9.6m GPS - PREV 0.0m NaNkph
115454 - (41.391251, -84.129028) @ 3.2m GPS - OK 0.0m 0.3kph
115459 - (41.391251, -84.129028) @ 3.2m GPS - PREV 0.0m NaNkph
115504 - (41.391251, -84.129028) @ 3.2m GPS - PREV 0.0m NaNkph
115509 - (41.391251, -84.129028) @ 3.2m GPS - PREV 0.0m NaNkph
115514 - (41.391251, -84.129028) @ 3.2m GPS - PREV 0.0m NaNkph
115519 - (41.391251, -84.129028) @ 3.2m GPS - PREV 0.0m NaNkph
115524 - (41.391251, -84.129028) @ 3.2m GPS - PREV 0.0m NaNkph
115530 - (41.391251, -84.129028) @ 3.2m GPS - PREV 0.0m NaNkph
115534 - (41.391239, -84.129036) @ 3.2m GPS - OK 0.0m 0.1kph
115539 - (41.391239, -84.129036) @ 3.2m GPS - PREV 0.0m NaNkph
115544 - (41.391266, -84.129036) @ 3.2m GPS - OK 0.0m 0.8kph
115549 - (41.391266, -84.129036) @ 3.2m GPS - PREV 0.0m NaNkph
115555 - (41.391266, -84.129036) @ 3.2m GPS - PREV 0.0m NaNkph
115559 - (41.391277, -84.129036) @ 3.2m GPS - OK 0.0m 0.4kph
115604 - (41.391270, -84.129044) @ 3.2m GPS - OK 0.0m 0.6kph
115610 - (41.391270, -84.129044) @ 3.2m GPS - PREV 0.0m NaNkph
115614 - (41.391270, -84.129044) @ 3.2m GPS - PREV 0.0m NaNkph
115619 - (41.391258, -84.129051) @ 4.3m GPS - OK 0.0m 0.4kph
115624 - (41.391251, -84.129059) @ 4.3m GPS - OK 0.0m 0.5kph
115630 - (41.391247, -84.129044) @ 3.2m GPS - OK 0.0m 1.2kph
115634 - (41.391251, -84.129028) @ 3.2m GPS - OK 0.0m 0.8kph
115639 - (41.391251, -84.129028) @ 3.2m GPS - PREV 0.0m NaNkph
115644 - (41.391251, -84.129028) @ 3.2m GPS - PREV 0.0m NaNkph
115650 - (41.391258, -84.129028) @ 4.3m GPS - OK 0.0m 0.2kph
115654 - (41.391258, -84.129028) @ 4.3m GPS - PREV 0.0m NaNkph
115659 - (41.391258, -84.129028) @ 4.3m GPS - PREV 0.0m NaNkph
115704 - (41.391247, -84.129028) @ 4.3m GPS - OK 0.0m 0.4kph
115709 - (41.391247, -84.129028) @ 4.3m GPS - PREV 0.0m NaNkph
115714 - (41.391205, -84.129044) @ 5.4m GPS - OK 0.0m 1.2kph
115719 - (41.391212, -84.129059) @ 4.3m GPS - OK 0.0m 1.4kph
115725 - (41.391212, -84.129059) @ 4.3m GPS - PREV 0.0m NaNkph
115729 - (41.391220, -84.129074) @ 4.3m GPS - OK 0.0m 0.6kph
115734 - (41.391220, -84.129074) @ 4.3m GPS - PREV 0.0m NaNkph
115740 - (41.391228, -84.129074) @ 4.3m GPS - OK 0.0m 0.4kph
115744 - (41.391251, -84.129066) @ 4.3m GPS - OK 0.0m 1.2kph
115749 - (41.391251, -84.129066) @ 4.3m GPS - PREV 0.0m NaNkph
115754 - (41.391266, -84.129036) @ 4.3m GPS - OK 0.0m 1.1kph
115759 - (41.391289, -84.129044) @ 5.4m GPS - OK 0.0m 2.4kph
115804 - (41.391315, -84.129051) @ 6.4m GPS - OK 0.0m 1.8kph
115809 - (41.391323, -84.129066) @ 6.4m GPS - OK 0.0m 2.7kph
115815 - (41.391300, -84.129036) @ 6.4m GPS - OK 0.0m 2.2kph
115819 - (41.391308, -84.129051) @ 5.4m GPS - OK 0.0m 0.9kph
115824 - (41.391315, -84.129059) @ 4.3m GPS - OK 0.0m 1.0kph
115829 - (41.391327, -84.129059) @ 5.4m GPS - OK 0.0m 0.8kph
115834 - (41.391327, -84.129059) @ 5.4m GPS - PREV 0.0m NaNkph
115839 - (41.391300, -84.129059) @ 9.6m GPS - OK 0.0m 1.1kph
115844 - (41.391273, -84.129059) @ 10.7m GPS - OK 0.0m 1.8kph
115849 - (41.391273, -84.129059) @ 10.7m GPS - PREV 0.0m NaNkph
115854 - (41.391266, -84.129051) @ 10.7m GPS - OK 0.0m 0.4kph
115859 - (41.391277, -84.129051) @ 10.7m GPS - OK 0.0m 2.3kph
115904 - (41.391273, -84.129013) @ 11.8m GPS - OK 0.0m 1.4kph
115909 - (41.391285, -84.128998) @ 12.9m GPS - OK 0.0m 3.3kph
115925 - (41.391281, -84.128983) @ 9.6m GPS - OK 0.0m 0.5kph
115931 - (41.391277, -84.128990) @ 10.7m GPS - OK 0.0m 0.2kph
115935 - (41.391281, -84.129005) @ 10.7m GPS - OK 0.0m 1.2kph
115940 - (41.391262, -84.129021) @ 9.6m GPS - OK 0.0m 1.5kph
115945 - (41.391262, -84.129021) @ 9.6m GPS - PREV 0.0m NaNkph
115950 - (41.391262, -84.129021) @ 9.6m GPS - PREV 0.0m NaNkph
115955 - (41.391243, -84.129036) @ 9.6m GPS - OK 0.0m 0.6kph
120000 - (41.391247, -84.129051) @ 9.6m GPS - OK 0.0m 1.2kph
120005 - (41.391258, -84.129059) @ 9.6m GPS - OK 0.0m 1.3kph
120010 - (41.391258, -84.129059) @ 9.6m GPS - PREV 0.0m NaNkph
120015 - (41.391312, -84.129021) @ 12.0m Network - OK 0.0m 2.0kph
120020 - (41.391254, -84.129089) @ 9.6m GPS - OK 0.0m 19.2kph
120025 - (41.391247, -84.129097) @ 9.6m GPS - OK 0.0m 1.0kph
120030 - (41.391247, -84.129097) @ 9.6m GPS - PREV 0.0m NaNkph
120035 - (41.391247, -84.129097) @ 9.6m GPS - PREV 0.0m NaNkph
120040 - (41.391254, -84.129089) @ 9.6m GPS - OK 0.0m 0.2kph
120045 - (41.391209, -84.129059) @ 9.6m GPS - OK 0.0m 3.4kph
120050 - (41.391197, -84.129036) @ 9.6m GPS - OK 0.0m 2.1kph
120055 - (41.391235, -84.129066) @ 9.6m GPS - OK 0.0m 3.0kph
120100 - (41.391243, -84.129097) @ 10.7m GPS - OK 0.0m 2.4kph
120117 - (41.391193, -84.129120) @ 9.6m GPS - OK 0.0m 1.7kph
120120 - (41.391205, -84.129120) @ 9.6m GPS - OK 0.0m 0.5kph
120125 - (41.391220, -84.129143) @ 9.6m GPS - OK 0.0m 2.3kph
120131 - (41.391209, -84.129112) @ 9.6m GPS - OK 0.0m 1.7kph
120135 - (41.391228, -84.129066) @ 9.6m GPS - OK 0.0m 3.9kph
120141 - (41.391228, -84.129066) @ 9.6m GPS - PREV 0.0m NaNkph
120146 - (41.391239, -84.129074) @ 9.6m GPS - OK 0.0m 0.6kph
120151 - (41.391239, -84.129074) @ 9.6m GPS - PREV 0.0m NaNkph
