170659 - (41.186977, -84.093811) @ 7.5m GPS - FIRST 0.0m 0.0kph
170704 - (41.186977, -84.093811) @ 7.5m GPS - PREV 0.0m NaNkph
170709 - (41.186977, -84.093811) @ 7.5m GPS - PREV 0.0m NaNkph
170714 - (41.186977, -84.093811) @ 7.5m GPS - PREV 0.0m NaNkph
170724 - (41.186977, -84.093811) @ 7.5m GPS - PREV 0.0m NaNkph
170725 - (41.186977, -84.093811) @ 7.5m GPS - PREV 0.0m NaNkph
170729 - (41.186977, -84.093811) @ 7.5m GPS - PREV 0.0m NaNkph
170734 - (41.186977, -84.093811) @ 7.5m GPS - PREV 0.0m NaNkph
170739 - (41.186977, -84.093811) @ 7.5m GPS - PREV 0.0m NaNkph
170744 - (41.186977, -84.093811) @ 7.5m GPS - PREV 0.0m NaNkph
170749 - (41.186977, -84.093811) @ 7.5m GPS - PREV 0.0m NaNkph
170754 - (41.186977, -84.093811) @ 7.5m GPS - PREV 0.0m NaNkph
170759 - (41.186977, -84.093811) @ 7.5m GPS - PREV 0.0m NaNkph
170804 - (41.186977, -84.093811) @ 7.5m GPS - PREV 0.0m NaNkph
170809 - (41.186977, -84.093811) @ 7.5m GPS - PREV 0.0m NaNkph
170814 - (41.186977, -84.093811) @ 7.5m GPS - PREV 0.0m NaNkph
170819 - (41.186977, -84.093811) @ 7.5m GPS - PREV 0.0m NaNkph
170824 - (41.186977, -84.093811) @ 7.5m GPS - PREV 0.0m NaNkph
170829 - (41.186977, -84.093811) @ 7.5m GPS - PREV 0.0m NaNkph
170834 - (41.186977, -84.093811) @ 7.5m GPS - PREV 0.0m NaNkph
170839 - (41.186977, -84.093811) @ 7.5m GPS - PREV 0.0m NaNkph
170844 - (41.186977, -84.093811) @ 7.5m GPS - PREV 0.0m NaNkph
170849 - (41.186977, -84.093811) @ 7.5m GPS - PREV 0.0m NaNkph
170854 - (41.186977, -84.093811) @ 7.5m GPS - PREV 0.0m NaNkph
170859 - (41.186977, -84.093811) @ 7.5m GPS - PREV 0.0m NaNkph
170904 - (41.186977, -84.093811) @ 7.5m GPS - PREV 0.0m NaNkph
170909 - (41.186977, -84.093811) @ 7.5m GPS - PREV 0.0m NaNkph
170914 - (41.186977, -84.093811) @ 7.5m GPS - PREV 0.0m NaNkph
170919 - (41.186977, -84.093811) @ 7.5m GPS - PREV 0.0m NaNkph
170924 - (41.186977, -84.093811) @ 7.5m GPS - PREV 0.0m NaNkph
170929 - (41.186977, -84.093811) @ 7.5m GPS - PREV 0.0m NaNkph
170934 - (41.186977, -84.093811) @ 7.5m GPS - PREV 0.0m NaNkph
170939 - (41.186977, -84.093811) @ 7.5m GPS - PREV 0.0m NaNkph
170944 - (41.186977, -84.093811) @ 7.5m GPS - PREV 0.0m NaNkph
170949 - (41.186977, -84.093811) @ 7.5m GPS - PREV 0.0m NaNkph
170954 - (41.186977, -84.093811) @ 7.5m GPS - PREV 0.0m NaNkph
170959 - (41.186977, -84.093811) @ 7.5m GPS - PREV 0.0m NaNkph
171004 - (41.186977, -84.093811) @ 7.5m GPS - PREV 0.0m NaNkph
171009 - (41.186977, -84.093811) @ 7.5m GPS - PREV 0.0m NaNkph
171014 - (41.186977, -84.093811) @ 7.5m GPS - PREV 0.0m NaNkph
171019 - (41.186977, -84.093811) @ 7.5m GPS - PREV 0.0m NaNkph
171024 - (41.186977, -84.093811) @ 7.5m GPS - PREV 0.0m NaNkph
171029 - (41.187012, -84.093842) @ 11.8m GPS - OK 0.0m 0.1kph
171034 - (41.186985, -84.093826) @ 11.8m GPS - OK 0.0m 5.9kph
171039 - (41.186951, -84.093842) @ 15.0m GPS - OK 0.0m 1.8kph
171044 - (41.186939, -84.093842) @ 15.0m GPS - OK 0.0m 1.1kph
171049 - (41.186939, -84.093842) @ 15.0m GPS - PREV 0.0m NaNkph
171054 - (41.186939, -84.093842) @ 15.0m GPS - PREV 0.0m NaNkph
171059 - (41.186939, -84.093842) @ 15.0m GPS - PREV 0.0m NaNkph
171104 - (41.186947, -84.093849) @ 20.4m GPS - OK 0.0m 0.2kph
171109 - (41.186947, -84.093849) @ 20.4m GPS - PREV 0.0m NaNkph
171114 - (41.186943, -84.093826) @ 10.7m GPS - OK 0.0m 0.7kph
171119 - (41.187004, -84.093857) @ 10.7m GPS - OK 0.0m 4.3kph
171124 - (41.186993, -84.093849) @ 10.7m GPS - OK 0.0m 1.3kph
171129 - (41.186977, -84.093857) @ 10.7m GPS - OK 0.0m 1.6kph
171134 - (41.186977, -84.093857) @ 10.7m GPS - PREV 0.0m NaNkph
171139 - (41.186977, -84.093857) @ 10.7m GPS - PREV 0.0m NaNkph
171144 - (41.186977, -84.093857) @ 10.7m GPS - PREV 0.0m NaNkph
171149 - (41.186977, -84.093857) @ 10.7m GPS - PREV 0.0m NaNkph
171154 - (41.186977, -84.093857) @ 10.7m GPS - PREV 0.0m NaNkph
171159 - (41.186977, -84.093857) @ 10.7m GPS - PREV 0.0m NaNkph
171204 - (41.186977, -84.093857) @ 10.7m GPS - PREV 0.0m NaNkph
171209 - (41.186977, -84.093857) @ 10.7m GPS - PREV 0.0m NaNkph
171214 - (41.186977, -84.093857) @ 10.7m GPS - PREV 0.0m NaNkph
171219 - (41.186977, -84.093857) @ 10.7m GPS - PREV 0.0m NaNkph
171224 - (41.186977, -84.093857) @ 10.7m GPS - PREV 0.0m NaNkph
171229 - (41.186977, -84.093857) @ 10.7m GPS - PREV 0.0m NaNkph
171234 - (41.186977, -84.093857) @ 10.7m GPS - PREV 0.0m NaNkph
171239 - (41.186977, -84.093857) @ 10.7m GPS - PREV 0.0m NaNkph
171244 - (41.186977, -84.093857) @ 10.7m GPS - PREV 0.0m NaNkph
171249 - (41.186977, -84.093857) @ 10.7m GPS - PREV 0.0m NaNkph
171254 - (41.186977, -84.093857) @ 10.7m GPS - PREV 0.0m NaNkph
171259 - (41.186977, -84.093857) @ 10.7m GPS - PREV 0.0m NaNkph
171304 - (41.186977, -84.093857) @ 10.7m GPS - PREV 0.0m NaNkph
171309 - (41.186977, -84.093857) @ 10.7m GPS - PREV 0.0m NaNkph
171314 - (41.186977, -84.093857) @ 10.7m GPS - PREV 0.0m NaNkph
171319 - (41.186977, -84.093857) @ 10.7m GPS - PREV 0.0m NaNkph
171324 - (41.186977, -84.093857) @ 10.7m GPS - PREV 0.0m NaNkph
171329 - (41.186977, -84.093857) @ 10.7m GPS - PREV 0.0m NaNkph
171334 - (41.186977, -84.093857) @ 10.7m GPS - PREV 0.0m NaNkph
171339 - (41.186977, -84.093857) @ 10.7m GPS - PREV 0.0m NaNkph
171344 - (41.186977, -84.093857) @ 10.7m GPS - PREV 0.0m NaNkph
171349 - (41.186977, -84.093857) @ 10.7m GPS - PREV 0.0m NaNkph
171354 - (41.186977, -84.093857) @ 10.7m GPS - PREV 0.0m NaNkph
171359 - (41.186977, -84.093857) @ 10.7m GPS - PREV 0.0m NaNkph
171404 - (41.186977, -84.093857) @ 10.7m GPS - PREV 0.0m NaNkph
171409 - (41.186977, -84.093857) @ 10.7m GPS - PREV 0.0m NaNkph
171414 - (41.186977, -84.093857) @ 10.7m GPS - PREV 0.0m NaNkph
171419 - (41.186977, -84.093857) @ 10.7m GPS - PREV 0.0m NaNkph
171424 - (41.186977, -84.093857) @ 10.7m GPS - PREV 0.0m NaNkph
171429 - (41.186977, -84.093857) @ 10.7m GPS - PREV 0.0m NaNkph
171434 - (41.186977, -84.093857) @ 10.7m GPS - PREV 0.0m NaNkph
171439 - (41.186981, -84.093842) @ 10.7m GPS - OK 0.0m 0.0kph
171444 - (41.186977, -84.093826) @ 9.6m GPS - OK 0.0m 0.8kph
171449 - (41.186977, -84.093826) @ 9.6m GPS - PREV 0.0m NaNkph
171454 - (41.186977, -84.093826) @ 9.6m GPS - PREV 0.0m NaNkph
171459 - (41.186977, -84.093826) @ 9.6m GPS - PREV 0.0m NaNkph
171504 - (41.186977, -84.093826) @ 9.6m GPS - PREV 0.0m NaNkph
171509 - (41.186977, -84.093826) @ 9.6m GPS - PREV 0.0m NaNkph
171514 - (41.186977, -84.093826) @ 9.6m GPS - PREV 0.0m NaNkph
171519 - (41.186977, -84.093826) @ 9.6m GPS - PREV 0.0m NaNkph
171524 - (41.186977, -84.093826) @ 9.6m GPS - PREV 0.0m NaNkph
171529 - (41.186977, -84.093826) @ 9.6m GPS - PREV 0.0m NaNkph
171534 - (41.186977, -84.093826) @ 9.6m GPS - PREV 0.0m NaNkph
181138 - (41.393330, -84.121925) @ 4.3m GPS - OK 23.1m 24.3kph
181143 - (41.393326, -84.121956) @ 3.2m GPS - OK 0.0m 1.6kph
181148 - (41.393322, -84.121925) @ 3.2m GPS - OK 0.0m 1.6kph
181153 - (41.393322, -84.121925) @ 3.2m GPS - PREV 0.0m NaNkph
181158 - (41.393551, -84.121895) @ 24.6m Network - OK 0.0m 8.8kph
181203 - (41.393551, -84.121895) @ 24.6m Network - PREV 0.0m NaNkph
181208 - (41.393551, -84.121895) @ 24.6m Network - PREV 0.0m NaNkph
181213 - (41.393551, -84.121895) @ 24.6m Network - PREV 0.0m NaNkph
181218 - (41.393486, -84.121925) @ 31.1m Network - OK 0.0m 1.4kph
181223 - (41.393486, -84.121925) @ 31.1m Network - PREV 0.0m NaNkph
181231 - (41.393322, -84.121925) @ 4.3m GPS - OK 0.0m 6.3kph
181236 - (41.393322, -84.121902) @ 4.3m GPS - OK 0.0m 0.7kph
181241 - (41.393311, -84.121910) @ 3.2m GPS - OK 0.0m 0.9kph
181246 - (41.393311, -84.121910) @ 3.2m GPS - PREV 0.0m NaNkph
181251 - (41.393303, -84.121918) @ 3.2m GPS - OK 0.0m 0.6kph
181256 - (41.393303, -84.121918) @ 3.2m GPS - PREV 0.0m NaNkph
181301 - (41.393303, -84.121918) @ 3.2m GPS - PREV 0.0m NaNkph
181306 - (41.393303, -84.121918) @ 3.2m GPS - PREV 0.0m NaNkph
181311 - (41.393391, -84.121803) @ 21.1m Network - OK 0.0m 2.4kph
181316 - (41.393391, -84.121803) @ 21.1m Network - PREV 0.0m NaNkph
181321 - (41.393391, -84.121803) @ 21.1m Network - PREV 0.0m NaNkph
181326 - (41.393391, -84.121803) @ 21.1m Network - PREV 0.0m NaNkph
181331 - (41.393391, -84.121803) @ 21.1m Network - PREV 0.0m NaNkph
181336 - (41.393391, -84.121803) @ 21.1m Network - PREV 0.0m NaNkph
181341 - (41.393391, -84.121803) @ 21.1m Network - PREV 0.0m NaNkph
181346 - (41.393307, -84.121895) @ 7.5m GPS - OK 0.0m 1.2kph
181351 - (41.393303, -84.121941) @ 7.5m GPS - OK 0.0m 2.3kph
181356 - (41.393299, -84.121964) @ 8.6m GPS - OK 0.0m 3.5kph
181401 - (41.393291, -84.121979) @ 7.5m GPS - OK 0.0m 0.9kph
181406 - (41.393288, -84.121964) @ 5.4m GPS - OK 0.0m 1.2kph
181411 - (41.393291, -84.121971) @ 4.3m GPS - OK 0.0m 0.7kph
181416 - (41.393291, -84.121971) @ 4.3m GPS - PREV 0.0m NaNkph
181421 - (41.393291, -84.121971) @ 4.3m GPS - PREV 0.0m NaNkph
181426 - (41.393291, -84.121971) @ 4.3m GPS - PREV 0.0m NaNkph
181431 - (41.393379, -84.121803) @ 19.9m Network - OK 0.0m 2.8kph
181436 - (41.393379, -84.121803) @ 19.9m Network - PREV 0.0m NaNkph
181441 - (41.393379, -84.121803) @ 19.9m Network - PREV 0.0m NaNkph
181446 - (41.393379, -84.121803) @ 19.9m Network - PREV 0.0m NaNkph
181451 - (41.393284, -84.121971) @ 3.2m GPS - OK 0.0m 3.2kph
181456 - (41.393284, -84.121971) @ 3.2m GPS - PREV 0.0m NaNkph
181501 - (41.393318, -84.121902) @ 5.4m GPS - OK 0.0m 2.1kph
181506 - (41.393330, -84.121880) @ 5.4m GPS - OK 0.0m 2.1kph
181511 - (41.393356, -84.121834) @ 6.4m GPS - OK 0.0m 4.4kph
181516 - (41.393383, -84.121750) @ 4.3m GPS - OK 0.0m 4.5kph
181521 - (41.393383, -84.121750) @ 4.3m GPS - PREV 0.0m NaNkph
181526 - (41.393383, -84.121750) @ 4.3m GPS - PREV 0.0m NaNkph
181531 - (41.393341, -84.121834) @ 8.6m GPS - OK 0.0m 1.9kph
181536 - (41.393333, -84.121872) @ 7.5m GPS - OK 0.0m 3.0kph
181541 - (41.393341, -84.121864) @ 7.5m GPS - OK 0.0m 0.6kph
181546 - (41.393333, -84.121902) @ 8.6m GPS - OK 0.0m 3.0kph
181551 - (41.393333, -84.121910) @ 7.5m GPS - OK 0.0m 0.6kph
181556 - (41.393333, -84.121910) @ 7.5m GPS - PREV 0.0m NaNkph
181601 - (41.393372, -84.121780) @ 11.8m GPS - OK 0.0m 3.5kph
181606 - (41.393341, -84.121910) @ 3.2m GPS - OK 0.0m 10.2kph
181611 - (41.393341, -84.121910) @ 3.2m GPS - PREV 0.0m NaNkph
181616 - (41.393341, -84.121910) @ 3.2m GPS - PREV 0.0m NaNkph
181621 - (41.393364, -84.121895) @ 4.3m GPS - OK 0.0m 0.6kph
181626 - (41.393356, -84.121918) @ 3.2m GPS - OK 0.0m 1.9kph
181631 - (41.393353, -84.121933) @ 3.2m GPS - OK 0.0m 1.2kph
181636 - (41.393345, -84.121941) @ 3.2m GPS - OK 0.0m 1.0kph
181641 - (41.393341, -84.121964) @ 3.2m GPS - OK 0.0m 1.8kph
181646 - (41.393341, -84.121964) @ 3.2m GPS - PREV 0.0m NaNkph
181651 - (41.393326, -84.121964) @ 3.2m GPS - OK 0.0m 0.6kph
181656 - (41.393326, -84.121964) @ 3.2m GPS - PREV 0.0m NaNkph
181701 - (41.393311, -84.121964) @ 4.3m GPS - OK 0.0m 0.5kph
181706 - (41.393333, -84.121925) @ 4.3m GPS - OK 0.0m 2.4kph
181711 - (41.393341, -84.121925) @ 3.2m GPS - OK 0.0m 1.5kph
181716 - (41.393341, -84.121925) @ 3.2m GPS - PREV 0.0m NaNkph
181721 - (41.393341, -84.121925) @ 3.2m GPS - PREV 0.0m NaNkph
181726 - (41.393341, -84.121925) @ 4.3m GPS - OK 0.0m 0.0kph
181731 - (41.393333, -84.121918) @ 3.2m GPS - OK 0.0m 0.6kph
181736 - (41.393311, -84.121902) @ 3.2m GPS - OK 0.0m 2.6kph
181741 - (41.393311, -84.121902) @ 3.2m GPS - PREV 0.0m NaNkph
181746 - (41.393303, -84.121895) @ 3.2m GPS - OK 0.0m 0.5kph
181751 - (41.393303, -84.121895) @ 3.2m GPS - PREV 0.0m NaNkph
181756 - (41.393387, -84.121819) @ 20.4m Network - OK 0.0m 3.7kph
181801 - (41.393387, -84.121819) @ 20.4m Network - PREV 0.0m NaNkph
181806 - (41.393311, -84.121872) @ 3.2m GPS - OK 0.0m 3.2kph
181921 - (41.393330, -84.121941) @ 9.6m GPS - OK 0.0m 0.3kph
181926 - (41.393333, -84.121941) @ 8.6m GPS - OK 0.0m 0.4kph
181931 - (41.393333, -84.121902) @ 6.4m GPS - OK 0.0m 1.9kph
181936 - (41.393341, -84.121880) @ 4.3m GPS - OK 0.0m 1.9kph
181941 - (41.393341, -84.121902) @ 4.3m GPS - OK 0.0m 3.5kph
181946 - (41.393341, -84.121902) @ 4.3m GPS - PREV 0.0m NaNkph
181951 - (41.393341, -84.121902) @ 4.3m GPS - PREV 0.0m NaNkph
181956 - (41.393326, -84.121902) @ 3.2m GPS - OK 0.0m 0.4kph
182001 - (41.393326, -84.121902) @ 3.2m GPS - PREV 0.0m NaNkph
182006 - (41.393326, -84.121902) @ 3.2m GPS - PREV 0.0m NaNkph
182011 - (41.393326, -84.121895) @ 3.2m GPS - OK 0.0m 0.2kph
182016 - (41.393318, -84.121910) @ 3.2m GPS - OK 0.0m 0.7kph
182021 - (41.393318, -84.121910) @ 3.2m GPS - PREV 0.0m NaNkph
182026 - (41.393311, -84.121910) @ 3.2m GPS - OK 0.0m 0.4kph
182031 - (41.393311, -84.121910) @ 3.2m GPS - PREV 0.0m NaNkph
182036 - (41.393311, -84.121910) @ 3.2m GPS - PREV 0.0m NaNkph
182041 - (41.393311, -84.121910) @ 3.2m GPS - PREV 0.0m NaNkph
182046 - (41.393311, -84.121910) @ 3.2m GPS - PREV 0.0m NaNkph
182051 - (41.393318, -84.121902) @ 7.5m GPS - OK 0.0m 0.1kph
182056 - (41.393322, -84.121887) @ 8.6m GPS - OK 0.0m 1.2kph
182101 - (41.393314, -84.121925) @ 4.3m GPS - OK 0.0m 3.0kph
182106 - (41.393314, -84.121948) @ 3.2m GPS - OK 0.0m 1.7kph
182111 - (41.393311, -84.121964) @ 3.2m GPS - OK 0.0m 1.2kph
182116 - (41.393311, -84.121964) @ 3.2m GPS - PREV 0.0m NaNkph
182121 - (41.393311, -84.121964) @ 3.2m GPS - PREV 0.0m NaNkph
182126 - (41.393311, -84.121964) @ 3.2m GPS - PREV 0.0m NaNkph
182131 - (41.393322, -84.121895) @ 3.2m GPS - OK 0.0m 1.0kph
182136 - (41.393333, -84.121834) @ 3.2m GPS - OK 0.0m 3.2kph
182141 - (41.393337, -84.121819) @ 3.2m GPS - OK 0.0m 2.4kph
182146 - (41.393337, -84.121819) @ 3.2m GPS - PREV 0.0m NaNkph
182151 - (41.393337, -84.121819) @ 7.5m GPS - OK 0.0m 0.0kph
182156 - (41.393311, -84.121872) @ 5.4m GPS - OK 0.0m 3.2kph
182201 - (41.393299, -84.121910) @ 5.4m GPS - OK 0.0m 3.1kph
182206 - (41.393299, -84.121910) @ 5.4m GPS - PREV 0.0m NaNkph
182211 - (41.393299, -84.121910) @ 5.4m GPS - PREV 0.0m NaNkph
182216 - (41.393291, -84.121918) @ 3.2m GPS - OK 0.0m 0.2kph
182221 - (41.393291, -84.121918) @ 3.2m GPS - PREV 0.0m NaNkph
182226 - (41.393303, -84.121910) @ 4.3m GPS - OK 0.0m 0.5kph
182231 - (41.393314, -84.121902) @ 5.4m GPS - OK 0.0m 0.9kph
182236 - (41.393314, -84.121902) @ 5.4m GPS - PREV 0.0m NaNkph
182241 - (41.393314, -84.121902) @ 5.4m GPS - PREV 0.0m NaNkph
182246 - (41.393330, -84.121841) @ 10.7m GPS - OK 0.0m 1.6kph
182251 - (41.393322, -84.121864) @ 5.4m GPS - OK 0.0m 0.9kph
182256 - (41.393307, -84.121918) @ 3.2m GPS - OK 0.0m 4.3kph
182301 - (41.393299, -84.121933) @ 3.2m GPS - OK 0.0m 1.4kph
182306 - (41.393307, -84.121910) @ 3.2m GPS - OK 0.0m 1.3kph
182311 - (41.393307, -84.121910) @ 3.2m GPS - PREV 0.0m NaNkph
182316 - (41.393295, -84.121918) @ 3.2m GPS - OK 0.0m 0.5kph
182321 - (41.393295, -84.121918) @ 3.2m GPS - PREV 0.0m NaNkph
182326 - (41.393295, -84.121918) @ 3.2m GPS - PREV 0.0m NaNkph
182331 - (41.393276, -84.121902) @ 4.3m GPS - OK 0.0m 0.6kph
182336 - (41.393272, -84.121834) @ 4.3m GPS - OK 0.0m 3.4kph
182341 - (41.393280, -84.121796) @ 4.3m GPS - OK 0.0m 2.0kph
182346 - (41.393280, -84.121796) @ 4.3m GPS - PREV 0.0m NaNkph
182351 - (41.393272, -84.121849) @ 4.3m GPS - OK 0.0m 1.6kph
182356 - (41.393272, -84.121872) @ 4.3m GPS - OK 0.0m 3.4kph
182401 - (41.393280, -84.121925) @ 4.3m GPS - OK 0.0m 2.0kph
182406 - (41.393303, -84.121902) @ 3.2m GPS - OK 0.0m 2.9kph
182411 - (41.393311, -84.121895) @ 3.2m GPS - OK 0.0m 1.0kph
182416 - (41.393314, -84.121902) @ 3.2m GPS - OK 0.0m 0.7kph
182421 - (41.393314, -84.121902) @ 3.2m GPS - PREV 0.0m NaNkph
182426 - (41.393314, -84.121902) @ 3.2m GPS - PREV 0.0m NaNkph
182431 - (41.393322, -84.121910) @ 3.2m GPS - OK 0.0m 0.2kph
182436 - (41.393330, -84.121895) @ 3.2m GPS - OK 0.0m 1.4kph
182441 - (41.393330, -84.121895) @ 3.2m GPS - PREV 0.0m NaNkph
182446 - (41.393326, -84.121880) @ 3.2m GPS - OK 0.0m 0.4kph
182451 - (41.393326, -84.121880) @ 3.2m GPS - PREV 0.0m NaNkph
182456 - (41.393326, -84.121880) @ 3.2m GPS - PREV 0.0m NaNkph
182501 - (41.393326, -84.121880) @ 3.2m GPS - PREV 0.0m NaNkph
182506 - (41.393326, -84.121880) @ 3.2m GPS - PREV 0.0m NaNkph
182511 - (41.393326, -84.121872) @ 3.2m GPS - OK 0.0m 0.1kph
182516 - (41.393326, -84.121872) @ 3.2m GPS - PREV 0.0m NaNkph
182521 - (41.393326, -84.121857) @ 3.2m GPS - OK 0.0m 0.8kph
182526 - (41.393326, -84.121857) @ 3.2m GPS - PREV 0.0m NaNkph
182531 - (41.393326, -84.121857) @ 3.2m GPS - PREV 0.0m NaNkph
182536 - (41.393333, -84.121864) @ 3.2m GPS - OK 0.0m 0.2kph
182541 - (41.393353, -84.121857) @ 3.2m GPS - OK 0.0m 1.3kph
182546 - (41.393341, -84.121864) @ 3.2m GPS - OK 0.0m 0.9kph
182551 - (41.393341, -84.121864) @ 3.2m GPS - PREV 0.0m NaNkph
182556 - (41.393326, -84.121864) @ 3.2m GPS - OK 0.0m 0.8kph
182601 - (41.393322, -84.121849) @ 3.2m GPS - OK 0.0m 0.8kph
182606 - (41.393322, -84.121849) @ 3.2m GPS - PREV 0.0m NaNkph
182611 - (41.393330, -84.121849) @ 3.2m GPS - OK 0.0m 0.3kph
182616 - (41.393326, -84.121864) @ 3.2m GPS - OK 0.0m 0.8kph
182621 - (41.393337, -84.121872) @ 3.2m GPS - OK 0.0m 1.3kph
182626 - (41.393341, -84.121887) @ 3.2m GPS - OK 0.0m 1.2kph
182631 - (41.393333, -84.121895) @ 3.2m GPS - OK 0.0m 1.0kph
182636 - (41.393322, -84.121895) @ 3.2m GPS - OK 0.0m 0.6kph
182641 - (41.393322, -84.121895) @ 3.2m GPS - PREV 0.0m NaNkph
182646 - (41.393330, -84.121880) @ 3.2m GPS - OK 0.0m 0.7kph
182651 - (41.393330, -84.121880) @ 3.2m GPS - PREV 0.0m NaNkph
182656 - (41.393322, -84.121887) @ 3.2m GPS - OK 0.0m 0.3kph
182701 - (41.393322, -84.121872) @ 3.2m GPS - OK 0.0m 0.8kph
182706 - (41.393314, -84.121880) @ 3.2m GPS - OK 0.0m 1.0kph
182711 - (41.393311, -84.121895) @ 3.2m GPS - OK 0.0m 0.8kph
182716 - (41.393307, -84.121910) @ 3.2m GPS - OK 0.0m 1.2kph
182721 - (41.393307, -84.121910) @ 3.2m GPS - PREV 0.0m NaNkph
182726 - (41.393307, -84.121910) @ 3.2m GPS - PREV 0.0m NaNkph
182731 - (41.393311, -84.121925) @ 3.2m GPS - OK 0.0m 0.3kph
182736 - (41.393311, -84.121925) @ 3.2m GPS - PREV 0.0m NaNkph
182741 - (41.393311, -84.121925) @ 3.2m GPS - PREV 0.0m NaNkph
182746 - (41.393311, -84.121925) @ 3.2m GPS - PREV 0.0m NaNkph
182751 - (41.393311, -84.121925) @ 3.2m GPS - PREV 0.0m NaNkph
182756 - (41.393318, -84.121910) @ 3.2m GPS - OK 0.0m 0.2kph
182801 - (41.393314, -84.121895) @ 3.2m GPS - OK 0.0m 2.4kph
182806 - (41.393322, -84.121887) @ 3.2m GPS - OK 0.0m 0.6kph
182811 - (41.393322, -84.121887) @ 3.2m GPS - PREV 0.0m NaNkph
182816 - (41.393318, -84.121880) @ 3.2m GPS - OK 0.0m 0.3kph
182821 - (41.393318, -84.121880) @ 3.2m GPS - PREV 0.0m NaNkph
182826 - (41.393322, -84.121895) @ 3.2m GPS - OK 0.0m 0.5kph
182831 - (41.393322, -84.121910) @ 3.2m GPS - OK 0.0m 1.1kph
182836 - (41.393322, -84.121910) @ 3.2m GPS - PREV 0.0m NaNkph
182841 - (41.393322, -84.121925) @ 3.2m GPS - OK 0.0m 0.3kph
182846 - (41.393307, -84.121918) @ 3.2m GPS - OK 0.0m 1.6kph
182851 - (41.393307, -84.121918) @ 3.2m GPS - PREV 0.0m NaNkph
182856 - (41.393307, -84.121925) @ 3.2m GPS - OK 0.0m 0.3kph
182901 - (41.393307, -84.121925) @ 3.2m GPS - PREV 0.0m NaNkph
182906 - (41.393295, -84.121925) @ 3.2m GPS - OK 0.0m 0.5kph
182911 - (41.393288, -84.121925) @ 3.2m GPS - OK 0.0m 0.4kph
182916 - (41.393288, -84.121925) @ 3.2m GPS - PREV 0.0m NaNkph
182921 - (41.393288, -84.121925) @ 3.2m GPS - PREV 0.0m NaNkph
182926 - (41.393288, -84.121925) @ 3.2m GPS - PREV 0.0m NaNkph
182931 - (41.393291, -84.121918) @ 3.2m GPS - OK 0.0m 0.2kph
182936 - (41.393291, -84.121918) @ 3.2m GPS - PREV 0.0m NaNkph
182941 - (41.393280, -84.121918) @ 3.2m GPS - OK 0.0m 0.3kph
182946 - (41.393280, -84.121918) @ 3.2m GPS - PREV 0.0m NaNkph
182951 - (41.393284, -84.121933) @ 3.2m GPS - OK 0.0m 0.8kph
182956 - (41.393288, -84.121948) @ 3.2m GPS - OK 0.0m 0.8kph
183001 - (41.393307, -84.121941) @ 3.2m GPS - OK 0.0m 1.0kph
183006 - (41.393307, -84.121941) @ 3.2m GPS - PREV 0.0m NaNkph
183011 - (41.393318, -84.121964) @ 3.2m GPS - OK 0.0m 0.8kph
183016 - (41.393318, -84.121964) @ 3.2m GPS - PREV 0.0m NaNkph
183021 - (41.393326, -84.121956) @ 9.6m GPS - OK 0.0m 0.4kph
183026 - (41.393326, -84.121956) @ 9.6m GPS - PREV 0.0m NaNkph
183031 - (41.393322, -84.121941) @ 9.6m GPS - OK 0.0m 0.8kph
183036 - (41.393322, -84.121941) @ 9.6m GPS - PREV 0.0m NaNkph
183041 - (41.393333, -84.121941) @ 9.6m GPS - OK 0.0m 0.4kph
183046 - (41.393337, -84.121910) @ 9.6m GPS - OK 0.0m 2.3kph
183051 - (41.393341, -84.121902) @ 9.6m GPS - OK 0.0m 0.5kph
183056 - (41.393337, -84.121880) @ 9.6m GPS - OK 0.0m 1.2kph
183101 - (41.393372, -84.121925) @ 10.7m GPS - OK 0.0m 3.2kph
183106 - (41.393391, -84.121918) @ 11.8m GPS - OK 0.0m 2.0kph
183111 - (41.393383, -84.121895) @ 9.6m GPS - OK 0.0m 1.3kph
183116 - (41.393383, -84.121895) @ 9.6m GPS - PREV 0.0m NaNkph
183121 - (41.393353, -84.121925) @ 9.6m GPS - OK 0.0m 1.9kph
183126 - (41.393349, -84.121910) @ 9.6m GPS - OK 0.0m 0.8kph
183131 - (41.393341, -84.121918) @ 9.6m GPS - OK 0.0m 1.0kph
183136 - (41.393341, -84.121880) @ 9.6m GPS - OK 0.0m 2.9kph
183141 - (41.393341, -84.121880) @ 9.6m GPS - PREV 0.0m NaNkph
183146 - (41.393330, -84.121887) @ 9.6m GPS - OK 0.0m 0.4kph
183151 - (41.393330, -84.121918) @ 9.6m GPS - OK 0.0m 1.5kph
183156 - (41.393333, -84.121902) @ 9.6m GPS - OK 0.0m 1.2kph
183201 - (41.393337, -84.121895) @ 9.6m GPS - OK 0.0m 1.4kph
183206 - (41.393341, -84.121880) @ 9.6m GPS - OK 0.0m 0.8kph
183211 - (41.393349, -84.121872) @ 9.6m GPS - OK 0.0m 0.6kph
183216 - (41.393349, -84.121872) @ 9.6m GPS - PREV 0.0m NaNkph
183221 - (41.393356, -84.121864) @ 9.6m GPS - OK 0.0m 0.5kph
183226 - (41.393356, -84.121864) @ 9.6m GPS - PREV 0.0m NaNkph
183231 - (41.393364, -84.121857) @ 9.6m GPS - OK 0.0m 0.3kph
183236 - (41.393356, -84.121849) @ 3.2m GPS - OK 0.0m 1.0kph
183241 - (41.393356, -84.121849) @ 3.2m GPS - PREV 0.0m NaNkph
183246 - (41.393356, -84.121849) @ 3.2m GPS - PREV 0.0m NaNkph
183251 - (41.393364, -84.121841) @ 3.2m GPS - OK 0.0m 0.2kph
183256 - (41.393356, -84.121841) @ 3.2m GPS - OK 0.0m 0.8kph
183301 - (41.393356, -84.121841) @ 3.2m GPS - PREV 0.0m NaNkph
183306 - (41.393349, -84.121857) @ 3.2m GPS - OK 0.0m 0.6kph
183311 - (41.393341, -84.121872) @ 3.2m GPS - OK 0.0m 1.4kph
183316 - (41.393337, -84.121880) @ 3.2m GPS - OK 0.0m 0.5kph
183321 - (41.393337, -84.121880) @ 3.2m GPS - PREV 0.0m NaNkph
183326 - (41.393337, -84.121880) @ 3.2m GPS - PREV 0.0m NaNkph
183331 - (41.393543, -84.121902) @ 29.3m Network - OK 0.0m 6.8kph
183336 - (41.393326, -84.121895) @ 3.2m GPS - OK 0.0m 15.0kph
183341 - (41.393322, -84.121902) @ 3.2m GPS - OK 0.0m 0.7kph
183346 - (41.393322, -84.121902) @ 3.2m GPS - PREV 0.0m NaNkph
183351 - (41.393322, -84.121902) @ 3.2m GPS - PREV 0.0m NaNkph
184214 - (41.393322, -84.121902) @ 3.2m GPS - PREV 0.0m NaNkph
184219 - (41.393314, -84.121964) @ 6.4m GPS - OK 0.0m 0.0kph
