140715 - Loading config xml...
140716 - Loading game xml...
140716 - Loading missiles...
140716 - Loading interceptors...
140716 - Loading missile sites...
140716 - Loading SAM sites...
140716 - Loading sentry guns...
140716 - Loading ore mines...
140716 - Loading loots...
140716 - Loading radiations...
220726 - Loading config xml...
220726 - Loading game xml...
220726 - Loading missiles...
220726 - Loading interceptors...
220726 - Loading missile sites...
220726 - Loading SAM sites...
220726 - Loading sentry guns...
220726 - Loading ore mines...
220726 - Loading loots...
220726 - Loading radiations...
222049 - Loading config xml...
222049 - Loading game xml...
222049 - Loading missiles...
222049 - Loading interceptors...
222049 - Loading missile sites...
222049 - Loading SAM sites...
222049 - Loading sentry guns...
222049 - Loading ore mines...
222049 - Loading loots...
222049 - Loading radiations...
222139 - Loading config xml...
222139 - Loading game xml...
