140715 - Firing up Launch server...
140715 - Load warning: Unable to get byte root element Variant. Returning default 0.
140716 - Loading game...
140716 - ...game loaded.
140716 - ...We're running.
154206 - Saving and backing up the game.
212146 - Saving and backing up the game.
212146 - Saving and backing up the game.
212146 - Saving and backing up the game.
220726 - Firing up Launch server...
220726 - Load warning: Unable to get byte root element Variant. Returning default 0.
220726 - Loading game...
220726 - ...game loaded.
220726 - ...We're running.
222049 - Firing up Launch server...
222049 - Load warning: Unable to get byte root element Variant. Returning default 0.
222049 - Loading game...
222049 - ...game loaded.
222049 - ...We're running.
222139 - Firing up Launch server...
222139 - Load warning: Unable to get byte root element Variant. Returning default 0.
222139 - Loading game...
222139 - ...game loaded.
222139 - ...We're running.
