215025 - (41.393345, -84.121826) @ 6.4m GPS - FIRST 0.0m 0.0kph
215030 - (41.393353, -84.121834) @ 3.2m GPS - OK 0.0m 0.5kph
215035 - (41.393353, -84.121834) @ 3.2m GPS - PREV 0.0m NaNkph
215040 - (41.393490, -84.122375) @ 18.8m Network - OK 0.0m 16.0kph
215045 - (41.393490, -84.122375) @ 18.8m Network - PREV 0.0m NaNkph
215050 - (41.393490, -84.122375) @ 18.8m Network - PREV 0.0m NaNkph
215055 - (41.393490, -84.122375) @ 18.8m Network - PREV 0.0m NaNkph
215100 - (41.393494, -84.122353) @ 17.1m Network - OK 0.0m 0.4kph
215113 - (41.393353, -84.121834) @ 3.2m GPS - OK 0.0m 12.6kph
215118 - (41.393353, -84.121834) @ 3.2m GPS - PREV 0.0m NaNkph
215123 - (41.393353, -84.121834) @ 3.2m GPS - PREV 0.0m NaNkph
215128 - (41.393353, -84.121834) @ 3.2m GPS - PREV 0.0m NaNkph
215133 - (41.393486, -84.122391) @ 19.9m Network - OK 0.0m 8.6kph
215138 - (41.393486, -84.122391) @ 19.9m Network - PREV 0.0m NaNkph
215143 - (41.393486, -84.122391) @ 19.9m Network - PREV 0.0m NaNkph
215148 - (41.393486, -84.122391) @ 19.9m Network - PREV 0.0m NaNkph
215153 - (41.393650, -84.122177) @ 25.1m Network - OK 0.0m 4.6kph
215158 - (41.393650, -84.122177) @ 25.1m Network - PREV 0.0m NaNkph
215203 - (41.393650, -84.122177) @ 25.1m Network - PREV 0.0m NaNkph
215406 - (41.393650, -84.122177) @ 25.1m Network - FIRST 0.0m 0.0kph
215411 - (41.393307, -84.121971) @ 11.8m GPS - OK 0.0m 1.1kph
215415 - (41.393337, -84.121910) @ 3.2m GPS - OK 0.0m 3.1kph
215428 - (41.393360, -84.121902) @ 3.2m GPS - OK 0.0m 2.4kph
215433 - (41.393360, -84.121902) @ 3.2m GPS - PREV 0.0m NaNkph
215438 - (41.393360, -84.121902) @ 3.2m GPS - PREV 0.0m NaNkph
215443 - (41.393360, -84.121902) @ 3.2m GPS - PREV 0.0m NaNkph
215448 - (41.393360, -84.121902) @ 3.2m GPS - PREV 0.0m NaNkph
215453 - (41.393360, -84.121902) @ 3.2m GPS - PREV 0.0m NaNkph
215458 - (41.393360, -84.121872) @ 3.2m GPS - OK 0.0m 0.2kph
215503 - (41.393353, -84.121857) @ 3.2m GPS - OK 0.0m 2.8kph
215508 - (41.393353, -84.121857) @ 3.2m GPS - PREV 0.0m NaNkph
215513 - (41.393353, -84.121857) @ 3.2m GPS - PREV 0.0m NaNkph
215518 - (41.393353, -84.121857) @ 3.2m GPS - PREV 0.0m NaNkph
215523 - (41.393353, -84.121857) @ 3.2m GPS - PREV 0.0m NaNkph
215528 - (41.393353, -84.121857) @ 3.2m GPS - PREV 0.0m NaNkph
215533 - (41.393513, -84.122345) @ 21.4m Network - OK 0.0m 5.3kph
215538 - (41.393513, -84.122345) @ 21.4m Network - PREV 0.0m NaNkph
215543 - (41.393513, -84.122345) @ 21.4m Network - PREV 0.0m NaNkph
215548 - (41.393513, -84.122345) @ 21.4m Network - PREV 0.0m NaNkph
215553 - (41.393513, -84.122345) @ 21.4m Network - PREV 0.0m NaNkph
215558 - (41.393513, -84.122345) @ 21.4m Network - PREV 0.0m NaNkph
215603 - (41.393513, -84.122345) @ 21.4m Network - PREV 0.0m NaNkph
215608 - (41.393513, -84.122345) @ 21.4m Network - PREV 0.0m NaNkph
215613 - (41.393536, -84.122330) @ 23.0m Network - OK 0.0m 0.2kph
215618 - (41.393536, -84.122330) @ 23.0m Network - PREV 0.0m NaNkph
215623 - (41.393364, -84.121857) @ 3.2m GPS - OK 0.0m 14.7kph
215628 - (41.393356, -84.121849) @ 3.2m GPS - OK 0.0m 0.6kph
215633 - (41.393356, -84.121849) @ 3.2m GPS - PREV 0.0m NaNkph
215638 - (41.393364, -84.121864) @ 3.2m GPS - OK 0.0m 0.6kph
215643 - (41.393379, -84.121872) @ 3.2m GPS - OK 0.0m 1.6kph
215648 - (41.393387, -84.121872) @ 3.2m GPS - OK 0.0m 0.8kph
215653 - (41.393387, -84.121872) @ 3.2m GPS - PREV 0.0m NaNkph
215658 - (41.393387, -84.121872) @ 3.2m GPS - PREV 0.0m NaNkph
215703 - (41.393387, -84.121872) @ 3.2m GPS - PREV 0.0m NaNkph
215708 - (41.393394, -84.121864) @ 3.2m GPS - OK 0.0m 0.2kph
215713 - (41.393391, -84.121849) @ 3.2m GPS - OK 0.0m 0.8kph
215718 - (41.393394, -84.121834) @ 3.2m GPS - OK 0.0m 0.8kph
215723 - (41.393394, -84.121834) @ 3.2m GPS - PREV 0.0m NaNkph
215728 - (41.393402, -84.121834) @ 3.2m GPS - OK 0.0m 0.3kph
215733 - (41.393414, -84.121834) @ 3.2m GPS - OK 0.0m 1.1kph
215738 - (41.393421, -84.121826) @ 3.2m GPS - OK 0.0m 1.0kph
215743 - (41.393421, -84.121826) @ 3.2m GPS - PREV 0.0m NaNkph
215748 - (41.393421, -84.121826) @ 3.2m GPS - PREV 0.0m NaNkph
215753 - (41.393620, -84.121880) @ 25.7m Network - OK 0.0m 4.8kph
215758 - (41.393620, -84.121880) @ 25.7m Network - PREV 0.0m NaNkph
215803 - (41.393402, -84.121826) @ 3.2m GPS - OK 0.0m 8.0kph
215808 - (41.393402, -84.121826) @ 3.2m GPS - PREV 0.0m NaNkph
215813 - (41.393402, -84.121826) @ 3.2m GPS - PREV 0.0m NaNkph
215818 - (41.393402, -84.121826) @ 3.2m GPS - PREV 0.0m NaNkph
215823 - (41.393402, -84.121826) @ 3.2m GPS - PREV 0.0m NaNkph
215828 - (41.393402, -84.121826) @ 3.2m GPS - PREV 0.0m NaNkph
215833 - (41.393391, -84.121826) @ 3.2m GPS - OK 0.0m 0.2kph
215838 - (41.393383, -84.121826) @ 3.2m GPS - OK 0.0m 0.8kph
215843 - (41.393383, -84.121826) @ 3.2m GPS - PREV 0.0m NaNkph
215848 - (41.393383, -84.121826) @ 3.2m GPS - PREV 0.0m NaNkph
215853 - (41.393372, -84.121826) @ 3.2m GPS - OK 0.0m 0.3kph
215858 - (41.393360, -84.121819) @ 3.2m GPS - OK 0.0m 0.9kph
215903 - (41.393349, -84.121819) @ 3.2m GPS - OK 0.0m 0.8kph
215908 - (41.393349, -84.121819) @ 3.2m GPS - PREV 0.0m NaNkph
215913 - (41.393341, -84.121811) @ 3.2m GPS - OK 0.0m 0.6kph
215918 - (41.393341, -84.121811) @ 3.2m GPS - PREV 0.0m NaNkph
215923 - (41.393341, -84.121811) @ 3.2m GPS - PREV 0.0m NaNkph
215928 - (41.393341, -84.121811) @ 3.2m GPS - PREV 0.0m NaNkph
215933 - (41.393360, -84.121803) @ 3.2m GPS - OK 0.0m 0.3kph
215938 - (41.393372, -84.121803) @ 3.2m GPS - OK 0.0m 1.2kph
215943 - (41.393368, -84.121819) @ 3.2m GPS - OK 0.0m 0.8kph
215948 - (41.393368, -84.121819) @ 3.2m GPS - PREV 0.0m NaNkph
215953 - (41.393360, -84.121796) @ 3.2m GPS - OK 0.0m 0.8kph
215958 - (41.393360, -84.121796) @ 3.2m GPS - PREV 0.0m NaNkph
220003 - (41.393349, -84.121811) @ 3.2m GPS - OK 0.0m 0.6kph
220008 - (41.393337, -84.121826) @ 3.2m GPS - OK 0.0m 3.2kph
220013 - (41.393337, -84.121826) @ 3.2m GPS - PREV 0.0m NaNkph
220018 - (41.393337, -84.121826) @ 3.2m GPS - PREV 0.0m NaNkph
220023 - (41.393337, -84.121826) @ 3.2m GPS - PREV 0.0m NaNkph
220028 - (41.393353, -84.121849) @ 3.2m GPS - OK 0.0m 0.5kph
220033 - (41.393356, -84.121857) @ 3.2m GPS - OK 0.0m 0.5kph
220038 - (41.393356, -84.121841) @ 3.2m GPS - OK 0.0m 1.2kph
220043 - (41.393341, -84.121849) @ 3.2m GPS - OK 0.0m 0.8kph
220048 - (41.393337, -84.121864) @ 3.2m GPS - OK 0.0m 1.2kph
220053 - (41.393333, -84.121887) @ 3.2m GPS - OK 0.0m 1.2kph
220058 - (41.393341, -84.121887) @ 3.2m GPS - OK 0.0m 0.8kph
220103 - (41.393353, -84.121887) @ 3.2m GPS - OK 0.0m 1.1kph
220108 - (41.393353, -84.121887) @ 3.2m GPS - PREV 0.0m NaNkph
220113 - (41.393364, -84.121887) @ 3.2m GPS - OK 0.0m 0.5kph
220118 - (41.393364, -84.121887) @ 3.2m GPS - PREV 0.0m NaNkph
220123 - (41.393394, -84.121895) @ 8.6m GPS - OK 0.0m 1.0kph
220128 - (41.393394, -84.121895) @ 8.6m GPS - PREV 0.0m NaNkph
220133 - (41.393406, -84.121902) @ 4.3m GPS - OK 0.0m 0.5kph
220138 - (41.393414, -84.121880) @ 3.2m GPS - OK 0.0m 3.8kph
220143 - (41.393425, -84.121872) @ 3.2m GPS - OK 0.0m 1.3kph
220148 - (41.393425, -84.121872) @ 3.2m GPS - PREV 0.0m NaNkph
220153 - (41.393410, -84.121864) @ 3.2m GPS - OK 0.0m 0.5kph
220158 - (41.393398, -84.121857) @ 3.2m GPS - OK 0.0m 2.6kph
220203 - (41.393410, -84.121857) @ 3.2m GPS - OK 0.0m 0.8kph
220208 - (41.393410, -84.121857) @ 3.2m GPS - PREV 0.0m NaNkph
220213 - (41.393410, -84.121857) @ 3.2m GPS - PREV 0.0m NaNkph
220218 - (41.393410, -84.121857) @ 3.2m GPS - PREV 0.0m NaNkph
220223 - (41.393398, -84.121857) @ 5.4m GPS - OK 0.0m 0.2kph
220228 - (41.393391, -84.121887) @ 4.3m GPS - OK 0.0m 2.4kph
220233 - (41.393360, -84.121918) @ 4.3m GPS - OK 0.0m 3.8kph
220238 - (41.393360, -84.121918) @ 4.3m GPS - PREV 0.0m NaNkph
220243 - (41.393368, -84.121902) @ 5.4m GPS - OK 0.0m 0.7kph
220248 - (41.393379, -84.121887) @ 6.4m GPS - OK 0.0m 1.1kph
220253 - (41.393379, -84.121902) @ 4.3m GPS - OK 0.0m 0.8kph
220258 - (41.393368, -84.121925) @ 5.4m GPS - OK 0.0m 1.4kph
220303 - (41.393341, -84.121948) @ 6.4m GPS - OK 0.0m 2.1kph
220308 - (41.393318, -84.121918) @ 3.2m GPS - OK 0.0m 3.2kph
220313 - (41.393333, -84.121925) @ 3.2m GPS - OK 0.0m 1.1kph
220318 - (41.393337, -84.121918) @ 3.2m GPS - OK 0.0m 0.7kph
220323 - (41.393341, -84.121902) @ 3.2m GPS - OK 0.0m 1.2kph
220328 - (41.393341, -84.121902) @ 3.2m GPS - PREV 0.0m NaNkph
220333 - (41.393364, -84.121918) @ 3.2m GPS - OK 0.0m 0.9kph
220339 - (41.393364, -84.121918) @ 3.2m GPS - PREV 0.0m NaNkph
220343 - (41.393364, -84.121918) @ 3.2m GPS - PREV 0.0m NaNkph
220348 - (41.393364, -84.121918) @ 3.2m GPS - PREV 0.0m NaNkph
220353 - (41.393356, -84.121933) @ 3.2m GPS - OK 0.0m 0.3kph
220359 - (41.393356, -84.121910) @ 3.2m GPS - OK 0.0m 3.4kph
220403 - (41.393356, -84.121910) @ 3.2m GPS - PREV 0.0m NaNkph
220408 - (41.393356, -84.121910) @ 3.2m GPS - PREV 0.0m NaNkph
220413 - (41.393360, -84.121895) @ 4.3m GPS - OK 0.0m 0.3kph
220418 - (41.393360, -84.121895) @ 4.3m GPS - PREV 0.0m NaNkph
220423 - (41.393360, -84.121895) @ 4.3m GPS - PREV 0.0m NaNkph
220428 - (41.393360, -84.121895) @ 4.3m GPS - PREV 0.0m NaNkph
220433 - (41.393322, -84.121910) @ 5.4m GPS - OK 0.0m 0.8kph
220438 - (41.393322, -84.121910) @ 5.4m GPS - PREV 0.0m NaNkph
220443 - (41.393307, -84.121918) @ 4.3m GPS - OK 0.0m 0.7kph
220448 - (41.393303, -84.121902) @ 5.4m GPS - OK 0.0m 0.8kph
220453 - (41.393318, -84.121880) @ 5.4m GPS - OK 0.0m 2.3kph
220458 - (41.393330, -84.121841) @ 4.3m GPS - OK 0.0m 3.1kph
220503 - (41.393337, -84.121834) @ 4.3m GPS - OK 0.0m 1.0kph
222105 - (41.393337, -84.121834) @ 4.3m GPS - PREV 0.0m NaNkph
222110 - (41.393394, -84.121925) @ 7.5m GPS - OK 0.0m 0.0kph
