104114 - Server socket established.
125437 - Server socket established.
131551 - Client connected, hash 1B55B278. Creating session.
131912 - Client connected, hash 7CE06110. Creating session.
132035 - Client connected, hash 690D175A. Creating session.
132133 - Client connected, hash 3DF3A2FA. Creating session.
132216 - Client connected, hash 597D599A. Creating session.
133807 - Client connected, hash 266A4B44. Creating session.
135829 - Client connected, hash 27DC3F14. Creating session.
141510 - Client connected, hash 0798AD67. Creating session.
141525 - Client connected, hash 341A8587. Creating session.
143052 - Client connected, hash 405EC82B. Creating session.
143116 - Client connected, hash 06BC6BAB. Creating session.
143232 - Client connected, hash 440D0D8E. Creating session.
143420 - Client connected, hash 245B8E35. Creating session.
143438 - Client connected, hash 12720505. Creating session.
143506 - Client connected, hash 7776D5D3. Creating session.
143544 - Client connected, hash 5B3BD7CE. Creating session.
145639 - Client connected, hash 23E9C0BA. Creating session.
145828 - Client connected, hash 2131B3EF. Creating session.
150813 - Client connected, hash 60A83257. Creating session.
151220 - Client connected, hash 65280C2B. Creating session.
151222 - Client connected, hash 08A9EC24. Creating session.
152737 - Shut down instruction received...
152737 - ...All sessions are closed.
152738 - Server comms finished.
152918 - Server socket established.
152931 - Client connected, hash 34A4C80E. Creating session.
152932 - Client connected, hash 50E989C5. Creating session.
153511 - Client connected, hash 3CBB412C. Creating session.
153644 - Client connected, hash 144160AE. Creating session.
153807 - Client connected, hash 00BE9E98. Creating session.
153955 - Client connected, hash 1C0588EB. Creating session.
154128 - Client connected, hash 7A510866. Creating session.
154256 - Client connected, hash 650A5392. Creating session.
