160044 - Shut down instruction received...
160044 - ...All sessions are closed.
160315 - Shut down instruction received...
160315 - ...All sessions are closed.
160431 - Shut down instruction received...
160431 - ...All sessions are closed.
160706 - Server socket established.
163152 - Server socket established.
174402 - Server socket established.
174413 - Client connected, hash 3D0153D0. Creating session.
174636 - Client connected, hash 6EB79B58. Creating session.
174906 - Client connected, hash 46E1BA37. Creating session.
175243 - Client connected, hash 140A9C5C. Creating session.
175524 - Client connected, hash 2EEDE80B. Creating session.
175737 - Client connected, hash 7C52CBD5. Creating session.
175759 - Client connected, hash 37A9F66A. Creating session.
175857 - Client connected, hash 778174BF. Creating session.
175925 - Client connected, hash 36ED67F4. Creating session.
175948 - Client connected, hash 5C0B1E9F. Creating session.
180010 - Client connected, hash 24E9A9D2. Creating session.
180038 - Client connected, hash 58B1157C. Creating session.
180131 - Client connected, hash 05BE1B59. Creating session.
180230 - Client connected, hash 01450297. Creating session.
180459 - Server socket established.
180500 - Client connected, hash 0BDB24AD. Creating session.
180500 - Client connected, hash 09C7667F. Creating session.
180502 - Client connected, hash 668F621B. Creating session.
180503 - Client connected, hash 5449042B. Creating session.
180505 - Client connected, hash 11ACC615. Creating session.
180508 - Client connected, hash 12ADB325. Creating session.
180638 - Client connected, hash 0F2F94D1. Creating session.
180752 - Client connected, hash 135BA143. Creating session.
180840 - Client connected, hash 64B05153. Creating session.
181959 - Client connected, hash 1BFBF27B. Creating session.
182031 - Client connected, hash 680164C9. Creating session.
184602 - Client connected, hash 269E8133. Creating session.
190114 - Client connected, hash 4042667A. Creating session.
192102 - Client connected, hash 04EE2C23. Creating session.
192103 - Client connected, hash 67AA375B. Creating session.
193945 - Client connected, hash 356FA584. Creating session.
193946 - Client connected, hash 664D74E5. Creating session.
194114 - Client connected, hash 1337D33B. Creating session.
211100 - Client connected, hash 25912EE9. Creating session.
211100 - Client connected, hash 6D1AFC5A. Creating session.
211101 - Client connected, hash 607D4740. Creating session.
211101 - Client connected, hash 4D7EFE7F. Creating session.
211101 - Client connected, hash 61B4775F. Creating session.
211101 - Client connected, hash 5BF6AF1F. Creating session.
211101 - Client connected, hash 51BBB466. Creating session.
211102 - Client connected, hash 6B8C2528. Creating session.
211103 - Client connected, hash 2940A989. Creating session.
211103 - Client connected, hash 47A065E9. Creating session.
211104 - Client connected, hash 4BB4E1FF. Creating session.
211106 - Client connected, hash 411B38C4. Creating session.
211106 - Client connected, hash 6DBBCD8F. Creating session.
211106 - Client connected, hash 29F062FC. Creating session.
211108 - Client connected, hash 4527D524. Creating session.
211109 - Client connected, hash 5DE2085C. Creating session.
211111 - Client connected, hash 6E8671DA. Creating session.
211112 - Client connected, hash 444B1974. Creating session.
211113 - Client connected, hash 3F3E6A2C. Creating session.
211114 - Client connected, hash 7253357F. Creating session.
211116 - Client connected, hash 2F06924E. Creating session.
211119 - Client connected, hash 339AAE63. Creating session.
211120 - Client connected, hash 7FB9CD36. Creating session.
211124 - Client connected, hash 14AAF773. Creating session.
211126 - Client connected, hash 0F25934A. Creating session.
211128 - Client connected, hash 692ADD7B. Creating session.
211131 - Client connected, hash 584B7D15. Creating session.
211155 - Client connected, hash 1B991800. Creating session.
211156 - Client connected, hash 388567FA. Creating session.
211200 - Client connected, hash 077BB494. Creating session.
211201 - Client connected, hash 045BD2BB. Creating session.
222336 - Client connected, hash 57D19328. Creating session.
222339 - Client connected, hash 44F8849F. Creating session.
234445 - Server socket established.
234501 - Client connected, hash 77FE536D. Creating session.
235604 - Client connected, hash 689D00CB. Creating session.
235605 - Client connected, hash 4701910C. Creating session.
235643 - Client connected, hash 31962DE3. Creating session.
235828 - Client connected, hash 3452E3A8. Creating session.
235907 - Client connected, hash 34C936B1. Creating session.
