214918 - Loading config xml...
214918 - Loading game xml...
214918 - Loading missiles...
214918 - Loading interceptors...
214918 - Loading missile sites...
214918 - Loading SAM sites...
214918 - Loading sentry guns...
214918 - Loading ore mines...
214918 - Loading loots...
214918 - Loading radiations...
215357 - Loading config xml...
215357 - Loading game xml...
215357 - Loading missiles...
215357 - Loading interceptors...
215357 - Loading missile sites...
215357 - Loading SAM sites...
215357 - Loading sentry guns...
215357 - Loading ore mines...
215357 - Loading loots...
215357 - Loading radiations...
225441 - Loading config xml...
225441 - Loading game xml...
225441 - Loading missiles...
225441 - Loading interceptors...
225441 - Loading missile sites...
225441 - Loading SAM sites...
225441 - Loading sentry guns...
225441 - Loading ore mines...
225441 - Loading loots...
225441 - Loading radiations...
225516 - Loading config xml...
225516 - Loading game xml...
225516 - Loading missiles...
225516 - Loading interceptors...
225516 - Loading missile sites...
225516 - Loading SAM sites...
225516 - Loading sentry guns...
225516 - Loading ore mines...
225516 - Loading loots...
225516 - Loading radiations...
225720 - Loading config xml...
225720 - Loading game xml...
225720 - Loading missiles...
225720 - Loading interceptors...
225720 - Loading missile sites...
225720 - Loading SAM sites...
225720 - Loading sentry guns...
225720 - Loading ore mines...
225720 - Loading loots...
225720 - Loading radiations...
225737 - Loading config xml...
225737 - Loading game xml...
225737 - Loading missiles...
225737 - Loading interceptors...
225737 - Loading missile sites...
225737 - Loading SAM sites...
225737 - Loading sentry guns...
225737 - Loading ore mines...
225737 - Loading loots...
225737 - Loading radiations...
230154 - Loading config xml...
230154 - Loading game xml...
230154 - Loading missiles...
230154 - Loading interceptors...
230154 - Loading missile sites...
230154 - Loading SAM sites...
230154 - Loading sentry guns...
230154 - Loading ore mines...
230154 - Loading loots...
230154 - Loading radiations...
230743 - Loading config xml...
230743 - Loading game xml...
230743 - Loading missiles...
230743 - Loading interceptors...
230743 - Loading missile sites...
230743 - Loading SAM sites...
230743 - Loading sentry guns...
230743 - Loading ore mines...
230743 - Loading loots...
230743 - Loading radiations...
231458 - Loading config xml...
231458 - Loading game xml...
231458 - Loading missiles...
231458 - Loading interceptors...
231458 - Loading missile sites...
231458 - Loading SAM sites...
231458 - Loading sentry guns...
231458 - Loading ore mines...
231458 - Loading loots...
231458 - Loading radiations...
231521 - Loading config xml...
231521 - Loading game xml...
231521 - Loading missiles...
231521 - Loading interceptors...
231521 - Loading missile sites...
231521 - Loading SAM sites...
231521 - Loading sentry guns...
231521 - Loading ore mines...
231521 - Loading loots...
231521 - Loading radiations...
231654 - Loading config xml...
231654 - Loading game xml...
231654 - Loading missiles...
231654 - Loading interceptors...
231654 - Loading missile sites...
231654 - Loading SAM sites...
231654 - Loading sentry guns...
231654 - Loading ore mines...
231654 - Loading loots...
231654 - Loading radiations...
231712 - Loading config xml...
231712 - Loading game xml...
231712 - Loading missiles...
231712 - Loading interceptors...
231712 - Loading missile sites...
231712 - Loading SAM sites...
231712 - Loading sentry guns...
231712 - Loading ore mines...
231712 - Loading loots...
231712 - Loading radiations...
232014 - Loading config xml...
232014 - Loading game xml...
232014 - Loading missiles...
232014 - Loading interceptors...
232014 - Loading missile sites...
232014 - Loading SAM sites...
232014 - Loading sentry guns...
232014 - Loading ore mines...
232014 - Loading loots...
232014 - Loading radiations...
232026 - Loading config xml...
232026 - Loading game xml...
232026 - Loading missiles...
232026 - Loading interceptors...
232026 - Loading missile sites...
232026 - Loading SAM sites...
232026 - Loading sentry guns...
232026 - Loading ore mines...
232026 - Loading loots...
232026 - Loading radiations...
232146 - Loading config xml...
232146 - Loading game xml...
232146 - Loading missiles...
232146 - Loading interceptors...
232146 - Loading missile sites...
232146 - Loading SAM sites...
232146 - Loading sentry guns...
232146 - Loading ore mines...
232146 - Loading loots...
232146 - Loading radiations...
232206 - Loading config xml...
232206 - Loading game xml...
232206 - Loading missiles...
232206 - Loading interceptors...
232206 - Loading missile sites...
232206 - Loading SAM sites...
232206 - Loading sentry guns...
232206 - Loading ore mines...
232206 - Loading loots...
232206 - Loading radiations...
232357 - Loading config xml...
232357 - Loading game xml...
232357 - Loading missiles...
232357 - Loading interceptors...
232357 - Loading missile sites...
232357 - Loading SAM sites...
232357 - Loading sentry guns...
232357 - Loading ore mines...
232357 - Loading loots...
232357 - Loading radiations...
232839 - Loading config xml...
232839 - Loading game xml...
232839 - Loading missiles...
232839 - Loading interceptors...
232839 - Loading missile sites...
232839 - Loading SAM sites...
232839 - Loading sentry guns...
232839 - Loading ore mines...
232839 - Loading loots...
232839 - Loading radiations...
232919 - Loading config xml...
232919 - Loading game xml...
232919 - Loading missiles...
232919 - Loading interceptors...
232919 - Loading missile sites...
232919 - Loading SAM sites...
232919 - Loading sentry guns...
232919 - Loading ore mines...
232919 - Loading loots...
232919 - Loading radiations...
233016 - Loading config xml...
233016 - Loading game xml...
233016 - Loading missiles...
233016 - Loading interceptors...
233016 - Loading missile sites...
233016 - Loading SAM sites...
233016 - Loading sentry guns...
233016 - Loading ore mines...
233016 - Loading loots...
233016 - Loading radiations...
233040 - Loading config xml...
233040 - Loading game xml...
233040 - Loading missiles...
233040 - Loading interceptors...
233040 - Loading missile sites...
233040 - Loading SAM sites...
233040 - Loading sentry guns...
233040 - Loading ore mines...
233040 - Loading loots...
233040 - Loading radiations...
233234 - Loading config xml...
233234 - Loading game xml...
233234 - Loading missiles...
233234 - Loading interceptors...
233234 - Loading missile sites...
233234 - Loading SAM sites...
233234 - Loading sentry guns...
233234 - Loading ore mines...
233234 - Loading loots...
233234 - Loading radiations...
233243 - Loading config xml...
233243 - Loading game xml...
233243 - Loading missiles...
233243 - Loading interceptors...
233243 - Loading missile sites...
233243 - Loading SAM sites...
233243 - Loading sentry guns...
233243 - Loading ore mines...
233243 - Loading loots...
233243 - Loading radiations...
233649 - Loading config xml...
233650 - Loading game xml...
233650 - Loading missiles...
233650 - Loading interceptors...
233650 - Loading missile sites...
233650 - Loading SAM sites...
233650 - Loading sentry guns...
233650 - Loading ore mines...
233650 - Loading loots...
233650 - Loading radiations...
233900 - Loading config xml...
233900 - Loading game xml...
233916 - Loading config xml...
233916 - Loading game xml...
234415 - Loading config xml...
234437 - Loading config xml...
235251 - Loading config xml...
235251 - Loading game xml...
235300 - Loading config xml...
235300 - Loading game xml...
235513 - Loading config xml...
235513 - Loading game xml...
235625 - Loading config xml...
235625 - Loading game xml...
