214917 - Firing up Launch server...
214918 - Load warning: Unable to get byte root element Variant. Returning default 0.
214918 - Loading game...
214918 - ...game loaded.
214918 - ...We're running.
215357 - Firing up Launch server...
215357 - Load warning: Unable to get byte root element Variant. Returning default 0.
215357 - Loading game...
215357 - ...game loaded.
215357 - ...We're running.
215456 - Saving and backing up the game.
221356 - Saving and backing up the game.
225441 - Firing up Launch server...
225441 - Load warning: Unable to get byte root element Variant. Returning default 0.
225441 - Load warning: Unable to get int element HitChance of InterceptorType. Returning zero.
225441 - Load warning: Unable to get int element HitChance of InterceptorType. Returning zero.
225441 - Load warning: Unable to get int element HitChance of InterceptorType. Returning zero.
225441 - Load warning: Unable to get int element HitChance of InterceptorType. Returning zero.
225441 - Load warning: Unable to get int element HitChance of InterceptorType. Returning zero.
225441 - Load error: Other error when loading config from config.xml. Last handled: String element Description
225441 - Loading game...
225441 - ...game loaded.
225441 - There were errors when loading the game. Quitting...
225441 - Did not save/backup the game as it didn't load correctly.
225441 - Goodbye.
225516 - Firing up Launch server...
225516 - Load warning: Unable to get byte root element Variant. Returning default 0.
225516 - Load warning: Unable to get int element HitChance of InterceptorType. Returning zero.
225516 - Load warning: Unable to get int element HitChance of InterceptorType. Returning zero.
225516 - Load warning: Unable to get int element HitChance of InterceptorType. Returning zero.
225516 - Load warning: Unable to get int element HitChance of InterceptorType. Returning zero.
225516 - Load warning: Unable to get int element HitChance of InterceptorType. Returning zero.
225516 - Load error: Other error when loading config from config.xml. Last handled: String element Description
225516 - Loading game...
225516 - ...game loaded.
225516 - There were errors when loading the game. Quitting...
225516 - Did not save/backup the game as it didn't load correctly.
225516 - Goodbye.
225720 - Firing up Launch server...
225720 - Load warning: Unable to get byte root element Variant. Returning default 0.
225720 - Load warning: Unable to get int element HitChance of InterceptorType. Returning zero.
225720 - Load warning: Unable to get int element HitChance of InterceptorType. Returning zero.
225720 - Load warning: Unable to get int element HitChance of InterceptorType. Returning zero.
225720 - Load warning: Unable to get int element HitChance of InterceptorType. Returning zero.
225720 - Load warning: Unable to get int element HitChance of InterceptorType. Returning zero.
225720 - Loading game...
225720 - ...game loaded.
225721 - ...We're running.
225721 - Quit. Waiting for game to stop running...
225721 - Goodbye.
225737 - Firing up Launch server...
225737 - Load warning: Unable to get byte root element Variant. Returning default 0.
225737 - Load warning: Unable to get int element HitChance of InterceptorType. Returning zero.
225737 - Load warning: Unable to get int element HitChance of InterceptorType. Returning zero.
225737 - Load warning: Unable to get int element HitChance of InterceptorType. Returning zero.
225737 - Load warning: Unable to get int element HitChance of InterceptorType. Returning zero.
225737 - Load warning: Unable to get int element HitChance of InterceptorType. Returning zero.
225737 - Loading game...
225737 - ...game loaded.
225737 - ...We're running.
225737 - Quit. Waiting for game to stop running...
225737 - Goodbye.
230154 - Firing up Launch server...
230154 - Load warning: Unable to get byte root element Variant. Returning default 0.
230154 - Load warning: Unable to get int element HitChance of InterceptorType. Returning zero.
230154 - Load warning: Unable to get int element HitChance of InterceptorType. Returning zero.
230154 - Load warning: Unable to get int element HitChance of InterceptorType. Returning zero.
230154 - Load warning: Unable to get int element HitChance of InterceptorType. Returning zero.
230154 - Load warning: Unable to get int element HitChance of InterceptorType. Returning zero.
230154 - Loading game...
230154 - ...game loaded.
230154 - ...We're running.
230743 - Firing up Launch server...
230743 - Load warning: Unable to get byte root element Variant. Returning default 0.
230743 - Loading game...
230743 - ...game loaded.
230743 - ...We're running.
231457 - Firing up Launch server...
231458 - Load warning: Unable to get byte root element Variant. Returning default 0.
231458 - Load error: Other error when loading config from config.xml. Last handled: String element Description
231458 - Loading game...
231458 - ...game loaded.
231458 - There were errors when loading the game. Quitting...
231458 - Did not save/backup the game as it didn't load correctly.
231458 - Goodbye.
231521 - Firing up Launch server...
231521 - Load warning: Unable to get byte root element Variant. Returning default 0.
231521 - Load error: Other error when loading config from config.xml. Last handled: String element Description
231521 - Loading game...
231521 - ...game loaded.
231521 - There were errors when loading the game. Quitting...
231521 - Did not save/backup the game as it didn't load correctly.
231521 - Goodbye.
231654 - Firing up Launch server...
231654 - Load warning: Unable to get byte root element Variant. Returning default 0.
231654 - Load error: Other error when loading config from config.xml. Last handled: String element Description
231654 - Loading game...
231654 - ...game loaded.
231654 - There were errors when loading the game. Quitting...
231654 - Did not save/backup the game as it didn't load correctly.
231654 - Goodbye.
231712 - Firing up Launch server...
231712 - Load warning: Unable to get byte root element Variant. Returning default 0.
231712 - Load error: Other error when loading config from config.xml. Last handled: String element Description
231712 - Loading game...
231712 - ...game loaded.
231712 - There were errors when loading the game. Quitting...
231712 - Did not save/backup the game as it didn't load correctly.
231712 - Goodbye.
232014 - Firing up Launch server...
232014 - Load warning: Unable to get byte root element Variant. Returning default 0.
232014 - Load error: Other error when loading config from config.xml. Last handled: String element Description
232014 - Loading game...
232014 - ...game loaded.
232014 - There were errors when loading the game. Quitting...
232014 - Did not save/backup the game as it didn't load correctly.
232014 - Goodbye.
232026 - Firing up Launch server...
232026 - Load warning: Unable to get byte root element Variant. Returning default 0.
232026 - Load error: Other error when loading config from config.xml. Last handled: String element Description
232026 - Loading game...
232026 - ...game loaded.
232026 - There were errors when loading the game. Quitting...
232026 - Did not save/backup the game as it didn't load correctly.
232026 - Goodbye.
232145 - Firing up Launch server...
232146 - Load warning: Unable to get byte root element Variant. Returning default 0.
232146 - Load error: Other error when loading config from config.xml. Last handled: String element Description
232146 - Loading game...
232146 - ...game loaded.
232146 - There were errors when loading the game. Quitting...
232146 - Did not save/backup the game as it didn't load correctly.
232146 - Goodbye.
232206 - Firing up Launch server...
232206 - Load warning: Unable to get byte root element Variant. Returning default 0.
232206 - Load error: Other error when loading config from config.xml. Last handled: String element Description
232206 - Loading game...
232206 - ...game loaded.
232206 - There were errors when loading the game. Quitting...
232206 - Did not save/backup the game as it didn't load correctly.
232206 - Goodbye.
232357 - Firing up Launch server...
232357 - Load warning: Unable to get byte root element Variant. Returning default 0.
232357 - Load error: Other error when loading config from config.xml. Last handled: String element Description
232357 - Loading game...
232357 - ...game loaded.
232357 - There were errors when loading the game. Quitting...
232357 - Did not save/backup the game as it didn't load correctly.
232357 - Goodbye.
232839 - Firing up Launch server...
232839 - Load warning: Unable to get byte root element Variant. Returning default 0.
232839 - Load error: Other error when loading config from config.xml. Last handled: String element Description
232839 - Loading game...
232839 - ...game loaded.
232839 - There were errors when loading the game. Quitting...
232839 - Did not save/backup the game as it didn't load correctly.
232839 - Goodbye.
232918 - Firing up Launch server...
232919 - Load warning: Unable to get byte root element Variant. Returning default 0.
232919 - Load error: Other error when loading config from config.xml. Last handled: String element Description
232919 - Loading game...
232919 - ...game loaded.
232919 - There were errors when loading the game. Quitting...
232919 - Did not save/backup the game as it didn't load correctly.
232919 - Goodbye.
233016 - Firing up Launch server...
233016 - Load warning: Unable to get byte root element Variant. Returning default 0.
233016 - Load error: Other error when loading config from config.xml. Last handled: String element Description
233016 - Loading game...
233016 - ...game loaded.
233016 - There were errors when loading the game. Quitting...
233016 - Did not save/backup the game as it didn't load correctly.
233016 - Goodbye.
233040 - Firing up Launch server...
233040 - Load warning: Unable to get byte root element Variant. Returning default 0.
233040 - Load error: Other error when loading config from config.xml. Last handled: String element Description
233040 - Loading game...
233040 - ...game loaded.
233040 - There were errors when loading the game. Quitting...
233040 - Did not save/backup the game as it didn't load correctly.
233040 - Goodbye.
233234 - Firing up Launch server...
233234 - Load warning: Unable to get byte root element Variant. Returning default 0.
233234 - Load error: Other error when loading config from config.xml. Last handled: String element Description
233234 - Loading game...
233234 - ...game loaded.
233234 - There were errors when loading the game. Quitting...
233234 - Did not save/backup the game as it didn't load correctly.
233234 - Goodbye.
233243 - Firing up Launch server...
233243 - Load warning: Unable to get byte root element Variant. Returning default 0.
233243 - Load error: Other error when loading config from config.xml. Last handled: String element Description
233243 - Loading game...
233243 - ...game loaded.
233243 - There were errors when loading the game. Quitting...
233243 - Did not save/backup the game as it didn't load correctly.
233243 - Goodbye.
233649 - Firing up Launch server...
233649 - Load warning: Unable to get byte root element Variant. Returning default 0.
233650 - Load error: Other error when loading config from config.xml. Last handled: String element Description
233650 - Loading game...
233650 - ...game loaded.
233650 - There were errors when loading the game. Quitting...
233650 - Did not save/backup the game as it didn't load correctly.
233650 - Goodbye.
233900 - Firing up Launch server...
233900 - Load warning: Unable to get byte root element Variant. Returning default 0.
233900 - Load error: Other error when loading config from config.xml. Last handled: String element Description
233900 - Loading game...
233900 - ...game loaded.
233900 - There were errors when loading the game. Quitting...
233900 - Did not save/backup the game as it didn't load correctly.
233900 - Goodbye.
233916 - Firing up Launch server...
233916 - Load warning: Unable to get byte root element Variant. Returning default 0.
233916 - Load error: Other error when loading config from config.xml. Last handled: String element Description
233916 - Loading game...
233916 - ...game loaded.
233916 - There were errors when loading the game. Quitting...
233916 - Did not save/backup the game as it didn't load correctly.
233916 - Goodbye.
234414 - Firing up Launch server...
234415 - Load warning: Unable to get byte root element Variant. Returning default 0.
234437 - Firing up Launch server...
234437 - Load warning: Unable to get byte root element Variant. Returning default 0.
235251 - Firing up Launch server...
235251 - Load warning: Unable to get byte root element Variant. Returning default 0.
235251 - Load error: Other error when loading config from config.xml. Last handled: String element Description
235251 - Loading game...
235251 - ...game loaded.
235251 - There were errors when loading the game. Quitting...
235251 - Did not save/backup the game as it didn't load correctly.
235252 - Goodbye.
235300 - Firing up Launch server...
235300 - Load warning: Unable to get byte root element Variant. Returning default 0.
235300 - Load error: Other error when loading config from config.xml. Last handled: String element Description
235300 - Loading game...
235300 - ...game loaded.
235300 - There were errors when loading the game. Quitting...
235300 - Did not save/backup the game as it didn't load correctly.
235300 - Goodbye.
235513 - Firing up Launch server...
235513 - Load warning: Unable to get byte root element Variant. Returning default 0.
235513 - Loading game...
235513 - ...game loaded.
235513 - ...We're running.
235625 - Firing up Launch server...
235625 - Load warning: Unable to get byte root element Variant. Returning default 0.
235625 - Loading game...
235625 - ...game loaded.
235625 - ...We're running.
