113751 - Session created.
113751 - Session thread created.
113751 - Session created.
113751 - Connection Report: Session got TCP streams.
113751 - Session thread created.
113751 - Connection Report: Session got TCP streams.
113751 - Session created.
113751 - Session thread created.
113751 - Connection Report: Session got TCP streams.
113751 - Session created.
113751 - Session thread created.
113751 - Connection Report: Session got TCP streams.
113851 - Session timed out. Closing.
113851 - Session closed after downloading 0B & uploading 0B.
113851 - Session thread finished normally.
113851 - Session timed out. Closing.
113851 - Session closed after downloading 0B & uploading 0B.
113851 - Session thread finished normally.
113851 - Session timed out. Closing.
113851 - Session closed after downloading 0B & uploading 0B.
113851 - Session thread finished normally.
113851 - Session timed out. Closing.
113851 - Session thread finished normally.
113851 - Session closed after downloading 0B & uploading 0B.
