001030 - It's a new hour!
001030 - It's a new hour!
001030 - Performing wealth generation...
001030 - Performing wealth generation...
001030 - It's a new hour!
001031 - Performing wealth generation...
001031 - Adam Min gets nothing.
001031 - Processing radiation damage...
001030 - It's a new hour!
001031 - Adam Min gets nothing.
001031 - Performing wealth generation...
001031 - Adam Min gets nothing.
001031 - Text gets 375.
001031 - Test gets 375.
001031 - Processing radiation damage...
001031 - Processing radiation damage...
001031 - Processing radiation damage...
001031 - Processing radiation damage...
001031 - Processing health regeneration...
001031 - Processing health regeneration...
001031 - Processing radiation damage...
001031 - Processing health regeneration...
001031 - Processing radiation damage...
001031 - Processing radiation damage...
001031 - Processing radiation damage...
001031 - Processing radiation damage...
001031 - Processing radiation damage...
001031 - Processing radiation damage...
001031 - Processing health regeneration...
001031 - Adam Min gets nothing.
001031 - Processing radiation damage...
001032 - Test gets 375.
001032 - Test1 gets 375.
001032 - Processing radiation damage...
001032 - Processing health regeneration...
001032 - Processing radiation damage...
001032 - Processing radiation damage...
001032 - Processing health regeneration...
001032 - Processing radiation damage...
001036 - Verifying ID D0067361CEDACE45FAB141A3BBACF4D7A1DF870F4851D6FA53BF22884D24EC9D.
001037 - Verifying ID D0067361CEDACE45FAB141A3BBACF4D7A1DF870F4851D6FA53BF22884D24EC9D.
001057 - Processing radiation damage...
001101 - Updating Test1's location.
001112 - Updating Test1's location.
001138 - Updating Test1's location.
001143 - Updating Test1's location.
001204 - Updating Test1's location.
001233 - Updating Test1's location.
001253 - Updating Test1's location.
001309 - Updating Test1's location.
001314 - Updating Test1's location.
001321 - Updating Test1's location.
001322 - Processing radiation damage...
001323 - Processing health regeneration...
001334 - Updating Test1's location.
001357 - Processing health regeneration...
001403 - Updating Test1's location.
001423 - Updating Test1's location.
001454 - Updating Test1's location.
001520 - Updating Test1's location.
001546 - Updating Test1's location.
001558 - Processing radiation damage...
001619 - Updating Test1's location.
001623 - Processing radiation damage...
001640 - Verifying ID C0D260BA6D56116DAA214CA1BD1B84FB8FA4900CCDB87AA949B8CDE55A2D218A.
001646 - Updating Test1's location.
001657 - Processing radiation damage...
001724 - Updating Test1's location.
001741 - Updating Test1's location.
001806 - Updating Test1's location.
001827 - Updating Test1's location.
001914 - Updating Test1's location.
001922 - Processing radiation damage...
001933 - Updating Test1's location.
002002 - Updating Test1's location.
002024 - Updating Test1's location.
002044 - Updating Test1's location.
002122 - Updating Test1's location.
002140 - Updating Test1's location.
002158 - Processing radiation damage...
002211 - Updating Test1's location.
002223 - Processing radiation damage...
002232 - Updating Test1's location.
002245 - Updating Test1's location.
002257 - Processing radiation damage...
002320 - Updating Test1's location.
002349 - Updating Test1's location.
002417 - Updating Test1's location.
002452 - Updating Test1's location.
002458 - Processing health regeneration...
002511 - Updating Test1's location.
002521 - Saving game.
002522 - Processing health regeneration...
002522 - Processing radiation damage...
002556 - Updating Test1's location.
002627 - Updating Test1's location.
002639 - Verifying ID D0067361CEDACE45FAB141A3BBACF4D7A1DF870F4851D6FA53BF22884D24EC9D.
002641 - Updating Test1's location.
002646 - Updating Test1's location.
002651 - Updating Test1's location.
002656 - Updating Test1's location.
002701 - Updating Test1's location.
002706 - Updating Test1's location.
002711 - Updating Test1's location.
002716 - Updating Test1's location.
002721 - Updating Test1's location.
002726 - Updating Test1's location.
002735 - Updating Test1's location.
002740 - Updating Test1's location.
002745 - Updating Test1's location.
002750 - Updating Test1's location.
002755 - Updating Test1's location.
002758 - Processing radiation damage...
002800 - Updating Test1's location.
002805 - Updating Test1's location.
002823 - Processing health regeneration...
002823 - Processing radiation damage...
002853 - Updating Test1's location.
002857 - Processing health regeneration...
002857 - Processing radiation damage...
002910 - Updating Test1's location.
003003 - Updating Test1's location.
003013 - Updating Test1's location.
003043 - Updating Test1's location.
003114 - Updating Test1's location.
003119 - Updating Test1's location.
003122 - Verifying ID C0D260BA6D56116DAA214CA1BD1B84FB8FA4900CCDB87AA949B8CDE55A2D218A.
003122 - Processing radiation damage...
003124 - Updating Test1's location.
003156 - Updating Test1's location.
003214 - Updating Test1's location.
003219 - Updating Test1's location.
003224 - Updating Test1's location.
003234 - Updating Test1's location.
003247 - Updating Test1's location.
003252 - Updating Test1's location.
003309 - Updating Test1's location.
003326 - Updating Test1's location.
003358 - Processing radiation damage...
003409 - Updating Test1's location.
003423 - Processing radiation damage...
003431 - Updating Test1's location.
003457 - Processing radiation damage...
003503 - Updating Test1's location.
003536 - Updating Test1's location.
003619 - Updating Test1's location.
003640 - Updating Test1's location.
003706 - Updating Test1's location.
003722 - Processing radiation damage...
003739 - Updating Test1's location.
003806 - Updating Test1's location.
003818 - Updating Test1's location.
003850 - Updating Test1's location.
003859 - Updating Test1's location.
003939 - Updating Test1's location.
003958 - Updating Test1's location.
003958 - Processing health regeneration...
003958 - Processing radiation damage...
004022 - Processing health regeneration...
004022 - Updating Test1's location.
004023 - Processing radiation damage...
004057 - Processing radiation damage...
004103 - Updating Test1's location.
004150 - Updating Test1's location.
004209 - Updating Test1's location.
004214 - Updating Test1's location.
004217 - Verifying ID D0067361CEDACE45FAB141A3BBACF4D7A1DF870F4851D6FA53BF22884D24EC9D.
004222 - Updating Test1's location.
004240 - Updating Test1's location.
004300 - Updating Test1's location.
004314 - Updating Test1's location.
004322 - Processing radiation damage...
004323 - Processing health regeneration...
004339 - Updating Test1's location.
004357 - Processing health regeneration...
004406 - Updating Test1's location.
004427 - Updating Test1's location.
004513 - Updating Test1's location.
004524 - Test1 charged for online sentry gun.
004528 - Updating Test1's location.
004558 - Processing radiation damage...
004622 - Updating Test1's location.
004623 - Processing radiation damage...
004647 - Updating Test1's location.
004657 - Processing radiation damage...
004718 - Verifying ID C0D260BA6D56116DAA214CA1BD1B84FB8FA4900CCDB87AA949B8CDE55A2D218A.
004720 - Updating Test1's location.
004725 - Updating Test1's location.
004730 - Updating Test1's location.
004749 - Updating Test1's location.
004835 - Updating Test1's location.
004854 - Updating Test1's location.
004922 - Processing radiation damage...
004924 - Updating Test1's location.
004956 - Updating Test1's location.
005020 - Updating Test1's location.
005101 - Updating Test1's location.
005155 - Updating Test1's location.
005158 - Processing radiation damage...
005205 - Updating Test1's location.
005216 - Updating Test1's location.
005221 - Updating Test1's location.
005223 - Processing radiation damage...
005257 - Processing radiation damage...
005308 - Updating Test1's location.
005330 - Updating Test1's location.
005413 - Updating Test1's location.
005422 - Updating Test1's location.
005453 - Updating Test1's location.
005458 - Processing health regeneration...
005517 - Updating Test1's location.
005522 - Processing health regeneration...
005522 - Processing radiation damage...
005539 - Updating Test1's location.
005601 - Updating Test1's location.
005621 - Updating Test1's location.
005631 - Updating Test1's location.
005704 - Updating Test1's location.
005704 - Verifying ID D0067361CEDACE45FAB141A3BBACF4D7A1DF870F4851D6FA53BF22884D24EC9D.
005709 - Updating Test1's location.
005714 - Updating Test1's location.
005719 - Updating Test1's location.
005728 - Updating Test1's location.
005757 - Updating Test1's location.
005758 - Processing radiation damage...
005822 - Not saving game as we are in debug mode.
005823 - Processing health regeneration...
005823 - Processing radiation damage...
005827 - Updating Test1's location.
005856 - Not saving game as we are in debug mode.
005857 - Processing health regeneration...
005857 - Processing radiation damage...
005902 - Updating Test1's location.
005935 - Updating Test1's location.
010000 - It's a new hour!
010000 - Performing wealth generation...
010000 - Adam Min gets nothing.
010000 - It's a new hour!
010000 - Performing wealth generation...
010000 - Adam Min gets nothing.
010000 - It's a new hour!
010000 - Performing wealth generation...
010000 - Adam Min gets nothing.
010000 - Text gets 375.
010000 - Test gets 375.
010000 - It's a new hour!
010000 - Performing wealth generation...
010000 - Adam Min gets nothing.
010000 - Test gets 375.
010000 - Test1 gets 425.
010007 - Updating Test1's location.
010039 - Updating Test1's location.
010110 - Updating Test1's location.
010115 - Updating Test1's location.
010120 - Updating Test1's location.
010122 - Processing radiation damage...
010125 - Updating Test1's location.
010130 - Updating Test1's location.
010135 - Updating Test1's location.
010140 - Updating Test1's location.
010145 - Verifying ID C0D260BA6D56116DAA214CA1BD1B84FB8FA4900CCDB87AA949B8CDE55A2D218A.
010145 - Updating Test1's location.
010150 - Updating Test1's location.
010155 - Updating Test1's location.
010200 - Updating Test1's location.
143836 - Starting services...
143836 - ...Started.
143836 - Processing health regeneration...
143836 - Processing radiation damage...
144436 - Processing radiation damage...
