115441 - Server socket established.
115641 - Client connected, hash 6B321C3F. Creating session.
115800 - Client connected, hash 6FB94131. Creating session.
121235 - Shut down instruction received...
121235 - ...All sessions are closed.
121241 - Shut down instruction received...
121241 - ...All sessions are closed.
121247 - Shut down instruction received...
121247 - ...All sessions are closed.
121249 - Shut down instruction received...
121249 - ...All sessions are closed.
121251 - Shut down instruction received...
121251 - ...All sessions are closed.
121253 - Shut down instruction received...
121253 - ...All sessions are closed.
121254 - Shut down instruction received...
121254 - ...All sessions are closed.
121255 - Shut down instruction received...
121255 - ...All sessions are closed.
121257 - Shut down instruction received...
121257 - ...All sessions are closed.
121258 - Shut down instruction received...
121258 - ...All sessions are closed.
121259 - Shut down instruction received...
121259 - ...All sessions are closed.
133948 - Shut down instruction received...
133948 - ...All sessions are closed.
134035 - Shut down instruction received...
134035 - ...All sessions are closed.
134037 - Shut down instruction received...
134037 - ...All sessions are closed.
134040 - Shut down instruction received...
134040 - ...All sessions are closed.
135620 - Shut down instruction received...
135620 - ...All sessions are closed.
135622 - Shut down instruction received...
135622 - ...All sessions are closed.
135624 - Shut down instruction received...
135624 - ...All sessions are closed.
135625 - Shut down instruction received...
135625 - ...All sessions are closed.
135627 - Shut down instruction received...
135627 - ...All sessions are closed.
140754 - Shut down instruction received...
140754 - ...All sessions are closed.
141616 - Server socket established.
141715 - Client connected, hash 6B321C3F. Creating session.
142630 - Client connected, hash 6FB94131. Creating session.
142722 - Client connected, hash 57277ED3. Creating session.
142907 - Client connected, hash 7B0462AA. Creating session.
160538 - Client connected, hash 38E2A39A. Creating session.
191344 - Client connected, hash 1DF7DD7E. Creating session.
192939 - Client connected, hash 71CAF9F5. Creating session.
212441 - Server socket established.
212441 - Client connected, hash 56AE0CB6. Creating session.
212445 - Client connected, hash 521EEBC6. Creating session.
212447 - Client connected, hash 081B29CE. Creating session.
212454 - Client connected, hash 1D0D507F. Creating session.
212458 - Client connected, hash 6BF2D9E7. Creating session.
212502 - Client connected, hash 4E175F84. Creating session.
212506 - Client connected, hash 1F135AD1. Creating session.
212512 - Client connected, hash 686A7FE4. Creating session.
212515 - Client connected, hash 152ABEEF. Creating session.
212518 - Client connected, hash 613538B1. Creating session.
212522 - Client connected, hash 64752394. Creating session.
212526 - Client connected, hash 5F5BF5A1. Creating session.
212530 - Client connected, hash 1F46E563. Creating session.
212535 - Client connected, hash 577EB68A. Creating session.
212537 - Client connected, hash 1A5A5672. Creating session.
212541 - Client connected, hash 1A2C5E65. Creating session.
212546 - Client connected, hash 32E9DDBE. Creating session.
212551 - Client connected, hash 1081F78F. Creating session.
212555 - Client connected, hash 58A0CA2B. Creating session.
212559 - Client connected, hash 2087682C. Creating session.
212603 - Client connected, hash 5CFF55AF. Creating session.
212605 - Client connected, hash 435DFC30. Creating session.
212611 - Client connected, hash 1DF297E2. Creating session.
212613 - Client connected, hash 06AF5A78. Creating session.
212620 - Client connected, hash 20DB352F. Creating session.
212624 - Client connected, hash 0CCBE178. Creating session.
212628 - Client connected, hash 050F2A84. Creating session.
212633 - Client connected, hash 798FDCC7. Creating session.
212636 - Client connected, hash 0084EC94. Creating session.
212642 - Client connected, hash 53170DDD. Creating session.
212646 - Client connected, hash 2FB05631. Creating session.
212818 - Client connected, hash 28DECEE4. Creating session.
213055 - Client connected, hash 0F197727. Creating session.
214556 - Client connected, hash 648BFAFC. Creating session.
220515 - Client connected, hash 49A72982. Creating session.
221557 - Client connected, hash 175067BC. Creating session.
