211101 - Session created.
211101 - Session thread created.
211101 - Session created.
211101 - Connection Report: Session got TCP streams.
211101 - Session thread created.
211101 - Connection Report: Session got TCP streams.
211101 - Session created.
211101 - Session thread created.
211101 - Connection Report: Session got TCP streams.
211101 - Session created.
211101 - Session thread created.
211101 - Connection Report: Session got TCP streams.
211101 - Session created.
211101 - Session thread created.
211101 - Connection Report: Session got TCP streams.
211201 - Session timed out. Closing.
211201 - Session closed after downloading 0B & uploading 0B.
211201 - Session thread finished normally.
211201 - Session timed out. Closing.
211201 - Session closed after downloading 0B & uploading 0B.
211201 - Session thread finished normally.
211201 - Session timed out. Closing.
211201 - Session closed after downloading 0B & uploading 0B.
211201 - Session thread finished normally.
211202 - Session timed out. Closing.
211202 - Session closed after downloading 49B & uploading 9B.
211202 - Session thread finished normally.
