143712 - Starting services...
143712 - ...Started.
143712 - Processing health regeneration...
143712 - Processing radiation damage...
143812 - Processing radiation damage...
143912 - Processing radiation damage...
144012 - Processing radiation damage...
144112 - Processing radiation damage...
144212 - Processing radiation damage...
144312 - Processing radiation damage...
144412 - Processing radiation damage...
144512 - Processing radiation damage...
144612 - Processing radiation damage...
144634 - Verifying ID 420472F800FF6E8DFD8E01A52DFE4C8BB558D7838726D73B92C22A3CEE8C20F2.
144638 - Verifying ID 420472F800FF6E8DFD8E01A52DFE4C8BB558D7838726D73B92C22A3CEE8C20F2.
144645 - Verifying ID 420472F800FF6E8DFD8E01A52DFE4C8BB558D7838726D73B92C22A3CEE8C20F2.
144703 - Verifying ID 420472F800FF6E8DFD8E01A52DFE4C8BB558D7838726D73B92C22A3CEE8C20F2.
144712 - Processing radiation damage...
144716 - Verifying ID 420472F800FF6E8DFD8E01A52DFE4C8BB558D7838726D73B92C22A3CEE8C20F2.
144723 - Verifying ID 420472F800FF6E8DFD8E01A52DFE4C8BB558D7838726D73B92C22A3CEE8C20F2.
144737 - Verifying ID 420472F800FF6E8DFD8E01A52DFE4C8BB558D7838726D73B92C22A3CEE8C20F2.
144743 - Verifying ID 420472F800FF6E8DFD8E01A52DFE4C8BB558D7838726D73B92C22A3CEE8C20F2.
144749 - Verifying ID 420472F800FF6E8DFD8E01A52DFE4C8BB558D7838726D73B92C22A3CEE8C20F2.
144753 - Verifying ID 420472F800FF6E8DFD8E01A52DFE4C8BB558D7838726D73B92C22A3CEE8C20F2.
144753 - Verifying ID 420472F800FF6E8DFD8E01A52DFE4C8BB558D7838726D73B92C22A3CEE8C20F2.
144757 - Verifying ID 420472F800FF6E8DFD8E01A52DFE4C8BB558D7838726D73B92C22A3CEE8C20F2.
144758 - Verifying ID 420472F800FF6E8DFD8E01A52DFE4C8BB558D7838726D73B92C22A3CEE8C20F2.
144803 - Verifying ID 420472F800FF6E8DFD8E01A52DFE4C8BB558D7838726D73B92C22A3CEE8C20F2.
144812 - Processing radiation damage...
144816 - Verifying ID 420472F800FF6E8DFD8E01A52DFE4C8BB558D7838726D73B92C22A3CEE8C20F2.
144822 - Verifying ID 420472F800FF6E8DFD8E01A52DFE4C8BB558D7838726D73B92C22A3CEE8C20F2.
144828 - Verifying ID 420472F800FF6E8DFD8E01A52DFE4C8BB558D7838726D73B92C22A3CEE8C20F2.
144912 - Processing radiation damage...
145012 - Processing radiation damage...
145112 - Processing radiation damage...
145212 - Processing health regeneration...
145212 - Processing radiation damage...
145312 - Processing radiation damage...
145412 - Processing radiation damage...
145512 - Processing radiation damage...
145610 - Verifying ID 40F224674D479514D8E2642E3E50C395BA0EF34CFBAEBB4EF20D6438CF6A490F.
145612 - Processing radiation damage...
145712 - Processing radiation damage...
145812 - Processing radiation damage...
145912 - Processing radiation damage...
150000 - It's a new hour!
150000 - Performing wealth generation...
150012 - Processing radiation damage...
150053 - Verifying ID 40F224674D479514D8E2642E3E50C395BA0EF34CFBAEBB4EF20D6438CF6A490F.
150112 - Processing radiation damage...
150132 - Checking availability of Testy...
150132 - It's available.
150132 - Verifying ID 40F224674D479514D8E2642E3E50C395BA0EF34CFBAEBB4EF20D6438CF6A490F.
150132 - Creating a player.
150132 - (Event) Give a warm, explosive welcome to Testy, who has joined the Game!
150132 - (Report) Give a warm, explosive welcome to Testy, who has joined the Game!
150132 - Verifying ID 40F224674D479514D8E2642E3E50C395BA0EF34CFBAEBB4EF20D6438CF6A490F.
150132 - (Report -> Admins) Player Testy has funky data directory /data/user/0/com.apps.fast.counterforce. Probable emulator.
150132 - Testy's respawn protection time expired.
150134 - Testy is attempting to respawn...
150134 - (Event) Testy respawned.
150137 - Updating Testy's location.
150142 - Performed multiaccounting check for Testy
150142 - Testy is attempting to purchase a SAM system...
150142 - (Event) Testy acquired an air defence system.
150142 - Updating Testy's location.
150147 - Updating Testy's location.
150152 - Updating Testy's location.
150157 - Updating Testy's location.
150202 - Updating Testy's location.
150207 - Updating Testy's location.
150212 - Processing radiation damage...
150212 - Updating Testy's location.
150217 - Updating Testy's location.
150222 - Updating Testy's location.
150227 - Updating Testy's location.
150233 - Updating Testy's location.
150237 - Updating Testy's location.
150242 - Updating Testy's location.
150247 - Updating Testy's location.
150252 - Updating Testy's location.
150257 - Updating Testy's location.
150302 - Updating Testy's location.
150307 - Updating Testy's location.
150312 - Processing radiation damage...
150313 - Updating Testy's location.
150317 - Updating Testy's location.
150322 - Updating Testy's location.
150327 - Updating Testy's location.
150333 - Updating Testy's location.
150337 - Updating Testy's location.
150342 - Updating Testy's location.
150347 - Updating Testy's location.
150352 - Updating Testy's location.
150357 - Updating Testy's location.
150402 - Updating Testy's location.
150407 - Updating Testy's location.
150412 - Processing radiation damage...
150412 - Updating Testy's location.
150417 - Updating Testy's location.
150422 - Updating Testy's location.
150427 - Updating Testy's location.
150432 - Updating Testy's location.
150437 - Updating Testy's location.
150442 - Updating Testy's location.
150447 - Updating Testy's location.
150452 - Updating Testy's location.
150457 - Updating Testy's location.
150502 - Updating Testy's location.
150507 - Updating Testy's location.
150512 - Processing radiation damage...
150512 - Updating Testy's location.
150517 - Updating Testy's location.
150522 - Updating Testy's location.
150527 - Updating Testy's location.
150532 - Updating Testy's location.
150537 - Updating Testy's location.
150542 - Updating Testy's location.
150548 - Updating Testy's location.
150553 - Updating Testy's location.
150557 - Updating Testy's location.
150602 - Updating Testy's location.
150607 - Updating Testy's location.
150612 - Processing radiation damage...
150612 - Updating Testy's location.
150617 - Updating Testy's location.
150623 - Updating Testy's location.
150625 - Testy is attempting to purchase interceptor...
150625 - (Event) Testy acquired interceptors.
150628 - Updating Testy's location.
150630 - Validating Testy's nuclear missile site construction attempt...
150630 - ...Affordable...
150630 - (Event) Testy constructed a nuclear missile site.
150632 - Updating Testy's location.
150637 - Testy is attempting to purchase missiles...
150637 - (Event) Testy acquired missiles.
150637 - Updating Testy's location.
150642 - Updating Testy's location.
150645 - Processing health regeneration...
150645 - Processing radiation damage...
150645 - Processing radiation damage...
150645 - Processing radiation damage...
150645 - Processing radiation damage...
150645 - Processing radiation damage...
150645 - Processing radiation damage...
150645 - Processing radiation damage...
150645 - Processing radiation damage...
150645 - Processing radiation damage...
150645 - Processing radiation damage...
150645 - Processing radiation damage...
150645 - Processing radiation damage...
150645 - Processing radiation damage...
150645 - Processing radiation damage...
150645 - Processing radiation damage...
150645 - Processing health regeneration...
150645 - Processing radiation damage...
150645 - Processing radiation damage...
150645 - Processing radiation damage...
150645 - Processing radiation damage...
150645 - Processing radiation damage...
150645 - Processing radiation damage...
150645 - Processing radiation damage...
150645 - Processing radiation damage...
150645 - Processing radiation damage...
150645 - Processing radiation damage...
150645 - Processing radiation damage...
150645 - Processing radiation damage...
150645 - Processing radiation damage...
150645 - Processing radiation damage...
150645 - Processing radiation damage...
150645 - Processing health regeneration...
150645 - Processing radiation damage...
150645 - Processing radiation damage...
150645 - Processing radiation damage...
150645 - Processing radiation damage...
150645 - Processing radiation damage...
150645 - Processing radiation damage...
150645 - Processing radiation damage...
150645 - Processing radiation damage...
150645 - Processing radiation damage...
150645 - Processing radiation damage...
150645 - Processing radiation damage...
150645 - Processing radiation damage...
150645 - Processing radiation damage...
150645 - Processing radiation damage...
150645 - Processing radiation damage...
150645 - Processing health regeneration...
150645 - Processing radiation damage...
150645 - Processing radiation damage...
150645 - Processing radiation damage...
150645 - Processing radiation damage...
150645 - Processing radiation damage...
150645 - Processing radiation damage...
150645 - Processing radiation damage...
150645 - Processing radiation damage...
150645 - Processing radiation damage...
150645 - Processing radiation damage...
150645 - Processing radiation damage...
150645 - Processing radiation damage...
150645 - Processing radiation damage...
150645 - Processing radiation damage...
150645 - Processing radiation damage...
150645 - Testy charged for online missile site.
150645 - Processing health regeneration...
150645 - Processing radiation damage...
150645 - Processing radiation damage...
150645 - Processing radiation damage...
150645 - Processing radiation damage...
150645 - Processing radiation damage...
150645 - Processing radiation damage...
150645 - Processing radiation damage...
150645 - Processing radiation damage...
150645 - Processing radiation damage...
150645 - Processing radiation damage...
150645 - Processing radiation damage...
150645 - Processing radiation damage...
150645 - Processing radiation damage...
150645 - Processing radiation damage...
150645 - Processing radiation damage...
150645 - Processing health regeneration...
150645 - Processing radiation damage...
150645 - Processing radiation damage...
150645 - Processing radiation damage...
150645 - Processing radiation damage...
150645 - Processing radiation damage...
150645 - Processing radiation damage...
150645 - Processing radiation damage...
150645 - Processing radiation damage...
150645 - Processing radiation damage...
150645 - Processing radiation damage...
150645 - Processing radiation damage...
150645 - Processing radiation damage...
150645 - Processing radiation damage...
150645 - Processing radiation damage...
150645 - Processing radiation damage...
150645 - Saving game.
150646 - Processing health regeneration...
150646 - Processing radiation damage...
150646 - Processing radiation damage...
150646 - Processing radiation damage...
150646 - Processing radiation damage...
150646 - Processing radiation damage...
150646 - Processing radiation damage...
150646 - Processing radiation damage...
150646 - Processing radiation damage...
150646 - Processing radiation damage...
150646 - Processing radiation damage...
150646 - Processing radiation damage...
150655 - Verifying ID 40F224674D479514D8E2642E3E50C395BA0EF34CFBAEBB4EF20D6438CF6A490F.
150655 - (Report -> Admins) Player Testy has funky data directory /data/user/0/com.apps.fast.counterforce. Probable emulator.
150655 - Updating Testy's location.
150700 - Updating Testy's location.
150705 - Updating Testy's location.
150710 - Updating Testy's location.
150713 - Processing radiation damage...
150715 - Updating Testy's location.
150720 - Updating Testy's location.
150722 - Testy is attempting to launch a missile...
150722 - Creating a missile launch.
150722 - (Event) Testy launched DF-ZF missile.
150725 - Updating Testy's location.
150730 - Testy is attempting to purchase missiles...
150730 - (Event) Testy acquired missiles.
150730 - Updating Testy's location.
150735 - Updating Testy's location.
150738 - Testy is attempting to purchase interceptor...
150738 - (Event) Testy acquired interceptors.
150740 - Updating Testy's location.
150745 - Updating Testy's location.
150746 - Testy is attempting to launch a player interceptor...
150746 - Creating an interceptor launch.
150746 - (Event) Testy launched an interceptor at Testy's DF-ZF.
150746 - (Report -> Testy) Testy launched an interceptor at your missile.
150759 - (Event) Testy's interceptor shot down their own missile.
150813 - Processing radiation damage...
150913 - Processing radiation damage...
151013 - Processing radiation damage...
151113 - Processing radiation damage...
151212 - Processing health regeneration...
151213 - Processing radiation damage...
151313 - Processing radiation damage...
151413 - Processing radiation damage...
151513 - Processing radiation damage...
151613 - Processing radiation damage...
151713 - Processing radiation damage...
151813 - Processing radiation damage...
151913 - Processing radiation damage...
152013 - Processing radiation damage...
152113 - Processing radiation damage...
152213 - Processing radiation damage...
152313 - Processing radiation damage...
152413 - Processing radiation damage...
152513 - Processing radiation damage...
152600 - Verifying ID 40F224674D479514D8E2642E3E50C395BA0EF34CFBAEBB4EF20D6438CF6A490F.
152613 - Processing radiation damage...
152629 - Testy charged for online missile site.
152712 - Processing health regeneration...
152713 - Processing radiation damage...
152813 - Processing radiation damage...
152913 - Processing radiation damage...
153013 - Processing radiation damage...
153113 - Processing radiation damage...
153213 - Processing radiation damage...
153313 - Processing radiation damage...
153413 - Processing radiation damage...
153513 - Processing radiation damage...
153613 - Processing radiation damage...
153713 - Processing radiation damage...
153813 - Processing radiation damage...
153900 - Verifying ID 40F224674D479514D8E2642E3E50C395BA0EF34CFBAEBB4EF20D6438CF6A490F.
153913 - Processing radiation damage...
154013 - Processing radiation damage...
154113 - Processing radiation damage...
154212 - Processing health regeneration...
154213 - Processing radiation damage...
154313 - Processing radiation damage...
154413 - Processing radiation damage...
154513 - Processing radiation damage...
154613 - Processing radiation damage...
154713 - Processing radiation damage...
154813 - Processing radiation damage...
154913 - Processing radiation damage...
155013 - Processing radiation damage...
155113 - Processing radiation damage...
155200 - Verifying ID 40F224674D479514D8E2642E3E50C395BA0EF34CFBAEBB4EF20D6438CF6A490F.
155213 - Processing radiation damage...
155313 - Processing radiation damage...
155413 - Processing radiation damage...
155513 - Processing radiation damage...
155613 - Processing radiation damage...
155712 - Processing health regeneration...
155713 - Processing radiation damage...
155813 - Processing radiation damage...
155913 - Processing radiation damage...
160000 - It's a new hour!
160000 - Performing wealth generation...
160000 - Testy gets nothing.
160013 - Processing radiation damage...
160113 - Processing radiation damage...
160213 - Processing radiation damage...
160313 - Processing radiation damage...
160413 - Processing radiation damage...
160513 - Processing radiation damage...
160613 - Processing radiation damage...
160713 - Processing radiation damage...
160813 - Processing radiation damage...
160913 - Processing radiation damage...
161013 - Processing radiation damage...
161113 - Processing radiation damage...
161212 - Processing health regeneration...
161213 - Processing radiation damage...
161313 - Processing radiation damage...
161413 - Processing radiation damage...
161513 - Processing radiation damage...
161613 - Processing radiation damage...
161713 - Processing radiation damage...
161813 - Processing radiation damage...
161913 - Processing radiation damage...
162013 - Processing radiation damage...
162059 - Verifying ID 40F224674D479514D8E2642E3E50C395BA0EF34CFBAEBB4EF20D6438CF6A490F.
162113 - Processing radiation damage...
162213 - Processing radiation damage...
162313 - Processing radiation damage...
162413 - Processing radiation damage...
162513 - Processing radiation damage...
162613 - Processing radiation damage...
162629 - Testy charged for online missile site.
162712 - Processing health regeneration...
162713 - Processing radiation damage...
162813 - Processing radiation damage...
162913 - Processing radiation damage...
163013 - Processing radiation damage...
163113 - Processing radiation damage...
163213 - Processing radiation damage...
163313 - Processing radiation damage...
163413 - Processing radiation damage...
163513 - Processing radiation damage...
163613 - Processing radiation damage...
163713 - Processing radiation damage...
163813 - Processing radiation damage...
163913 - Processing radiation damage...
164013 - Processing radiation damage...
164100 - Verifying ID 40F224674D479514D8E2642E3E50C395BA0EF34CFBAEBB4EF20D6438CF6A490F.
164100 - Verifying ID 40F224674D479514D8E2642E3E50C395BA0EF34CFBAEBB4EF20D6438CF6A490F.
164113 - Processing radiation damage...
164212 - Processing health regeneration...
164213 - Processing radiation damage...
164313 - Processing radiation damage...
165248 - Processing radiation damage...
165249 - Processing radiation damage...
165249 - Processing radiation damage...
165249 - Processing radiation damage...
165249 - Processing radiation damage...
165249 - Processing radiation damage...
165249 - Processing radiation damage...
165249 - Processing radiation damage...
165249 - Processing radiation damage...
165313 - Processing radiation damage...
231915 - Starting services...
231915 - ...Started.
231915 - Processing health regeneration...
231915 - Processing radiation damage...
232015 - Processing radiation damage...
232115 - Processing radiation damage...
232215 - Processing radiation damage...
232315 - Processing radiation damage...
232333 - Verifying ID 40F224674D479514D8E2642E3E50C395BA0EF34CFBAEBB4EF20D6438CF6A490F.
232333 - (Report -> Admins) Player Testy has funky data directory /data/user/0/com.apps.fast.counterforce. Probable emulator.
232338 - Updating Testy's location.
232338 - Performed multiaccounting check for Testy
232343 - Updating Testy's location.
232348 - Updating Testy's location.
232353 - Updating Testy's location.
232358 - Updating Testy's location.
232403 - Updating Testy's location.
232408 - Updating Testy's location.
232415 - Processing radiation damage...
232515 - Processing radiation damage...
232615 - Processing radiation damage...
232715 - Processing radiation damage...
232815 - Processing radiation damage...
232915 - Processing radiation damage...
233015 - Processing radiation damage...
233115 - Processing radiation damage...
233215 - Processing radiation damage...
233315 - Processing radiation damage...
233415 - Processing health regeneration...
233415 - Processing radiation damage...
233515 - Processing radiation damage...
233615 - Processing radiation damage...
233715 - Processing radiation damage...
233815 - Processing radiation damage...
233915 - Processing radiation damage...
234015 - Processing radiation damage...
234043 - Starting services...
234043 - ...Started.
234043 - Processing health regeneration...
234043 - Processing radiation damage...
234115 - Processing radiation damage...
234215 - Processing radiation damage...
234315 - Processing radiation damage...
234415 - Processing radiation damage...
234459 - Verifying ID 9B08899C50D57121D900E50F9775C7A6CDA2CF04C13E3623280452E28B0CF4EB.
234503 - Checking availability of Test...
234503 - It's available.
234503 - Verifying ID 9B08899C50D57121D900E50F9775C7A6CDA2CF04C13E3623280452E28B0CF4EB.
234504 - Creating a player.
234504 - Test's respawn protection time expired.
234515 - Processing radiation damage...
234615 - Processing radiation damage...
234715 - Processing radiation damage...
234815 - Processing radiation damage...
234827 - Starting services...
234827 - ...Started.
234827 - Processing health regeneration...
234827 - Processing radiation damage...
234832 - Testy charged for online missile site.
234844 - Starting services...
234844 - ...Started.
234844 - Processing health regeneration...
234844 - Processing radiation damage...
234846 - Verifying ID 9B08899C50D57121D900E50F9775C7A6CDA2CF04C13E3623280452E28B0CF4EB.
234846 - Checking availability of Test...
234846 - It's available.
234846 - Verifying ID 9B08899C50D57121D900E50F9775C7A6CDA2CF04C13E3623280452E28B0CF4EB.
234846 - Creating a player.
234846 - (Event) Give a warm, explosive welcome to Test, who has joined the Game!
234846 - (Report) Give a warm, explosive welcome to Test, who has joined the Game!
234846 - Verifying ID 9B08899C50D57121D900E50F9775C7A6CDA2CF04C13E3623280452E28B0CF4EB.
234846 - (Report -> Admins) Player Test has funky data directory /data/user/0/com.apps.fast.counterforce. Probable emulator.
234847 - Test's respawn protection time expired.
234851 - Updating Test's location.
234851 - Performed multiaccounting check for Test
234856 - Updating Test's location.
234901 - Updating Test's location.
234907 - Updating Test's location.
234912 - Updating Test's location.
234917 - Updating Test's location.
234921 - Updating Test's location.
234927 - Updating Test's location.
234931 - Updating Test's location.
234937 - Updating Test's location.
234942 - Updating Test's location.
234944 - Processing radiation damage...
234947 - Updating Test's location.
234951 - Updating Test's location.
234956 - Updating Test's location.
235001 - Updating Test's location.
235007 - Updating Test's location.
235012 - Updating Test's location.
235017 - Updating Test's location.
235022 - Updating Test's location.
235027 - Updating Test's location.
235032 - Updating Test's location.
235037 - Updating Test's location.
235042 - Updating Test's location.
235044 - Processing radiation damage...
235047 - Updating Test's location.
235051 - Updating Test's location.
235056 - Updating Test's location.
235101 - Updating Test's location.
235107 - Updating Test's location.
235112 - Updating Test's location.
235117 - Updating Test's location.
235121 - Updating Test's location.
235126 - Updating Test's location.
235132 - Updating Test's location.
235137 - Updating Test's location.
235142 - Updating Test's location.
235144 - Processing radiation damage...
235147 - Updating Test's location.
235151 - Updating Test's location.
235156 - Updating Test's location.
235201 - Updating Test's location.
235207 - Updating Test's location.
235212 - Updating Test's location.
235217 - Updating Test's location.
235221 - Updating Test's location.
235226 - Updating Test's location.
235231 - Updating Test's location.
235237 - Updating Test's location.
235242 - Updating Test's location.
235244 - Processing radiation damage...
235247 - Updating Test's location.
235251 - Updating Test's location.
235256 - Updating Test's location.
235302 - Updating Test's location.
235307 - Updating Test's location.
235312 - Updating Test's location.
235315 - Test is attempting to respawn...
235315 - (Event) Test respawned.
235316 - Updating Test's location.
235321 - Updating Test's location.
235327 - Updating Test's location.
235332 - Updating Test's location.
235337 - Updating Test's location.
235342 - Updating Test's location.
235344 - Processing radiation damage...
235346 - Updating Test's location.
235444 - Processing radiation damage...
235544 - Processing radiation damage...
235644 - Processing radiation damage...
235744 - Processing radiation damage...
235844 - Processing radiation damage...
235944 - Processing radiation damage...
