143712 - Loading config xml...
143712 - Loading game xml...
231915 - Loading config xml...
231915 - Loading game xml...
231915 - Loading missiles...
231915 - Loading interceptors...
231915 - Loading missile sites...
231915 - Loading SAM sites...
231915 - Loading sentry guns...
231915 - Loading ore mines...
231915 - Loading loots...
231915 - Loading radiations...
234043 - Loading config xml...
234043 - Loading game xml...
234043 - Loading missiles...
234043 - Loading interceptors...
234043 - Loading missile sites...
234043 - Loading SAM sites...
234043 - Loading sentry guns...
234043 - Loading ore mines...
234043 - Loading loots...
234043 - Loading radiations...
234827 - Loading config xml...
234827 - Loading game xml...
234827 - Loading missiles...
234827 - Loading interceptors...
234827 - Loading missile sites...
234827 - Loading SAM sites...
234827 - Loading sentry guns...
234827 - Loading ore mines...
234827 - Loading loots...
234827 - Loading radiations...
234843 - Loading config xml...
234844 - Loading game xml...
234844 - Loading missiles...
234844 - Loading interceptors...
234844 - Loading missile sites...
234844 - Loading SAM sites...
234844 - Loading sentry guns...
234844 - Loading ore mines...
234844 - Loading loots...
234844 - Loading radiations...
