143712 - Firing up Launch server...
143712 - Load warning: Unable to get byte root element Variant. Returning default 0.
143712 - Loading game...
143712 - ...game loaded.
143712 - ...We're running.
150645 - Saving and backing up the game.
231915 - Firing up Launch server...
231915 - Load warning: Unable to get byte root element Variant. Returning default 0.
231915 - Loading game...
231915 - ...game loaded.
231915 - ...We're running.
234043 - Firing up Launch server...
234043 - Load warning: Unable to get byte root element Variant. Returning default 0.
234043 - Loading game...
234043 - ...game loaded.
234043 - ...We're running.
234043 - Quit. Waiting for game to stop running...
234043 - Goodbye.
234827 - Firing up Launch server...
234827 - Load warning: Unable to get byte root element Variant. Returning default 0.
234827 - Loading game...
234827 - ...game loaded.
234827 - ...We're running.
234827 - Quit. Waiting for game to stop running...
234827 - Goodbye.
234843 - Firing up Launch server...
234844 - Load warning: Unable to get byte root element Variant. Returning default 0.
234844 - Loading game...
234844 - ...game loaded.
234844 - ...We're running.
