115441 - Loading config xml...
115441 - Loading game xml...
115441 - Loading missiles...
115441 - Loading interceptors...
115441 - Loading missile sites...
115441 - Loading SAM sites...
115441 - Loading sentry guns...
115441 - Loading ore mines...
115441 - Loading loots...
115441 - Loading radiations...
121235 - Loading config xml...
121235 - Loading game xml...
121235 - Loading missiles...
121235 - Loading interceptors...
121235 - Loading missile sites...
121235 - Loading SAM sites...
121235 - Loading sentry guns...
121235 - Loading ore mines...
121235 - Loading loots...
121235 - Loading radiations...
121241 - Loading config xml...
121241 - Loading game xml...
121241 - Loading missiles...
121241 - Loading interceptors...
121241 - Loading missile sites...
121241 - Loading SAM sites...
121241 - Loading sentry guns...
121241 - Loading ore mines...
121241 - Loading loots...
121241 - Loading radiations...
121247 - Loading config xml...
121247 - Loading game xml...
121247 - Loading missiles...
121247 - Loading interceptors...
121247 - Loading missile sites...
121247 - Loading SAM sites...
121247 - Loading sentry guns...
121247 - Loading ore mines...
121247 - Loading loots...
121247 - Loading radiations...
121249 - Loading config xml...
121249 - Loading game xml...
121249 - Loading missiles...
121249 - Loading interceptors...
121249 - Loading missile sites...
121249 - Loading SAM sites...
121249 - Loading sentry guns...
121249 - Loading ore mines...
121249 - Loading loots...
121249 - Loading radiations...
121251 - Loading config xml...
121251 - Loading game xml...
121251 - Loading missiles...
121251 - Loading interceptors...
121251 - Loading missile sites...
121251 - Loading SAM sites...
121251 - Loading sentry guns...
121251 - Loading ore mines...
121251 - Loading loots...
121251 - Loading radiations...
121252 - Loading config xml...
121253 - Loading game xml...
121253 - Loading missiles...
121253 - Loading interceptors...
121253 - Loading missile sites...
121253 - Loading SAM sites...
121253 - Loading sentry guns...
121253 - Loading ore mines...
121253 - Loading loots...
121253 - Loading radiations...
121254 - Loading config xml...
121254 - Loading game xml...
121254 - Loading missiles...
121254 - Loading interceptors...
121254 - Loading missile sites...
121254 - Loading SAM sites...
121254 - Loading sentry guns...
121254 - Loading ore mines...
121254 - Loading loots...
121254 - Loading radiations...
121255 - Loading config xml...
121255 - Loading game xml...
121255 - Loading missiles...
121255 - Loading interceptors...
121255 - Loading missile sites...
121255 - Loading SAM sites...
121255 - Loading sentry guns...
121255 - Loading ore mines...
121255 - Loading loots...
121255 - Loading radiations...
121257 - Loading config xml...
121257 - Loading game xml...
121257 - Loading missiles...
121257 - Loading interceptors...
121257 - Loading missile sites...
121257 - Loading SAM sites...
121257 - Loading sentry guns...
121257 - Loading ore mines...
121257 - Loading loots...
121257 - Loading radiations...
121258 - Loading config xml...
121258 - Loading game xml...
121258 - Loading missiles...
121258 - Loading interceptors...
121258 - Loading missile sites...
121258 - Loading SAM sites...
121258 - Loading sentry guns...
121258 - Loading ore mines...
121258 - Loading loots...
121258 - Loading radiations...
121259 - Loading config xml...
121259 - Loading game xml...
121259 - Loading missiles...
121259 - Loading interceptors...
121259 - Loading missile sites...
121259 - Loading SAM sites...
121259 - Loading sentry guns...
121259 - Loading ore mines...
121259 - Loading loots...
121259 - Loading radiations...
133947 - Loading config xml...
133947 - Loading game xml...
133947 - Loading missiles...
133947 - Loading interceptors...
133947 - Loading missile sites...
133947 - Loading SAM sites...
133947 - Loading sentry guns...
133947 - Loading ore mines...
133948 - Loading loots...
133948 - Loading radiations...
134035 - Loading config xml...
134035 - Loading game xml...
134035 - Loading missiles...
134035 - Loading interceptors...
134035 - Loading missile sites...
134035 - Loading SAM sites...
134035 - Loading sentry guns...
134035 - Loading ore mines...
134035 - Loading loots...
134035 - Loading radiations...
134037 - Loading config xml...
134037 - Loading game xml...
134037 - Loading missiles...
134037 - Loading interceptors...
134037 - Loading missile sites...
134037 - Loading SAM sites...
134037 - Loading sentry guns...
134037 - Loading ore mines...
134037 - Loading loots...
134037 - Loading radiations...
134040 - Loading config xml...
134040 - Loading game xml...
134040 - Loading missiles...
134040 - Loading interceptors...
134040 - Loading missile sites...
134040 - Loading SAM sites...
134040 - Loading sentry guns...
134040 - Loading ore mines...
134040 - Loading loots...
134040 - Loading radiations...
135620 - Loading config xml...
135620 - Loading game xml...
135620 - Loading missiles...
135620 - Loading interceptors...
135620 - Loading missile sites...
135620 - Loading SAM sites...
135620 - Loading sentry guns...
135620 - Loading ore mines...
135620 - Loading loots...
135620 - Loading radiations...
135622 - Loading config xml...
135622 - Loading game xml...
135622 - Loading missiles...
135622 - Loading interceptors...
135622 - Loading missile sites...
135622 - Loading SAM sites...
135622 - Loading sentry guns...
135622 - Loading ore mines...
135622 - Loading loots...
135622 - Loading radiations...
135623 - Loading config xml...
135624 - Loading game xml...
135624 - Loading missiles...
135624 - Loading interceptors...
135624 - Loading missile sites...
135624 - Loading SAM sites...
135624 - Loading sentry guns...
135624 - Loading ore mines...
135624 - Loading loots...
135624 - Loading radiations...
135625 - Loading config xml...
135625 - Loading game xml...
135625 - Loading missiles...
135625 - Loading interceptors...
135625 - Loading missile sites...
135625 - Loading SAM sites...
135625 - Loading sentry guns...
135625 - Loading ore mines...
135625 - Loading loots...
135625 - Loading radiations...
135627 - Loading config xml...
135627 - Loading game xml...
135627 - Loading missiles...
135627 - Loading interceptors...
135627 - Loading missile sites...
135627 - Loading SAM sites...
135627 - Loading sentry guns...
135627 - Loading ore mines...
135627 - Loading loots...
135627 - Loading radiations...
140754 - Loading config xml...
140754 - Loading game xml...
140754 - Loading missiles...
140754 - Loading interceptors...
140754 - Loading missile sites...
140754 - Loading SAM sites...
140754 - Loading sentry guns...
140754 - Loading ore mines...
140754 - Loading loots...
140754 - Loading radiations...
141616 - Loading config xml...
141616 - Loading game xml...
141616 - Loading missiles...
141616 - Loading interceptors...
141616 - Loading missile sites...
141616 - Loading SAM sites...
141616 - Loading sentry guns...
141616 - Loading ore mines...
141616 - Loading loots...
141616 - Loading radiations...
212441 - Loading config xml...
212441 - Loading game xml...
212441 - Loading missiles...
212441 - Loading interceptors...
212441 - Loading missile sites...
212441 - Loading SAM sites...
212441 - Loading sentry guns...
212441 - Loading ore mines...
212441 - Loading loots...
212441 - Loading radiations...
