115441 - Firing up Launch server...
115441 - Load warning: Unable to get byte root element Variant. Returning default 0.
115441 - Load warning: Unable to get asset ID for MissileType. Returning default.
115441 - Load warning: Unable to get asset ID for InterceptorType. Returning default.
115441 - Load warning: Unable to get asset ID for InterceptorType. Returning default.
115441 - Load warning: Unable to get asset ID for InterceptorType. Returning default.
115441 - Load warning: Unable to get asset ID for InterceptorType. Returning default.
115441 - Load warning: Unable to get asset ID for InterceptorType. Returning default.
115441 - Load warning: Unable to get asset ID for InterceptorType. Returning default.
115441 - Load warning: Unable to get asset ID for InterceptorType. Returning default.
115441 - Load warning: Unable to get asset ID for InterceptorType. Returning default.
115441 - Load warning: Unable to get asset ID for InterceptorType. Returning default.
115441 - Load warning: Unable to get asset ID for InterceptorType. Returning default.
115441 - Loading game...
115441 - ...game loaded.
115441 - ...We're running.
121235 - Firing up Launch server...
121235 - Load warning: Unable to get byte root element Variant. Returning default 0.
121235 - Load warning: Unable to get asset ID for MissileType. Returning default.
121235 - Load warning: Unable to get asset ID for InterceptorType. Returning default.
121235 - Load warning: Unable to get asset ID for InterceptorType. Returning default.
121235 - Load warning: Unable to get asset ID for InterceptorType. Returning default.
121235 - Load warning: Unable to get asset ID for InterceptorType. Returning default.
121235 - Load warning: Unable to get asset ID for InterceptorType. Returning default.
121235 - Load warning: Unable to get asset ID for InterceptorType. Returning default.
121235 - Load warning: Unable to get asset ID for InterceptorType. Returning default.
121235 - Load warning: Unable to get asset ID for InterceptorType. Returning default.
121235 - Load warning: Unable to get asset ID for InterceptorType. Returning default.
121235 - Load warning: Unable to get asset ID for InterceptorType. Returning default.
121235 - Load error: Other error when loading config from config.xml. Last handled: String element Description
121235 - Loading game...
121235 - ...game loaded.
121235 - There were errors when loading the game. Quitting...
121235 - Did not save/backup the game as it didn't load correctly.
121235 - Goodbye.
121241 - Firing up Launch server...
121241 - Load warning: Unable to get byte root element Variant. Returning default 0.
121241 - Load warning: Unable to get asset ID for MissileType. Returning default.
121241 - Load warning: Unable to get asset ID for InterceptorType. Returning default.
121241 - Load warning: Unable to get asset ID for InterceptorType. Returning default.
121241 - Load warning: Unable to get asset ID for InterceptorType. Returning default.
121241 - Load warning: Unable to get asset ID for InterceptorType. Returning default.
121241 - Load warning: Unable to get asset ID for InterceptorType. Returning default.
121241 - Load warning: Unable to get asset ID for InterceptorType. Returning default.
121241 - Load warning: Unable to get asset ID for InterceptorType. Returning default.
121241 - Load warning: Unable to get asset ID for InterceptorType. Returning default.
121241 - Load warning: Unable to get asset ID for InterceptorType. Returning default.
121241 - Load warning: Unable to get asset ID for InterceptorType. Returning default.
121241 - Load error: Other error when loading config from config.xml. Last handled: String element Description
121241 - Loading game...
121241 - ...game loaded.
121241 - There were errors when loading the game. Quitting...
121241 - Did not save/backup the game as it didn't load correctly.
121241 - Goodbye.
121247 - Firing up Launch server...
121247 - Load warning: Unable to get byte root element Variant. Returning default 0.
121247 - Load warning: Unable to get asset ID for MissileType. Returning default.
121247 - Load warning: Unable to get asset ID for InterceptorType. Returning default.
121247 - Load warning: Unable to get asset ID for InterceptorType. Returning default.
121247 - Load warning: Unable to get asset ID for InterceptorType. Returning default.
121247 - Load warning: Unable to get asset ID for InterceptorType. Returning default.
121247 - Load warning: Unable to get asset ID for InterceptorType. Returning default.
121247 - Load warning: Unable to get asset ID for InterceptorType. Returning default.
121247 - Load warning: Unable to get asset ID for InterceptorType. Returning default.
121247 - Load warning: Unable to get asset ID for InterceptorType. Returning default.
121247 - Load warning: Unable to get asset ID for InterceptorType. Returning default.
121247 - Load warning: Unable to get asset ID for InterceptorType. Returning default.
121247 - Load error: Other error when loading config from config.xml. Last handled: String element Description
121247 - Loading game...
121247 - ...game loaded.
121247 - There were errors when loading the game. Quitting...
121247 - Did not save/backup the game as it didn't load correctly.
121247 - Goodbye.
121249 - Firing up Launch server...
121249 - Load warning: Unable to get byte root element Variant. Returning default 0.
121249 - Load warning: Unable to get asset ID for MissileType. Returning default.
121249 - Load warning: Unable to get asset ID for InterceptorType. Returning default.
121249 - Load warning: Unable to get asset ID for InterceptorType. Returning default.
121249 - Load warning: Unable to get asset ID for InterceptorType. Returning default.
121249 - Load warning: Unable to get asset ID for InterceptorType. Returning default.
121249 - Load warning: Unable to get asset ID for InterceptorType. Returning default.
121249 - Load warning: Unable to get asset ID for InterceptorType. Returning default.
121249 - Load warning: Unable to get asset ID for InterceptorType. Returning default.
121249 - Load warning: Unable to get asset ID for InterceptorType. Returning default.
121249 - Load warning: Unable to get asset ID for InterceptorType. Returning default.
121249 - Load warning: Unable to get asset ID for InterceptorType. Returning default.
121249 - Load error: Other error when loading config from config.xml. Last handled: String element Description
121249 - Loading game...
121249 - ...game loaded.
121249 - There were errors when loading the game. Quitting...
121249 - Did not save/backup the game as it didn't load correctly.
121249 - Goodbye.
121251 - Firing up Launch server...
121251 - Load warning: Unable to get byte root element Variant. Returning default 0.
121251 - Load warning: Unable to get asset ID for MissileType. Returning default.
121251 - Load warning: Unable to get asset ID for InterceptorType. Returning default.
121251 - Load warning: Unable to get asset ID for InterceptorType. Returning default.
121251 - Load warning: Unable to get asset ID for InterceptorType. Returning default.
121251 - Load warning: Unable to get asset ID for InterceptorType. Returning default.
121251 - Load warning: Unable to get asset ID for InterceptorType. Returning default.
121251 - Load warning: Unable to get asset ID for InterceptorType. Returning default.
121251 - Load warning: Unable to get asset ID for InterceptorType. Returning default.
121251 - Load warning: Unable to get asset ID for InterceptorType. Returning default.
121251 - Load warning: Unable to get asset ID for InterceptorType. Returning default.
121251 - Load warning: Unable to get asset ID for InterceptorType. Returning default.
121251 - Load error: Other error when loading config from config.xml. Last handled: String element Description
121251 - Loading game...
121251 - ...game loaded.
121251 - There were errors when loading the game. Quitting...
121251 - Did not save/backup the game as it didn't load correctly.
121251 - Goodbye.
121252 - Firing up Launch server...
121252 - Load warning: Unable to get byte root element Variant. Returning default 0.
121252 - Load warning: Unable to get asset ID for MissileType. Returning default.
121252 - Load warning: Unable to get asset ID for InterceptorType. Returning default.
121252 - Load warning: Unable to get asset ID for InterceptorType. Returning default.
121252 - Load warning: Unable to get asset ID for InterceptorType. Returning default.
121252 - Load warning: Unable to get asset ID for InterceptorType. Returning default.
121252 - Load warning: Unable to get asset ID for InterceptorType. Returning default.
121252 - Load warning: Unable to get asset ID for InterceptorType. Returning default.
121252 - Load warning: Unable to get asset ID for InterceptorType. Returning default.
121252 - Load warning: Unable to get asset ID for InterceptorType. Returning default.
121252 - Load warning: Unable to get asset ID for InterceptorType. Returning default.
121252 - Load warning: Unable to get asset ID for InterceptorType. Returning default.
121252 - Load error: Other error when loading config from config.xml. Last handled: String element Description
121253 - Loading game...
121253 - ...game loaded.
121253 - There were errors when loading the game. Quitting...
121253 - Did not save/backup the game as it didn't load correctly.
121253 - Goodbye.
121254 - Firing up Launch server...
121254 - Load warning: Unable to get byte root element Variant. Returning default 0.
121254 - Load warning: Unable to get asset ID for MissileType. Returning default.
121254 - Load warning: Unable to get asset ID for InterceptorType. Returning default.
121254 - Load warning: Unable to get asset ID for InterceptorType. Returning default.
121254 - Load warning: Unable to get asset ID for InterceptorType. Returning default.
121254 - Load warning: Unable to get asset ID for InterceptorType. Returning default.
121254 - Load warning: Unable to get asset ID for InterceptorType. Returning default.
121254 - Load warning: Unable to get asset ID for InterceptorType. Returning default.
121254 - Load warning: Unable to get asset ID for InterceptorType. Returning default.
121254 - Load warning: Unable to get asset ID for InterceptorType. Returning default.
121254 - Load warning: Unable to get asset ID for InterceptorType. Returning default.
121254 - Load warning: Unable to get asset ID for InterceptorType. Returning default.
121254 - Load error: Other error when loading config from config.xml. Last handled: String element Description
121254 - Loading game...
121254 - ...game loaded.
121254 - There were errors when loading the game. Quitting...
121254 - Did not save/backup the game as it didn't load correctly.
121254 - Goodbye.
121255 - Firing up Launch server...
121255 - Load warning: Unable to get byte root element Variant. Returning default 0.
121255 - Load warning: Unable to get asset ID for MissileType. Returning default.
121255 - Load warning: Unable to get asset ID for InterceptorType. Returning default.
121255 - Load warning: Unable to get asset ID for InterceptorType. Returning default.
121255 - Load warning: Unable to get asset ID for InterceptorType. Returning default.
121255 - Load warning: Unable to get asset ID for InterceptorType. Returning default.
121255 - Load warning: Unable to get asset ID for InterceptorType. Returning default.
121255 - Load warning: Unable to get asset ID for InterceptorType. Returning default.
121255 - Load warning: Unable to get asset ID for InterceptorType. Returning default.
121255 - Load warning: Unable to get asset ID for InterceptorType. Returning default.
121255 - Load warning: Unable to get asset ID for InterceptorType. Returning default.
121255 - Load warning: Unable to get asset ID for InterceptorType. Returning default.
121255 - Load error: Other error when loading config from config.xml. Last handled: String element Description
121255 - Loading game...
121255 - ...game loaded.
121255 - There were errors when loading the game. Quitting...
121255 - Did not save/backup the game as it didn't load correctly.
121255 - Goodbye.
121257 - Firing up Launch server...
121257 - Load warning: Unable to get byte root element Variant. Returning default 0.
121257 - Load warning: Unable to get asset ID for MissileType. Returning default.
121257 - Load warning: Unable to get asset ID for InterceptorType. Returning default.
121257 - Load warning: Unable to get asset ID for InterceptorType. Returning default.
121257 - Load warning: Unable to get asset ID for InterceptorType. Returning default.
121257 - Load warning: Unable to get asset ID for InterceptorType. Returning default.
121257 - Load warning: Unable to get asset ID for InterceptorType. Returning default.
121257 - Load warning: Unable to get asset ID for InterceptorType. Returning default.
121257 - Load warning: Unable to get asset ID for InterceptorType. Returning default.
121257 - Load warning: Unable to get asset ID for InterceptorType. Returning default.
121257 - Load warning: Unable to get asset ID for InterceptorType. Returning default.
121257 - Load warning: Unable to get asset ID for InterceptorType. Returning default.
121257 - Load error: Other error when loading config from config.xml. Last handled: String element Description
121257 - Loading game...
121257 - ...game loaded.
121257 - There were errors when loading the game. Quitting...
121257 - Did not save/backup the game as it didn't load correctly.
121257 - Goodbye.
121258 - Firing up Launch server...
121258 - Load warning: Unable to get byte root element Variant. Returning default 0.
121258 - Load warning: Unable to get asset ID for MissileType. Returning default.
121258 - Load warning: Unable to get asset ID for InterceptorType. Returning default.
121258 - Load warning: Unable to get asset ID for InterceptorType. Returning default.
121258 - Load warning: Unable to get asset ID for InterceptorType. Returning default.
121258 - Load warning: Unable to get asset ID for InterceptorType. Returning default.
121258 - Load warning: Unable to get asset ID for InterceptorType. Returning default.
121258 - Load warning: Unable to get asset ID for InterceptorType. Returning default.
121258 - Load warning: Unable to get asset ID for InterceptorType. Returning default.
121258 - Load warning: Unable to get asset ID for InterceptorType. Returning default.
121258 - Load warning: Unable to get asset ID for InterceptorType. Returning default.
121258 - Load warning: Unable to get asset ID for InterceptorType. Returning default.
121258 - Load error: Other error when loading config from config.xml. Last handled: String element Description
121258 - Loading game...
121258 - ...game loaded.
121258 - There were errors when loading the game. Quitting...
121258 - Did not save/backup the game as it didn't load correctly.
121258 - Goodbye.
121259 - Firing up Launch server...
121259 - Load warning: Unable to get byte root element Variant. Returning default 0.
121259 - Load warning: Unable to get asset ID for MissileType. Returning default.
121259 - Load warning: Unable to get asset ID for InterceptorType. Returning default.
121259 - Load warning: Unable to get asset ID for InterceptorType. Returning default.
121259 - Load warning: Unable to get asset ID for InterceptorType. Returning default.
121259 - Load warning: Unable to get asset ID for InterceptorType. Returning default.
121259 - Load warning: Unable to get asset ID for InterceptorType. Returning default.
121259 - Load warning: Unable to get asset ID for InterceptorType. Returning default.
121259 - Load warning: Unable to get asset ID for InterceptorType. Returning default.
121259 - Load warning: Unable to get asset ID for InterceptorType. Returning default.
121259 - Load warning: Unable to get asset ID for InterceptorType. Returning default.
121259 - Load warning: Unable to get asset ID for InterceptorType. Returning default.
121259 - Load error: Other error when loading config from config.xml. Last handled: String element Description
121259 - Loading game...
121259 - ...game loaded.
121259 - There were errors when loading the game. Quitting...
121259 - Did not save/backup the game as it didn't load correctly.
121259 - Goodbye.
133947 - Firing up Launch server...
133947 - Load warning: Unable to get byte root element Variant. Returning default 0.
133947 - Load warning: Unable to get asset ID for MissileType. Returning default.
133947 - Load warning: Unable to get asset ID for InterceptorType. Returning default.
133947 - Load warning: Unable to get asset ID for InterceptorType. Returning default.
133947 - Load warning: Unable to get asset ID for InterceptorType. Returning default.
133947 - Load warning: Unable to get asset ID for InterceptorType. Returning default.
133947 - Load warning: Unable to get asset ID for InterceptorType. Returning default.
133947 - Load warning: Unable to get asset ID for InterceptorType. Returning default.
133947 - Load warning: Unable to get asset ID for InterceptorType. Returning default.
133947 - Load warning: Unable to get asset ID for InterceptorType. Returning default.
133947 - Load warning: Unable to get asset ID for InterceptorType. Returning default.
133947 - Load warning: Unable to get asset ID for InterceptorType. Returning default.
133947 - Load error: Other error when loading config from config.xml. Last handled: String element Description
133947 - Loading game...
133948 - ...game loaded.
133948 - There were errors when loading the game. Quitting...
133948 - Did not save/backup the game as it didn't load correctly.
133948 - Goodbye.
134034 - Firing up Launch server...
134035 - Load warning: Unable to get byte root element Variant. Returning default 0.
134035 - Load warning: Unable to get asset ID for MissileType. Returning default.
134035 - Load warning: Unable to get asset ID for InterceptorType. Returning default.
134035 - Load warning: Unable to get asset ID for InterceptorType. Returning default.
134035 - Load warning: Unable to get asset ID for InterceptorType. Returning default.
134035 - Load warning: Unable to get asset ID for InterceptorType. Returning default.
134035 - Load warning: Unable to get asset ID for InterceptorType. Returning default.
134035 - Load warning: Unable to get asset ID for InterceptorType. Returning default.
134035 - Load warning: Unable to get asset ID for InterceptorType. Returning default.
134035 - Load warning: Unable to get asset ID for InterceptorType. Returning default.
134035 - Load warning: Unable to get asset ID for InterceptorType. Returning default.
134035 - Load warning: Unable to get asset ID for InterceptorType. Returning default.
134035 - Load error: Other error when loading config from config.xml. Last handled: String element Description
134035 - Loading game...
134035 - ...game loaded.
134035 - There were errors when loading the game. Quitting...
134035 - Did not save/backup the game as it didn't load correctly.
134035 - Goodbye.
134036 - Firing up Launch server...
134037 - Load warning: Unable to get byte root element Variant. Returning default 0.
134037 - Load warning: Unable to get asset ID for MissileType. Returning default.
134037 - Load warning: Unable to get asset ID for InterceptorType. Returning default.
134037 - Load warning: Unable to get asset ID for InterceptorType. Returning default.
134037 - Load warning: Unable to get asset ID for InterceptorType. Returning default.
134037 - Load warning: Unable to get asset ID for InterceptorType. Returning default.
134037 - Load warning: Unable to get asset ID for InterceptorType. Returning default.
134037 - Load warning: Unable to get asset ID for InterceptorType. Returning default.
134037 - Load warning: Unable to get asset ID for InterceptorType. Returning default.
134037 - Load warning: Unable to get asset ID for InterceptorType. Returning default.
134037 - Load warning: Unable to get asset ID for InterceptorType. Returning default.
134037 - Load warning: Unable to get asset ID for InterceptorType. Returning default.
134037 - Load error: Other error when loading config from config.xml. Last handled: String element Description
134037 - Loading game...
134037 - ...game loaded.
134037 - There were errors when loading the game. Quitting...
134037 - Did not save/backup the game as it didn't load correctly.
134037 - Goodbye.
134040 - Firing up Launch server...
134040 - Load warning: Unable to get byte root element Variant. Returning default 0.
134040 - Load warning: Unable to get asset ID for MissileType. Returning default.
134040 - Load warning: Unable to get asset ID for InterceptorType. Returning default.
134040 - Load warning: Unable to get asset ID for InterceptorType. Returning default.
134040 - Load warning: Unable to get asset ID for InterceptorType. Returning default.
134040 - Load warning: Unable to get asset ID for InterceptorType. Returning default.
134040 - Load warning: Unable to get asset ID for InterceptorType. Returning default.
134040 - Load warning: Unable to get asset ID for InterceptorType. Returning default.
134040 - Load warning: Unable to get asset ID for InterceptorType. Returning default.
134040 - Load warning: Unable to get asset ID for InterceptorType. Returning default.
134040 - Load warning: Unable to get asset ID for InterceptorType. Returning default.
134040 - Load warning: Unable to get asset ID for InterceptorType. Returning default.
134040 - Load error: Other error when loading config from config.xml. Last handled: String element Description
134040 - Loading game...
134040 - ...game loaded.
134040 - There were errors when loading the game. Quitting...
134040 - Did not save/backup the game as it didn't load correctly.
134040 - Goodbye.
135619 - Firing up Launch server...
135620 - Load warning: Unable to get byte root element Variant. Returning default 0.
135620 - Load warning: Unable to get asset ID for MissileType. Returning default.
135620 - Load warning: Unable to get asset ID for InterceptorType. Returning default.
135620 - Load warning: Unable to get asset ID for InterceptorType. Returning default.
135620 - Load warning: Unable to get asset ID for InterceptorType. Returning default.
135620 - Load warning: Unable to get asset ID for InterceptorType. Returning default.
135620 - Load warning: Unable to get asset ID for InterceptorType. Returning default.
135620 - Load warning: Unable to get asset ID for InterceptorType. Returning default.
135620 - Load warning: Unable to get asset ID for InterceptorType. Returning default.
135620 - Load warning: Unable to get asset ID for InterceptorType. Returning default.
135620 - Load warning: Unable to get asset ID for InterceptorType. Returning default.
135620 - Load warning: Unable to get asset ID for InterceptorType. Returning default.
135620 - Load error: Other error when loading config from config.xml. Last handled: String element Description
135620 - Loading game...
135620 - ...game loaded.
135620 - There were errors when loading the game. Quitting...
135620 - Did not save/backup the game as it didn't load correctly.
135620 - Goodbye.
135622 - Firing up Launch server...
135622 - Load warning: Unable to get byte root element Variant. Returning default 0.
135622 - Load warning: Unable to get asset ID for MissileType. Returning default.
135622 - Load warning: Unable to get asset ID for InterceptorType. Returning default.
135622 - Load warning: Unable to get asset ID for InterceptorType. Returning default.
135622 - Load warning: Unable to get asset ID for InterceptorType. Returning default.
135622 - Load warning: Unable to get asset ID for InterceptorType. Returning default.
135622 - Load warning: Unable to get asset ID for InterceptorType. Returning default.
135622 - Load warning: Unable to get asset ID for InterceptorType. Returning default.
135622 - Load warning: Unable to get asset ID for InterceptorType. Returning default.
135622 - Load warning: Unable to get asset ID for InterceptorType. Returning default.
135622 - Load warning: Unable to get asset ID for InterceptorType. Returning default.
135622 - Load warning: Unable to get asset ID for InterceptorType. Returning default.
135622 - Load error: Other error when loading config from config.xml. Last handled: String element Description
135622 - Loading game...
135622 - ...game loaded.
135622 - There were errors when loading the game. Quitting...
135622 - Did not save/backup the game as it didn't load correctly.
135622 - Goodbye.
135623 - Firing up Launch server...
135623 - Load warning: Unable to get byte root element Variant. Returning default 0.
135624 - Load warning: Unable to get asset ID for MissileType. Returning default.
135624 - Load warning: Unable to get asset ID for InterceptorType. Returning default.
135624 - Load warning: Unable to get asset ID for InterceptorType. Returning default.
135624 - Load warning: Unable to get asset ID for InterceptorType. Returning default.
135624 - Load warning: Unable to get asset ID for InterceptorType. Returning default.
135624 - Load warning: Unable to get asset ID for InterceptorType. Returning default.
135624 - Load warning: Unable to get asset ID for InterceptorType. Returning default.
135624 - Load warning: Unable to get asset ID for InterceptorType. Returning default.
135624 - Load warning: Unable to get asset ID for InterceptorType. Returning default.
135624 - Load warning: Unable to get asset ID for InterceptorType. Returning default.
135624 - Load warning: Unable to get asset ID for InterceptorType. Returning default.
135624 - Load error: Other error when loading config from config.xml. Last handled: String element Description
135624 - Loading game...
135624 - ...game loaded.
135624 - There were errors when loading the game. Quitting...
135624 - Did not save/backup the game as it didn't load correctly.
135624 - Goodbye.
135625 - Firing up Launch server...
135625 - Load warning: Unable to get byte root element Variant. Returning default 0.
135625 - Load warning: Unable to get asset ID for MissileType. Returning default.
135625 - Load warning: Unable to get asset ID for InterceptorType. Returning default.
135625 - Load warning: Unable to get asset ID for InterceptorType. Returning default.
135625 - Load warning: Unable to get asset ID for InterceptorType. Returning default.
135625 - Load warning: Unable to get asset ID for InterceptorType. Returning default.
135625 - Load warning: Unable to get asset ID for InterceptorType. Returning default.
135625 - Load warning: Unable to get asset ID for InterceptorType. Returning default.
135625 - Load warning: Unable to get asset ID for InterceptorType. Returning default.
135625 - Load warning: Unable to get asset ID for InterceptorType. Returning default.
135625 - Load warning: Unable to get asset ID for InterceptorType. Returning default.
135625 - Load warning: Unable to get asset ID for InterceptorType. Returning default.
135625 - Load error: Other error when loading config from config.xml. Last handled: String element Description
135625 - Loading game...
135625 - ...game loaded.
135625 - There were errors when loading the game. Quitting...
135625 - Did not save/backup the game as it didn't load correctly.
135625 - Goodbye.
135626 - Firing up Launch server...
135627 - Load warning: Unable to get byte root element Variant. Returning default 0.
135627 - Load warning: Unable to get asset ID for MissileType. Returning default.
135627 - Load warning: Unable to get asset ID for InterceptorType. Returning default.
135627 - Load warning: Unable to get asset ID for InterceptorType. Returning default.
135627 - Load warning: Unable to get asset ID for InterceptorType. Returning default.
135627 - Load warning: Unable to get asset ID for InterceptorType. Returning default.
135627 - Load warning: Unable to get asset ID for InterceptorType. Returning default.
135627 - Load warning: Unable to get asset ID for InterceptorType. Returning default.
135627 - Load warning: Unable to get asset ID for InterceptorType. Returning default.
135627 - Load warning: Unable to get asset ID for InterceptorType. Returning default.
135627 - Load warning: Unable to get asset ID for InterceptorType. Returning default.
135627 - Load warning: Unable to get asset ID for InterceptorType. Returning default.
135627 - Load error: Other error when loading config from config.xml. Last handled: String element Description
135627 - Loading game...
135627 - ...game loaded.
135627 - There were errors when loading the game. Quitting...
135627 - Did not save/backup the game as it didn't load correctly.
135627 - Goodbye.
140753 - Firing up Launch server...
140754 - Load warning: Unable to get byte root element Variant. Returning default 0.
140754 - Load warning: Unable to get asset ID for MissileType. Returning default.
140754 - Load warning: Unable to get asset ID for InterceptorType. Returning default.
140754 - Load warning: Unable to get asset ID for InterceptorType. Returning default.
140754 - Load warning: Unable to get asset ID for InterceptorType. Returning default.
140754 - Load warning: Unable to get asset ID for InterceptorType. Returning default.
140754 - Load warning: Unable to get asset ID for InterceptorType. Returning default.
140754 - Load warning: Unable to get asset ID for InterceptorType. Returning default.
140754 - Load warning: Unable to get asset ID for InterceptorType. Returning default.
140754 - Load warning: Unable to get asset ID for InterceptorType. Returning default.
140754 - Load warning: Unable to get asset ID for InterceptorType. Returning default.
140754 - Load warning: Unable to get asset ID for InterceptorType. Returning default.
140754 - Load error: Other error when loading config from config.xml. Last handled: String element Description
140754 - Loading game...
140754 - ...game loaded.
140754 - There were errors when loading the game. Quitting...
140754 - Did not save/backup the game as it didn't load correctly.
140754 - Goodbye.
141616 - Firing up Launch server...
141616 - Load warning: Unable to get byte root element Variant. Returning default 0.
141616 - Load warning: Unable to get asset ID for MissileType. Returning default.
141616 - Load warning: Unable to get asset ID for InterceptorType. Returning default.
141616 - Load warning: Unable to get asset ID for InterceptorType. Returning default.
141616 - Load warning: Unable to get asset ID for InterceptorType. Returning default.
141616 - Load warning: Unable to get asset ID for InterceptorType. Returning default.
141616 - Load warning: Unable to get asset ID for InterceptorType. Returning default.
141616 - Load warning: Unable to get asset ID for InterceptorType. Returning default.
141616 - Load warning: Unable to get asset ID for InterceptorType. Returning default.
141616 - Load warning: Unable to get asset ID for InterceptorType. Returning default.
141616 - Load warning: Unable to get asset ID for InterceptorType. Returning default.
141616 - Load warning: Unable to get asset ID for InterceptorType. Returning default.
141616 - Loading game...
141616 - ...game loaded.
141616 - ...We're running.
191336 - Saving and backing up the game.
191338 - Saving and backing up the game.
201615 - Saving and backing up the game.
212440 - Firing up Launch server...
212441 - Load warning: Unable to get byte root element Variant. Returning default 0.
212441 - Load warning: Unable to get asset ID for MissileType. Returning default.
212441 - Load warning: Unable to get asset ID for InterceptorType. Returning default.
212441 - Load warning: Unable to get asset ID for InterceptorType. Returning default.
212441 - Load warning: Unable to get asset ID for InterceptorType. Returning default.
212441 - Load warning: Unable to get asset ID for InterceptorType. Returning default.
212441 - Load warning: Unable to get asset ID for InterceptorType. Returning default.
212441 - Load warning: Unable to get asset ID for InterceptorType. Returning default.
212441 - Load warning: Unable to get asset ID for InterceptorType. Returning default.
212441 - Load warning: Unable to get asset ID for InterceptorType. Returning default.
212441 - Load warning: Unable to get asset ID for InterceptorType. Returning default.
212441 - Load warning: Unable to get asset ID for InterceptorType. Returning default.
212441 - Loading game...
212441 - ...game loaded.
212441 - ...We're running.
