113649 - Server socket established.
113750 - Client connected, hash 7C4C7045. Creating session.
113751 - Client connected, hash 0343D0B1. Creating session.
113751 - Client connected, hash 52B27E8A. Creating session.
113751 - Client connected, hash 25B81FBC. Creating session.
113751 - Client connected, hash 5FAAB5DE. Creating session.
113754 - Client connected, hash 42F120C2. Creating session.
113756 - Client connected, hash 03765038. Creating session.
113757 - Client connected, hash 6656EA15. Creating session.
113800 - Client connected, hash 6C58A744. Creating session.
113804 - Client connected, hash 27E46D3D. Creating session.
113808 - Client connected, hash 16A20E69. Creating session.
113812 - Client connected, hash 477558EA. Creating session.
113816 - Client connected, hash 6EBEB5C7. Creating session.
113820 - Client connected, hash 6A37A0A8. Creating session.
113825 - Client connected, hash 6C602AC1. Creating session.
113830 - Client connected, hash 013F9DAF. Creating session.
113834 - Client connected, hash 1A3410C2. Creating session.
113836 - Client connected, hash 4D51D1CC. Creating session.
113839 - Client connected, hash 200ADC85. Creating session.
113843 - Client connected, hash 5DA5FFCE. Creating session.
113849 - Client connected, hash 672D56B8. Creating session.
113853 - Client connected, hash 24B12420. Creating session.
113857 - Client connected, hash 52A92AC7. Creating session.
113901 - Client connected, hash 2000F4D3. Creating session.
113904 - Client connected, hash 2D15EEFD. Creating session.
113909 - Client connected, hash 00A85F5B. Creating session.
113911 - Client connected, hash 1B4CB29B. Creating session.
113917 - Client connected, hash 3C4D7B4D. Creating session.
113919 - Client connected, hash 3EAD083F. Creating session.
113926 - Client connected, hash 7CBDDA36. Creating session.
113930 - Client connected, hash 021B6750. Creating session.
113932 - Client connected, hash 555BE34D. Creating session.
113936 - Client connected, hash 03E1E529. Creating session.
113940 - Client connected, hash 111FF309. Creating session.
113948 - Client connected, hash 48E7379D. Creating session.
114925 - Client connected, hash 42ACE447. Creating session.
115159 - Client connected, hash 4EE89996. Creating session.
115202 - Client connected, hash 2081ACF9. Creating session.
115425 - Client connected, hash 512B3CAB. Creating session.
115430 - Client connected, hash 74006415. Creating session.
115453 - Client connected, hash 7E2E772A. Creating session.
115458 - Client connected, hash 5365EA72. Creating session.
115922 - Client connected, hash 5BA34AD1. Creating session.
115924 - Client connected, hash 2C74AD7C. Creating session.
115926 - Client connected, hash 216E08FF. Creating session.
120112 - Client connected, hash 5D2440DA. Creating session.
120116 - Client connected, hash 1C907C6D. Creating session.
120119 - Client connected, hash 15862DCE. Creating session.
211806 - Server socket established.
213041 - Server socket established.
213119 - Client connected, hash 524CE70D. Creating session.
