002144 - Saving and backing up the game.
145058 - Saving and backing up the game.
145059 - Saving and backing up the game.
145059 - Saving and backing up the game.
145100 - Saving and backing up the game.
145100 - Saving and backing up the game.
145101 - Saving and backing up the game.
145101 - Saving and backing up the game.
154423 - Saving and backing up the game.
175032 - Saving and backing up the game.
194423 - Saving and backing up the game.
214423 - Saving and backing up the game.
220301 - Firing up Launch server...
220301 - Load warning: Unable to get byte root element Variant. Returning default 0.
220302 - Load warning: Unable to get asset ID for InterceptorType. Returning default.
220302 - Loading game...
220302 - ...game loaded.
220302 - ...We're running.
221528 - Saving and backing up the game.
221528 - Saving and backing up the game.
221652 - Saving and backing up the game.
221920 - Saving and backing up the game.
222102 - Saving and backing up the game.
222444 - Saving and backing up the game.
