105809 - (41.393349, -84.121841) @ 6.4m GPS - FIRST 0.0m 0.0kph
105817 - (41.393349, -84.121841) @ 6.4m GPS - PREV 0.0m NaNkph
105819 - (41.393356, -84.121826) @ 3.2m GPS - OK 0.0m 0.6kph
105824 - (41.393360, -84.121849) @ 3.2m GPS - OK 0.0m 1.2kph
105829 - (41.393360, -84.121849) @ 3.2m GPS - PREV 0.0m NaNkph
105834 - (41.393360, -84.121849) @ 3.2m GPS - PREV 0.0m NaNkph
105839 - (41.393368, -84.121880) @ 5.4m GPS - OK 0.0m 0.6kph
105844 - (41.393387, -84.121864) @ 5.4m GPS - OK 0.0m 1.8kph
105849 - (41.393387, -84.121864) @ 5.4m GPS - PREV 0.0m NaNkph
105854 - (41.393394, -84.121857) @ 4.3m GPS - OK 0.0m 0.5kph
105859 - (41.393394, -84.121857) @ 4.3m GPS - PREV 0.0m NaNkph
105904 - (41.393394, -84.121857) @ 4.3m GPS - PREV 0.0m NaNkph
105909 - (41.393394, -84.121857) @ 4.3m GPS - PREV 0.0m NaNkph
105914 - (41.393394, -84.121857) @ 4.3m GPS - PREV 0.0m NaNkph
105919 - (41.393230, -84.123055) @ 43.5m Network - OK 0.1m 14.0kph
105924 - (41.393230, -84.123055) @ 43.5m Network - PREV 0.0m NaNkph
105929 - (41.393230, -84.123055) @ 43.5m Network - PREV 0.0m NaNkph
105934 - (41.393230, -84.123055) @ 43.5m Network - PREV 0.0m NaNkph
105939 - (41.393230, -84.123055) @ 43.5m Network - PREV 0.0m NaNkph
105944 - (41.393375, -84.121864) @ 3.2m GPS - OK 0.1m 14.0kph
105949 - (41.393364, -84.121857) @ 3.2m GPS - OK 0.0m 1.3kph
105954 - (41.393364, -84.121857) @ 3.2m GPS - PREV 0.0m NaNkph
105959 - (41.391975, -84.121101) @ 104.1m Network - OK 0.2m 58.8kph
110004 - (41.393349, -84.121864) @ 3.2m GPS - OK 0.2m 156.3kph
110009 - (41.393349, -84.121864) @ 3.2m GPS - PREV 0.0m NaNkph
110014 - (41.393349, -84.121864) @ 3.2m GPS - PREV 0.0m NaNkph
110019 - (41.393177, -84.123093) @ 66.4m Network - OK 0.1m 22.9kph
110024 - (41.393356, -84.121857) @ 3.2m GPS - OK 0.1m 234.9kph
110029 - (41.393360, -84.121872) @ 3.2m GPS - OK 0.0m 0.8kph
110034 - (41.393360, -84.121872) @ 3.2m GPS - PREV 0.0m NaNkph
110039 - (41.393360, -84.121849) @ 3.2m GPS - OK 0.0m 0.6kph
110044 - (41.393364, -84.121841) @ 3.2m GPS - OK 0.0m 0.7kph
110049 - (41.393364, -84.121841) @ 3.2m GPS - PREV 0.0m NaNkph
110054 - (41.393375, -84.121841) @ 3.2m GPS - OK 0.0m 0.4kph
110059 - (41.393379, -84.121849) @ 3.2m GPS - OK 0.0m 1.4kph
165605 - (41.393410, -84.121773) @ 6.4m GPS - OK 0.0m 0.0kph
165610 - (41.393394, -84.121788) @ 3.2m GPS - OK 0.0m 1.3kph
165615 - (41.393394, -84.121788) @ 3.2m GPS - PREV 0.0m NaNkph
165620 - (41.393394, -84.121788) @ 3.2m GPS - PREV 0.0m NaNkph
165625 - (41.393394, -84.121788) @ 3.2m GPS - PREV 0.0m NaNkph
165630 - (41.393394, -84.121788) @ 3.2m GPS - PREV 0.0m NaNkph
165635 - (41.393444, -84.121841) @ 27.1m Network - OK 0.0m 1.1kph
165640 - (41.393444, -84.121841) @ 27.1m Network - PREV 0.0m NaNkph
165645 - (41.393444, -84.121841) @ 27.1m Network - PREV 0.0m NaNkph
165650 - (41.393444, -84.121841) @ 27.1m Network - PREV 0.0m NaNkph
165655 - (41.393406, -84.121811) @ 19.3m Network - OK 0.0m 0.8kph
165700 - (41.393406, -84.121811) @ 19.3m Network - PREV 0.0m NaNkph
165705 - (41.393406, -84.121811) @ 19.3m Network - PREV 0.0m NaNkph
165710 - (41.393406, -84.121811) @ 19.3m Network - PREV 0.0m NaNkph
165715 - (41.393406, -84.121834) @ 28.2m Network - OK 0.0m 0.3kph
165720 - (41.393406, -84.121834) @ 28.2m Network - PREV 0.0m NaNkph
165725 - (41.393406, -84.121834) @ 28.2m Network - PREV 0.0m NaNkph
165730 - (41.393406, -84.121834) @ 28.2m Network - PREV 0.0m NaNkph
165735 - (41.393398, -84.121819) @ 19.2m Network - OK 0.0m 0.3kph
165740 - (41.393398, -84.121819) @ 19.2m Network - PREV 0.0m NaNkph
165745 - (41.393398, -84.121819) @ 19.2m Network - PREV 0.0m NaNkph
165750 - (41.393398, -84.121819) @ 19.2m Network - PREV 0.0m NaNkph
165755 - (41.393398, -84.121819) @ 19.2m Network - PREV 0.0m NaNkph
165808 - (41.393375, -84.121765) @ 4.3m GPS - OK 0.0m 0.5kph
165813 - (41.393375, -84.121765) @ 4.3m GPS - PREV 0.0m NaNkph
165818 - (41.393375, -84.121765) @ 4.3m GPS - PREV 0.0m NaNkph
165823 - (41.393375, -84.121765) @ 4.3m GPS - PREV 0.0m NaNkph
165831 - (41.393375, -84.121765) @ 4.3m GPS - PREV 0.0m NaNkph
165836 - (41.393379, -84.121803) @ 18.6m Network - OK 0.0m 0.4kph
165847 - (41.393379, -84.121765) @ 7.5m GPS - OK 0.0m 1.6kph
165856 - (41.393379, -84.121765) @ 4.3m GPS - OK 0.0m 0.0kph
170202 - (41.393478, -84.121765) @ 4.3m GPS - OK 0.0m 0.2kph
170207 - (41.393482, -84.121834) @ 4.3m GPS - OK 0.0m 3.4kph
170323 - (41.393444, -84.121826) @ 7.5m GPS - OK 0.0m 0.2kph
170350 - (41.393394, -84.121727) @ 11.8m GPS - OK 0.0m 1.5kph
170355 - (41.393394, -84.121727) @ 11.8m GPS - PREV 0.0m NaNkph
170400 - (41.393379, -84.121719) @ 8.6m GPS - OK 0.0m 0.6kph
170405 - (41.393394, -84.121735) @ 8.6m GPS - OK 0.0m 2.8kph
170410 - (41.393394, -84.121735) @ 8.6m GPS - PREV 0.0m NaNkph
170415 - (41.393379, -84.121750) @ 3.2m GPS - OK 0.0m 0.7kph
170420 - (41.393379, -84.121750) @ 3.2m GPS - PREV 0.0m NaNkph
170425 - (41.393372, -84.121735) @ 4.3m GPS - OK 0.0m 0.4kph
170553 - (41.393375, -84.121742) @ 6.4m GPS - OK 0.0m 0.0kph
170558 - (41.393375, -84.121742) @ 6.4m GPS - PREV 0.0m NaNkph
170603 - (41.393387, -84.121735) @ 3.2m GPS - OK 0.0m 0.4kph
170608 - (41.393387, -84.121735) @ 3.2m GPS - PREV 0.0m NaNkph
170613 - (41.393387, -84.121735) @ 3.2m GPS - PREV 0.0m NaNkph
170618 - (41.393387, -84.121735) @ 3.2m GPS - PREV 0.0m NaNkph
170623 - (41.393398, -84.121742) @ 5.4m GPS - OK 0.0m 0.2kph
