214918 - Starting services...
214918 - ...Started.
214918 - Processing health regeneration...
214918 - Processing radiation damage...
215018 - Processing radiation damage...
215020 - Verifying ID 40F224674D479514D8E2642E3E50C395BA0EF34CFBAEBB4EF20D6438CF6A490F.
215020 - (Report -> Admins) Player Bob has funky data directory /data/user/0/com.apps.fast.counterforce. Probable emulator.
215025 - Updating Bob's location.
215025 - (Report -> Admins) Bob and Testing are within 0.5km and have the same device hash.
215025 - Performed multiaccounting check for Bob
215030 - Updating Bob's location.
215035 - Updating Bob's location.
215037 - Bob is attempting to purchase missiles...
215037 - (Event) Bob acquired missiles.
215040 - Updating Bob's location.
215045 - Updating Bob's location.
215050 - Updating Bob's location.
215055 - Updating Bob's location.
215100 - Updating Bob's location.
215104 - Processing radiation damage...
215104 - Processing radiation damage...
215104 - Processing radiation damage...
215104 - Processing radiation damage...
215104 - Processing radiation damage...
215104 - Processing radiation damage...
215104 - Processing radiation damage...
215104 - Processing radiation damage...
215104 - Processing radiation damage...
215104 - Processing radiation damage...
215104 - Testing charged for online missile site.
215104 - Processing radiation damage...
215104 - Bob charged for online missile site.
215104 - Processing radiation damage...
215104 - Test charged for online missile site.
215104 - Processing radiation damage...
215104 - Processing health regeneration...
215104 - Processing radiation damage...
215104 - Processing radiation damage...
215104 - Processing radiation damage...
215104 - Processing radiation damage...
215104 - Processing radiation damage...
215104 - Processing radiation damage...
215104 - Processing radiation damage...
215104 - Processing radiation damage...
215104 - Processing radiation damage...
215104 - Processing radiation damage...
215104 - Processing radiation damage...
215104 - Processing radiation damage...
215104 - Processing radiation damage...
215104 - Processing radiation damage...
215104 - Processing radiation damage...
215104 - Processing health regeneration...
215104 - Processing radiation damage...
215104 - Processing radiation damage...
215104 - Processing radiation damage...
215104 - Processing radiation damage...
215104 - Processing radiation damage...
215104 - Processing radiation damage...
215104 - Processing radiation damage...
215104 - Processing radiation damage...
215104 - Processing radiation damage...
215104 - Processing radiation damage...
215104 - Processing radiation damage...
215104 - Processing radiation damage...
215104 - Processing radiation damage...
215104 - Processing radiation damage...
215104 - Processing radiation damage...
215104 - Processing health regeneration...
215104 - Processing radiation damage...
215104 - Processing radiation damage...
215104 - Processing radiation damage...
215104 - Processing radiation damage...
215104 - Test charged for online SAM site.
215104 - Test charged for online SAM site.
215104 - Test charged for online SAM site.
215104 - Processing radiation damage...
215104 - Processing radiation damage...
215104 - Processing radiation damage...
215104 - Processing radiation damage...
215104 - Processing radiation damage...
215104 - Processing radiation damage...
215104 - Processing radiation damage...
215104 - Processing radiation damage...
215104 - Processing radiation damage...
215104 - Processing radiation damage...
215104 - Processing radiation damage...
215104 - Processing health regeneration...
215104 - Processing radiation damage...
215104 - Processing radiation damage...
215104 - Processing radiation damage...
215104 - Processing radiation damage...
215104 - Processing radiation damage...
215104 - Processing radiation damage...
215104 - Processing radiation damage...
215104 - Processing radiation damage...
215104 - Processing radiation damage...
215104 - Processing radiation damage...
215104 - Processing radiation damage...
215104 - Processing radiation damage...
215104 - Testing charged for online missile site.
215104 - Processing radiation damage...
215104 - Bob charged for online missile site.
215104 - Processing radiation damage...
215104 - Test charged for online missile site.
215104 - Processing radiation damage...
215104 - Processing health regeneration...
215104 - Processing radiation damage...
215104 - Processing radiation damage...
215104 - Processing radiation damage...
215104 - Processing radiation damage...
215104 - Processing radiation damage...
215104 - Processing radiation damage...
215104 - Processing radiation damage...
215104 - Processing radiation damage...
215104 - Processing radiation damage...
215104 - Processing radiation damage...
215104 - Processing radiation damage...
215104 - Processing radiation damage...
215104 - Processing radiation damage...
215104 - Processing radiation damage...
215104 - Processing radiation damage...
215104 - Processing health regeneration...
215104 - Processing radiation damage...
215104 - Processing radiation damage...
215104 - Processing radiation damage...
215104 - Processing radiation damage...
215104 - Processing radiation damage...
215104 - Processing radiation damage...
215104 - Processing radiation damage...
215104 - Processing radiation damage...
215104 - Processing radiation damage...
215104 - Processing radiation damage...
215104 - Processing radiation damage...
215104 - Processing radiation damage...
215113 - Verifying ID 40F224674D479514D8E2642E3E50C395BA0EF34CFBAEBB4EF20D6438CF6A490F.
215113 - (Report -> Admins) Player Bob has funky data directory /data/user/0/com.apps.fast.counterforce. Probable emulator.
215113 - Updating Bob's location.
215118 - Processing radiation damage...
215118 - Updating Bob's location.
215123 - Updating Bob's location.
215124 - Bob is attempting to launch a missile...
215124 - Creating a missile launch.
215124 - (Event) Bob launched DF-5 missile.
215128 - Updating Bob's location.
215133 - Updating Bob's location.
215138 - Updating Bob's location.
215143 - Updating Bob's location.
215148 - Updating Bob's location.
215153 - Updating Bob's location.
215158 - Updating Bob's location.
215203 - Updating Bob's location.
215218 - Processing radiation damage...
215318 - Processing radiation damage...
215357 - Starting services...
215357 - ...Started.
215357 - Processing health regeneration...
215357 - Processing radiation damage...
215405 - Verifying ID 40F224674D479514D8E2642E3E50C395BA0EF34CFBAEBB4EF20D6438CF6A490F.
215405 - (Report -> Admins) Player Bob has funky data directory /data/user/0/com.apps.fast.counterforce. Probable emulator.
215406 - Updating Bob's location.
215406 - (Report -> Admins) Bob and Testing are within 0.5km and have the same device hash.
215406 - Performed multiaccounting check for Bob
215410 - Updating Bob's location.
215414 - Bob is attempting to purchase missiles...
215414 - (Event) Bob acquired missiles.
215415 - Updating Bob's location.
215419 - Processing radiation damage...
215419 - Processing radiation damage...
215419 - Processing radiation damage...
215419 - Processing radiation damage...
215419 - Processing radiation damage...
215419 - Processing radiation damage...
215419 - Processing radiation damage...
215419 - Processing radiation damage...
215419 - Processing radiation damage...
215419 - Processing radiation damage...
215419 - Processing radiation damage...
215419 - Testing charged for online missile site.
215419 - Processing radiation damage...
215419 - Bob charged for online missile site.
215419 - Processing radiation damage...
215419 - Test charged for online missile site.
215420 - Processing radiation damage...
215420 - Processing health regeneration...
215420 - Processing radiation damage...
215420 - Processing radiation damage...
215420 - Processing radiation damage...
215420 - Processing radiation damage...
215420 - Processing radiation damage...
215420 - Processing radiation damage...
215420 - Processing radiation damage...
215420 - Processing radiation damage...
215420 - Processing radiation damage...
215420 - Processing radiation damage...
215420 - Processing radiation damage...
215420 - Processing radiation damage...
215420 - Processing radiation damage...
215420 - Processing radiation damage...
215420 - Processing radiation damage...
215420 - Processing health regeneration...
215420 - Processing radiation damage...
215420 - Processing radiation damage...
215420 - Processing radiation damage...
215420 - Processing radiation damage...
215420 - Processing radiation damage...
215420 - Processing radiation damage...
215420 - Processing radiation damage...
215420 - Processing radiation damage...
215420 - Processing radiation damage...
215420 - Processing radiation damage...
215420 - Processing radiation damage...
215420 - Processing radiation damage...
215420 - Processing radiation damage...
215420 - Processing radiation damage...
215420 - Processing radiation damage...
215420 - Processing health regeneration...
215420 - Processing radiation damage...
215420 - Processing radiation damage...
215420 - Processing radiation damage...
215420 - Processing radiation damage...
215420 - Test charged for online SAM site.
215420 - Test charged for online SAM site.
215420 - Test charged for online SAM site.
215420 - Processing radiation damage...
215420 - Processing radiation damage...
215420 - Processing radiation damage...
215420 - Processing radiation damage...
215420 - Processing radiation damage...
215420 - Processing radiation damage...
215420 - Processing radiation damage...
215420 - Processing radiation damage...
215420 - Processing radiation damage...
215420 - Processing radiation damage...
215420 - Processing radiation damage...
215420 - Processing health regeneration...
215420 - Processing radiation damage...
215420 - Processing radiation damage...
215420 - Processing radiation damage...
215420 - Processing radiation damage...
215420 - Processing radiation damage...
215420 - Processing radiation damage...
215420 - Processing radiation damage...
215420 - Processing radiation damage...
215420 - Processing radiation damage...
215420 - Processing radiation damage...
215420 - Processing radiation damage...
215420 - Processing radiation damage...
215420 - Testing charged for online missile site.
215420 - Processing radiation damage...
215420 - Bob charged for online missile site.
215420 - Processing radiation damage...
215420 - Test charged for online missile site.
215420 - Processing radiation damage...
215420 - Processing health regeneration...
215420 - Processing radiation damage...
215420 - Processing radiation damage...
215420 - Processing radiation damage...
215420 - Processing radiation damage...
215420 - Processing radiation damage...
215420 - Processing radiation damage...
215420 - Processing radiation damage...
215420 - Processing radiation damage...
215420 - Processing radiation damage...
215420 - Processing radiation damage...
215420 - Processing radiation damage...
215420 - Processing radiation damage...
215420 - Processing radiation damage...
215420 - Processing radiation damage...
215420 - Processing radiation damage...
215420 - Processing health regeneration...
215420 - Processing radiation damage...
215420 - Processing radiation damage...
215420 - Processing radiation damage...
215420 - Processing radiation damage...
215420 - Processing radiation damage...
215420 - Processing radiation damage...
215420 - Processing radiation damage...
215420 - Processing radiation damage...
215420 - Processing radiation damage...
215420 - Processing radiation damage...
215420 - Processing radiation damage...
215428 - Verifying ID 40F224674D479514D8E2642E3E50C395BA0EF34CFBAEBB4EF20D6438CF6A490F.
215428 - (Report -> Admins) Player Bob has funky data directory /data/user/0/com.apps.fast.counterforce. Probable emulator.
215428 - Updating Bob's location.
215433 - Updating Bob's location.
215434 - Bob is attempting to launch a missile...
215434 - Creating a missile launch.
215434 - (Event) Bob launched DF-5 missile.
215438 - Updating Bob's location.
215443 - Updating Bob's location.
215447 - A missile exploded.
215447 - Creating radiation.
215448 - Updating Bob's location.
215453 - Updating Bob's location.
215456 - Saving game.
215457 - Processing radiation damage...
215458 - Updating Bob's location.
215503 - Updating Bob's location.
215508 - Bob is attempting to purchase missiles...
215508 - (Event) Bob acquired missiles.
215508 - Updating Bob's location.
215513 - Updating Bob's location.
215518 - Updating Bob's location.
215523 - Updating Bob's location.
215528 - Updating Bob's location.
215533 - Updating Bob's location.
215538 - Updating Bob's location.
215543 - Updating Bob's location.
215548 - Updating Bob's location.
215553 - Updating Bob's location.
215557 - Processing radiation damage...
215558 - Updating Bob's location.
215603 - Updating Bob's location.
215608 - Updating Bob's location.
215613 - Updating Bob's location.
215618 - Updating Bob's location.
215623 - Updating Bob's location.
215628 - Updating Bob's location.
215633 - Updating Bob's location.
215638 - Updating Bob's location.
215643 - Updating Bob's location.
215648 - Updating Bob's location.
215653 - Updating Bob's location.
215657 - Processing radiation damage...
215658 - Updating Bob's location.
215703 - Updating Bob's location.
215708 - Updating Bob's location.
215713 - Updating Bob's location.
215718 - Updating Bob's location.
215723 - Updating Bob's location.
215728 - Updating Bob's location.
215733 - Updating Bob's location.
215738 - Updating Bob's location.
215743 - Updating Bob's location.
215748 - Updating Bob's location.
215753 - Updating Bob's location.
215757 - Processing radiation damage...
215758 - Updating Bob's location.
215803 - Updating Bob's location.
215808 - Updating Bob's location.
215813 - Updating Bob's location.
215818 - Updating Bob's location.
215823 - Updating Bob's location.
215828 - Updating Bob's location.
215833 - Updating Bob's location.
215838 - Updating Bob's location.
215843 - Updating Bob's location.
215848 - Updating Bob's location.
215853 - Updating Bob's location.
215857 - Processing health regeneration...
215857 - Processing radiation damage...
215858 - Updating Bob's location.
215903 - Updating Bob's location.
215908 - Updating Bob's location.
215913 - Updating Bob's location.
215918 - Updating Bob's location.
215923 - Updating Bob's location.
215928 - Updating Bob's location.
215933 - Updating Bob's location.
215938 - Updating Bob's location.
215943 - Updating Bob's location.
215948 - Updating Bob's location.
215953 - Updating Bob's location.
215957 - Processing radiation damage...
215958 - Updating Bob's location.
220000 - It's a new hour!
220000 - Performing wealth generation...
220000 - Test1 gets nothing.
220000 - Testing gets nothing.
220000 - Test gets nothing.
220000 - Bob gets nothing.
220003 - Updating Bob's location.
220008 - Updating Bob's location.
220013 - Updating Bob's location.
220018 - Updating Bob's location.
220023 - Updating Bob's location.
220028 - Updating Bob's location.
220033 - Updating Bob's location.
220038 - Updating Bob's location.
220043 - Updating Bob's location.
220048 - Updating Bob's location.
220053 - Updating Bob's location.
220057 - Processing radiation damage...
220058 - Updating Bob's location.
220103 - Updating Bob's location.
220108 - Updating Bob's location.
220113 - Updating Bob's location.
220118 - Updating Bob's location.
220123 - Updating Bob's location.
220128 - Updating Bob's location.
220133 - Updating Bob's location.
220138 - Updating Bob's location.
220143 - Updating Bob's location.
220148 - Updating Bob's location.
220153 - Updating Bob's location.
220157 - Processing radiation damage...
220158 - Updating Bob's location.
220203 - Updating Bob's location.
220208 - Updating Bob's location.
220213 - Updating Bob's location.
220215 - Test charged for online SAM site.
220218 - Updating Bob's location.
220223 - Updating Bob's location.
220228 - Updating Bob's location.
220229 - Test charged for online SAM site.
220233 - Updating Bob's location.
220238 - Updating Bob's location.
220239 - Test charged for online SAM site.
220243 - Updating Bob's location.
220248 - Updating Bob's location.
220253 - Updating Bob's location.
220257 - Processing radiation damage...
220258 - Updating Bob's location.
220303 - Updating Bob's location.
220308 - Updating Bob's location.
220313 - Updating Bob's location.
220318 - Updating Bob's location.
220323 - Updating Bob's location.
220328 - Updating Bob's location.
220333 - Updating Bob's location.
220338 - Updating Bob's location.
220343 - Updating Bob's location.
220348 - Updating Bob's location.
220353 - Updating Bob's location.
220357 - Processing radiation damage...
220359 - Updating Bob's location.
220403 - Updating Bob's location.
220408 - Updating Bob's location.
220413 - Updating Bob's location.
220418 - Updating Bob's location.
220423 - Updating Bob's location.
220428 - Updating Bob's location.
220433 - Updating Bob's location.
220438 - Updating Bob's location.
220443 - Updating Bob's location.
220448 - Updating Bob's location.
220453 - Updating Bob's location.
220457 - Processing radiation damage...
220458 - Updating Bob's location.
220503 - Updating Bob's location.
220557 - Processing radiation damage...
220657 - Processing radiation damage...
220757 - Processing radiation damage...
220857 - Processing radiation damage...
220957 - Processing radiation damage...
221057 - Processing radiation damage...
221120 - Verifying ID 40F224674D479514D8E2642E3E50C395BA0EF34CFBAEBB4EF20D6438CF6A490F.
221157 - Processing radiation damage...
221257 - Processing radiation damage...
221356 - Saving game.
221357 - Processing health regeneration...
221357 - Processing radiation damage...
221457 - Processing radiation damage...
221557 - Processing radiation damage...
221657 - Processing radiation damage...
221757 - Processing radiation damage...
221857 - Processing radiation damage...
221957 - Processing radiation damage...
222057 - Processing radiation damage...
222104 - Verifying ID 40F224674D479514D8E2642E3E50C395BA0EF34CFBAEBB4EF20D6438CF6A490F.
222104 - (Report -> Admins) Player Bob has funky data directory /data/user/0/com.apps.fast.counterforce. Probable emulator.
222105 - Updating Bob's location.
222110 - Updating Bob's location.
222157 - Processing radiation damage...
222257 - Processing radiation damage...
222357 - Processing radiation damage...
222457 - Processing radiation damage...
222500 - Testing charged for online missile site.
222557 - Processing radiation damage...
222628 - Bob charged for online missile site.
222657 - Processing radiation damage...
222708 - Test charged for online missile site.
222757 - Processing radiation damage...
222857 - Processing health regeneration...
222857 - Processing radiation damage...
222957 - Processing radiation damage...
223057 - Processing radiation damage...
223157 - Processing radiation damage...
223257 - Processing radiation damage...
223357 - Processing radiation damage...
223457 - Processing radiation damage...
223557 - Processing radiation damage...
223657 - Processing radiation damage...
223757 - Processing radiation damage...
223857 - Processing radiation damage...
223957 - Processing radiation damage...
224057 - Processing radiation damage...
224157 - Processing radiation damage...
224257 - Processing radiation damage...
224357 - Processing health regeneration...
224357 - Processing radiation damage...
224457 - Processing radiation damage...
224557 - Processing radiation damage...
224559 - Verifying ID 40F224674D479514D8E2642E3E50C395BA0EF34CFBAEBB4EF20D6438CF6A490F.
224657 - Processing radiation damage...
224757 - Processing radiation damage...
224857 - Processing radiation damage...
224957 - Processing radiation damage...
225057 - Processing radiation damage...
225109 - Verifying ID 40F224674D479514D8E2642E3E50C395BA0EF34CFBAEBB4EF20D6438CF6A490F.
225157 - Processing radiation damage...
225257 - Processing radiation damage...
225357 - Processing radiation damage...
225441 - Shutting down.
225441 - Saving game.
225441 - Stopping service tasks.
225457 - Processing radiation damage...
225516 - Shutting down.
225516 - Saving game.
225516 - Stopping service tasks.
225557 - Processing radiation damage...
225657 - Processing radiation damage...
225721 - Starting services...
225721 - ...Started.
225721 - Processing health regeneration...
225721 - Processing radiation damage...
225737 - Starting services...
225737 - ...Started.
225737 - Processing health regeneration...
225737 - Processing radiation damage...
225757 - Processing radiation damage...
230154 - Starting services...
230154 - ...Started.
230154 - Processing health regeneration...
230154 - Processing radiation damage...
230743 - Starting services...
230743 - ...Started.
230743 - Processing health regeneration...
230743 - Processing radiation damage...
231458 - Shutting down.
231458 - Saving game.
231458 - Stopping service tasks.
231521 - Shutting down.
231521 - Saving game.
231521 - Stopping service tasks.
231654 - Shutting down.
231654 - Saving game.
231654 - Stopping service tasks.
231712 - Shutting down.
231712 - Saving game.
231712 - Stopping service tasks.
232014 - Shutting down.
232014 - Saving game.
232014 - Stopping service tasks.
232026 - Shutting down.
232026 - Saving game.
232026 - Stopping service tasks.
232146 - Shutting down.
232146 - Saving game.
232146 - Stopping service tasks.
232206 - Shutting down.
232206 - Saving game.
232206 - Stopping service tasks.
232357 - Shutting down.
232357 - Saving game.
232357 - Stopping service tasks.
232839 - Shutting down.
232839 - Saving game.
232839 - Stopping service tasks.
232919 - Shutting down.
232919 - Saving game.
232919 - Stopping service tasks.
233016 - Shutting down.
233016 - Saving game.
233016 - Stopping service tasks.
233040 - Shutting down.
233040 - Saving game.
233040 - Stopping service tasks.
233234 - Shutting down.
233234 - Saving game.
233234 - Stopping service tasks.
233243 - Shutting down.
233243 - Saving game.
233243 - Stopping service tasks.
233650 - Shutting down.
233650 - Saving game.
233650 - Stopping service tasks.
233900 - Shutting down.
233900 - Saving game.
233900 - Stopping service tasks.
233916 - Shutting down.
233916 - Saving game.
233916 - Stopping service tasks.
235251 - Shutting down.
235251 - Saving game.
235252 - Stopping service tasks.
235300 - Shutting down.
235300 - Saving game.
235300 - Stopping service tasks.
235513 - Starting services...
235513 - ...Started.
235513 - Processing health regeneration...
235513 - Processing radiation damage...
235625 - Starting services...
235625 - ...Started.
235625 - Processing health regeneration...
235625 - Processing radiation damage...
