153905 - Loading config xml...
153905 - Loading game xml...
153905 - Loading missiles...
153905 - Loading interceptors...
153905 - Loading missile sites...
153905 - Loading SAM sites...
153905 - Loading sentry guns...
153905 - Loading ore mines...
153905 - Loading loots...
153905 - Loading radiations...
160236 - Loading config xml...
160236 - Loading game xml...
160236 - Loading missiles...
160236 - Loading interceptors...
160236 - Loading missile sites...
160236 - Loading SAM sites...
160236 - Loading sentry guns...
160236 - Loading ore mines...
160236 - Loading loots...
160236 - Loading radiations...
