141115 - (41.186924, -84.093887) @ 3.2m GPS - FIRST 0.0m 0.0kph
141116 - (41.186924, -84.093887) @ 3.2m GPS - PREV 0.0m NaNkph
141121 - (41.186924, -84.093887) @ 3.2m GPS - PREV 0.0m NaNkph
141135 - (41.186924, -84.093887) @ 3.2m GPS - PREV 0.0m NaNkph
141139 - (41.186924, -84.093887) @ 3.2m GPS - PREV 0.0m NaNkph
141144 - (41.186924, -84.093887) @ 3.2m GPS - PREV 0.0m NaNkph
141149 - (41.186924, -84.093887) @ 3.2m GPS - PREV 0.0m NaNkph
141155 - (41.186924, -84.093887) @ 3.2m GPS - PREV 0.0m NaNkph
141207 - (41.186924, -84.093887) @ 3.2m GPS - PREV 0.0m NaNkph
141212 - (41.186924, -84.093887) @ 3.2m GPS - PREV 0.0m NaNkph
141217 - (41.186932, -84.093895) @ 3.2m GPS - OK 0.0m 0.1kph
141222 - (41.186932, -84.093895) @ 3.2m GPS - PREV 0.0m NaNkph
141227 - (41.186932, -84.093895) @ 3.2m GPS - PREV 0.0m NaNkph
141232 - (41.186932, -84.093895) @ 3.2m GPS - PREV 0.0m NaNkph
141237 - (41.186932, -84.093895) @ 3.2m GPS - PREV 0.0m NaNkph
141242 - (41.186932, -84.093895) @ 3.2m GPS - PREV 0.0m NaNkph
141247 - (41.186932, -84.093895) @ 3.2m GPS - PREV 0.0m NaNkph
141252 - (41.186932, -84.093895) @ 3.2m GPS - PREV 0.0m NaNkph
141257 - (41.186932, -84.093895) @ 3.2m GPS - PREV 0.0m NaNkph
141302 - (41.186943, -84.093895) @ 3.2m GPS - OK 0.0m 0.1kph
141307 - (41.186943, -84.093895) @ 3.2m GPS - PREV 0.0m NaNkph
141312 - (41.186943, -84.093895) @ 3.2m GPS - PREV 0.0m NaNkph
141317 - (41.186943, -84.093895) @ 3.2m GPS - PREV 0.0m NaNkph
141322 - (41.186943, -84.093887) @ 3.2m GPS - OK 0.0m 0.1kph
141327 - (41.186943, -84.093887) @ 3.2m GPS - PREV 0.0m NaNkph
141332 - (41.186928, -84.093880) @ 3.2m GPS - OK 0.0m 0.5kph
141337 - (41.186928, -84.093864) @ 3.2m GPS - OK 0.0m 1.1kph
141342 - (41.186939, -84.093857) @ 3.2m GPS - OK 0.0m 1.3kph
141347 - (41.186951, -84.093857) @ 3.2m GPS - OK 0.0m 1.1kph
141352 - (41.186951, -84.093857) @ 3.2m GPS - PREV 0.0m NaNkph
141358 - (41.186951, -84.093857) @ 3.2m GPS - PREV 0.0m NaNkph
141402 - (41.186935, -84.093857) @ 9.6m GPS - OK 0.0m 0.4kph
141407 - (41.186920, -84.093857) @ 9.6m GPS - OK 0.0m 1.0kph
141412 - (41.186920, -84.093857) @ 9.6m GPS - PREV 0.0m NaNkph
141417 - (41.186939, -84.093864) @ 9.6m GPS - OK 0.0m 0.7kph
141422 - (41.186939, -84.093864) @ 9.6m GPS - PREV 0.0m NaNkph
141427 - (41.186954, -84.093864) @ 9.6m GPS - OK 0.0m 0.6kph
141432 - (41.186954, -84.093864) @ 9.6m GPS - PREV 0.0m NaNkph
141437 - (41.186954, -84.093864) @ 9.6m GPS - PREV 0.0m NaNkph
141442 - (41.186951, -84.093880) @ 9.6m GPS - OK 0.0m 0.4kph
141447 - (41.186951, -84.093880) @ 9.6m GPS - PREV 0.0m NaNkph
141452 - (41.186951, -84.093880) @ 9.6m GPS - PREV 0.0m NaNkph
141457 - (41.186951, -84.093880) @ 9.6m GPS - PREV 0.0m NaNkph
141502 - (41.186974, -84.093880) @ 20.0m Network - OK 0.0m 0.5kph
141507 - (41.186974, -84.093880) @ 20.0m Network - PREV 0.0m NaNkph
141512 - (41.186974, -84.093880) @ 20.0m Network - PREV 0.0m NaNkph
141517 - (41.186974, -84.093880) @ 20.0m Network - PREV 0.0m NaNkph
141522 - (41.186974, -84.093880) @ 20.0m Network - PREV 0.0m NaNkph
141527 - (41.186974, -84.093880) @ 20.0m Network - PREV 0.0m NaNkph
141532 - (41.186935, -84.093880) @ 9.6m GPS - OK 0.0m 0.5kph
141537 - (41.186924, -84.093887) @ 9.6m GPS - OK 0.0m 0.9kph
141542 - (41.186924, -84.093887) @ 9.6m GPS - PREV 0.0m NaNkph
141547 - (41.186924, -84.093887) @ 9.6m GPS - PREV 0.0m NaNkph
141552 - (41.186924, -84.093887) @ 9.6m GPS - PREV 0.0m NaNkph
141557 - (41.186924, -84.093887) @ 9.6m GPS - PREV 0.0m NaNkph
141602 - (41.186935, -84.093887) @ 9.6m GPS - OK 0.0m 0.2kph
141607 - (41.186935, -84.093887) @ 9.6m GPS - PREV 0.0m NaNkph
141612 - (41.186935, -84.093887) @ 9.6m GPS - PREV 0.0m NaNkph
141617 - (41.186935, -84.093887) @ 9.6m GPS - PREV 0.0m NaNkph
141622 - (41.186947, -84.093880) @ 9.6m GPS - OK 0.0m 0.3kph
141627 - (41.186939, -84.093880) @ 9.6m GPS - OK 0.0m 0.5kph
141632 - (41.186928, -84.093887) @ 9.6m GPS - OK 0.0m 1.3kph
141637 - (41.186920, -84.093887) @ 9.6m GPS - OK 0.0m 0.8kph
141642 - (41.186913, -84.093880) @ 9.6m GPS - OK 0.0m 0.5kph
141647 - (41.186913, -84.093880) @ 9.6m GPS - PREV 0.0m NaNkph
141652 - (41.186901, -84.093910) @ 9.6m GPS - OK 0.0m 1.0kph
141657 - (41.186920, -84.093918) @ 9.6m GPS - OK 0.0m 2.0kph
141702 - (41.186920, -84.093895) @ 9.6m GPS - OK 0.0m 1.1kph
141707 - (41.186893, -84.093887) @ 9.6m GPS - OK 0.0m 5.4kph
141712 - (41.186897, -84.093880) @ 9.6m GPS - OK 0.0m 0.3kph
141717 - (41.186920, -84.093887) @ 9.6m GPS - OK 0.0m 2.4kph
141722 - (41.186932, -84.093895) @ 9.6m GPS - OK 0.0m 1.3kph
141727 - (41.186943, -84.093903) @ 9.6m GPS - OK 0.0m 1.3kph
141732 - (41.186932, -84.093895) @ 9.6m GPS - OK 0.0m 1.3kph
141737 - (41.186932, -84.093895) @ 9.6m GPS - PREV 0.0m NaNkph
141742 - (41.186985, -84.093872) @ 20.0m Network - OK 0.0m 1.8kph
141747 - (41.186932, -84.093880) @ 9.6m GPS - OK 0.0m 4.1kph
141752 - (41.186916, -84.093880) @ 9.6m GPS - OK 0.0m 1.5kph
141757 - (41.186924, -84.093903) @ 9.6m GPS - OK 0.0m 1.9kph
141802 - (41.186924, -84.093903) @ 9.6m GPS - PREV 0.0m NaNkph
141807 - (41.186928, -84.093880) @ 9.6m GPS - OK 0.0m 0.6kph
141812 - (41.186943, -84.093880) @ 9.6m GPS - OK 0.0m 1.5kph
141817 - (41.186932, -84.093880) @ 9.6m GPS - OK 0.0m 1.1kph
141822 - (41.186932, -84.093880) @ 9.6m GPS - PREV 0.0m NaNkph
141827 - (41.186920, -84.093872) @ 9.6m GPS - OK 0.0m 0.4kph
141832 - (41.186920, -84.093872) @ 9.6m GPS - PREV 0.0m NaNkph
141837 - (41.186932, -84.093880) @ 9.6m GPS - OK 0.0m 0.6kph
141842 - (41.186924, -84.093857) @ 3.2m GPS - OK 0.0m 0.9kph
141847 - (41.186886, -84.093849) @ 3.2m GPS - OK 0.0m 3.9kph
141852 - (41.186909, -84.093864) @ 3.2m GPS - OK 0.0m 2.6kph
141857 - (41.186920, -84.093864) @ 3.2m GPS - OK 0.0m 1.1kph
141902 - (41.186916, -84.093849) @ 3.2m GPS - OK 0.0m 0.6kph
141907 - (41.186932, -84.093857) @ 3.2m GPS - OK 0.0m 1.6kph
141912 - (41.186974, -84.093872) @ 3.2m GPS - OK 0.0m 4.4kph
141917 - (41.186920, -84.093849) @ 3.2m GPS - OK 0.0m 3.7kph
141922 - (41.186890, -84.093842) @ 3.2m GPS - OK 0.0m 3.1kph
141927 - (41.186878, -84.093842) @ 3.2m GPS - OK 0.0m 1.1kph
141932 - (41.186852, -84.093834) @ 3.2m GPS - OK 0.0m 1.8kph
141937 - (41.186848, -84.093826) @ 3.2m GPS - OK 0.0m 0.7kph
141942 - (41.186893, -84.093834) @ 3.2m GPS - OK 0.0m 2.3kph
141947 - (41.186893, -84.093834) @ 3.2m GPS - PREV 0.0m NaNkph
141952 - (41.186916, -84.093849) @ 9.6m GPS - OK 0.0m 1.0kph
141957 - (41.186943, -84.093857) @ 9.6m GPS - OK 0.0m 2.7kph
142002 - (41.186943, -84.093857) @ 9.6m GPS - PREV 0.0m NaNkph
