000105 - Client connected, hash 7F0B58D5. Creating session.
000245 - Client connected, hash 7F728BE2. Creating session.
000250 - Client connected, hash 5C1E6807. Creating session.
000338 - Client connected, hash 219FA18B. Creating session.
000343 - Client connected, hash 04F7889D. Creating session.
000525 - Client connected, hash 6F313E7A. Creating session.
000530 - Client connected, hash 40C02DCB. Creating session.
000633 - Client connected, hash 1C0F4FA1. Creating session.
000638 - Client connected, hash 24049FDD. Creating session.
000700 - Client connected, hash 42A0A7C9. Creating session.
000706 - Client connected, hash 034F6423. Creating session.
001322 - Server socket established.
001324 - Client connected, hash 2B3D00EB. Creating session.
001326 - Client connected, hash 71A301F6. Creating session.
001329 - Client connected, hash 7E907E75. Creating session.
001331 - Client connected, hash 6A275943. Creating session.
001334 - Client connected, hash 5CC16C67. Creating session.
001337 - Client connected, hash 35846AB8. Creating session.
001339 - Client connected, hash 481AD9AB. Creating session.
001342 - Client connected, hash 18A76CAA. Creating session.
001344 - Client connected, hash 4FD2898D. Creating session.
001414 - Client connected, hash 5915FB65. Creating session.
001415 - Client connected, hash 47DCA66D. Creating session.
001419 - Client connected, hash 64BD5000. Creating session.
001420 - Client connected, hash 3FF833FB. Creating session.
001424 - Client connected, hash 49C029B2. Creating session.
001425 - Client connected, hash 6B8D1129. Creating session.
001429 - Client connected, hash 65BE7108. Creating session.
001430 - Client connected, hash 1B27F1AF. Creating session.
001443 - Client connected, hash 5362D6C0. Creating session.
002751 - Client connected, hash 506581DC. Creating session.
003032 - Client connected, hash 46C58CE9. Creating session.
003037 - Client connected, hash 62CBB717. Creating session.
003135 - Client connected, hash 275AB958. Creating session.
003140 - Client connected, hash 5B4DB70E. Creating session.
014449 - Client connected, hash 3105DA4A. Creating session.
015959 - Client connected, hash 0E49B072. Creating session.
021559 - Client connected, hash 7C2B489A. Creating session.
022948 - Client connected, hash 4AE875D6. Creating session.
024559 - Client connected, hash 55A0214B. Creating session.
025948 - Client connected, hash 16A9D1AD. Creating session.
031559 - Client connected, hash 30E0247A. Creating session.
032948 - Client connected, hash 39AFA175. Creating session.
034448 - Client connected, hash 6DD17572. Creating session.
035948 - Client connected, hash 35ADF5DC. Creating session.
041559 - Client connected, hash 045FD4E7. Creating session.
042949 - Client connected, hash 40BF6910. Creating session.
044559 - Client connected, hash 26A3EE90. Creating session.
050329 - Client connected, hash 7C7AEC8D. Creating session.
051448 - Client connected, hash 06F8F709. Creating session.
052948 - Client connected, hash 3D34E92F. Creating session.
054515 - Client connected, hash 045A5777. Creating session.
055948 - Client connected, hash 2FEFDDF5. Creating session.
061559 - Client connected, hash 6E6E27BE. Creating session.
063337 - Client connected, hash 7489D6CD. Creating session.
064559 - Client connected, hash 223ED6C4. Creating session.
065949 - Client connected, hash 736FA703. Creating session.
071642 - Client connected, hash 6CA32D07. Creating session.
072948 - Client connected, hash 56A6B1E0. Creating session.
074448 - Client connected, hash 02FAD506. Creating session.
080136 - Client connected, hash 0CA33DE5. Creating session.
081448 - Client connected, hash 799DE263. Creating session.
083446 - Client connected, hash 1A576501. Creating session.
084642 - Client connected, hash 4ED1D1A8. Creating session.
085948 - Client connected, hash 5B889182. Creating session.
091743 - Client connected, hash 4D10FE6A. Creating session.
092948 - Client connected, hash 6CCEF5A4. Creating session.
094743 - Client connected, hash 2CD23504. Creating session.
100136 - Client connected, hash 3349B59D. Creating session.
101746 - Client connected, hash 79E0EE30. Creating session.
103439 - Client connected, hash 6298477D. Creating session.
104746 - Client connected, hash 5F5F343F. Creating session.
120129 - Client connected, hash 21448714. Creating session.
120233 - Client connected, hash 5F2B6C62. Creating session.
120614 - Client connected, hash 7FA86B55. Creating session.
121344 - Client connected, hash 59F05653. Creating session.
122239 - Server socket established.
122239 - Client connected, hash 111FC534. Creating session.
122241 - Client connected, hash 3CD5913C. Creating session.
122243 - Client connected, hash 404A65D0. Creating session.
122246 - Client connected, hash 669506FD. Creating session.
122248 - Client connected, hash 31D86472. Creating session.
122250 - Client connected, hash 21145F04. Creating session.
122254 - Client connected, hash 3263DA13. Creating session.
122256 - Client connected, hash 7C0F904C. Creating session.
122258 - Client connected, hash 0E86804B. Creating session.
122300 - Client connected, hash 0DE902E0. Creating session.
122304 - Client connected, hash 2176F20C. Creating session.
122306 - Client connected, hash 217B8B9E. Creating session.
122308 - Client connected, hash 1B45C322. Creating session.
122310 - Client connected, hash 5EFE3CA8. Creating session.
122314 - Client connected, hash 488E43E9. Creating session.
122316 - Client connected, hash 35D4061D. Creating session.
122318 - Client connected, hash 00BD9F56. Creating session.
122320 - Client connected, hash 2F09E895. Creating session.
122322 - Client connected, hash 15227796. Creating session.
122327 - Client connected, hash 00D36FC1. Creating session.
122329 - Client connected, hash 6CF817A2. Creating session.
122331 - Client connected, hash 0CD507E8. Creating session.
122333 - Client connected, hash 0ACD4F23. Creating session.
122337 - Client connected, hash 117B84DC. Creating session.
122339 - Client connected, hash 3D12C456. Creating session.
122341 - Client connected, hash 19DC6E5B. Creating session.
122343 - Client connected, hash 79088E14. Creating session.
122347 - Client connected, hash 3498B88D. Creating session.
122349 - Client connected, hash 1F03EA3C. Creating session.
122351 - Client connected, hash 6557F131. Creating session.
122353 - Client connected, hash 5812BBA1. Creating session.
122355 - Client connected, hash 293F2CFE. Creating session.
122359 - Client connected, hash 296D61EF. Creating session.
122401 - Client connected, hash 73E9D38A. Creating session.
122403 - Client connected, hash 3E6BB1E5. Creating session.
122405 - Client connected, hash 6E63220A. Creating session.
122410 - Client connected, hash 2CC34430. Creating session.
122412 - Client connected, hash 110BB7A1. Creating session.
122416 - Client connected, hash 720CD8FC. Creating session.
122418 - Client connected, hash 0588D7C5. Creating session.
122422 - Client connected, hash 335CE180. Creating session.
122424 - Client connected, hash 7F26FEF5. Creating session.
122426 - Client connected, hash 6BF902D5. Creating session.
122428 - Client connected, hash 280CC690. Creating session.
122430 - Client connected, hash 7C0862F0. Creating session.
122434 - Client connected, hash 3491FAD2. Creating session.
122436 - Client connected, hash 17DDA93F. Creating session.
122438 - Client connected, hash 592BD512. Creating session.
122440 - Client connected, hash 668B3325. Creating session.
122444 - Client connected, hash 5DF7124C. Creating session.
122446 - Client connected, hash 2799DC9C. Creating session.
122448 - Client connected, hash 209D0E38. Creating session.
124848 - Server socket established.
124848 - Client connected, hash 55D6E598. Creating session.
124848 - Client connected, hash 26CA26F6. Creating session.
