093731 - It's a new hour!
093732 - Performing wealth generation...
093732 - Biscuit gets nothing.
093732 - Processing radiation damage...
093732 - Processing health regeneration...
093732 - Processing radiation damage...
093732 - Processing radiation damage...
093732 - Processing radiation damage...
093732 - Processing radiation damage...
093732 - Processing radiation damage...
093732 - Processing radiation damage...
093732 - Processing radiation damage...
093732 - Processing radiation damage...
093732 - Processing health regeneration...
093732 - Processing radiation damage...
093732 - Processing radiation damage...
093732 - Processing radiation damage...
093732 - Processing radiation damage...
093732 - Processing radiation damage...
093732 - Processing radiation damage...
093732 - Processing radiation damage...
093732 - Saving game.
093733 - Processing health regeneration...
093733 - Processing radiation damage...
093733 - Processing radiation damage...
093733 - Processing radiation damage...
093733 - Processing radiation damage...
093734 - Processing radiation damage...
093734 - Processing radiation damage...
093734 - Processing radiation damage...
093734 - Processing radiation damage...
093734 - Processing health regeneration...
093734 - Processing radiation damage...
093734 - Processing radiation damage...
093734 - Processing radiation damage...
093734 - Processing radiation damage...
093734 - Processing radiation damage...
093734 - Processing radiation damage...
093734 - Processing radiation damage...
093734 - Processing health regeneration...
093734 - Processing radiation damage...
093734 - Processing radiation damage...
093734 - Processing radiation damage...
093734 - Processing radiation damage...
093734 - Processing radiation damage...
093734 - Processing radiation damage...
093734 - Processing radiation damage...
093734 - Processing radiation damage...
093734 - Processing health regeneration...
093734 - Processing radiation damage...
093734 - Processing radiation damage...
093734 - Processing radiation damage...
093734 - Processing radiation damage...
093734 - Processing radiation damage...
093734 - Processing radiation damage...
093734 - Processing radiation damage...
093734 - Processing health regeneration...
093734 - Processing radiation damage...
093734 - Processing radiation damage...
093734 - Processing radiation damage...
093734 - Processing radiation damage...
093734 - Processing radiation damage...
093734 - Processing radiation damage...
093734 - Processing radiation damage...
093734 - Processing radiation damage...
093734 - Processing health regeneration...
093734 - Processing radiation damage...
093734 - Processing radiation damage...
093734 - Processing radiation damage...
093734 - Processing radiation damage...
093734 - Processing radiation damage...
093734 - Processing radiation damage...
093734 - Processing radiation damage...
093734 - Processing health regeneration...
093734 - Processing radiation damage...
093734 - Processing radiation damage...
093734 - Processing radiation damage...
093734 - Processing radiation damage...
093734 - Processing radiation damage...
093734 - Processing radiation damage...
093734 - Processing radiation damage...
093734 - Processing radiation damage...
093734 - Processing health regeneration...
093734 - Processing radiation damage...
093734 - Processing radiation damage...
093734 - Processing radiation damage...
093734 - Processing radiation damage...
093734 - Processing radiation damage...
093734 - Processing radiation damage...
093734 - Processing radiation damage...
093734 - Saving game.
093734 - Processing health regeneration...
093734 - Processing radiation damage...
093734 - Processing radiation damage...
093734 - Processing radiation damage...
093734 - Processing radiation damage...
093734 - Processing radiation damage...
093734 - Processing radiation damage...
093734 - Processing radiation damage...
093734 - Processing radiation damage...
093734 - Processing health regeneration...
093734 - Processing radiation damage...
093734 - Processing radiation damage...
093734 - Processing radiation damage...
093734 - Processing radiation damage...
093734 - Processing radiation damage...
093734 - Processing radiation damage...
093735 - Processing radiation damage...
093735 - Processing health regeneration...
093735 - Processing radiation damage...
093735 - Processing radiation damage...
093735 - Processing radiation damage...
093735 - Processing radiation damage...
093735 - Processing radiation damage...
093735 - Processing radiation damage...
093735 - Processing radiation damage...
093735 - Processing radiation damage...
093735 - Processing health regeneration...
093735 - Processing radiation damage...
093735 - Processing radiation damage...
093735 - Processing radiation damage...
093735 - Processing radiation damage...
093735 - Processing radiation damage...
093735 - Processing radiation damage...
093735 - Processing radiation damage...
093735 - Processing health regeneration...
093735 - Processing radiation damage...
093735 - Processing radiation damage...
093735 - Processing radiation damage...
093735 - Processing radiation damage...
093735 - Processing radiation damage...
093735 - Processing radiation damage...
093735 - Processing radiation damage...
093735 - Processing radiation damage...
093735 - Processing health regeneration...
093735 - Processing radiation damage...
093735 - Processing radiation damage...
093735 - Processing radiation damage...
093735 - Processing radiation damage...
093735 - Processing radiation damage...
093735 - Processing radiation damage...
093735 - Processing radiation damage...
093735 - Processing health regeneration...
093735 - Processing radiation damage...
093735 - Processing radiation damage...
093735 - Processing radiation damage...
093735 - Processing radiation damage...
093735 - Processing radiation damage...
093735 - Processing radiation damage...
093735 - Processing radiation damage...
093735 - Processing radiation damage...
093735 - Processing health regeneration...
093735 - Processing radiation damage...
093735 - Processing radiation damage...
093735 - Processing radiation damage...
093735 - Processing radiation damage...
093735 - Processing radiation damage...
093735 - Processing radiation damage...
093735 - Processing radiation damage...
093735 - Saving game.
093735 - Processing health regeneration...
093735 - Processing radiation damage...
093735 - Processing radiation damage...
093735 - Processing radiation damage...
093735 - Processing radiation damage...
093735 - Processing radiation damage...
093735 - Processing radiation damage...
093735 - Processing radiation damage...
093735 - Processing radiation damage...
093735 - Processing health regeneration...
093735 - Processing radiation damage...
093735 - Processing radiation damage...
093735 - Processing radiation damage...
093735 - Processing radiation damage...
093735 - Processing radiation damage...
093735 - Processing radiation damage...
093735 - Processing radiation damage...
093735 - Processing health regeneration...
093735 - Processing radiation damage...
093735 - Processing radiation damage...
093735 - Processing radiation damage...
093735 - Processing radiation damage...
093735 - Processing radiation damage...
093735 - Processing radiation damage...
093735 - Processing radiation damage...
093735 - Processing radiation damage...
093735 - Processing health regeneration...
093735 - Processing radiation damage...
093735 - Processing radiation damage...
093735 - Processing radiation damage...
093735 - Processing radiation damage...
093735 - Processing radiation damage...
093736 - Processing radiation damage...
093736 - Processing radiation damage...
093736 - Processing health regeneration...
093736 - Processing radiation damage...
093736 - Processing radiation damage...
093736 - Processing radiation damage...
093736 - Processing radiation damage...
093736 - Processing radiation damage...
093736 - Processing radiation damage...
093736 - Processing radiation damage...
093736 - Processing radiation damage...
093736 - Processing health regeneration...
093736 - Processing radiation damage...
093736 - Processing radiation damage...
093736 - Processing radiation damage...
093736 - Processing radiation damage...
093736 - Processing radiation damage...
093736 - Processing radiation damage...
093736 - Processing radiation damage...
093736 - Processing health regeneration...
093736 - Processing radiation damage...
093736 - Processing radiation damage...
093736 - Processing radiation damage...
093736 - Processing radiation damage...
093736 - Processing radiation damage...
093736 - Processing radiation damage...
093736 - Processing radiation damage...
093736 - Processing radiation damage...
093736 - Processing health regeneration...
093736 - Processing radiation damage...
093736 - Processing radiation damage...
093736 - Processing radiation damage...
093736 - Processing radiation damage...
093736 - Processing radiation damage...
093736 - Processing radiation damage...
093736 - Processing radiation damage...
093736 - Saving game.
093736 - Processing health regeneration...
093736 - Processing radiation damage...
093736 - Processing radiation damage...
093736 - Processing radiation damage...
093736 - Processing radiation damage...
093736 - Processing radiation damage...
093736 - Processing radiation damage...
093736 - Processing radiation damage...
093736 - Processing radiation damage...
093736 - Processing health regeneration...
093736 - Processing radiation damage...
093736 - Processing radiation damage...
093736 - Processing radiation damage...
093736 - Processing radiation damage...
093736 - Processing radiation damage...
093736 - Processing radiation damage...
093736 - Processing radiation damage...
093736 - Processing health regeneration...
093736 - Processing radiation damage...
093736 - Processing radiation damage...
093736 - Processing radiation damage...
093736 - Processing radiation damage...
093736 - Processing radiation damage...
093736 - Processing radiation damage...
093736 - Processing radiation damage...
093736 - Processing radiation damage...
093736 - Processing health regeneration...
093736 - Processing radiation damage...
093736 - Processing radiation damage...
093736 - Processing radiation damage...
093736 - Processing radiation damage...
093736 - Processing radiation damage...
093736 - Processing radiation damage...
093736 - Processing radiation damage...
093736 - Processing health regeneration...
093736 - Processing radiation damage...
093736 - Processing radiation damage...
093736 - Processing radiation damage...
093736 - Processing radiation damage...
093736 - Processing radiation damage...
093736 - Processing radiation damage...
093736 - Processing radiation damage...
093736 - Processing radiation damage...
093736 - Processing health regeneration...
093736 - Processing radiation damage...
093736 - Processing radiation damage...
093736 - Processing radiation damage...
093736 - Processing radiation damage...
093736 - Processing radiation damage...
093736 - Processing radiation damage...
093736 - Processing radiation damage...
093736 - Processing health regeneration...
093736 - Processing radiation damage...
093736 - Processing radiation damage...
093736 - Processing radiation damage...
093736 - Processing radiation damage...
093736 - Processing radiation damage...
093736 - Processing radiation damage...
093736 - Processing radiation damage...
093736 - Processing radiation damage...
093736 - Processing health regeneration...
093736 - Processing radiation damage...
093736 - Processing radiation damage...
093736 - Processing radiation damage...
093736 - Processing radiation damage...
093736 - Processing radiation damage...
093736 - Processing radiation damage...
093736 - Processing radiation damage...
093736 - Saving game.
093737 - Processing health regeneration...
093737 - Processing radiation damage...
093737 - Processing radiation damage...
093737 - Processing radiation damage...
093737 - Processing radiation damage...
093737 - Processing radiation damage...
093737 - Processing radiation damage...
093737 - Processing radiation damage...
093737 - Processing radiation damage...
093737 - Processing health regeneration...
093737 - Processing radiation damage...
093737 - Processing radiation damage...
093737 - Processing radiation damage...
093737 - Processing radiation damage...
093737 - Processing radiation damage...
093737 - Processing radiation damage...
093737 - Processing radiation damage...
093737 - Processing health regeneration...
093737 - Processing radiation damage...
093737 - Processing radiation damage...
093737 - Processing radiation damage...
093737 - Processing radiation damage...
093737 - Processing radiation damage...
093737 - Processing radiation damage...
093737 - Processing radiation damage...
093737 - Processing radiation damage...
093737 - Processing health regeneration...
093737 - Processing radiation damage...
093737 - Processing radiation damage...
093737 - Processing radiation damage...
093737 - Processing radiation damage...
093737 - Processing radiation damage...
093737 - Processing radiation damage...
093737 - Processing radiation damage...
093737 - Processing health regeneration...
093737 - Processing radiation damage...
093737 - Processing radiation damage...
093737 - Processing radiation damage...
093737 - Processing radiation damage...
093737 - Processing radiation damage...
093737 - Processing radiation damage...
093737 - Processing radiation damage...
093737 - Processing radiation damage...
093737 - Processing health regeneration...
093737 - Processing radiation damage...
093737 - Processing radiation damage...
093737 - Processing radiation damage...
093737 - Processing radiation damage...
093737 - Processing radiation damage...
093737 - Processing radiation damage...
093737 - Processing radiation damage...
093737 - Processing health regeneration...
093737 - Processing radiation damage...
093737 - Processing radiation damage...
093737 - Processing radiation damage...
093737 - Processing radiation damage...
093737 - Processing radiation damage...
093737 - Processing radiation damage...
093737 - Processing radiation damage...
093737 - Processing radiation damage...
093737 - Processing health regeneration...
093737 - Processing radiation damage...
093737 - Processing radiation damage...
093737 - Processing radiation damage...
093737 - Processing radiation damage...
093737 - Processing radiation damage...
093737 - Processing radiation damage...
093737 - Processing radiation damage...
093737 - Saving game.
093737 - Processing health regeneration...
093737 - Processing radiation damage...
093737 - Processing radiation damage...
093737 - Processing radiation damage...
093737 - Processing radiation damage...
093737 - Processing radiation damage...
093737 - Processing radiation damage...
093737 - Processing radiation damage...
093737 - Processing radiation damage...
093737 - Processing health regeneration...
093737 - Processing radiation damage...
093737 - Processing radiation damage...
093737 - Processing radiation damage...
093737 - Processing radiation damage...
093737 - Processing radiation damage...
093737 - Processing radiation damage...
093737 - Processing radiation damage...
093737 - Processing health regeneration...
093737 - Processing radiation damage...
093737 - Processing radiation damage...
093737 - Processing radiation damage...
093737 - Processing radiation damage...
093737 - Processing radiation damage...
093737 - Processing radiation damage...
093737 - Processing radiation damage...
093737 - Processing radiation damage...
093737 - Processing health regeneration...
093737 - Processing radiation damage...
093737 - Processing radiation damage...
093737 - Processing radiation damage...
093937 - Processing radiation damage...
094137 - Processing radiation damage...
094337 - Processing radiation damage...
094537 - Processing radiation damage...
094737 - Processing health regeneration...
094737 - Processing radiation damage...
094937 - Processing radiation damage...
095137 - Processing radiation damage...
095337 - Processing radiation damage...
095537 - Processing radiation damage...
095737 - Processing radiation damage...
095937 - Processing radiation damage...
100000 - It's a new hour!
100000 - Performing wealth generation...
100000 - Biscuit gets nothing.
100137 - Processing radiation damage...
100237 - Processing health regeneration...
100337 - Processing radiation damage...
100537 - Processing radiation damage...
100737 - Processing radiation damage...
100937 - Processing radiation damage...
101137 - Processing radiation damage...
101337 - Processing radiation damage...
101537 - Processing radiation damage...
101737 - Processing health regeneration...
101737 - Processing radiation damage...
101937 - Processing radiation damage...
102137 - Processing radiation damage...
102337 - Processing radiation damage...
102537 - Processing radiation damage...
102737 - Processing radiation damage...
102937 - Processing radiation damage...
103137 - Processing radiation damage...
103237 - Processing health regeneration...
103337 - Processing radiation damage...
103537 - Processing radiation damage...
103737 - Processing radiation damage...
103937 - Processing radiation damage...
104137 - Processing radiation damage...
104717 - Processing radiation damage...
104717 - Processing radiation damage...
104736 - Saving game.
104737 - Processing health regeneration...
104737 - Processing radiation damage...
104937 - Processing radiation damage...
105137 - Processing radiation damage...
105337 - Processing radiation damage...
105537 - Processing radiation damage...
105737 - Processing radiation damage...
105937 - Processing radiation damage...
110000 - It's a new hour!
110000 - Performing wealth generation...
110000 - Biscuit gets nothing.
110137 - Processing radiation damage...
110237 - Processing health regeneration...
110337 - Processing radiation damage...
110537 - Processing radiation damage...
110737 - Processing radiation damage...
110937 - Processing radiation damage...
111137 - Processing radiation damage...
111337 - Processing radiation damage...
111537 - Processing radiation damage...
111737 - Processing health regeneration...
111737 - Processing radiation damage...
185107 - It's a new hour!
185107 - Performing wealth generation...
185107 - Biscuit gets nothing.
185107 - Processing radiation damage...
185107 - Processing radiation damage...
185107 - Processing radiation damage...
185107 - Processing radiation damage...
185107 - Processing radiation damage...
185107 - Processing radiation damage...
185107 - Processing radiation damage...
185107 - Processing health regeneration...
185107 - Processing radiation damage...
185107 - Processing radiation damage...
185107 - Processing radiation damage...
185107 - Processing radiation damage...
185107 - Processing radiation damage...
185107 - Processing radiation damage...
185107 - Processing radiation damage...
185107 - Processing health regeneration...
185107 - Processing radiation damage...
185107 - Processing radiation damage...
185107 - Processing radiation damage...
185107 - Processing radiation damage...
185107 - Processing radiation damage...
185107 - Processing radiation damage...
185107 - Processing radiation damage...
185107 - Processing radiation damage...
185107 - Processing health regeneration...
185107 - Processing radiation damage...
185107 - Processing radiation damage...
185107 - Processing radiation damage...
185108 - Processing radiation damage...
185108 - Processing radiation damage...
185108 - Processing radiation damage...
185108 - Processing radiation damage...
185108 - Processing health regeneration...
185108 - Processing radiation damage...
185108 - Processing radiation damage...
185108 - Processing radiation damage...
185108 - Processing radiation damage...
185108 - Processing radiation damage...
185108 - Processing radiation damage...
185108 - Processing radiation damage...
185108 - Processing radiation damage...
185108 - Processing health regeneration...
185108 - Processing radiation damage...
185108 - Processing radiation damage...
185108 - Processing radiation damage...
185108 - Processing radiation damage...
185108 - Processing radiation damage...
185108 - Processing radiation damage...
185108 - Processing radiation damage...
185108 - Saving game.
185108 - Processing health regeneration...
185108 - Processing radiation damage...
185108 - Processing radiation damage...
185108 - Processing radiation damage...
185108 - Processing radiation damage...
185108 - Processing radiation damage...
185108 - Processing radiation damage...
185108 - Processing radiation damage...
185108 - Processing radiation damage...
185108 - Processing health regeneration...
185108 - Processing radiation damage...
185108 - Processing radiation damage...
185108 - Processing radiation damage...
185108 - Processing radiation damage...
185108 - Processing radiation damage...
185108 - Processing radiation damage...
185108 - Processing radiation damage...
185108 - Processing health regeneration...
185108 - Processing radiation damage...
185108 - Processing radiation damage...
185108 - Processing radiation damage...
185108 - Processing radiation damage...
185108 - Processing radiation damage...
185108 - Processing radiation damage...
185108 - Processing radiation damage...
185108 - Processing radiation damage...
185108 - Processing health regeneration...
185108 - Processing radiation damage...
185108 - Processing radiation damage...
185109 - Processing radiation damage...
185109 - Processing radiation damage...
185109 - Processing radiation damage...
185109 - Processing radiation damage...
185109 - Processing radiation damage...
185109 - Processing health regeneration...
185109 - Processing radiation damage...
185109 - Processing radiation damage...
185109 - Processing radiation damage...
185109 - Processing radiation damage...
185109 - Processing radiation damage...
185109 - Processing radiation damage...
185109 - Processing radiation damage...
185109 - Processing radiation damage...
185109 - Processing health regeneration...
185109 - Processing radiation damage...
185109 - Processing radiation damage...
185109 - Processing radiation damage...
185109 - Processing radiation damage...
185109 - Processing radiation damage...
185109 - Processing radiation damage...
185109 - Processing radiation damage...
185109 - Processing health regeneration...
185109 - Processing radiation damage...
185109 - Processing radiation damage...
185109 - Processing radiation damage...
185109 - Processing radiation damage...
185109 - Processing radiation damage...
185109 - Processing radiation damage...
185109 - Processing radiation damage...
185109 - Processing radiation damage...
185109 - Processing health regeneration...
185109 - Processing radiation damage...
185109 - Processing radiation damage...
185109 - Processing radiation damage...
185109 - Processing radiation damage...
185109 - Processing radiation damage...
185109 - Processing radiation damage...
185109 - Processing radiation damage...
185109 - Saving game.
185109 - Processing health regeneration...
185109 - Processing radiation damage...
185109 - Processing radiation damage...
185109 - Processing radiation damage...
185109 - Processing radiation damage...
185109 - Processing radiation damage...
185109 - Processing radiation damage...
185109 - Processing radiation damage...
185109 - Processing radiation damage...
185109 - Processing health regeneration...
185109 - Processing radiation damage...
185109 - Processing radiation damage...
185109 - Processing radiation damage...
185109 - Processing radiation damage...
185109 - Processing radiation damage...
185109 - Processing radiation damage...
185109 - Processing radiation damage...
185109 - Processing health regeneration...
185109 - Processing radiation damage...
185109 - Processing radiation damage...
185109 - Processing radiation damage...
185109 - Processing radiation damage...
185109 - Processing radiation damage...
185109 - Processing radiation damage...
185109 - Processing radiation damage...
185109 - Processing radiation damage...
185109 - Processing health regeneration...
185109 - Processing radiation damage...
185109 - Processing radiation damage...
185109 - Processing radiation damage...
185109 - Processing radiation damage...
185109 - Processing radiation damage...
185109 - Processing radiation damage...
185109 - Processing radiation damage...
185109 - Processing health regeneration...
185109 - Processing radiation damage...
185109 - Processing radiation damage...
185109 - Processing radiation damage...
185109 - Processing radiation damage...
185109 - Processing radiation damage...
185109 - Processing radiation damage...
185109 - Processing radiation damage...
185109 - Processing radiation damage...
185109 - Processing health regeneration...
185109 - Processing radiation damage...
185109 - Processing radiation damage...
185109 - Processing radiation damage...
185109 - Processing radiation damage...
185109 - Processing radiation damage...
185109 - Processing radiation damage...
185109 - Processing radiation damage...
185109 - Processing health regeneration...
185109 - Processing radiation damage...
185109 - Processing radiation damage...
185109 - Processing radiation damage...
185109 - Processing radiation damage...
185109 - Processing radiation damage...
185109 - Processing radiation damage...
185109 - Processing radiation damage...
185109 - Processing radiation damage...
185109 - Processing health regeneration...
185109 - Processing radiation damage...
185109 - Processing radiation damage...
185109 - Processing radiation damage...
185109 - Processing radiation damage...
185109 - Processing radiation damage...
185109 - Processing radiation damage...
185109 - Processing radiation damage...
185109 - Saving game.
185109 - Processing health regeneration...
185109 - Processing radiation damage...
185109 - Processing radiation damage...
185109 - Processing radiation damage...
185109 - Processing radiation damage...
185109 - Processing radiation damage...
185109 - Processing radiation damage...
185109 - Processing radiation damage...
185109 - Processing radiation damage...
185109 - Processing health regeneration...
185109 - Processing radiation damage...
185109 - Processing radiation damage...
185109 - Processing radiation damage...
185109 - Processing radiation damage...
185109 - Processing radiation damage...
185109 - Processing radiation damage...
185109 - Processing radiation damage...
185109 - Processing health regeneration...
185109 - Processing radiation damage...
185109 - Processing radiation damage...
185109 - Processing radiation damage...
185109 - Processing radiation damage...
185109 - Processing radiation damage...
185109 - Processing radiation damage...
185109 - Processing radiation damage...
185109 - Processing radiation damage...
185109 - Processing health regeneration...
185109 - Processing radiation damage...
185109 - Processing radiation damage...
185109 - Processing radiation damage...
185109 - Processing radiation damage...
185109 - Processing radiation damage...
185109 - Processing radiation damage...
185109 - Processing radiation damage...
185109 - Processing health regeneration...
185109 - Processing radiation damage...
185109 - Processing radiation damage...
185109 - Processing radiation damage...
185109 - Processing radiation damage...
185109 - Processing radiation damage...
185109 - Processing radiation damage...
185109 - Processing radiation damage...
185109 - Processing radiation damage...
185109 - Processing health regeneration...
185109 - Processing radiation damage...
185109 - Processing radiation damage...
185109 - Processing radiation damage...
185109 - Processing radiation damage...
185109 - Processing radiation damage...
185109 - Processing radiation damage...
185109 - Processing radiation damage...
185109 - Processing health regeneration...
185109 - Processing radiation damage...
185109 - Processing radiation damage...
185109 - Processing radiation damage...
185109 - Processing radiation damage...
185109 - Processing radiation damage...
185109 - Processing radiation damage...
185109 - Processing radiation damage...
185109 - Processing radiation damage...
185109 - Processing health regeneration...
185109 - Processing radiation damage...
185109 - Processing radiation damage...
185109 - Processing radiation damage...
185109 - Processing radiation damage...
185109 - Processing radiation damage...
185109 - Processing radiation damage...
185109 - Processing radiation damage...
185109 - Saving game.
185110 - Processing health regeneration...
185110 - Processing radiation damage...
185110 - Processing radiation damage...
185137 - Processing radiation damage...
185337 - Processing radiation damage...
185537 - Processing radiation damage...
185737 - Processing radiation damage...
185937 - Processing radiation damage...
190000 - It's a new hour!
190000 - Performing wealth generation...
190000 - Biscuit gets nothing.
190137 - Processing radiation damage...
190237 - Processing health regeneration...
190337 - Processing radiation damage...
190537 - Processing radiation damage...
190737 - Processing radiation damage...
190937 - Processing radiation damage...
191137 - Processing radiation damage...
191337 - Processing radiation damage...
191537 - Processing radiation damage...
191737 - Processing health regeneration...
191737 - Processing radiation damage...
191937 - Processing radiation damage...
192137 - Processing radiation damage...
192337 - Processing radiation damage...
192537 - Processing radiation damage...
200109 - It's a new hour!
200109 - Performing wealth generation...
200109 - Biscuit gets nothing.
200110 - It's a new day!
200110 - Processing end of day events...
200110 - Processing radiation damage...
200110 - Processing radiation damage...
200110 - Processing radiation damage...
200110 - Processing health regeneration...
200110 - Processing radiation damage...
200110 - Processing radiation damage...
200110 - Processing radiation damage...
200110 - Processing radiation damage...
200110 - Processing radiation damage...
200110 - Processing radiation damage...
200110 - Processing radiation damage...
200110 - Processing health regeneration...
200110 - Processing radiation damage...
200110 - Processing radiation damage...
200110 - Processing radiation damage...
200110 - Processing radiation damage...
200110 - Processing radiation damage...
200110 - Processing radiation damage...
200110 - Processing radiation damage...
200137 - Processing radiation damage...
200237 - Processing health regeneration...
200337 - Processing radiation damage...
200537 - Processing radiation damage...
200737 - Processing radiation damage...
200937 - Processing radiation damage...
201137 - Processing radiation damage...
201337 - Processing radiation damage...
201537 - Processing radiation damage...
201737 - Processing health regeneration...
201737 - Processing radiation damage...
201937 - Processing radiation damage...
202137 - Processing radiation damage...
202337 - Processing radiation damage...
202537 - Processing radiation damage...
202737 - Processing radiation damage...
202937 - Processing radiation damage...
203137 - Processing radiation damage...
203237 - Processing health regeneration...
203337 - Processing radiation damage...
203537 - Processing radiation damage...
203737 - Processing radiation damage...
203937 - Processing radiation damage...
204137 - Processing radiation damage...
204338 - Processing radiation damage...
204538 - Processing radiation damage...
204737 - Saving game.
204738 - Processing health regeneration...
204738 - Processing radiation damage...
204938 - Processing radiation damage...
205138 - Processing radiation damage...
205338 - Processing radiation damage...
205538 - Processing radiation damage...
205738 - Processing radiation damage...
205938 - Processing radiation damage...
210000 - It's a new hour!
210000 - Performing wealth generation...
210000 - Biscuit gets nothing.
210138 - Processing radiation damage...
210238 - Processing health regeneration...
210338 - Processing radiation damage...
210538 - Processing radiation damage...
210738 - Processing radiation damage...
210938 - Processing radiation damage...
211138 - Processing radiation damage...
211338 - Processing radiation damage...
211538 - Processing radiation damage...
211738 - Processing health regeneration...
211738 - Processing radiation damage...
211938 - Processing radiation damage...
212138 - Processing radiation damage...
212338 - Processing radiation damage...
212538 - Processing radiation damage...
212738 - Processing radiation damage...
212938 - Processing radiation damage...
213138 - Processing radiation damage...
213238 - Processing health regeneration...
213338 - Processing radiation damage...
213538 - Processing radiation damage...
213738 - Processing radiation damage...
213938 - Processing radiation damage...
214138 - Processing radiation damage...
214338 - Processing radiation damage...
214538 - Processing radiation damage...
214738 - Processing health regeneration...
214738 - Processing radiation damage...
214938 - Processing radiation damage...
215138 - Processing radiation damage...
215338 - Processing radiation damage...
215538 - Processing radiation damage...
215738 - Processing radiation damage...
215938 - Processing radiation damage...
220000 - It's a new hour!
220000 - Performing wealth generation...
220000 - Biscuit gets nothing.
220138 - Processing radiation damage...
220238 - Processing health regeneration...
220338 - Processing radiation damage...
220538 - Processing radiation damage...
220738 - Processing radiation damage...
220938 - Processing radiation damage...
221138 - Processing radiation damage...
221338 - Processing radiation damage...
221538 - Processing radiation damage...
221738 - Processing health regeneration...
221738 - Processing radiation damage...
221938 - Processing radiation damage...
222138 - Processing radiation damage...
235430 - It's a new hour!
235430 - Performing wealth generation...
235430 - Biscuit gets nothing.
235430 - Processing radiation damage...
235430 - Processing radiation damage...
235430 - Processing radiation damage...
235430 - Processing radiation damage...
235430 - Processing radiation damage...
235431 - Processing health regeneration...
235431 - Processing radiation damage...
235431 - Processing radiation damage...
235431 - Processing radiation damage...
235431 - Processing radiation damage...
235431 - Processing radiation damage...
235431 - Processing radiation damage...
235431 - Processing radiation damage...
235431 - Saving game.
235432 - Processing health regeneration...
235432 - Processing radiation damage...
235432 - Processing radiation damage...
235432 - Processing radiation damage...
235432 - Processing radiation damage...
235432 - Processing radiation damage...
235432 - Processing radiation damage...
235432 - Processing radiation damage...
235432 - Processing radiation damage...
235432 - Processing health regeneration...
235432 - Processing radiation damage...
235432 - Processing radiation damage...
235432 - Processing radiation damage...
235432 - Processing radiation damage...
235432 - Processing radiation damage...
235432 - Processing radiation damage...
235432 - Processing radiation damage...
235432 - Processing health regeneration...
235432 - Processing radiation damage...
235432 - Processing radiation damage...
235432 - Processing radiation damage...
235432 - Processing radiation damage...
235432 - Processing radiation damage...
235432 - Processing radiation damage...
235432 - Processing radiation damage...
235432 - Processing radiation damage...
235432 - Processing health regeneration...
235432 - Processing radiation damage...
235432 - Processing radiation damage...
235432 - Processing radiation damage...
235432 - Processing radiation damage...
235432 - Processing radiation damage...
235432 - Processing radiation damage...
235432 - Processing radiation damage...
235432 - Processing health regeneration...
235432 - Processing radiation damage...
235432 - Processing radiation damage...
235432 - Processing radiation damage...
235432 - Processing radiation damage...
