140716 - Server socket established.
140751 - Client connected, hash 159D4910. Creating session.
140820 - Client connected, hash 0F938299. Creating session.
141440 - Client connected, hash 7B7FBDEE. Creating session.
155054 - Client connected, hash 3F0037B9. Creating session.
160155 - Client connected, hash 73FB5E2A. Creating session.
161321 - Client connected, hash 606F8D86. Creating session.
163103 - Client connected, hash 6679CCA8. Creating session.
163754 - Client connected, hash 587A8221. Creating session.
220726 - Server socket established.
222049 - Server socket established.
222139 - Server socket established.
222401 - Client connected, hash 08CA815C. Creating session.
222401 - Client connected, hash 4FA1EB4F. Creating session.
222402 - Client connected, hash 6EDC4C6D. Creating session.
222402 - Client connected, hash 5A21CE58. Creating session.
222403 - Client connected, hash 1895457E. Creating session.
222404 - Client connected, hash 582E2EB0. Creating session.
222406 - Client connected, hash 541DBEFC. Creating session.
222435 - Client connected, hash 009AF929. Creating session.
223639 - Client connected, hash 3296F2F1. Creating session.
223656 - Client connected, hash 1BE411BD. Creating session.
230105 - Client connected, hash 2237B663. Creating session.
230814 - Client connected, hash 75B340BD. Creating session.
232106 - Client connected, hash 70B73580. Creating session.
233345 - Client connected, hash 4B65ABD2. Creating session.
233659 - Client connected, hash 54FE9873. Creating session.
