085507 - It's a new hour!
085507 - Performing wealth generation...
085507 - Biscuit gets nothing.
085507 - Processing radiation damage...
085507 - Processing radiation damage...
085507 - Processing radiation damage...
085507 - Processing radiation damage...
085507 - Processing health regeneration...
085507 - Processing radiation damage...
085507 - Processing radiation damage...
085507 - Processing radiation damage...
085507 - Processing radiation damage...
085507 - Processing radiation damage...
085507 - Processing radiation damage...
085507 - Processing radiation damage...
085507 - Processing health regeneration...
085507 - Processing radiation damage...
085507 - Processing radiation damage...
085507 - Processing radiation damage...
085508 - Processing radiation damage...
085508 - Processing radiation damage...
085508 - Processing radiation damage...
085508 - Processing radiation damage...
085508 - Processing radiation damage...
085508 - Processing health regeneration...
085508 - Processing radiation damage...
085508 - Processing radiation damage...
085508 - Processing radiation damage...
085508 - Processing radiation damage...
085508 - Processing radiation damage...
085508 - Processing radiation damage...
085508 - Processing radiation damage...
085508 - Saving game.
085509 - Processing health regeneration...
085509 - Processing radiation damage...
085509 - Processing radiation damage...
085509 - Processing radiation damage...
085509 - Processing radiation damage...
085509 - Processing radiation damage...
085509 - Processing radiation damage...
085509 - Processing radiation damage...
085509 - Processing radiation damage...
085509 - Processing health regeneration...
085509 - Processing radiation damage...
085509 - Processing radiation damage...
085509 - Processing radiation damage...
085509 - Processing radiation damage...
085509 - Processing radiation damage...
085509 - Processing radiation damage...
085509 - Processing radiation damage...
085509 - Processing health regeneration...
085509 - Processing radiation damage...
085509 - Processing radiation damage...
085509 - Processing radiation damage...
085509 - Processing radiation damage...
085509 - Processing radiation damage...
085509 - Processing radiation damage...
085509 - Processing radiation damage...
085509 - Processing radiation damage...
085509 - Processing health regeneration...
085509 - Processing radiation damage...
085509 - Processing radiation damage...
085509 - Processing radiation damage...
085509 - Processing radiation damage...
085509 - Processing radiation damage...
085509 - Processing radiation damage...
085509 - Processing radiation damage...
085509 - Processing health regeneration...
085509 - Processing radiation damage...
085509 - Processing radiation damage...
085509 - Processing radiation damage...
085509 - Processing radiation damage...
085509 - Processing radiation damage...
085509 - Processing radiation damage...
085509 - Processing radiation damage...
085509 - Processing radiation damage...
085509 - Processing health regeneration...
085509 - Processing radiation damage...
085509 - Processing radiation damage...
085509 - Processing radiation damage...
085509 - Processing radiation damage...
085509 - Processing radiation damage...
085509 - Processing radiation damage...
085509 - Processing radiation damage...
085509 - Processing health regeneration...
085509 - Processing radiation damage...
085509 - Processing radiation damage...
085509 - Processing radiation damage...
085509 - Processing radiation damage...
085509 - Processing radiation damage...
085510 - Processing radiation damage...
085510 - Processing radiation damage...
085510 - Processing radiation damage...
085510 - Processing health regeneration...
085510 - Processing radiation damage...
085510 - Processing radiation damage...
085510 - Processing radiation damage...
085510 - Processing radiation damage...
085510 - Processing radiation damage...
085510 - Processing radiation damage...
085510 - Processing radiation damage...
085510 - Saving game.
085510 - Processing health regeneration...
085510 - Processing radiation damage...
085510 - Processing radiation damage...
085510 - Processing radiation damage...
085510 - Processing radiation damage...
085510 - Processing radiation damage...
085510 - Processing radiation damage...
085510 - Processing radiation damage...
085510 - Processing radiation damage...
085510 - Processing health regeneration...
085510 - Processing radiation damage...
085510 - Processing radiation damage...
085510 - Processing radiation damage...
085510 - Processing radiation damage...
085510 - Processing radiation damage...
085510 - Processing radiation damage...
085510 - Processing radiation damage...
085510 - Processing health regeneration...
085510 - Processing radiation damage...
085510 - Processing radiation damage...
085510 - Processing radiation damage...
085510 - Processing radiation damage...
085510 - Processing radiation damage...
085510 - Processing radiation damage...
085510 - Processing radiation damage...
085510 - Processing radiation damage...
085510 - Processing health regeneration...
085510 - Processing radiation damage...
085510 - Processing radiation damage...
085510 - Processing radiation damage...
085510 - Processing radiation damage...
085510 - Processing radiation damage...
085510 - Processing radiation damage...
085510 - Processing radiation damage...
085510 - Processing health regeneration...
085510 - Processing radiation damage...
085510 - Processing radiation damage...
085510 - Processing radiation damage...
085510 - Processing radiation damage...
085510 - Processing radiation damage...
085510 - Processing radiation damage...
085510 - Processing radiation damage...
085510 - Processing radiation damage...
085510 - Processing health regeneration...
085510 - Processing radiation damage...
085510 - Processing radiation damage...
085510 - Processing radiation damage...
085510 - Processing radiation damage...
085510 - Processing radiation damage...
085510 - Processing radiation damage...
085510 - Processing radiation damage...
085510 - Processing health regeneration...
085510 - Processing radiation damage...
085510 - Processing radiation damage...
085510 - Processing radiation damage...
085510 - Processing radiation damage...
085510 - Processing radiation damage...
085510 - Processing radiation damage...
085510 - Processing radiation damage...
085510 - Processing radiation damage...
085510 - Processing health regeneration...
085510 - Processing radiation damage...
085510 - Processing radiation damage...
085510 - Processing radiation damage...
085510 - Processing radiation damage...
085510 - Processing radiation damage...
085510 - Processing radiation damage...
085510 - Processing radiation damage...
085510 - Saving game.
085510 - Processing health regeneration...
085510 - Processing radiation damage...
085510 - Processing radiation damage...
085510 - Processing radiation damage...
085510 - Processing radiation damage...
085510 - Processing radiation damage...
085510 - Processing radiation damage...
085510 - Processing radiation damage...
085510 - Processing radiation damage...
085510 - Processing health regeneration...
085510 - Processing radiation damage...
085510 - Processing radiation damage...
085510 - Processing radiation damage...
085510 - Processing radiation damage...
085510 - Processing radiation damage...
085510 - Processing radiation damage...
085510 - Processing radiation damage...
085510 - Processing health regeneration...
085510 - Processing radiation damage...
085510 - Processing radiation damage...
085510 - Processing radiation damage...
085510 - Processing radiation damage...
085510 - Processing radiation damage...
085510 - Processing radiation damage...
085510 - Processing radiation damage...
085510 - Processing radiation damage...
085510 - Processing health regeneration...
085510 - Processing radiation damage...
085510 - Processing radiation damage...
085510 - Processing radiation damage...
085510 - Processing radiation damage...
085510 - Processing radiation damage...
085510 - Processing radiation damage...
085510 - Processing radiation damage...
085510 - Processing health regeneration...
085510 - Processing radiation damage...
085510 - Processing radiation damage...
085510 - Processing radiation damage...
085510 - Processing radiation damage...
085510 - Processing radiation damage...
085510 - Processing radiation damage...
085510 - Processing radiation damage...
085510 - Processing radiation damage...
085510 - Processing health regeneration...
085510 - Processing radiation damage...
085510 - Processing radiation damage...
085510 - Processing radiation damage...
085510 - Processing radiation damage...
085510 - Processing radiation damage...
085510 - Processing radiation damage...
085510 - Processing radiation damage...
085510 - Processing health regeneration...
085510 - Processing radiation damage...
085510 - Processing radiation damage...
085510 - Processing radiation damage...
085510 - Processing radiation damage...
085510 - Processing radiation damage...
085510 - Processing radiation damage...
085510 - Processing radiation damage...
085510 - Processing radiation damage...
085510 - Processing health regeneration...
085510 - Processing radiation damage...
085510 - Processing radiation damage...
085510 - Processing radiation damage...
085510 - Processing radiation damage...
085510 - Processing radiation damage...
085510 - Processing radiation damage...
085510 - Processing radiation damage...
085510 - Saving game.
085510 - Processing health regeneration...
085510 - Processing radiation damage...
085510 - Biscuit's respawn protection time expired.
085511 - Processing radiation damage...
085511 - Processing radiation damage...
085511 - Processing radiation damage...
085511 - Processing radiation damage...
085511 - Processing radiation damage...
085511 - Processing radiation damage...
085511 - Processing radiation damage...
085511 - Processing health regeneration...
085511 - Processing radiation damage...
085511 - Processing radiation damage...
085511 - Processing radiation damage...
085511 - Processing radiation damage...
085511 - Processing radiation damage...
085511 - Processing radiation damage...
085511 - Processing radiation damage...
085511 - Processing health regeneration...
085511 - Processing radiation damage...
085511 - Processing radiation damage...
085511 - Processing radiation damage...
085511 - Processing radiation damage...
085511 - Processing radiation damage...
085511 - Processing radiation damage...
085511 - Processing radiation damage...
085511 - Processing radiation damage...
085511 - Processing health regeneration...
085511 - Processing radiation damage...
085511 - Processing radiation damage...
085511 - Processing radiation damage...
085511 - Processing radiation damage...
085511 - Processing radiation damage...
085511 - Processing radiation damage...
085511 - Processing radiation damage...
085511 - Processing health regeneration...
085511 - Processing radiation damage...
085511 - Processing radiation damage...
085511 - Processing radiation damage...
085511 - Processing radiation damage...
085511 - Processing radiation damage...
085511 - Processing radiation damage...
085511 - Processing radiation damage...
085511 - Processing radiation damage...
085511 - Processing health regeneration...
085511 - Processing radiation damage...
085511 - Processing radiation damage...
085511 - Processing radiation damage...
085511 - Processing radiation damage...
085511 - Processing radiation damage...
085511 - Processing radiation damage...
085511 - Processing radiation damage...
085511 - Processing health regeneration...
085511 - Processing radiation damage...
085511 - Processing radiation damage...
085511 - Processing radiation damage...
085511 - Processing radiation damage...
085511 - Processing radiation damage...
085511 - Processing radiation damage...
085511 - Processing radiation damage...
085511 - Processing radiation damage...
085511 - Processing health regeneration...
085511 - Processing radiation damage...
085511 - Processing radiation damage...
085511 - Processing radiation damage...
085511 - Processing radiation damage...
085511 - Processing radiation damage...
085511 - Processing radiation damage...
085511 - Processing radiation damage...
085511 - Saving game.
085511 - Processing health regeneration...
085511 - Processing radiation damage...
085511 - Processing radiation damage...
085511 - Processing radiation damage...
085511 - Processing radiation damage...
085538 - Processing radiation damage...
085738 - Processing radiation damage...
085938 - Processing radiation damage...
090000 - It's a new hour!
090000 - Performing wealth generation...
090000 - Biscuit gets nothing.
090138 - Processing radiation damage...
090238 - Processing health regeneration...
090338 - Processing radiation damage...
090538 - Processing radiation damage...
090738 - Processing radiation damage...
090938 - Processing radiation damage...
091138 - Processing radiation damage...
091338 - Processing radiation damage...
091538 - Processing radiation damage...
091738 - Processing health regeneration...
091738 - Processing radiation damage...
091938 - Processing radiation damage...
092138 - Processing radiation damage...
092338 - Processing radiation damage...
092538 - Processing radiation damage...
092738 - Processing radiation damage...
092938 - Processing radiation damage...
093138 - Processing radiation damage...
093238 - Processing health regeneration...
093338 - Processing radiation damage...
093538 - Processing radiation damage...
093738 - Processing radiation damage...
093938 - Processing radiation damage...
094138 - Processing radiation damage...
094338 - Processing radiation damage...
094538 - Processing radiation damage...
094738 - Processing health regeneration...
094738 - Processing radiation damage...
094938 - Processing radiation damage...
095138 - Processing radiation damage...
095338 - Processing radiation damage...
095538 - Processing radiation damage...
095738 - Processing radiation damage...
100800 - It's a new hour!
100800 - Performing wealth generation...
100800 - Biscuit gets nothing.
100800 - Processing radiation damage...
100800 - Processing radiation damage...
100800 - Processing health regeneration...
100800 - Processing radiation damage...
100800 - Processing radiation damage...
100800 - Processing radiation damage...
100938 - Processing radiation damage...
101138 - Processing radiation damage...
101338 - Processing radiation damage...
101538 - Processing radiation damage...
101738 - Processing health regeneration...
101738 - Processing radiation damage...
101938 - Processing radiation damage...
102138 - Processing radiation damage...
102338 - Processing radiation damage...
102538 - Processing radiation damage...
102738 - Processing radiation damage...
102938 - Processing radiation damage...
103138 - Processing radiation damage...
103238 - Processing health regeneration...
103338 - Processing radiation damage...
103538 - Processing radiation damage...
103738 - Processing radiation damage...
103938 - Processing radiation damage...
104138 - Processing radiation damage...
104338 - Processing radiation damage...
104538 - Processing radiation damage...
104737 - Saving game.
104738 - Processing health regeneration...
104738 - Processing radiation damage...
104938 - Processing radiation damage...
105138 - Processing radiation damage...
105338 - Processing radiation damage...
105538 - Processing radiation damage...
105738 - Processing radiation damage...
105938 - Processing radiation damage...
110000 - It's a new hour!
110000 - Performing wealth generation...
110000 - Biscuit gets nothing.
110138 - Processing radiation damage...
110238 - Processing health regeneration...
110338 - Processing radiation damage...
110538 - Processing radiation damage...
110738 - Processing radiation damage...
110938 - Processing radiation damage...
111138 - Processing radiation damage...
111338 - Processing radiation damage...
111538 - Processing radiation damage...
111738 - Processing health regeneration...
111738 - Processing radiation damage...
111938 - Processing radiation damage...
112138 - Processing radiation damage...
112338 - Processing radiation damage...
112538 - Processing radiation damage...
112738 - Processing radiation damage...
112938 - Processing radiation damage...
113138 - Processing radiation damage...
113238 - Processing health regeneration...
113338 - Processing radiation damage...
113538 - Processing radiation damage...
113738 - Processing radiation damage...
113938 - Processing radiation damage...
114138 - Processing radiation damage...
114338 - Processing radiation damage...
114538 - Processing radiation damage...
114738 - Processing health regeneration...
114738 - Processing radiation damage...
155524 - It's a new hour!
155524 - Performing wealth generation...
155524 - Biscuit gets nothing.
155524 - Processing radiation damage...
155524 - Processing radiation damage...
155525 - Processing radiation damage...
155525 - Processing radiation damage...
155525 - Processing radiation damage...
155525 - Processing radiation damage...
155525 - Processing radiation damage...
155525 - Processing health regeneration...
155525 - Processing radiation damage...
155525 - Processing radiation damage...
155525 - Processing radiation damage...
155525 - Processing radiation damage...
155525 - Processing radiation damage...
155525 - Processing radiation damage...
155525 - Processing radiation damage...
155525 - Processing health regeneration...
155525 - Processing radiation damage...
155525 - Processing radiation damage...
155525 - Processing radiation damage...
155525 - Processing radiation damage...
155525 - Processing radiation damage...
155525 - Processing radiation damage...
155525 - Processing radiation damage...
155525 - Processing radiation damage...
155525 - Processing health regeneration...
155525 - Processing radiation damage...
155526 - Processing radiation damage...
155526 - Processing radiation damage...
155526 - Processing radiation damage...
155526 - Processing radiation damage...
155526 - Processing radiation damage...
155526 - Processing radiation damage...
155526 - Saving game.
155526 - Processing health regeneration...
155526 - Processing radiation damage...
155526 - Processing radiation damage...
155526 - Processing radiation damage...
155526 - Processing radiation damage...
155526 - Processing radiation damage...
155526 - Processing radiation damage...
155526 - Processing radiation damage...
155526 - Processing radiation damage...
155526 - Processing health regeneration...
155526 - Processing radiation damage...
155526 - Processing radiation damage...
155526 - Processing radiation damage...
155526 - Processing radiation damage...
155526 - Processing radiation damage...
155526 - Processing radiation damage...
155526 - Processing radiation damage...
155526 - Processing health regeneration...
155526 - Processing radiation damage...
155526 - Processing radiation damage...
155526 - Processing radiation damage...
155526 - Processing radiation damage...
155526 - Processing radiation damage...
155526 - Processing radiation damage...
155526 - Processing radiation damage...
155526 - Processing radiation damage...
155526 - Processing health regeneration...
155526 - Processing radiation damage...
155526 - Processing radiation damage...
155526 - Processing radiation damage...
155526 - Processing radiation damage...
155526 - Processing radiation damage...
155526 - Processing radiation damage...
155526 - Processing radiation damage...
155526 - Processing health regeneration...
155526 - Processing radiation damage...
155526 - Processing radiation damage...
155526 - Processing radiation damage...
155526 - Processing radiation damage...
155526 - Processing radiation damage...
155527 - Processing radiation damage...
155527 - Processing radiation damage...
155527 - Processing radiation damage...
155527 - Processing health regeneration...
155527 - Processing radiation damage...
155527 - Processing radiation damage...
155527 - Processing radiation damage...
155527 - Processing radiation damage...
155527 - Processing radiation damage...
155527 - Processing radiation damage...
155527 - Processing radiation damage...
155527 - Processing health regeneration...
155527 - Processing radiation damage...
155527 - Processing radiation damage...
155527 - Processing radiation damage...
155527 - Processing radiation damage...
155527 - Processing radiation damage...
155527 - Processing radiation damage...
155527 - Processing radiation damage...
155527 - Processing radiation damage...
155527 - Processing health regeneration...
155527 - Processing radiation damage...
155527 - Processing radiation damage...
155527 - Processing radiation damage...
155527 - Processing radiation damage...
155527 - Processing radiation damage...
155527 - Processing radiation damage...
155527 - Processing radiation damage...
155527 - Saving game.
155527 - Processing health regeneration...
155527 - Processing radiation damage...
155527 - Processing radiation damage...
155527 - Processing radiation damage...
155527 - Processing radiation damage...
155527 - Processing radiation damage...
155527 - Processing radiation damage...
155527 - Processing radiation damage...
155527 - Processing radiation damage...
155527 - Processing health regeneration...
155527 - Processing radiation damage...
155527 - Processing radiation damage...
155527 - Processing radiation damage...
155527 - Processing radiation damage...
155527 - Processing radiation damage...
155527 - Processing radiation damage...
155527 - Processing radiation damage...
155527 - Processing health regeneration...
155527 - Processing radiation damage...
155527 - Processing radiation damage...
155527 - Processing radiation damage...
155527 - Processing radiation damage...
155527 - Processing radiation damage...
155527 - Processing radiation damage...
155527 - Processing radiation damage...
155527 - Processing radiation damage...
155527 - Processing health regeneration...
155527 - Processing radiation damage...
155527 - Processing radiation damage...
155527 - Processing radiation damage...
155527 - Processing radiation damage...
155527 - Processing radiation damage...
155527 - Processing radiation damage...
155527 - Processing radiation damage...
155527 - Processing health regeneration...
155527 - Processing radiation damage...
155527 - Processing radiation damage...
155527 - Processing radiation damage...
155527 - Processing radiation damage...
155538 - Processing radiation damage...
155738 - Processing radiation damage...
155938 - Processing radiation damage...
160000 - It's a new hour!
160000 - Performing wealth generation...
160000 - Biscuit gets nothing.
160138 - Processing radiation damage...
160238 - Processing health regeneration...
160338 - Processing radiation damage...
160538 - Processing radiation damage...
160738 - Processing radiation damage...
160938 - Processing radiation damage...
161138 - Processing radiation damage...
161700 - Processing radiation damage...
161701 - Processing radiation damage...
161732 - Processing health regeneration...
161732 - Processing radiation damage...
174055 - It's a new hour!
174056 - Performing wealth generation...
174056 - Biscuit gets nothing.
174056 - Processing radiation damage...
174056 - Processing radiation damage...
174056 - Processing radiation damage...
174056 - Processing radiation damage...
174056 - Processing radiation damage...
174056 - Processing radiation damage...
174056 - Processing radiation damage...
174056 - Processing health regeneration...
174056 - Processing radiation damage...
174056 - Processing radiation damage...
174056 - Processing radiation damage...
174056 - Processing radiation damage...
174056 - Processing radiation damage...
174056 - Processing radiation damage...
174056 - Processing radiation damage...
174056 - Saving game.
174057 - Processing health regeneration...
174057 - Processing radiation damage...
174057 - Processing radiation damage...
174057 - Processing radiation damage...
174057 - Processing radiation damage...
174057 - Processing radiation damage...
174057 - Processing radiation damage...
174057 - Processing radiation damage...
174057 - Processing radiation damage...
174057 - Processing health regeneration...
174057 - Processing radiation damage...
174057 - Processing radiation damage...
174057 - Processing radiation damage...
174057 - Processing radiation damage...
174057 - Processing radiation damage...
174058 - Processing radiation damage...
174058 - Processing radiation damage...
174058 - Processing health regeneration...
174058 - Processing radiation damage...
174058 - Processing radiation damage...
174058 - Processing radiation damage...
174058 - Processing radiation damage...
174058 - Processing radiation damage...
174058 - Processing radiation damage...
174058 - Processing radiation damage...
174058 - Processing radiation damage...
174058 - Processing health regeneration...
174058 - Processing radiation damage...
174058 - Processing radiation damage...
174058 - Processing radiation damage...
174058 - Processing radiation damage...
174132 - Processing radiation damage...
174332 - Processing radiation damage...
174532 - Processing radiation damage...
174837 - Starting services...
174837 - ...Started.
174837 - Processing health regeneration...
174837 - Processing radiation damage...
175203 - Starting services...
175203 - ...Started.
175203 - Processing health regeneration...
175203 - Processing radiation damage...
175403 - Processing radiation damage...
175603 - Processing radiation damage...
175803 - Processing radiation damage...
202937 - It's a new hour!
202937 - Performing wealth generation...
202938 - Biscuit gets nothing.
202938 - It's a new day!
202938 - Processing end of day events...
202938 - Processing radiation damage...
202938 - Processing radiation damage...
202938 - Processing radiation damage...
202938 - Processing radiation damage...
202938 - Processing health regeneration...
202939 - Processing radiation damage...
202939 - Processing radiation damage...
202939 - Processing radiation damage...
202939 - Processing radiation damage...
202939 - Processing radiation damage...
202939 - Processing radiation damage...
202939 - Processing radiation damage...
202939 - Processing health regeneration...
202939 - Processing radiation damage...
202939 - Processing radiation damage...
202939 - Processing radiation damage...
202939 - Processing radiation damage...
202939 - Processing radiation damage...
202939 - Processing radiation damage...
202939 - Processing radiation damage...
202939 - Processing radiation damage...
202939 - Processing health regeneration...
202939 - Processing radiation damage...
202939 - Processing radiation damage...
202939 - Processing radiation damage...
202939 - Processing radiation damage...
202939 - Processing radiation damage...
202939 - Processing radiation damage...
202939 - Processing radiation damage...
202939 - Processing health regeneration...
202939 - Processing radiation damage...
202939 - Processing radiation damage...
202939 - Processing radiation damage...
202939 - Processing radiation damage...
202939 - Processing radiation damage...
202939 - Processing radiation damage...
202939 - Processing radiation damage...
202939 - Processing radiation damage...
202939 - Processing health regeneration...
202939 - Processing radiation damage...
202939 - Processing radiation damage...
202939 - Processing radiation damage...
202939 - Processing radiation damage...
202939 - Processing radiation damage...
202939 - Processing radiation damage...
202939 - Processing radiation damage...
202939 - Processing health regeneration...
202939 - Processing radiation damage...
202939 - Processing radiation damage...
202939 - Processing radiation damage...
202939 - Processing radiation damage...
202939 - Processing radiation damage...
202939 - Processing radiation damage...
202939 - Processing radiation damage...
202939 - Processing radiation damage...
202939 - Processing health regeneration...
202939 - Processing radiation damage...
202939 - Processing radiation damage...
202940 - Processing radiation damage...
202940 - Processing radiation damage...
202940 - Processing radiation damage...
202940 - Processing radiation damage...
202940 - Processing radiation damage...
202940 - Saving game.
202940 - Processing health regeneration...
202940 - Processing radiation damage...
202940 - Processing radiation damage...
202940 - Processing radiation damage...
202941 - Processing radiation damage...
202941 - Processing radiation damage...
202941 - Processing radiation damage...
202941 - Processing radiation damage...
202941 - Processing radiation damage...
202941 - Processing health regeneration...
202941 - Processing radiation damage...
202941 - Processing radiation damage...
202941 - Processing radiation damage...
202941 - Processing radiation damage...
202942 - Processing radiation damage...
202942 - Processing radiation damage...
202942 - Processing radiation damage...
202942 - Processing health regeneration...
202942 - Processing radiation damage...
202942 - Processing radiation damage...
202942 - Processing radiation damage...
202942 - Processing radiation damage...
203003 - Processing radiation damage...
203203 - Processing radiation damage...
203403 - Processing radiation damage...
203603 - Processing radiation damage...
203703 - Processing health regeneration...
204524 - Starting services...
204524 - ...Started.
204524 - Processing health regeneration...
204524 - Processing radiation damage...
204724 - Processing radiation damage...
204924 - Processing radiation damage...
205009 - Verifying ID ED62A20B4409CEFE747BB41B9E69E972349FE7C64DF4CD311335B41264C5A31F.
205012 - Checking availability of Test...
205012 - It's available.
205012 - Verifying ID ED62A20B4409CEFE747BB41B9E69E972349FE7C64DF4CD311335B41264C5A31F.
205012 - Checking availability of Test...
205012 - It's available.
205012 - Verifying ID ED62A20B4409CEFE747BB41B9E69E972349FE7C64DF4CD311335B41264C5A31F.
205012 - Creating a player.
205012 - (Event) Give a warm, explosive welcome to Test, who has joined the Game!
205012 - (Report) Give a warm, explosive welcome to Test, who has joined the Game!
205012 - Verifying ID ED62A20B4409CEFE747BB41B9E69E972349FE7C64DF4CD311335B41264C5A31F.
205012 - (Report -> Admins) Player Test has funky data directory /data/user/0/com.apps.fast.counterforce. Probable emulator.
205013 - Test's respawn protection time expired.
205018 - Updating Test's location.
205018 - Performed multiaccounting check for Test
205023 - Updating Test's location.
205023 - Test is attempting to respawn...
205023 - (Event) Test respawned.
205028 - Updating Test's location.
205033 - Updating Test's location.
205038 - Updating Test's location.
205043 - Updating Test's location.
205048 - Updating Test's location.
205053 - Updating Test's location.
205058 - Updating Test's location.
205103 - Updating Test's location.
205108 - Updating Test's location.
205113 - Updating Test's location.
205118 - Updating Test's location.
205123 - Updating Test's location.
205124 - Processing radiation damage...
205128 - Updating Test's location.
205133 - Updating Test's location.
205138 - Updating Test's location.
205143 - Updating Test's location.
205148 - Updating Test's location.
205153 - Updating Test's location.
205158 - Updating Test's location.
205203 - Updating Test's location.
205208 - Updating Test's location.
205213 - Updating Test's location.
205218 - Updating Test's location.
205223 - Updating Test's location.
205228 - Updating Test's location.
205233 - Updating Test's location.
205238 - Updating Test's location.
205243 - Updating Test's location.
205248 - Updating Test's location.
205253 - Updating Test's location.
205258 - Updating Test's location.
205303 - Updating Test's location.
205324 - Processing radiation damage...
205524 - Processing radiation damage...
205724 - Processing radiation damage...
205924 - Processing radiation damage...
210000 - It's a new hour!
210000 - Performing wealth generation...
210000 - Biscuit gets nothing.
210000 - Test gets nothing.
210024 - Processing health regeneration...
210124 - Processing radiation damage...
210324 - Processing radiation damage...
210524 - Processing radiation damage...
210724 - Processing radiation damage...
210924 - Processing radiation damage...
211124 - Processing radiation damage...
211146 - Verifying ID ED62A20B4409CEFE747BB41B9E69E972349FE7C64DF4CD311335B41264C5A31F.
211158 - Verifying ID ED62A20B4409CEFE747BB41B9E69E972349FE7C64DF4CD311335B41264C5A31F.
211159 - (Report -> Admins) Player Test has funky data directory /data/user/0/com.apps.fast.counterforce. Probable emulator.
211159 - Updating Test's location.
211200 - Verifying ID ED62A20B4409CEFE747BB41B9E69E972349FE7C64DF4CD311335B41264C5A31F.
211324 - Processing radiation damage...
211524 - Processing health regeneration...
211524 - Processing radiation damage...
211724 - Processing radiation damage...
211924 - Processing radiation damage...
212124 - Processing radiation damage...
212324 - Processing radiation damage...
212524 - Processing radiation damage...
212724 - Processing radiation damage...
212924 - Processing radiation damage...
213024 - Processing health regeneration...
213124 - Processing radiation damage...
213324 - Processing radiation damage...
213524 - Processing radiation damage...
213724 - Processing radiation damage...
213924 - Processing radiation damage...
214124 - Processing radiation damage...
214324 - Processing radiation damage...
214524 - Processing health regeneration...
214524 - Processing radiation damage...
234430 - It's a new hour!
234430 - Performing wealth generation...
234430 - Biscuit gets nothing.
234430 - Test gets nothing.
234430 - Processing radiation damage...
234430 - Processing radiation damage...
234430 - Processing radiation damage...
234430 - Processing radiation damage...
234430 - Processing radiation damage...
234430 - Processing radiation damage...
234430 - Processing radiation damage...
234430 - Processing health regeneration...
234430 - Processing radiation damage...
234430 - Processing radiation damage...
234430 - Processing radiation damage...
234430 - Processing radiation damage...
234430 - Processing radiation damage...
234430 - Processing radiation damage...
234430 - Processing radiation damage...
234430 - Processing health regeneration...
234430 - Processing radiation damage...
234430 - Processing radiation damage...
234430 - Processing radiation damage...
234430 - Processing radiation damage...
234430 - Processing radiation damage...
234430 - Processing radiation damage...
234430 - Processing radiation damage...
234430 - Processing radiation damage...
234430 - Processing health regeneration...
234430 - Processing radiation damage...
234430 - Processing radiation damage...
234430 - Processing radiation damage...
234430 - Processing radiation damage...
234430 - Processing radiation damage...
234430 - Processing radiation damage...
234430 - Processing radiation damage...
234430 - Saving game.
234433 - Processing health regeneration...
234433 - Processing radiation damage...
234433 - Processing radiation damage...
234433 - Processing radiation damage...
234433 - Processing radiation damage...
234433 - Processing radiation damage...
234433 - Processing radiation damage...
234433 - Processing radiation damage...
234433 - Processing radiation damage...
234433 - Processing health regeneration...
234433 - Processing radiation damage...
234433 - Processing radiation damage...
234433 - Processing radiation damage...
234433 - Processing radiation damage...
234433 - Processing radiation damage...
234433 - Processing radiation damage...
234433 - Processing radiation damage...
234433 - Processing health regeneration...
234433 - Processing radiation damage...
234433 - Processing radiation damage...
234433 - Processing radiation damage...
234433 - Processing radiation damage...
234433 - Processing radiation damage...
234433 - Processing radiation damage...
234433 - Processing radiation damage...
234433 - Processing radiation damage...
234433 - Processing health regeneration...
234433 - Processing radiation damage...
234433 - Processing radiation damage...
234433 - Processing radiation damage...
234433 - Processing radiation damage...
234433 - Processing radiation damage...
234433 - Processing radiation damage...
234434 - Processing radiation damage...
