214918 - Server socket established.
215019 - Client connected, hash 34A4C80E. Creating session.
215113 - Client connected, hash 50E989C5. Creating session.
215357 - Server socket established.
215404 - Client connected, hash 3374F7F0. Creating session.
215428 - Client connected, hash 05B879B7. Creating session.
221120 - Client connected, hash 6FF6EC82. Creating session.
222104 - Client connected, hash 103B5BDA. Creating session.
224559 - Client connected, hash 494FB2B3. Creating session.
225109 - Client connected, hash 0F7C1FEC. Creating session.
225441 - Shut down instruction received...
225441 - ...All sessions are closed.
225516 - Shut down instruction received...
225516 - ...All sessions are closed.
225721 - Couldn't create socket: Address already in use: NET_Bind
225721 - Server comms finished.
225737 - Couldn't create socket: Address already in use: NET_Bind
225737 - Server comms finished.
230154 - Server socket established.
230743 - Server socket established.
231458 - Shut down instruction received...
231458 - ...All sessions are closed.
231521 - Shut down instruction received...
231521 - ...All sessions are closed.
231654 - Shut down instruction received...
231654 - ...All sessions are closed.
231712 - Shut down instruction received...
231712 - ...All sessions are closed.
232014 - Shut down instruction received...
232014 - ...All sessions are closed.
232026 - Shut down instruction received...
232026 - ...All sessions are closed.
232146 - Shut down instruction received...
232146 - ...All sessions are closed.
232206 - Shut down instruction received...
232206 - ...All sessions are closed.
232357 - Shut down instruction received...
232357 - ...All sessions are closed.
232839 - Shut down instruction received...
232839 - ...All sessions are closed.
232919 - Shut down instruction received...
232919 - ...All sessions are closed.
233016 - Shut down instruction received...
233016 - ...All sessions are closed.
233040 - Shut down instruction received...
233040 - ...All sessions are closed.
233234 - Shut down instruction received...
233234 - ...All sessions are closed.
233243 - Shut down instruction received...
233243 - ...All sessions are closed.
233650 - Shut down instruction received...
233650 - ...All sessions are closed.
233900 - Shut down instruction received...
233900 - ...All sessions are closed.
233916 - Shut down instruction received...
233916 - ...All sessions are closed.
235251 - Shut down instruction received...
235252 - ...All sessions are closed.
235300 - Shut down instruction received...
235300 - ...All sessions are closed.
235513 - Server socket established.
235625 - Server socket established.
