141257 - Starting services...
141257 - ...Started.
141257 - Processing health regeneration...
141257 - Processing radiation damage...
141457 - Processing radiation damage...
141657 - Processing radiation damage...
141857 - Processing radiation damage...
141907 - Verifying ID 40F224674D479514D8E2642E3E50C395BA0EF34CFBAEBB4EF20D6438CF6A490F.
141907 - (Report -> Admins) Player Testy has funky data directory /data/user/0/com.apps.fast.counterforce. Probable emulator.
141912 - Updating Testy's location.
141912 - Performed multiaccounting check for Testy
141917 - Updating Testy's location.
141919 - Testy is attempting to launch a missile...
141919 - Creating a missile launch.
141919 - (Event) Testy launched DF-ZF missile.
141920 - A missile exploded.
141922 - Updating Testy's location.
141926 - Testy is attempting to purchase missiles...
141926 - (Event) Testy acquired missiles.
141927 - Updating Testy's location.
141932 - Updating Testy's location.
141932 - Processing radiation damage...
141932 - Processing radiation damage...
141932 - Processing radiation damage...
141932 - Processing radiation damage...
141932 - Processing health regeneration...
141932 - Processing radiation damage...
141932 - Processing radiation damage...
141932 - Processing radiation damage...
141932 - Processing radiation damage...
141932 - Processing radiation damage...
141932 - Processing radiation damage...
141932 - Processing radiation damage...
141932 - Testy charged for online missile site.
141932 - Processing health regeneration...
141932 - Processing radiation damage...
141932 - Processing radiation damage...
141932 - Processing radiation damage...
141932 - Processing radiation damage...
141932 - Processing radiation damage...
141932 - Processing radiation damage...
141932 - Processing radiation damage...
141932 - Processing radiation damage...
141932 - Processing health regeneration...
141932 - Processing radiation damage...
141932 - Processing radiation damage...
141932 - Processing radiation damage...
141932 - Processing radiation damage...
141932 - Processing radiation damage...
141932 - Processing radiation damage...
141932 - Processing radiation damage...
141932 - Processing health regeneration...
141932 - Processing radiation damage...
141932 - Processing radiation damage...
141932 - Processing radiation damage...
141932 - Processing radiation damage...
141932 - Processing radiation damage...
141932 - Processing radiation damage...
141932 - Processing radiation damage...
141932 - Processing radiation damage...
141932 - Processing health regeneration...
141932 - Processing radiation damage...
141932 - Processing radiation damage...
141932 - Processing radiation damage...
141932 - Processing radiation damage...
141932 - Processing radiation damage...
141932 - Processing radiation damage...
141932 - Processing radiation damage...
141932 - Testy charged for online missile site.
141932 - Processing health regeneration...
141932 - Processing radiation damage...
141932 - Processing radiation damage...
141932 - Processing radiation damage...
141932 - Processing radiation damage...
141932 - Processing radiation damage...
141932 - Processing radiation damage...
141932 - Processing radiation damage...
141932 - Processing radiation damage...
141932 - Processing health regeneration...
141932 - Processing radiation damage...
141944 - Verifying ID 40F224674D479514D8E2642E3E50C395BA0EF34CFBAEBB4EF20D6438CF6A490F.
141944 - (Report -> Admins) Player Testy has funky data directory /data/user/0/com.apps.fast.counterforce. Probable emulator.
141944 - Updating Testy's location.
141949 - Updating Testy's location.
141954 - Updating Testy's location.
141959 - Updating Testy's location.
142004 - Updating Testy's location.
142009 - Updating Testy's location.
142014 - Updating Testy's location.
142019 - Updating Testy's location.
142025 - Updating Testy's location.
142029 - Updating Testy's location.
142034 - Updating Testy's location.
142039 - Updating Testy's location.
142045 - Updating Testy's location.
142046 - Testy is attempting to launch a missile...
142046 - Creating a missile launch.
142046 - (Event) Testy launched DF-5 missile.
142049 - Updating Testy's location.
142054 - Updating Testy's location.
142057 - Processing radiation damage...
142059 - Updating Testy's location.
142105 - Updating Testy's location.
142109 - Updating Testy's location.
142114 - Updating Testy's location.
142119 - Updating Testy's location.
142124 - Updating Testy's location.
142129 - Updating Testy's location.
142134 - Updating Testy's location.
142139 - Updating Testy's location.
142145 - Updating Testy's location.
142149 - Updating Testy's location.
142154 - Updating Testy's location.
142159 - Updating Testy's location.
142204 - Updating Testy's location.
142209 - Updating Testy's location.
142214 - Updating Testy's location.
142220 - Updating Testy's location.
142224 - Updating Testy's location.
142229 - Updating Testy's location.
142235 - Updating Testy's location.
142239 - Updating Testy's location.
142245 - Updating Testy's location.
142249 - Updating Testy's location.
142257 - Processing radiation damage...
142307 - Verifying ID 40F224674D479514D8E2642E3E50C395BA0EF34CFBAEBB4EF20D6438CF6A490F.
142307 - (Report -> Admins) Player Testy has funky data directory /data/user/0/com.apps.fast.counterforce. Probable emulator.
142307 - Updating Testy's location.
142312 - Updating Testy's location.
142317 - Testy is attempting to purchase a missile system...
142317 - (Event) Testy acquired a missile system.
142317 - Updating Testy's location.
142319 - Testy is attempting to upgrade player missile slots...
142319 - (Event) Testy upgraded missile slots.
142321 - Testy is attempting to upgrade player missile slots...
142321 - (Event) Testy upgraded missile slots.
142322 - Updating Testy's location.
142323 - Testy is attempting to upgrade player missile slots...
142323 - (Event) Testy upgraded missile slots.
142325 - Testy is attempting to upgrade player missile slots...
142325 - (Event) Testy upgraded missile slots.
142327 - Updating Testy's location.
142327 - Testy is attempting to upgrade player missile reload time...
142327 - (Event) Testy upgraded missile system reload time.
142329 - Testy is attempting to upgrade player missile reload time...
142329 - (Event) Testy upgraded missile system reload time.
142332 - Updating Testy's location.
142332 - Testy is attempting to upgrade player missile reload time...
142332 - (Event) Testy upgraded missile system reload time.
142337 - Updating Testy's location.
142342 - Updating Testy's location.
142347 - Updating Testy's location.
142349 - Testy is attempting to purchase missiles...
142349 - (Event) Testy acquired missiles.
142352 - Updating Testy's location.
142355 - Processing radiation damage...
142355 - Processing radiation damage...
142355 - Processing radiation damage...
142355 - Processing radiation damage...
142355 - Saving game.
142355 - Processing health regeneration...
142355 - Processing radiation damage...
142355 - Saving game.
142355 - A missile exploded.
142355 - Creating radiation.
142355 - Processing radiation damage...
142355 - Processing radiation damage...
142355 - Processing radiation damage...
142355 - Processing radiation damage...
142355 - Processing radiation damage...
142355 - Processing radiation damage...
142355 - Processing radiation damage...
142355 - Processing health regeneration...
142355 - Processing radiation damage...
142355 - Processing radiation damage...
142355 - Processing radiation damage...
142355 - Processing radiation damage...
142355 - Processing radiation damage...
142355 - Processing radiation damage...
142355 - Processing radiation damage...
142355 - Testy charged for online missile site.
142355 - Processing health regeneration...
142355 - Processing radiation damage...
142355 - Processing radiation damage...
142355 - Processing radiation damage...
142355 - Processing radiation damage...
142355 - Processing radiation damage...
142355 - Processing radiation damage...
142355 - Processing radiation damage...
142355 - Processing radiation damage...
142355 - Processing health regeneration...
142355 - Processing radiation damage...
142355 - Processing radiation damage...
142355 - Processing radiation damage...
142355 - Processing radiation damage...
142355 - Processing radiation damage...
142355 - Processing radiation damage...
142355 - Processing radiation damage...
142355 - Processing health regeneration...
142355 - Processing radiation damage...
142355 - Processing radiation damage...
142355 - Processing radiation damage...
142355 - Processing radiation damage...
142355 - Processing radiation damage...
142355 - Processing radiation damage...
142355 - Processing radiation damage...
142355 - Processing radiation damage...
142355 - Processing health regeneration...
142355 - Processing radiation damage...
142355 - Processing radiation damage...
142355 - Processing radiation damage...
142355 - Processing radiation damage...
142355 - Processing radiation damage...
142355 - Processing radiation damage...
142355 - Processing radiation damage...
142355 - Testy charged for online missile site.
142355 - Processing health regeneration...
142355 - Processing radiation damage...
142405 - Verifying ID 40F224674D479514D8E2642E3E50C395BA0EF34CFBAEBB4EF20D6438CF6A490F.
142405 - (Report -> Admins) Player Testy has funky data directory /data/user/0/com.apps.fast.counterforce. Probable emulator.
142405 - Updating Testy's location.
142410 - Updating Testy's location.
142415 - Updating Testy's location.
142420 - Updating Testy's location.
142425 - Updating Testy's location.
142430 - Updating Testy's location.
142435 - Updating Testy's location.
142440 - Updating Testy's location.
142443 - Testy is attempting to launch a player missile...
142443 - Creating a missile launch.
142443 - (Event) Testy launched Tomahawk missile.
142445 - Updating Testy's location.
142450 - Updating Testy's location.
142450 - Testy is attempting to launch a player missile...
142450 - Creating a missile launch.
142450 - (Event) Testy launched Tomahawk missile.
142455 - Updating Testy's location.
142457 - Processing radiation damage...
142458 - Testy is attempting to launch a player missile...
142458 - Creating a missile launch.
142458 - (Event) Testy launched Tomahawk missile.
142500 - Updating Testy's location.
142505 - Updating Testy's location.
142505 - Testy is attempting to launch a player missile...
142505 - Creating a missile launch.
142505 - (Event) Testy launched Tomahawk missile.
142510 - Updating Testy's location.
142515 - Updating Testy's location.
142518 - Testy is attempting to launch a player missile...
142518 - Creating a missile launch.
142518 - (Event) Testy launched Tomahawk missile.
142520 - Updating Testy's location.
142525 - Updating Testy's location.
142530 - Updating Testy's location.
142535 - Updating Testy's location.
142657 - Processing radiation damage...
142857 - Processing radiation damage...
143057 - Processing radiation damage...
143236 - A missile exploded.
143257 - Processing radiation damage...
143457 - Processing radiation damage...
143657 - Processing radiation damage...
143757 - Processing health regeneration...
143857 - Processing radiation damage...
144057 - Processing radiation damage...
144243 - Verifying ID 40F224674D479514D8E2642E3E50C395BA0EF34CFBAEBB4EF20D6438CF6A490F.
144257 - Processing radiation damage...
144457 - Processing radiation damage...
144657 - Processing radiation damage...
144857 - Processing radiation damage...
145057 - Processing radiation damage...
145257 - Processing health regeneration...
145257 - Processing radiation damage...
145257 - Saving game.
145457 - Processing radiation damage...
151018 - It's a new hour!
151018 - Performing wealth generation...
151018 - Testy gets nothing.
151018 - Processing radiation damage...
151018 - Processing radiation damage...
151019 - Processing radiation damage...
151019 - Processing radiation damage...
151019 - Processing radiation damage...
151019 - Processing radiation damage...
151019 - Processing health regeneration...
151019 - Processing radiation damage...
151057 - Processing radiation damage...
151257 - Processing radiation damage...
151457 - Processing radiation damage...
151657 - Processing radiation damage...
151857 - Processing radiation damage...
151929 - A missile exploded.
152057 - Processing radiation damage...
152214 - Testy charged for online missile site.
152257 - Processing health regeneration...
152257 - Processing radiation damage...
152457 - Processing radiation damage...
152657 - Processing radiation damage...
152857 - Processing radiation damage...
153057 - Processing radiation damage...
153257 - Processing radiation damage...
153457 - Processing radiation damage...
153515 - A missile exploded.
153657 - Processing radiation damage...
153757 - Processing health regeneration...
153857 - Processing radiation damage...
154057 - Processing radiation damage...
154257 - Processing radiation damage...
154354 - A missile exploded.
154457 - Processing radiation damage...
154657 - Processing radiation damage...
154706 - A missile exploded.
154857 - Processing radiation damage...
155057 - Processing radiation damage...
155257 - Processing health regeneration...
155257 - Processing radiation damage...
155457 - Processing radiation damage...
155657 - Processing radiation damage...
155857 - Processing radiation damage...
160000 - It's a new hour!
160000 - Performing wealth generation...
160000 - Testy gets nothing.
160057 - Processing radiation damage...
160257 - Processing radiation damage...
160457 - Processing radiation damage...
160657 - Processing radiation damage...
160757 - Processing health regeneration...
160857 - Processing radiation damage...
161057 - Processing radiation damage...
161257 - Processing radiation damage...
161457 - Processing radiation damage...
161657 - Processing radiation damage...
161857 - Processing radiation damage...
162057 - Processing radiation damage...
162214 - Testy charged for online missile site.
162257 - Processing health regeneration...
162257 - Processing radiation damage...
162457 - Processing radiation damage...
162657 - Processing radiation damage...
162857 - Processing radiation damage...
163057 - Processing radiation damage...
163257 - Processing radiation damage...
163457 - Processing radiation damage...
163657 - Processing radiation damage...
163757 - Processing health regeneration...
163857 - Processing radiation damage...
164057 - Processing radiation damage...
164257 - Processing radiation damage...
164457 - Processing radiation damage...
164657 - Processing radiation damage...
164857 - Processing radiation damage...
165057 - Processing radiation damage...
165257 - Processing health regeneration...
165257 - Processing radiation damage...
165257 - Saving game.
165457 - Processing radiation damage...
165657 - Processing radiation damage...
165857 - Processing radiation damage...
170000 - It's a new hour!
170000 - Performing wealth generation...
170000 - Testy gets nothing.
170057 - Processing radiation damage...
190243 - It's a new hour!
190244 - Performing wealth generation...
190244 - Testy gets nothing.
190244 - Processing radiation damage...
190244 - Processing radiation damage...
190244 - Processing radiation damage...
190244 - Processing health regeneration...
190244 - Processing radiation damage...
190244 - Processing radiation damage...
190244 - Processing radiation damage...
190244 - Processing radiation damage...
190245 - Processing radiation damage...
190245 - Processing radiation damage...
190245 - Processing radiation damage...
190245 - Testy charged for online missile site.
190245 - Processing health regeneration...
190245 - Processing radiation damage...
190245 - Processing radiation damage...
190245 - Processing radiation damage...
190245 - Processing radiation damage...
190245 - Processing radiation damage...
190245 - Processing radiation damage...
190245 - Processing radiation damage...
190245 - Processing radiation damage...
190245 - Processing health regeneration...
190245 - Processing radiation damage...
190245 - Processing radiation damage...
190245 - Processing radiation damage...
190245 - Processing radiation damage...
190245 - Processing radiation damage...
190245 - Processing radiation damage...
190245 - Processing radiation damage...
190245 - Processing health regeneration...
190245 - Processing radiation damage...
190245 - Processing radiation damage...
190245 - Processing radiation damage...
190245 - Processing radiation damage...
190245 - Processing radiation damage...
190245 - Processing radiation damage...
190246 - Processing radiation damage...
190246 - Processing radiation damage...
190246 - Processing health regeneration...
190246 - Processing radiation damage...
190246 - Processing radiation damage...
190246 - Processing radiation damage...
190246 - Processing radiation damage...
190246 - Processing radiation damage...
190246 - Processing radiation damage...
190246 - Processing radiation damage...
190246 - Testy charged for online missile site.
190246 - Processing health regeneration...
190246 - Processing radiation damage...
190246 - Processing radiation damage...
190246 - Processing radiation damage...
190246 - Processing radiation damage...
190246 - Processing radiation damage...
190246 - Processing radiation damage...
190246 - Processing radiation damage...
190246 - Processing radiation damage...
190246 - Processing health regeneration...
190246 - Processing radiation damage...
190246 - Processing radiation damage...
190246 - Processing radiation damage...
190246 - Processing radiation damage...
190246 - Processing radiation damage...
190246 - Processing radiation damage...
190246 - Processing radiation damage...
190246 - Processing health regeneration...
190246 - Processing radiation damage...
190246 - Saving game.
190247 - Processing radiation damage...
190247 - Processing radiation damage...
190247 - Processing radiation damage...
190247 - Processing radiation damage...
190257 - Processing radiation damage...
190405 - Verifying ID 40F224674D479514D8E2642E3E50C395BA0EF34CFBAEBB4EF20D6438CF6A490F.
190405 - (Report -> Admins) Player Testy has funky data directory /data/user/0/com.apps.fast.counterforce. Probable emulator.
190410 - Updating Testy's location.
190415 - Updating Testy's location.
190430 - Verifying ID 40F224674D479514D8E2642E3E50C395BA0EF34CFBAEBB4EF20D6438CF6A490F.
190430 - (Report -> Admins) Player Testy has funky data directory /data/user/0/com.apps.fast.counterforce. Probable emulator.
190444 - Verifying ID 40F224674D479514D8E2642E3E50C395BA0EF34CFBAEBB4EF20D6438CF6A490F.
190444 - (Report -> Admins) Player Testy has funky data directory /data/user/0/com.apps.fast.counterforce. Probable emulator.
190444 - Updating Testy's location.
190449 - Updating Testy's location.
190454 - Updating Testy's location.
190457 - Processing radiation damage...
190503 - Verifying ID 40F224674D479514D8E2642E3E50C395BA0EF34CFBAEBB4EF20D6438CF6A490F.
190503 - (Report -> Admins) Player Testy has funky data directory /data/user/0/com.apps.fast.counterforce. Probable emulator.
190506 - Verifying ID 40F224674D479514D8E2642E3E50C395BA0EF34CFBAEBB4EF20D6438CF6A490F.
190506 - (Report -> Admins) Player Testy has funky data directory /data/user/0/com.apps.fast.counterforce. Probable emulator.
190506 - Updating Testy's location.
190517 - Verifying ID 40F224674D479514D8E2642E3E50C395BA0EF34CFBAEBB4EF20D6438CF6A490F.
190517 - (Report -> Admins) Player Testy has funky data directory /data/user/0/com.apps.fast.counterforce. Probable emulator.
190522 - Updating Testy's location.
190527 - Updating Testy's location.
190532 - Updating Testy's location.
190533 - Creating an alliance.
190533 - (Event) The alliance NORAD has been founded by Testy
190537 - Updating Testy's location.
190542 - Updating Testy's location.
190547 - Updating Testy's location.
190552 - Updating Testy's location.
190557 - Updating Testy's location.
190602 - Updating Testy's location.
190607 - Updating Testy's location.
190612 - Updating Testy's location.
190617 - Updating Testy's location.
190622 - Updating Testy's location.
190627 - Updating Testy's location.
190632 - Updating Testy's location.
190637 - Updating Testy's location.
190642 - Updating Testy's location.
190647 - Updating Testy's location.
190652 - Updating Testy's location.
190657 - Processing radiation damage...
190657 - Updating Testy's location.
190702 - Updating Testy's location.
190707 - Updating Testy's location.
190712 - Updating Testy's location.
190717 - Updating Testy's location.
190722 - Updating Testy's location.
190727 - Updating Testy's location.
190732 - Updating Testy's location.
190737 - Updating Testy's location.
190742 - Updating Testy's location.
190747 - Updating Testy's location.
190752 - Updating Testy's location.
190757 - Updating Testy's location.
190757 - Processing health regeneration...
190802 - Updating Testy's location.
190807 - Updating Testy's location.
190812 - Updating Testy's location.
190817 - Updating Testy's location.
190822 - Updating Testy's location.
190827 - Updating Testy's location.
190832 - Updating Testy's location.
190837 - Updating Testy's location.
190842 - Updating Testy's location.
190847 - Updating Testy's location.
190852 - Updating Testy's location.
190857 - Updating Testy's location.
190857 - Processing radiation damage...
190902 - Updating Testy's location.
190907 - Updating Testy's location.
190912 - Updating Testy's location.
190917 - Updating Testy's location.
190922 - Updating Testy's location.
190927 - Updating Testy's location.
190932 - Updating Testy's location.
190937 - Updating Testy's location.
190942 - Updating Testy's location.
190947 - Updating Testy's location.
190952 - Updating Testy's location.
190957 - Updating Testy's location.
191002 - Updating Testy's location.
191007 - Updating Testy's location.
191012 - Updating Testy's location.
191017 - Updating Testy's location.
191022 - Updating Testy's location.
191027 - Updating Testy's location.
191032 - Updating Testy's location.
191037 - Updating Testy's location.
191042 - Updating Testy's location.
191057 - Processing radiation damage...
191200 - Verifying ID 40F224674D479514D8E2642E3E50C395BA0EF34CFBAEBB4EF20D6438CF6A490F.
191200 - (Report -> Admins) Player Testy has funky data directory /data/user/0/com.apps.fast.counterforce. Probable emulator.
191200 - Updating Testy's location.
191205 - Updating Testy's location.
191210 - Updating Testy's location.
191215 - Updating Testy's location.
191220 - Updating Testy's location.
191225 - Updating Testy's location.
191230 - Updating Testy's location.
191235 - Updating Testy's location.
191240 - Updating Testy's location.
191245 - Updating Testy's location.
191250 - Updating Testy's location.
191255 - Updating Testy's location.
191257 - Processing radiation damage...
191300 - Updating Testy's location.
191305 - Updating Testy's location.
191310 - Updating Testy's location.
191315 - Updating Testy's location.
191320 - Updating Testy's location.
191325 - Updating Testy's location.
191330 - Updating Testy's location.
191335 - Updating Testy's location.
191340 - Updating Testy's location.
191345 - Updating Testy's location.
191350 - Updating Testy's location.
191355 - Updating Testy's location.
191400 - Updating Testy's location.
191405 - Updating Testy's location.
191410 - Updating Testy's location.
191415 - Updating Testy's location.
191420 - Updating Testy's location.
191425 - Updating Testy's location.
191430 - Updating Testy's location.
191435 - Updating Testy's location.
191440 - Updating Testy's location.
191445 - Updating Testy's location.
191450 - Updating Testy's location.
191455 - Updating Testy's location.
191457 - Processing radiation damage...
191500 - Updating Testy's location.
191505 - Updating Testy's location.
191510 - Updating Testy's location.
191515 - Updating Testy's location.
191520 - Updating Testy's location.
191525 - Updating Testy's location.
191530 - Updating Testy's location.
191535 - Updating Testy's location.
191540 - Updating Testy's location.
191545 - Updating Testy's location.
191550 - Updating Testy's location.
191555 - Updating Testy's location.
191600 - Updating Testy's location.
191605 - Updating Testy's location.
191610 - Updating Testy's location.
191615 - Updating Testy's location.
191620 - Updating Testy's location.
191625 - Updating Testy's location.
191630 - Updating Testy's location.
191635 - Updating Testy's location.
191640 - Updating Testy's location.
191645 - Updating Testy's location.
191650 - Updating Testy's location.
191655 - Updating Testy's location.
191657 - Processing radiation damage...
191700 - Updating Testy's location.
191705 - Updating Testy's location.
191710 - Updating Testy's location.
191715 - Updating Testy's location.
191720 - Updating Testy's location.
191725 - Updating Testy's location.
191730 - Updating Testy's location.
191735 - Updating Testy's location.
191740 - Updating Testy's location.
191745 - Updating Testy's location.
191750 - Updating Testy's location.
191755 - Updating Testy's location.
191800 - Updating Testy's location.
191805 - Updating Testy's location.
191810 - Updating Testy's location.
191815 - Updating Testy's location.
191820 - Updating Testy's location.
191825 - Updating Testy's location.
191830 - Updating Testy's location.
191835 - Updating Testy's location.
191840 - Updating Testy's location.
191845 - Updating Testy's location.
191850 - Updating Testy's location.
191855 - Updating Testy's location.
191857 - Processing radiation damage...
191900 - Updating Testy's location.
191905 - Updating Testy's location.
191910 - Updating Testy's location.
191915 - Updating Testy's location.
191920 - Updating Testy's location.
191925 - Updating Testy's location.
191930 - Updating Testy's location.
191935 - Updating Testy's location.
191940 - Updating Testy's location.
191945 - Updating Testy's location.
191950 - Updating Testy's location.
191955 - Updating Testy's location.
192000 - Updating Testy's location.
192005 - Updating Testy's location.
192010 - Updating Testy's location.
192015 - Updating Testy's location.
192020 - Updating Testy's location.
192025 - Updating Testy's location.
192030 - Updating Testy's location.
192035 - Updating Testy's location.
192040 - Updating Testy's location.
192045 - Updating Testy's location.
192050 - Updating Testy's location.
192055 - Updating Testy's location.
192057 - Processing radiation damage...
192100 - Updating Testy's location.
192105 - Updating Testy's location.
192110 - Updating Testy's location.
192115 - Updating Testy's location.
192120 - Updating Testy's location.
192125 - Updating Testy's location.
192130 - Updating Testy's location.
192135 - Updating Testy's location.
192140 - Updating Testy's location.
192145 - Updating Testy's location.
192150 - Updating Testy's location.
192155 - Updating Testy's location.
192201 - Updating Testy's location.
192205 - Updating Testy's location.
192210 - Updating Testy's location.
192214 - Testy charged for online missile site.
192257 - Processing health regeneration...
192257 - Processing radiation damage...
192457 - Processing radiation damage...
192657 - Processing radiation damage...
192836 - Verifying ID 40F224674D479514D8E2642E3E50C395BA0EF34CFBAEBB4EF20D6438CF6A490F.
195032 - Processing radiation damage...
195035 - Processing radiation damage...
195035 - Processing radiation damage...
195035 - Processing radiation damage...
195036 - Processing radiation damage...
195036 - Processing health regeneration...
195036 - Processing radiation damage...
195036 - Processing radiation damage...
195036 - Processing radiation damage...
195036 - Processing radiation damage...
195036 - Processing radiation damage...
195036 - Processing radiation damage...
195057 - Processing radiation damage...
195257 - Processing health regeneration...
195257 - Processing radiation damage...
195457 - Processing radiation damage...
195657 - Processing radiation damage...
195857 - Processing radiation damage...
200000 - It's a new hour!
200000 - Performing wealth generation...
200000 - Testy gets nothing.
200000 - It's a new day!
200000 - Processing end of day events...
200057 - Processing radiation damage...
200156 - Verifying ID 40F224674D479514D8E2642E3E50C395BA0EF34CFBAEBB4EF20D6438CF6A490F.
200257 - Processing radiation damage...
200457 - Processing radiation damage...
200657 - Processing radiation damage...
200757 - Processing health regeneration...
200857 - Processing radiation damage...
201057 - Processing radiation damage...
201257 - Processing radiation damage...
201623 - Processing radiation damage...
201657 - Processing radiation damage...
201832 - Verifying ID 40F224674D479514D8E2642E3E50C395BA0EF34CFBAEBB4EF20D6438CF6A490F.
201857 - Processing radiation damage...
202057 - Processing radiation damage...
202214 - Testy charged for online missile site.
202257 - Processing health regeneration...
202257 - Processing radiation damage...
202457 - Processing radiation damage...
202657 - Processing radiation damage...
202857 - Processing radiation damage...
203005 - Verifying ID 40F224674D479514D8E2642E3E50C395BA0EF34CFBAEBB4EF20D6438CF6A490F.
203057 - Processing radiation damage...
203257 - Processing radiation damage...
203457 - Processing radiation damage...
203654 - Verifying ID 40F224674D479514D8E2642E3E50C395BA0EF34CFBAEBB4EF20D6438CF6A490F.
203654 - (Report -> Admins) Player Testy has funky data directory /data/user/0/com.apps.fast.counterforce. Probable emulator.
203657 - Processing radiation damage...
203659 - Updating Testy's location.
203659 - Performed multiaccounting check for Testy
203704 - Updating Testy's location.
203709 - Updating Testy's location.
203714 - Updating Testy's location.
203719 - Updating Testy's location.
203724 - Updating Testy's location.
203729 - Updating Testy's location.
203734 - Updating Testy's location.
203739 - Updating Testy's location.
203744 - Updating Testy's location.
203749 - Updating Testy's location.
203754 - Updating Testy's location.
203757 - Processing health regeneration...
203759 - Updating Testy's location.
203804 - Updating Testy's location.
203809 - Updating Testy's location.
203814 - Updating Testy's location.
203819 - Updating Testy's location.
203824 - Updating Testy's location.
203829 - Updating Testy's location.
203834 - Updating Testy's location.
203839 - Updating Testy's location.
203844 - Updating Testy's location.
203849 - Updating Testy's location.
203854 - Updating Testy's location.
203857 - Processing radiation damage...
203859 - Updating Testy's location.
203904 - Updating Testy's location.
203909 - Updating Testy's location.
203914 - Updating Testy's location.
203919 - Updating Testy's location.
203924 - Updating Testy's location.
203929 - Updating Testy's location.
203934 - Updating Testy's location.
203939 - Updating Testy's location.
203944 - Updating Testy's location.
203949 - Updating Testy's location.
203954 - Updating Testy's location.
203959 - Updating Testy's location.
204004 - Updating Testy's location.
204009 - Updating Testy's location.
204014 - Updating Testy's location.
204019 - Updating Testy's location.
204024 - Updating Testy's location.
204029 - Updating Testy's location.
204034 - Updating Testy's location.
204039 - Updating Testy's location.
204044 - Updating Testy's location.
204049 - Updating Testy's location.
204054 - Updating Testy's location.
204057 - Processing radiation damage...
204059 - Updating Testy's location.
204104 - Updating Testy's location.
204109 - Updating Testy's location.
204114 - Updating Testy's location.
204119 - Updating Testy's location.
204124 - Updating Testy's location.
204129 - Updating Testy's location.
204134 - Updating Testy's location.
204139 - Updating Testy's location.
204144 - Updating Testy's location.
204149 - Updating Testy's location.
204154 - Updating Testy's location.
204159 - Updating Testy's location.
204204 - Updating Testy's location.
204209 - Updating Testy's location.
204214 - Updating Testy's location.
204219 - Updating Testy's location.
204224 - Updating Testy's location.
204229 - Updating Testy's location.
204234 - Updating Testy's location.
204239 - Updating Testy's location.
204244 - Updating Testy's location.
204249 - Updating Testy's location.
204254 - Updating Testy's location.
204257 - Processing radiation damage...
204259 - Updating Testy's location.
204304 - Updating Testy's location.
204309 - Updating Testy's location.
204314 - Updating Testy's location.
204319 - Updating Testy's location.
204324 - Updating Testy's location.
204329 - Updating Testy's location.
204334 - Updating Testy's location.
204339 - Updating Testy's location.
204344 - Updating Testy's location.
204349 - Updating Testy's location.
204354 - Updating Testy's location.
204359 - Updating Testy's location.
204404 - Updating Testy's location.
204409 - Updating Testy's location.
204414 - Updating Testy's location.
204419 - Updating Testy's location.
204424 - Updating Testy's location.
204429 - Updating Testy's location.
204434 - Updating Testy's location.
204439 - Updating Testy's location.
204444 - Updating Testy's location.
204449 - Updating Testy's location.
204454 - Updating Testy's location.
204457 - Processing radiation damage...
204459 - Updating Testy's location.
204504 - Updating Testy's location.
204509 - Updating Testy's location.
204514 - Updating Testy's location.
204519 - Updating Testy's location.
204524 - Updating Testy's location.
204529 - Updating Testy's location.
204534 - Updating Testy's location.
204539 - Updating Testy's location.
204544 - Updating Testy's location.
204549 - Updating Testy's location.
204554 - Updating Testy's location.
204559 - Updating Testy's location.
204604 - Updating Testy's location.
204609 - Updating Testy's location.
204614 - Updating Testy's location.
204619 - Updating Testy's location.
204624 - Updating Testy's location.
204629 - Updating Testy's location.
204634 - Updating Testy's location.
204639 - Updating Testy's location.
204644 - Updating Testy's location.
204649 - Updating Testy's location.
204654 - Updating Testy's location.
204657 - Processing radiation damage...
204659 - Updating Testy's location.
204704 - Updating Testy's location.
204709 - Updating Testy's location.
204714 - Updating Testy's location.
204719 - Updating Testy's location.
204724 - Updating Testy's location.
204729 - Updating Testy's location.
204734 - Updating Testy's location.
204739 - Updating Testy's location.
204744 - Updating Testy's location.
204749 - Updating Testy's location.
204754 - Updating Testy's location.
204857 - Processing radiation damage...
205057 - Processing radiation damage...
205257 - Processing health regeneration...
205257 - Processing radiation damage...
205257 - Saving game.
205439 - Verifying ID 40F224674D479514D8E2642E3E50C395BA0EF34CFBAEBB4EF20D6438CF6A490F.
205457 - Processing radiation damage...
205657 - Processing radiation damage...
205857 - Processing radiation damage...
210000 - It's a new hour!
210000 - Performing wealth generation...
210000 - Testy gets nothing.
210057 - Processing radiation damage...
210257 - Processing radiation damage...
210457 - Processing radiation damage...
210657 - Processing radiation damage...
210757 - Processing health regeneration...
210830 - Verifying ID 40F224674D479514D8E2642E3E50C395BA0EF34CFBAEBB4EF20D6438CF6A490F.
210857 - Processing radiation damage...
211057 - Processing radiation damage...
211257 - Processing radiation damage...
211457 - Processing radiation damage...
211657 - Processing radiation damage...
211857 - Processing radiation damage...
212057 - Processing radiation damage...
212214 - Testy charged for online missile site.
212257 - Processing health regeneration...
212257 - Processing radiation damage...
212457 - Processing radiation damage...
212657 - Processing radiation damage...
212830 - Verifying ID 40F224674D479514D8E2642E3E50C395BA0EF34CFBAEBB4EF20D6438CF6A490F.
212857 - Processing radiation damage...
213057 - Processing radiation damage...
213257 - Processing radiation damage...
213457 - Processing radiation damage...
220549 - It's a new hour!
220549 - Performing wealth generation...
220549 - Testy gets nothing.
220549 - Processing radiation damage...
220549 - Processing health regeneration...
220549 - Processing radiation damage...
220549 - Processing radiation damage...
220549 - Processing radiation damage...
220549 - Processing radiation damage...
220549 - Processing radiation damage...
220549 - Processing radiation damage...
220550 - Processing radiation damage...
220550 - Processing health regeneration...
220550 - Processing radiation damage...
220550 - Processing radiation damage...
220550 - Processing radiation damage...
220550 - Processing radiation damage...
220550 - Processing radiation damage...
220550 - Processing radiation damage...
220550 - Processing radiation damage...
220655 - Verifying ID 40F224674D479514D8E2642E3E50C395BA0EF34CFBAEBB4EF20D6438CF6A490F.
220657 - Processing radiation damage...
