000000 - It's a new hour!
000000 - Performing wealth generation...
000000 - Testy gets nothing.
000000 - Test gets nothing.
000044 - Processing radiation damage...
094303 - Starting services...
094303 - ...Started.
094303 - Processing health regeneration...
094303 - Processing radiation damage...
130019 - Starting services...
130019 - ...Started.
130019 - Processing health regeneration...
130019 - Processing radiation damage...
130119 - Processing radiation damage...
130125 - Verifying ID 40F224674D479514D8E2642E3E50C395BA0EF34CFBAEBB4EF20D6438CF6A490F.
130125 - (Report -> Admins) Player Testy has funky data directory /data/user/0/com.apps.fast.counterforce. Probable emulator.
130130 - Updating Testy's location.
130130 - Performed multiaccounting check for Testy
130135 - Updating Testy's location.
130140 - Updating Testy's location.
130145 - Updating Testy's location.
130150 - Updating Testy's location.
130155 - Updating Testy's location.
130200 - Updating Testy's location.
130205 - Updating Testy's location.
130210 - Updating Testy's location.
130212 - Testy is attempting to sell a missile...
130212 - (Event) Testy sold a missile.
130215 - Updating Testy's location.
130219 - Processing radiation damage...
130220 - Updating Testy's location.
130225 - Updating Testy's location.
130231 - Updating Testy's location.
130235 - Updating Testy's location.
130240 - Updating Testy's location.
130245 - Updating Testy's location.
130250 - Updating Testy's location.
130255 - Updating Testy's location.
130300 - Updating Testy's location.
130305 - Updating Testy's location.
130310 - Updating Testy's location.
130315 - Updating Testy's location.
130319 - Processing radiation damage...
130320 - Updating Testy's location.
130325 - Updating Testy's location.
130330 - Updating Testy's location.
130335 - Updating Testy's location.
130340 - Updating Testy's location.
130345 - Updating Testy's location.
130350 - Updating Testy's location.
130355 - Updating Testy's location.
130400 - Updating Testy's location.
130405 - Updating Testy's location.
130410 - Updating Testy's location.
130415 - Updating Testy's location.
130419 - Processing radiation damage...
130420 - Updating Testy's location.
130425 - Updating Testy's location.
130430 - Updating Testy's location.
130435 - Updating Testy's location.
130440 - Updating Testy's location.
130445 - Updating Testy's location.
130450 - Updating Testy's location.
130455 - Updating Testy's location.
130500 - Updating Testy's location.
130505 - Updating Testy's location.
130510 - Updating Testy's location.
130515 - Updating Testy's location.
130519 - Processing radiation damage...
130520 - Updating Testy's location.
130525 - Updating Testy's location.
130530 - Updating Testy's location.
130535 - Updating Testy's location.
130540 - Updating Testy's location.
130545 - Updating Testy's location.
130550 - Updating Testy's location.
130555 - Updating Testy's location.
130600 - Updating Testy's location.
130607 - Verifying ID 40F224674D479514D8E2642E3E50C395BA0EF34CFBAEBB4EF20D6438CF6A490F.
130607 - (Report -> Admins) Player Testy has funky data directory /data/user/0/com.apps.fast.counterforce. Probable emulator.
130607 - Updating Testy's location.
130612 - Updating Testy's location.
130617 - Updating Testy's location.
130619 - Processing radiation damage...
130622 - Updating Testy's location.
130627 - Updating Testy's location.
130632 - Updating Testy's location.
130637 - Updating Testy's location.
130642 - Updating Testy's location.
130647 - Updating Testy's location.
130652 - Updating Testy's location.
130657 - Updating Testy's location.
130702 - Updating Testy's location.
130707 - Updating Testy's location.
130712 - Updating Testy's location.
130717 - Updating Testy's location.
130719 - Processing radiation damage...
130722 - Updating Testy's location.
130727 - Updating Testy's location.
130732 - Updating Testy's location.
130737 - Updating Testy's location.
130742 - Updating Testy's location.
130747 - Updating Testy's location.
130752 - Updating Testy's location.
130757 - Updating Testy's location.
130802 - Updating Testy's location.
130807 - Updating Testy's location.
130812 - Updating Testy's location.
130817 - Updating Testy's location.
130819 - Processing radiation damage...
130822 - Updating Testy's location.
130827 - Updating Testy's location.
130832 - Updating Testy's location.
130837 - Updating Testy's location.
130842 - Updating Testy's location.
130847 - Updating Testy's location.
130852 - Updating Testy's location.
130857 - Updating Testy's location.
130902 - Updating Testy's location.
130907 - Updating Testy's location.
130912 - Updating Testy's location.
130917 - Updating Testy's location.
130919 - Processing radiation damage...
130922 - Updating Testy's location.
130927 - Updating Testy's location.
130932 - Updating Testy's location.
130937 - Updating Testy's location.
130942 - Updating Testy's location.
130947 - Updating Testy's location.
130952 - Updating Testy's location.
130957 - Updating Testy's location.
131002 - Updating Testy's location.
131007 - Updating Testy's location.
131012 - Updating Testy's location.
131017 - Updating Testy's location.
131019 - Processing radiation damage...
131022 - Updating Testy's location.
131027 - Updating Testy's location.
131032 - Updating Testy's location.
131037 - Updating Testy's location.
131042 - Updating Testy's location.
131047 - Updating Testy's location.
131052 - Updating Testy's location.
131057 - Updating Testy's location.
131102 - Updating Testy's location.
131107 - Updating Testy's location.
131112 - Updating Testy's location.
131117 - Updating Testy's location.
131119 - Processing radiation damage...
131122 - Updating Testy's location.
131127 - Updating Testy's location.
131132 - Updating Testy's location.
131137 - Updating Testy's location.
131142 - Updating Testy's location.
131147 - Updating Testy's location.
131152 - Updating Testy's location.
131157 - Updating Testy's location.
131202 - Updating Testy's location.
131207 - Updating Testy's location.
131212 - Updating Testy's location.
131217 - Updating Testy's location.
131219 - Processing radiation damage...
131222 - Updating Testy's location.
131227 - Updating Testy's location.
131232 - Updating Testy's location.
131237 - Updating Testy's location.
131242 - Updating Testy's location.
131247 - Updating Testy's location.
131252 - Updating Testy's location.
131257 - Updating Testy's location.
131302 - Updating Testy's location.
131307 - Updating Testy's location.
131312 - Updating Testy's location.
131317 - Updating Testy's location.
131319 - Processing radiation damage...
131322 - Updating Testy's location.
131327 - Updating Testy's location.
131332 - Updating Testy's location.
131337 - Updating Testy's location.
131342 - Updating Testy's location.
131347 - Updating Testy's location.
131352 - Updating Testy's location.
131357 - Updating Testy's location.
131424 - Starting services...
131424 - ...Started.
131424 - Processing health regeneration...
131424 - Processing radiation damage...
131425 - Verifying ID 40F224674D479514D8E2642E3E50C395BA0EF34CFBAEBB4EF20D6438CF6A490F.
131425 - (Report -> Admins) Player Testy has funky data directory /data/user/0/com.apps.fast.counterforce. Probable emulator.
131425 - Updating Testy's location.
131425 - Performed multiaccounting check for Testy
131430 - Updating Testy's location.
131435 - Updating Testy's location.
131440 - Updating Testy's location.
131445 - Updating Testy's location.
131450 - Updating Testy's location.
131502 - Verifying ID 40F224674D479514D8E2642E3E50C395BA0EF34CFBAEBB4EF20D6438CF6A490F.
131502 - (Report -> Admins) Player Testy has funky data directory /data/user/0/com.apps.fast.counterforce. Probable emulator.
131507 - Updating Testy's location.
131524 - Processing radiation damage...
131624 - Processing radiation damage...
131637 - Verifying ID 40F224674D479514D8E2642E3E50C395BA0EF34CFBAEBB4EF20D6438CF6A490F.
131637 - (Report -> Admins) Player Testy has funky data directory /data/user/0/com.apps.fast.counterforce. Probable emulator.
131642 - Updating Testy's location.
131724 - Processing radiation damage...
131824 - Processing radiation damage...
131924 - Processing radiation damage...
132024 - Processing radiation damage...
132124 - Processing radiation damage...
132224 - Processing radiation damage...
132316 - Verifying ID 40F224674D479514D8E2642E3E50C395BA0EF34CFBAEBB4EF20D6438CF6A490F.
132316 - (Report -> Admins) Player Testy has funky data directory /data/user/0/com.apps.fast.counterforce. Probable emulator.
132317 - Updating Testy's location.
132321 - Updating Testy's location.
132324 - Processing radiation damage...
132326 - Updating Testy's location.
132424 - Processing radiation damage...
132524 - Processing radiation damage...
132624 - Processing radiation damage...
132652 - Verifying ID 40F224674D479514D8E2642E3E50C395BA0EF34CFBAEBB4EF20D6438CF6A490F.
132652 - (Report -> Admins) Player Testy has funky data directory /data/user/0/com.apps.fast.counterforce. Probable emulator.
132657 - Updating Testy's location.
132702 - Updating Testy's location.
132707 - Updating Testy's location.
132724 - Processing radiation damage...
132824 - Processing radiation damage...
132924 - Processing health regeneration...
132924 - Processing radiation damage...
133024 - Processing radiation damage...
133124 - Processing radiation damage...
133224 - Processing radiation damage...
133324 - Processing radiation damage...
133424 - Processing radiation damage...
133524 - Processing radiation damage...
133624 - Processing radiation damage...
133724 - Processing radiation damage...
133824 - Processing radiation damage...
133924 - Processing radiation damage...
134024 - Processing radiation damage...
134124 - Processing radiation damage...
134224 - Processing radiation damage...
134324 - Processing radiation damage...
134341 - Testy charged for online missile site.
134424 - Processing health regeneration...
134424 - Processing radiation damage...
134451 - Verifying ID 40F224674D479514D8E2642E3E50C395BA0EF34CFBAEBB4EF20D6438CF6A490F.
134524 - Processing radiation damage...
134624 - Processing radiation damage...
134714 - Starting services...
134714 - ...Started.
134714 - Processing health regeneration...
134714 - Processing radiation damage...
141212 - Starting services...
141212 - ...Started.
141212 - Processing health regeneration...
141212 - Processing radiation damage...
141312 - Processing radiation damage...
141412 - Processing radiation damage...
141512 - Processing radiation damage...
141612 - Processing radiation damage...
141712 - Processing radiation damage...
141812 - Processing radiation damage...
141912 - Processing radiation damage...
142012 - Processing radiation damage...
142036 - Starting services...
142036 - ...Started.
142036 - Processing health regeneration...
142036 - Processing radiation damage...
142109 - Starting services...
142109 - ...Started.
142109 - Processing health regeneration...
142109 - Processing radiation damage...
142112 - Processing radiation damage...
142132 - Starting services...
142132 - ...Started.
142132 - Processing health regeneration...
142132 - Processing radiation damage...
142232 - Processing radiation damage...
142332 - Processing radiation damage...
142432 - Processing radiation damage...
142532 - Processing radiation damage...
142632 - Processing radiation damage...
142732 - Processing radiation damage...
142832 - Processing radiation damage...
142932 - Processing radiation damage...
143032 - Processing radiation damage...
143132 - Processing radiation damage...
143232 - Processing radiation damage...
143332 - Processing radiation damage...
143432 - Processing radiation damage...
143532 - Processing radiation damage...
143632 - Processing health regeneration...
143632 - Processing radiation damage...
143732 - Processing radiation damage...
143832 - Processing radiation damage...
143932 - Processing radiation damage...
144032 - Processing radiation damage...
144132 - Processing radiation damage...
144232 - Processing radiation damage...
144332 - Processing radiation damage...
144432 - Processing radiation damage...
144532 - Processing radiation damage...
144632 - Processing radiation damage...
144709 - Checking availability of ...
144709 - Checking availability of ...
144709 - It's available.
144709 - It's available.
144709 - Verifying ID 0010323046434441373900000000000000000000001046616B65557365720000.
144709 - Verifying ID 32304643444137390000000000000000001046616B6555736572000000000000.
144732 - Processing radiation damage...
144832 - Processing radiation damage...
144902 - Checking availability of ...
144902 - It's available.
144902 - Verifying ID 001032304643444137390000000000000000001046616B655573657200000000.
144902 - Checking availability of ...
144902 - It's available.
144902 - Verifying ID 0010323046434441373900000000000000000000001046616B65557365720000.
144932 - Processing radiation damage...
144946 - Checking availability of ...
144946 - It's available.
144946 - Verifying ID 001032304643444137390000000000000000001046616B655573657200000000.
145032 - Processing radiation damage...
145049 - Testy charged for online missile site.
145132 - Processing health regeneration...
145132 - Processing radiation damage...
145232 - Processing radiation damage...
145332 - Processing radiation damage...
145432 - Processing radiation damage...
145532 - Processing radiation damage...
145632 - Processing radiation damage...
145732 - Processing radiation damage...
145832 - Processing radiation damage...
145932 - Processing radiation damage...
150000 - It's a new hour!
150000 - Performing wealth generation...
150000 - Testy gets nothing.
150032 - Processing radiation damage...
150132 - Processing radiation damage...
150232 - Processing radiation damage...
150332 - Processing radiation damage...
150432 - Processing radiation damage...
150532 - Processing radiation damage...
150632 - Processing health regeneration...
150632 - Processing radiation damage...
150732 - Processing radiation damage...
150832 - Processing radiation damage...
150932 - Processing radiation damage...
151032 - Processing radiation damage...
151132 - Processing radiation damage...
151232 - Processing radiation damage...
151332 - Processing radiation damage...
151432 - Processing radiation damage...
151532 - Processing radiation damage...
151632 - Processing radiation damage...
