104114 - Loading config xml...
104114 - Loading game xml...
104114 - Loading missiles...
104114 - Loading interceptors...
104114 - Loading missile sites...
104114 - Loading SAM sites...
104114 - Loading sentry guns...
104114 - Loading ore mines...
104114 - Loading loots...
104114 - Loading radiations...
125436 - Loading config xml...
125436 - Loading game xml...
125436 - Loading missiles...
125436 - Loading interceptors...
125436 - Loading missile sites...
125436 - Loading SAM sites...
125436 - Loading sentry guns...
125436 - Loading ore mines...
125436 - Loading loots...
125436 - Loading radiations...
152918 - Loading config xml...
152918 - Loading game xml...
152918 - Loading missiles...
152918 - Loading interceptors...
152918 - Loading missile sites...
152918 - Loading SAM sites...
152918 - Loading sentry guns...
152918 - Loading ore mines...
152918 - Loading loots...
152918 - Loading radiations...
