085604 - Saving and backing up the game.
085606 - Saving and backing up the game.
085607 - Saving and backing up the game.
085607 - Saving and backing up the game.
085608 - Saving and backing up the game.
104114 - Firing up Launch server...
104114 - Load warning: Unable to get byte root element Variant. Returning default 0.
104114 - Loading game...
104114 - ...game loaded.
104114 - ...We're running.
124902 - Saving and backing up the game.
125436 - Firing up Launch server...
125436 - Load warning: Unable to get byte root element Variant. Returning default 0.
125436 - Loading game...
125436 - ...game loaded.
125437 - ...We're running.
131655 - Saving and backing up the game.
131903 - Saving and backing up the game.
132027 - Saving and backing up the game.
132207 - Saving and backing up the game.
143224 - Saving and backing up the game.
143430 - Saving and backing up the game.
150846 - Saving and backing up the game.
152731 - Saving and backing up the game.
152737 - Saving and backing up the game.
152737 - Quit. Waiting for game to stop running...
152738 - Goodbye.
152918 - Firing up Launch server...
152918 - Load warning: Unable to get byte root element Variant. Returning default 0.
152918 - Loading game...
152918 - ...game loaded.
152918 - ...We're running.
153633 - Saving and backing up the game.
153633 - Saving and backing up the game.
153759 - Saving and backing up the game.
153759 - Saving and backing up the game.
154119 - Saving and backing up the game.
183110 - Saving and backing up the game.
184701 - Saving and backing up the game.
204655 - Saving and backing up the game.
