002521 - Saving and backing up the game.
143835 - Firing up Launch server...
143836 - Load warning: Unable to get byte root element Variant. Returning default 0.
143836 - Load warning: Unable to get asset ID for MissileType. Returning default.
143836 - Load warning: Unable to get asset ID for MissileType. Returning default.
143836 - Load warning: Unable to get asset ID for MissileType. Returning default.
143836 - Load warning: Unable to get asset ID for MissileType. Returning default.
143836 - Load warning: Unable to get asset ID for MissileType. Returning default.
143836 - Load warning: Unable to get asset ID for MissileType. Returning default.
143836 - Load warning: Unable to get asset ID for MissileType. Returning default.
143836 - Load warning: Unable to get asset ID for MissileType. Returning default.
143836 - Load warning: Unable to get asset ID for MissileType. Returning default.
143836 - Load warning: Unable to get asset ID for MissileType. Returning default.
143836 - Load warning: Unable to get asset ID for InterceptorType. Returning default.
143836 - Load warning: Unable to get asset ID for InterceptorType. Returning default.
143836 - Load warning: Unable to get asset ID for InterceptorType. Returning default.
143836 - Load warning: Unable to get asset ID for InterceptorType. Returning default.
143836 - Load warning: Unable to get asset ID for InterceptorType. Returning default.
143836 - Load warning: Unable to get asset ID for InterceptorType. Returning default.
143836 - Load warning: Unable to get asset ID for InterceptorType. Returning default.
143836 - Load warning: Unable to get asset ID for InterceptorType. Returning default.
143836 - Load warning: Unable to get asset ID for InterceptorType. Returning default.
143836 - Load warning: Unable to get asset ID for InterceptorType. Returning default.
143836 - Loading game...
143836 - ...game loaded.
143836 - ...We're running.
