094303 - Server socket established.
130019 - Server socket established.
130122 - Client connected, hash 2B3D00EB. Creating session.
130606 - Client connected, hash 71A301F6. Creating session.
131424 - Server socket established.
131424 - Client connected, hash 112B609C. Creating session.
131424 - Client connected, hash 29504CD6. Creating session.
131425 - Client connected, hash 0C21206C. Creating session.
131426 - Client connected, hash 5167741A. Creating session.
131427 - Client connected, hash 54C00C1A. Creating session.
131430 - Client connected, hash 648B02B1. Creating session.
131431 - Client connected, hash 4B55B686. Creating session.
131435 - Client connected, hash 2178CC52. Creating session.
131438 - Client connected, hash 758CB4BB. Creating session.
131501 - Client connected, hash 492EAE31. Creating session.
131635 - Client connected, hash 2FA9C014. Creating session.
132316 - Client connected, hash 485483EF. Creating session.
132649 - Client connected, hash 586DDF32. Creating session.
134451 - Client connected, hash 640EBD28. Creating session.
134714 - Server socket established.
141212 - Server socket established.
142036 - Couldn't create socket: Address already in use: NET_Bind
142036 - Server comms finished.
142109 - Couldn't create socket: Address already in use: NET_Bind
142109 - Server comms finished.
142132 - Server socket established.
142623 - Client connected, hash 25507127. Creating session.
142625 - Client connected, hash 6561B422. Creating session.
142711 - Client connected, hash 0871C218. Creating session.
143021 - Client connected, hash 28A55E69. Creating session.
143055 - Client connected, hash 4064B5E5. Creating session.
143114 - Client connected, hash 284CC96F. Creating session.
143949 - Client connected, hash 2EABAF7C. Creating session.
144304 - Client connected, hash 2C7FFAD6. Creating session.
144411 - Client connected, hash 4951A921. Creating session.
144713 - Client connected, hash 071806D5. Creating session.
144848 - Client connected, hash 743B8905. Creating session.
144941 - Client connected, hash 2741641E. Creating session.
145039 - Client connected, hash 631DC976. Creating session.
145101 - Client connected, hash 2474556E. Creating session.
145136 - Client connected, hash 0CAF9344. Creating session.
145226 - Client connected, hash 2062675B. Creating session.
145425 - Client connected, hash 2D395C58. Creating session.
145503 - Client connected, hash 2BE0B3B4. Creating session.
145528 - Client connected, hash 5BA5203F. Creating session.
145701 - Client connected, hash 684EDCAF. Creating session.
150158 - Client connected, hash 0FF29662. Creating session.
150214 - Client connected, hash 2121F93B. Creating session.
