001356 - Client connected, hash 1A967E2C. Creating session.
001426 - Client connected, hash 23E644BE. Creating session.
001900 - Client connected, hash 71CD282E. Creating session.
002153 - Client connected, hash 6E0BEF1B. Creating session.
002550 - Client connected, hash 47458BE8. Creating session.
002611 - Client connected, hash 5697E40A. Creating session.
180312 - Client connected, hash 4E832AAE. Creating session.
181602 - Client connected, hash 7F416752. Creating session.
183820 - Client connected, hash 14B0A999. Creating session.
185224 - Client connected, hash 7D6EA8B1. Creating session.
220302 - Server socket established.
220727 - Client connected, hash 489C3B6B. Creating session.
221145 - Client connected, hash 6B5E0CE4. Creating session.
221403 - Client connected, hash 6F6B171B. Creating session.
221539 - Client connected, hash 44CD4EDC. Creating session.
221544 - Client connected, hash 54B11394. Creating session.
221702 - Client connected, hash 4F930CCA. Creating session.
221707 - Client connected, hash 78F719EC. Creating session.
221900 - Client connected, hash 56E21380. Creating session.
221905 - Client connected, hash 0A13877B. Creating session.
221927 - Client connected, hash 5D313FAF. Creating session.
221933 - Client connected, hash 1D49759C. Creating session.
222015 - Client connected, hash 5B711BA6. Creating session.
222020 - Client connected, hash 4D4F67EC. Creating session.
222113 - Client connected, hash 1957E5AD. Creating session.
222118 - Client connected, hash 4FE4868E. Creating session.
222145 - Client connected, hash 1C9B18FF. Creating session.
222150 - Client connected, hash 2ADD6C87. Creating session.
222154 - Client connected, hash 0C819EFC. Creating session.
222224 - Client connected, hash 67BAB914. Creating session.
222453 - Client connected, hash 232219FC. Creating session.
223654 - Client connected, hash 625AF04B. Creating session.
