000106 - Client connected, hash 3BA79CF9. Creating session.
002106 - Client connected, hash 7275B538. Creating session.
013115 - Client connected, hash 14A8AB9F. Creating session.
013124 - Client connected, hash 34B59479. Creating session.
014028 - Client connected, hash 33F28642. Creating session.
015249 - Client connected, hash 6C712971. Creating session.
020858 - Client connected, hash 3DD48333. Creating session.
022456 - Client connected, hash 255ACEAC. Creating session.
023700 - Client connected, hash 023D8CD3. Creating session.
025301 - Client connected, hash 67E21744. Creating session.
030752 - Client connected, hash 7EB6DD90. Creating session.
032419 - Client connected, hash 0DEA5344. Creating session.
033712 - Client connected, hash 635F1D3E. Creating session.
035231 - Client connected, hash 14F06E26. Creating session.
040924 - Client connected, hash 5C626B75. Creating session.
042243 - Client connected, hash 034D73CE. Creating session.
043729 - Client connected, hash 18E03874. Creating session.
045224 - Client connected, hash 0FF6F410. Creating session.
050756 - Client connected, hash 40000F58. Creating session.
052245 - Client connected, hash 283BC795. Creating session.
053732 - Client connected, hash 3181797E. Creating session.
055231 - Client connected, hash 096F4D2A. Creating session.
060755 - Client connected, hash 49D5F990. Creating session.
062400 - Client connected, hash 3F248850. Creating session.
063749 - Client connected, hash 05D44C43. Creating session.
065213 - Client connected, hash 76A147CE. Creating session.
070659 - Client connected, hash 10DE39F3. Creating session.
072204 - Client connected, hash 0BA345B0. Creating session.
074128 - Client connected, hash 2C32B6D3. Creating session.
075159 - Client connected, hash 50510BAC. Creating session.
080752 - Client connected, hash 3121B1F4. Creating session.
082202 - Client connected, hash 203EFCA5. Creating session.
083702 - Client connected, hash 1983425F. Creating session.
085201 - Client connected, hash 415736A8. Creating session.
090700 - Client connected, hash 7DC58167. Creating session.
092910 - Client connected, hash 2A4981AE. Creating session.
093745 - Client connected, hash 295BAF02. Creating session.
095606 - Client connected, hash 51412EF7. Creating session.
