113649 - Loading config xml...
113649 - Loading game xml...
113649 - Loading missiles...
113649 - Loading interceptors...
113649 - Loading missile sites...
113649 - Loading SAM sites...
113649 - Loading sentry guns...
113649 - Loading ore mines...
113649 - Loading loots...
113649 - Loading radiations...
211806 - Loading config xml...
211806 - Loading game xml...
211806 - Loading missiles...
211806 - Loading interceptors...
211806 - Loading missile sites...
211806 - Loading SAM sites...
211806 - Loading sentry guns...
211806 - Loading ore mines...
211806 - Loading loots...
211806 - Loading radiations...
213041 - Loading config xml...
213041 - Loading game xml...
213041 - Loading missiles...
213041 - Loading interceptors...
213041 - Loading missile sites...
213041 - Loading SAM sites...
213041 - Loading sentry guns...
213041 - Loading ore mines...
213041 - Loading loots...
213041 - Loading radiations...
