113648 - Firing up Launch server...
113649 - Load warning: Unable to get byte root element Variant. Returning default 0.
113649 - Loading game...
113649 - ...game loaded.
113649 - ...We're running.
115445 - Saving and backing up the game.
115446 - Saving and backing up the game.
115913 - Saving and backing up the game.
115914 - Saving and backing up the game.
143144 - Saving and backing up the game.
143148 - Saving and backing up the game.
170509 - Saving and backing up the game.
182309 - Saving and backing up the game.
202309 - Saving and backing up the game.
211806 - Firing up Launch server...
211806 - Load warning: Unable to get byte root element Variant. Returning default 0.
211806 - Loading game...
211806 - ...game loaded.
211806 - ...We're running.
213041 - Firing up Launch server...
213041 - Load warning: Unable to get byte root element Variant. Returning default 0.
213041 - Loading game...
213041 - ...game loaded.
213041 - ...We're running.
