085602 - It's a new hour!
085603 - Performing wealth generation...
085603 - Biscuit gets nothing.
085603 - Test gets nothing.
085603 - Processing health regeneration...
085603 - Processing radiation damage...
085603 - Processing radiation damage...
085603 - Processing radiation damage...
085603 - Processing radiation damage...
085603 - Processing radiation damage...
085603 - Processing radiation damage...
085603 - Processing radiation damage...
085603 - Processing radiation damage...
085603 - Processing health regeneration...
085603 - Processing radiation damage...
085603 - Processing radiation damage...
085603 - Processing radiation damage...
085603 - Processing radiation damage...
085603 - Processing radiation damage...
085603 - Processing radiation damage...
085603 - Processing radiation damage...
085603 - Processing health regeneration...
085603 - Processing radiation damage...
085603 - Processing radiation damage...
085603 - Processing radiation damage...
085603 - Processing radiation damage...
085603 - Processing radiation damage...
085603 - Processing radiation damage...
085603 - Processing radiation damage...
085603 - Processing radiation damage...
085603 - Processing health regeneration...
085603 - Processing radiation damage...
085603 - Processing radiation damage...
085603 - Processing radiation damage...
085603 - Processing radiation damage...
085603 - Processing radiation damage...
085603 - Processing radiation damage...
085604 - Processing radiation damage...
085604 - Saving game.
085605 - Processing health regeneration...
085605 - Processing radiation damage...
085605 - Processing radiation damage...
085605 - Processing radiation damage...
085605 - Processing radiation damage...
085605 - Processing radiation damage...
085605 - Processing radiation damage...
085605 - Processing radiation damage...
085605 - Processing radiation damage...
085605 - Processing health regeneration...
085605 - Processing radiation damage...
085605 - Processing radiation damage...
085605 - Processing radiation damage...
085605 - Processing radiation damage...
085605 - Processing radiation damage...
085605 - Processing radiation damage...
085605 - Processing radiation damage...
085605 - Processing health regeneration...
085605 - Processing radiation damage...
085605 - Processing radiation damage...
085605 - Processing radiation damage...
085605 - Processing radiation damage...
085605 - Processing radiation damage...
085605 - Processing radiation damage...
085605 - Processing radiation damage...
085605 - Processing radiation damage...
085605 - Processing health regeneration...
085605 - Processing radiation damage...
085606 - Processing radiation damage...
085606 - Processing radiation damage...
085606 - Processing radiation damage...
085606 - Processing radiation damage...
085606 - Processing radiation damage...
085606 - Processing radiation damage...
085606 - Processing health regeneration...
085606 - Processing radiation damage...
085606 - Processing radiation damage...
085606 - Processing radiation damage...
085606 - Processing radiation damage...
085606 - Processing radiation damage...
085606 - Processing radiation damage...
085606 - Processing radiation damage...
085606 - Processing radiation damage...
085606 - Processing health regeneration...
085606 - Processing radiation damage...
085606 - Processing radiation damage...
085606 - Processing radiation damage...
085606 - Processing radiation damage...
085606 - Processing radiation damage...
085606 - Processing radiation damage...
085606 - Processing radiation damage...
085606 - Processing health regeneration...
085606 - Processing radiation damage...
085606 - Processing radiation damage...
085606 - Processing radiation damage...
085606 - Processing radiation damage...
085606 - Processing radiation damage...
085606 - Processing radiation damage...
085606 - Processing radiation damage...
085606 - Processing radiation damage...
085606 - Processing health regeneration...
085606 - Processing radiation damage...
085606 - Processing radiation damage...
085606 - Processing radiation damage...
085606 - Processing radiation damage...
085606 - Processing radiation damage...
085606 - Processing radiation damage...
085606 - Processing radiation damage...
085606 - Saving game.
085607 - Processing health regeneration...
085607 - Processing radiation damage...
085607 - Processing radiation damage...
085607 - Processing radiation damage...
085607 - Processing radiation damage...
085607 - Processing radiation damage...
085607 - Processing radiation damage...
085607 - Processing radiation damage...
085607 - Processing radiation damage...
085607 - Processing health regeneration...
085607 - Processing radiation damage...
085607 - Processing radiation damage...
085607 - Processing radiation damage...
085607 - Processing radiation damage...
085607 - Processing radiation damage...
085607 - Processing radiation damage...
085607 - Processing radiation damage...
085607 - Processing health regeneration...
085607 - Processing radiation damage...
085607 - Processing radiation damage...
085607 - Processing radiation damage...
085607 - Processing radiation damage...
085607 - Processing radiation damage...
085607 - Processing radiation damage...
085607 - Processing radiation damage...
085607 - Processing radiation damage...
085607 - Processing health regeneration...
085607 - Processing radiation damage...
085607 - Processing radiation damage...
085607 - Processing radiation damage...
085607 - Processing radiation damage...
085607 - Processing radiation damage...
085607 - Processing radiation damage...
085607 - Processing radiation damage...
085607 - Processing health regeneration...
085607 - Processing radiation damage...
085607 - Processing radiation damage...
085607 - Processing radiation damage...
085607 - Processing radiation damage...
085607 - Processing radiation damage...
085607 - Processing radiation damage...
085607 - Processing radiation damage...
085607 - Processing radiation damage...
085607 - Processing health regeneration...
085607 - Processing radiation damage...
085607 - Processing radiation damage...
085607 - Processing radiation damage...
085607 - Processing radiation damage...
085607 - Processing radiation damage...
085607 - Processing radiation damage...
085607 - Processing radiation damage...
085607 - Processing health regeneration...
085607 - Processing radiation damage...
085607 - Processing radiation damage...
085607 - Processing radiation damage...
085607 - Processing radiation damage...
085607 - Processing radiation damage...
085607 - Processing radiation damage...
085607 - Processing radiation damage...
085607 - Processing radiation damage...
085607 - Processing health regeneration...
085607 - Processing radiation damage...
085607 - Processing radiation damage...
085607 - Processing radiation damage...
085607 - Processing radiation damage...
085607 - Processing radiation damage...
085607 - Processing radiation damage...
085607 - Processing radiation damage...
085607 - Saving game.
085607 - Processing health regeneration...
085607 - Processing radiation damage...
085607 - Processing radiation damage...
085607 - Processing radiation damage...
085607 - Processing radiation damage...
085607 - Processing radiation damage...
085607 - Processing radiation damage...
085607 - Processing radiation damage...
085607 - Processing radiation damage...
085607 - Processing health regeneration...
085607 - Processing radiation damage...
085607 - Processing radiation damage...
085607 - Processing radiation damage...
085607 - Processing radiation damage...
085607 - Processing radiation damage...
085607 - Processing radiation damage...
085607 - Processing radiation damage...
085607 - Processing health regeneration...
085607 - Processing radiation damage...
085607 - Processing radiation damage...
085607 - Processing radiation damage...
085607 - Processing radiation damage...
085607 - Processing radiation damage...
085607 - Processing radiation damage...
085607 - Processing radiation damage...
085607 - Processing radiation damage...
085607 - Processing health regeneration...
085607 - Processing radiation damage...
085607 - Processing radiation damage...
085607 - Processing radiation damage...
085607 - Processing radiation damage...
085607 - Processing radiation damage...
085607 - Processing radiation damage...
085607 - Processing radiation damage...
085607 - Processing health regeneration...
085607 - Processing radiation damage...
085607 - Processing radiation damage...
085607 - Processing radiation damage...
085607 - Processing radiation damage...
085607 - Processing radiation damage...
085607 - Processing radiation damage...
085607 - Processing radiation damage...
085607 - Processing radiation damage...
085607 - Processing health regeneration...
085607 - Processing radiation damage...
085607 - Processing radiation damage...
085607 - Processing radiation damage...
085607 - Processing radiation damage...
085607 - Processing radiation damage...
085607 - Processing radiation damage...
085607 - Processing radiation damage...
085607 - Processing health regeneration...
085607 - Processing radiation damage...
085607 - Processing radiation damage...
085607 - Processing radiation damage...
085607 - Processing radiation damage...
085607 - Processing radiation damage...
085607 - Processing radiation damage...
085607 - Processing radiation damage...
085607 - Processing radiation damage...
085607 - Processing health regeneration...
085607 - Processing radiation damage...
085607 - Processing radiation damage...
085607 - Processing radiation damage...
085607 - Processing radiation damage...
085607 - Processing radiation damage...
085607 - Processing radiation damage...
085607 - Processing radiation damage...
085607 - Saving game.
085607 - Processing health regeneration...
085607 - Processing radiation damage...
085607 - Processing radiation damage...
085607 - Processing radiation damage...
085607 - Processing radiation damage...
085607 - Processing radiation damage...
085607 - Processing radiation damage...
085607 - Processing radiation damage...
085607 - Processing radiation damage...
085607 - Processing health regeneration...
085607 - Processing radiation damage...
085607 - Processing radiation damage...
085607 - Processing radiation damage...
085607 - Processing radiation damage...
085607 - Processing radiation damage...
085607 - Processing radiation damage...
085607 - Processing radiation damage...
085607 - Processing health regeneration...
085607 - Processing radiation damage...
085607 - Processing radiation damage...
085607 - Processing radiation damage...
085607 - Processing radiation damage...
085607 - Processing radiation damage...
085607 - Processing radiation damage...
085607 - Processing radiation damage...
085607 - Processing radiation damage...
085607 - Processing health regeneration...
085607 - Processing radiation damage...
085607 - Processing radiation damage...
085607 - Processing radiation damage...
085607 - Processing radiation damage...
085607 - Processing radiation damage...
085607 - Processing radiation damage...
085607 - Processing radiation damage...
085607 - Processing health regeneration...
085607 - Processing radiation damage...
085607 - Processing radiation damage...
085607 - Processing radiation damage...
085607 - Processing radiation damage...
085607 - Processing radiation damage...
085607 - Processing radiation damage...
085607 - Processing radiation damage...
085607 - Processing radiation damage...
085607 - Processing health regeneration...
085607 - Processing radiation damage...
085607 - Processing radiation damage...
085607 - Processing radiation damage...
085608 - Processing radiation damage...
085608 - Processing radiation damage...
085608 - Processing radiation damage...
085608 - Processing radiation damage...
085608 - Processing health regeneration...
085608 - Processing radiation damage...
085608 - Processing radiation damage...
085608 - Processing radiation damage...
085608 - Processing radiation damage...
085608 - Processing radiation damage...
085608 - Processing radiation damage...
085608 - Processing radiation damage...
085608 - Processing radiation damage...
085608 - Processing health regeneration...
085608 - Processing radiation damage...
085608 - Processing radiation damage...
085608 - Processing radiation damage...
085608 - Processing radiation damage...
085608 - Processing radiation damage...
085608 - Processing radiation damage...
085608 - Processing radiation damage...
085608 - Saving game.
085608 - Processing health regeneration...
085608 - Processing radiation damage...
085608 - Processing radiation damage...
085608 - Processing radiation damage...
085608 - Processing radiation damage...
085608 - Processing radiation damage...
085608 - Processing radiation damage...
085724 - Processing radiation damage...
085924 - Processing radiation damage...
090000 - It's a new hour!
090000 - Performing wealth generation...
090000 - Biscuit gets nothing.
090000 - Test gets nothing.
090024 - Processing health regeneration...
090124 - Processing radiation damage...
090324 - Processing radiation damage...
090524 - Processing radiation damage...
090724 - Processing radiation damage...
090924 - Processing radiation damage...
091124 - Processing radiation damage...
091324 - Processing radiation damage...
092546 - Processing health regeneration...
092546 - Processing radiation damage...
092546 - Processing radiation damage...
092546 - Processing radiation damage...
092546 - Processing radiation damage...
092546 - Processing radiation damage...
092546 - Processing radiation damage...
092948 - Processing radiation damage...
092948 - Processing radiation damage...
093024 - Processing health regeneration...
093124 - Processing radiation damage...
093324 - Processing radiation damage...
093524 - Processing radiation damage...
093724 - Processing radiation damage...
093924 - Processing radiation damage...
094124 - Processing radiation damage...
094324 - Processing radiation damage...
094524 - Processing health regeneration...
094524 - Processing radiation damage...
094724 - Processing radiation damage...
104114 - Starting services...
104114 - ...Started.
104114 - Processing health regeneration...
104114 - Processing radiation damage...
124859 - It's a new hour!
124859 - Performing wealth generation...
124900 - Biscuit gets nothing.
124900 - Test gets nothing.
124900 - Processing radiation damage...
124900 - Processing radiation damage...
124900 - Processing radiation damage...
124901 - Processing health regeneration...
124901 - Processing radiation damage...
124901 - Processing radiation damage...
124901 - Processing radiation damage...
124901 - Processing radiation damage...
124901 - Processing health regeneration...
124901 - Processing radiation damage...
124901 - Processing radiation damage...
124901 - Processing radiation damage...
124901 - Processing radiation damage...
124901 - Processing health regeneration...
124901 - Processing radiation damage...
124901 - Processing radiation damage...
124901 - Processing radiation damage...
124901 - Processing health regeneration...
124901 - Processing radiation damage...
124901 - Processing radiation damage...
124902 - Processing radiation damage...
124902 - Processing radiation damage...
124902 - Processing health regeneration...
124902 - Processing radiation damage...
124902 - Processing radiation damage...
124902 - Processing radiation damage...
124902 - Processing radiation damage...
124902 - Processing health regeneration...
124902 - Processing radiation damage...
124902 - Processing radiation damage...
124902 - Processing radiation damage...
124902 - Processing radiation damage...
124902 - Processing health regeneration...
124902 - Processing radiation damage...
124902 - Processing radiation damage...
124902 - Processing radiation damage...
124902 - Saving game.
124903 - Processing health regeneration...
124903 - Processing radiation damage...
124903 - Processing radiation damage...
125436 - Starting services...
125437 - ...Started.
125437 - Processing health regeneration...
125437 - Processing radiation damage...
125837 - Processing radiation damage...
130000 - It's a new hour!
130000 - Performing wealth generation...
130000 - Biscuit gets nothing.
130000 - Test gets nothing.
130237 - Processing radiation damage...
130637 - Processing radiation damage...
130937 - Processing health regeneration...
131037 - Processing radiation damage...
131437 - Processing radiation damage...
131552 - Verifying ID BE58DC73B330F9471BF10B4C4CE499DAA8F8A947FCA79AD1D4078CC417A7C0DB.
131559 - Checking availability of Bisquick...
131559 - It's available.
131559 - Verifying ID BE58DC73B330F9471BF10B4C4CE499DAA8F8A947FCA79AD1D4078CC417A7C0DB.
131559 - Checking availability of Bisquick...
131559 - It's available.
131600 - Verifying ID BE58DC73B330F9471BF10B4C4CE499DAA8F8A947FCA79AD1D4078CC417A7C0DB.
131600 - Creating a player.
131600 - (Event) Give a warm, explosive welcome to Bisquick, who has joined the Game!
131600 - (Report) Give a warm, explosive welcome to Bisquick, who has joined the Game!
131600 - Verifying ID BE58DC73B330F9471BF10B4C4CE499DAA8F8A947FCA79AD1D4078CC417A7C0DB.
131600 - (Report -> Admins) Player Bisquick has funky data directory /data/user/0/com.apps.fast.counterforce. Probable emulator.
131601 - Bisquick's respawn protection time expired.
131602 - Bisquick is attempting to respawn...
131602 - (Event) Bisquick respawned.
131605 - Updating Bisquick's location.
131608 - Performed multiaccounting check for Bisquick
131610 - Updating Bisquick's location.
131615 - Updating Bisquick's location.
131620 - Updating Bisquick's location.
131625 - Updating Bisquick's location.
131630 - Updating Bisquick's location.
131635 - Updating Bisquick's location.
131640 - Updating Bisquick's location.
131645 - Updating Bisquick's location.
131650 - Updating Bisquick's location.
131655 - Saving game.
131655 - Updating Bisquick's location.
131700 - Updating Bisquick's location.
131705 - Updating Bisquick's location.
131710 - Updating Bisquick's location.
131715 - Updating Bisquick's location.
131720 - Updating Bisquick's location.
131724 - (Event) Bisquick was awarded £1000000000. Reason: 
131724 - (Report) Bisquick was awarded £1000000000. Reason: 
131725 - Updating Bisquick's location.
131730 - Updating Bisquick's location.
131735 - Updating Bisquick's location.
131740 - Updating Bisquick's location.
131745 - Updating Bisquick's location.
131750 - Updating Bisquick's location.
131755 - Updating Bisquick's location.
131800 - Updating Bisquick's location.
131805 - Updating Bisquick's location.
131810 - Updating Bisquick's location.
131815 - Updating Bisquick's location.
131819 - (Event) Testing events lol
131820 - Updating Bisquick's location.
131825 - Updating Bisquick's location.
131830 - Updating Bisquick's location.
131832 - (Report) testing reports lol build the wall
131835 - Updating Bisquick's location.
131837 - Processing radiation damage...
131840 - Updating Bisquick's location.
131845 - Validating Bisquick's nuclear missile site construction attempt...
131845 - ...Affordable...
131845 - (Event) Bisquick constructed a nuclear missile site.
131845 - (Report -> Biscuit) Unfriendly player Bisquick constructed a nuclear missile silo within EMP attack range of you.
131845 - (Report -> Test) Unfriendly player Bisquick constructed a nuclear missile silo within EMP attack range of you.
131845 - Updating Bisquick's location.
131850 - Updating Bisquick's location.
131855 - Updating Bisquick's location.
131856 - Bisquick is attempting to purchase missiles...
131856 - (Event) Bisquick acquired missiles.
131900 - Updating Bisquick's location.
131903 - Processing radiation damage...
131903 - Processing health regeneration...
131903 - Processing radiation damage...
131903 - Processing radiation damage...
131903 - Processing radiation damage...
131903 - Processing radiation damage...
131903 - Processing health regeneration...
131903 - Processing radiation damage...
131903 - Processing radiation damage...
131903 - Processing radiation damage...
131903 - Processing health regeneration...
131903 - Processing radiation damage...
131903 - Processing radiation damage...
131903 - Processing radiation damage...
131903 - Processing radiation damage...
131903 - Processing health regeneration...
131903 - Processing radiation damage...
131903 - Processing radiation damage...
131903 - Processing radiation damage...
131903 - Bisquick charged for online missile site.
131903 - Processing radiation damage...
131903 - Processing health regeneration...
131903 - Processing radiation damage...
131903 - Processing radiation damage...
131903 - Processing radiation damage...
131903 - Processing radiation damage...
131903 - Processing health regeneration...
131903 - Processing radiation damage...
131903 - Processing radiation damage...
131903 - Processing radiation damage...
131903 - Saving game.
131903 - Processing health regeneration...
131903 - Processing radiation damage...
131903 - Processing radiation damage...
131903 - Processing radiation damage...
131903 - Processing radiation damage...
131903 - Processing health regeneration...
131903 - Processing radiation damage...
131903 - Processing radiation damage...
131903 - Processing radiation damage...
131903 - Bisquick charged for online missile site.
131903 - Processing radiation damage...
131903 - Processing health regeneration...
131903 - Processing radiation damage...
131903 - Processing radiation damage...
131903 - Processing radiation damage...
131903 - Processing radiation damage...
131903 - Processing health regeneration...
131903 - Processing radiation damage...
131903 - Processing radiation damage...
131913 - Verifying ID BE58DC73B330F9471BF10B4C4CE499DAA8F8A947FCA79AD1D4078CC417A7C0DB.
131913 - (Report -> Admins) Player Bisquick has funky data directory /data/user/0/com.apps.fast.counterforce. Probable emulator.
131913 - Updating Bisquick's location.
131918 - Updating Bisquick's location.
131923 - Updating Bisquick's location.
131928 - Updating Bisquick's location.
131933 - Updating Bisquick's location.
131938 - Bisquick is attempting to launch a missile...
131938 - Creating a missile launch.
131938 - (Event) Bisquick launched DF-5 missile.
131938 - Updating Bisquick's location.
131943 - Updating Bisquick's location.
131948 - Updating Bisquick's location.
131951 - A missile exploded.
131951 - Creating radiation.
131951 - Creating radiation.
131951 - Creating radiation.
131951 - Creating radiation.
131953 - Updating Bisquick's location.
131958 - Updating Bisquick's location.
132003 - Updating Bisquick's location.
132008 - Updating Bisquick's location.
132013 - Updating Bisquick's location.
132018 - Updating Bisquick's location.
132023 - Bisquick is attempting to purchase missiles...
132023 - (Event) Bisquick acquired missiles.
132023 - Updating Bisquick's location.
132027 - Processing radiation damage...
132027 - Processing health regeneration...
132027 - Processing radiation damage...
132027 - Processing radiation damage...
132027 - Processing radiation damage...
132027 - Processing radiation damage...
132027 - Processing health regeneration...
132027 - Processing radiation damage...
132027 - Processing radiation damage...
132027 - Processing radiation damage...
132027 - Bisquick charged for online missile site.
132027 - Processing radiation damage...
132027 - Processing health regeneration...
132027 - Processing radiation damage...
132027 - Processing radiation damage...
132027 - Processing radiation damage...
132027 - Processing radiation damage...
132027 - Processing health regeneration...
132027 - Processing radiation damage...
132027 - Processing radiation damage...
132027 - Processing radiation damage...
132027 - Saving game.
132027 - Processing health regeneration...
132027 - Processing radiation damage...
132027 - Processing radiation damage...
132027 - Processing radiation damage...
132027 - Processing radiation damage...
132027 - Processing health regeneration...
132027 - Processing radiation damage...
132036 - Verifying ID BE58DC73B330F9471BF10B4C4CE499DAA8F8A947FCA79AD1D4078CC417A7C0DB.
132036 - (Report -> Admins) Player Bisquick has funky data directory /data/user/0/com.apps.fast.counterforce. Probable emulator.
132036 - Updating Bisquick's location.
132041 - Updating Bisquick's location.
132046 - Bisquick is attempting to launch a missile...
132046 - Creating a missile launch.
132046 - (Event) Bisquick launched Minuteman-III missile.
132046 - Updating Bisquick's location.
132051 - Updating Bisquick's location.
132056 - Updating Bisquick's location.
132101 - Updating Bisquick's location.
132105 - A missile exploded.
132105 - Creating radiation.
132105 - Creating radiation.
132105 - Creating radiation.
132105 - Creating radiation.
132106 - Updating Bisquick's location.
132111 - Updating Bisquick's location.
132116 - Updating Bisquick's location.
132117 - Processing radiation damage...
132117 - Bisquick is attempting to purchase missiles...
132117 - (Event) Bisquick acquired missiles.
132121 - Updating Bisquick's location.
132122 - Processing radiation damage...
132122 - Bisquick charged for online missile site.
132122 - Processing radiation damage...
132122 - Processing health regeneration...
132122 - Processing radiation damage...
132122 - Processing radiation damage...
132122 - Processing radiation damage...
132122 - Processing radiation damage...
132122 - Processing health regeneration...
132122 - Processing radiation damage...
132122 - Processing radiation damage...
132122 - Processing radiation damage...
132122 - Processing health regeneration...
132122 - Processing radiation damage...
132122 - Processing radiation damage...
132122 - Processing radiation damage...
132122 - Processing radiation damage...
132122 - Processing health regeneration...
132122 - Processing radiation damage...
132122 - Processing radiation damage...
132122 - Processing radiation damage...
132122 - Bisquick charged for online missile site.
132122 - Processing radiation damage...
132122 - Processing health regeneration...
132122 - Processing radiation damage...
132122 - Processing radiation damage...
132122 - Processing radiation damage...
132134 - Verifying ID BE58DC73B330F9471BF10B4C4CE499DAA8F8A947FCA79AD1D4078CC417A7C0DB.
132134 - (Report -> Admins) Player Bisquick has funky data directory /data/user/0/com.apps.fast.counterforce. Probable emulator.
132134 - Updating Bisquick's location.
132139 - Bisquick is attempting to launch a missile...
132139 - Creating a missile launch.
132139 - (Event) Bisquick launched RT-2PM Topol missile.
132139 - Updating Bisquick's location.
132144 - Updating Bisquick's location.
132149 - Updating Bisquick's location.
132154 - Updating Bisquick's location.
132157 - Processing radiation damage...
132159 - Updating Bisquick's location.
132201 - A missile exploded.
132201 - Creating radiation.
132201 - Creating radiation.
132201 - Creating radiation.
132201 - Creating radiation.
132204 - Updating Bisquick's location.
132207 - Processing health regeneration...
132207 - Processing radiation damage...
132207 - Processing radiation damage...
132207 - Processing radiation damage...
132207 - Saving game.
132207 - Processing health regeneration...
132207 - Processing radiation damage...
132216 - Verifying ID BE58DC73B330F9471BF10B4C4CE499DAA8F8A947FCA79AD1D4078CC417A7C0DB.
132216 - (Report -> Admins) Player Bisquick has funky data directory /data/user/0/com.apps.fast.counterforce. Probable emulator.
132217 - Updating Bisquick's location.
132222 - Updating Bisquick's location.
132227 - Updating Bisquick's location.
132517 - Processing radiation damage...
132917 - Processing radiation damage...
133317 - Processing radiation damage...
133617 - Processing health regeneration...
133717 - Processing radiation damage...
133807 - Verifying ID BE58DC73B330F9471BF10B4C4CE499DAA8F8A947FCA79AD1D4078CC417A7C0DB.
134117 - Processing radiation damage...
134517 - Processing radiation damage...
134525 - Bisquick charged for online missile site.
134917 - Processing radiation damage...
135117 - Processing health regeneration...
135317 - Processing radiation damage...
135717 - Processing radiation damage...
135829 - Verifying ID BE58DC73B330F9471BF10B4C4CE499DAA8F8A947FCA79AD1D4078CC417A7C0DB.
140000 - It's a new hour!
140000 - Performing wealth generation...
140000 - Biscuit gets nothing.
140000 - Test gets nothing.
140000 - Bisquick gets nothing.
140117 - Processing radiation damage...
140517 - Processing radiation damage...
140617 - Processing health regeneration...
140917 - Processing radiation damage...
141317 - Processing radiation damage...
141510 - Verifying ID BE58DC73B330F9471BF10B4C4CE499DAA8F8A947FCA79AD1D4078CC417A7C0DB.
141528 - Verifying ID BE58DC73B330F9471BF10B4C4CE499DAA8F8A947FCA79AD1D4078CC417A7C0DB.
141528 - (Report -> Admins) Player Bisquick has funky data directory /data/user/0/com.apps.fast.counterforce. Probable emulator.
141533 - Updating Bisquick's location.
141538 - Updating Bisquick's location.
141539 - Bisquick is attempting to purchase missiles...
141539 - (Event) Bisquick acquired missiles.
141543 - Updating Bisquick's location.
141717 - Processing radiation damage...
142117 - Processing health regeneration...
142117 - Processing radiation damage...
142517 - Processing radiation damage...
142917 - Processing radiation damage...
143053 - Verifying ID BE58DC73B330F9471BF10B4C4CE499DAA8F8A947FCA79AD1D4078CC417A7C0DB.
143119 - Verifying ID BE58DC73B330F9471BF10B4C4CE499DAA8F8A947FCA79AD1D4078CC417A7C0DB.
143119 - (Report -> Admins) Player Bisquick has funky data directory /data/user/0/com.apps.fast.counterforce. Probable emulator.
143125 - Updating Bisquick's location.
143130 - Updating Bisquick's location.
143135 - Updating Bisquick's location.
143140 - Updating Bisquick's location.
143145 - Updating Bisquick's location.
143150 - Updating Bisquick's location.
143155 - Updating Bisquick's location.
143200 - Updating Bisquick's location.
143205 - Updating Bisquick's location.
143210 - Updating Bisquick's location.
143215 - Updating Bisquick's location.
143220 - Updating Bisquick's location.
143224 - Processing radiation damage...
143224 - Processing health regeneration...
143224 - Processing radiation damage...
143224 - Processing radiation damage...
143224 - Processing radiation damage...
143224 - Bisquick charged for online missile site.
143224 - Processing radiation damage...
143224 - Processing health regeneration...
143224 - Processing radiation damage...
143224 - Processing radiation damage...
143224 - Processing radiation damage...
143224 - Processing radiation damage...
143224 - Processing health regeneration...
143224 - Processing radiation damage...
143224 - Processing radiation damage...
143224 - Processing radiation damage...
143224 - Saving game.
143224 - Processing health regeneration...
143224 - Processing radiation damage...
143224 - Processing radiation damage...
143224 - Processing radiation damage...
143224 - Processing radiation damage...
143224 - Processing health regeneration...
143224 - Processing radiation damage...
143224 - Processing radiation damage...
143224 - Processing radiation damage...
143224 - Bisquick charged for online missile site.
143224 - Processing radiation damage...
143224 - Processing health regeneration...
143224 - Processing radiation damage...
143232 - Verifying ID BE58DC73B330F9471BF10B4C4CE499DAA8F8A947FCA79AD1D4078CC417A7C0DB.
143232 - (Report -> Admins) Player Bisquick has funky data directory /data/user/0/com.apps.fast.counterforce. Probable emulator.
143233 - Updating Bisquick's location.
143238 - Updating Bisquick's location.
143243 - Updating Bisquick's location.
143248 - Updating Bisquick's location.
143253 - Updating Bisquick's location.
143258 - Updating Bisquick's location.
143303 - Updating Bisquick's location.
143305 - Bisquick is attempting to launch a missile...
143305 - Creating a missile launch.
143305 - (Event) Bisquick launched DF-5 missile.
143308 - Updating Bisquick's location.
143313 - Updating Bisquick's location.
143318 - Updating Bisquick's location.
143323 - Updating Bisquick's location.
143328 - Updating Bisquick's location.
143331 - A missile exploded.
143331 - Creating radiation.
143331 - Creating radiation.
143331 - Creating radiation.
143331 - Creating radiation.
143333 - Updating Bisquick's location.
143338 - Updating Bisquick's location.
143343 - Updating Bisquick's location.
143348 - Updating Bisquick's location.
143353 - Updating Bisquick's location.
143357 - Processing radiation damage...
143358 - Updating Bisquick's location.
143401 - Bisquick is attempting to purchase missiles...
143401 - (Event) Bisquick acquired missiles.
143403 - Updating Bisquick's location.
143408 - Updating Bisquick's location.
143420 - Verifying ID BE58DC73B330F9471BF10B4C4CE499DAA8F8A947FCA79AD1D4078CC417A7C0DB.
143420 - (Report -> Admins) Player Bisquick has funky data directory /data/user/0/com.apps.fast.counterforce. Probable emulator.
143421 - Updating Bisquick's location.
143426 - Updating Bisquick's location.
143430 - Processing radiation damage...
143430 - Processing radiation damage...
143430 - Processing health regeneration...
143430 - Processing radiation damage...
143430 - Processing radiation damage...
143430 - Processing radiation damage...
143430 - Processing health regeneration...
143430 - Processing radiation damage...
143430 - Processing radiation damage...
143430 - Processing radiation damage...
143430 - Processing radiation damage...
143430 - Processing health regeneration...
143430 - Processing radiation damage...
143430 - Processing radiation damage...
143430 - Processing radiation damage...
143430 - Bisquick charged for online missile site.
143430 - Processing radiation damage...
143430 - Processing health regeneration...
143430 - Processing radiation damage...
143430 - Processing radiation damage...
143430 - Processing radiation damage...
143430 - Processing radiation damage...
143430 - Processing health regeneration...
143430 - Processing radiation damage...
143430 - Processing radiation damage...
143430 - Processing radiation damage...
143430 - Saving game.
143430 - Processing health regeneration...
143430 - Processing radiation damage...
143438 - Verifying ID BE58DC73B330F9471BF10B4C4CE499DAA8F8A947FCA79AD1D4078CC417A7C0DB.
143438 - (Report -> Admins) Player Bisquick has funky data directory /data/user/0/com.apps.fast.counterforce. Probable emulator.
143439 - Updating Bisquick's location.
143443 - Updating Bisquick's location.
143445 - Bisquick is attempting to launch a missile...
143445 - Creating a missile launch.
143445 - (Event) Bisquick launched DF-5 missile.
143448 - Updating Bisquick's location.
143449 - Bisquick is attempting to purchase missiles...
143449 - (Event) Bisquick acquired missiles.
143453 - Updating Bisquick's location.
143454 - A missile exploded.
143454 - Creating radiation.
143454 - Creating radiation.
143454 - Creating radiation.
143454 - Creating radiation.
143454 - Processing radiation damage...
143454 - Processing radiation damage...
143454 - Processing radiation damage...
143454 - Processing health regeneration...
143454 - Processing radiation damage...
143454 - Processing radiation damage...
143454 - Processing radiation damage...
143454 - Bisquick charged for online missile site.
143454 - Processing radiation damage...
143454 - Processing health regeneration...
143454 - Processing radiation damage...
143454 - Processing radiation damage...
143454 - Processing radiation damage...
143454 - Processing radiation damage...
143454 - Processing health regeneration...
143454 - Processing radiation damage...
143454 - Processing radiation damage...
143454 - Processing radiation damage...
143454 - Processing health regeneration...
143454 - Processing radiation damage...
143454 - Processing radiation damage...
143454 - Processing radiation damage...
143454 - Processing radiation damage...
143454 - Processing health regeneration...
143454 - Processing radiation damage...
143454 - Processing radiation damage...
143454 - Processing radiation damage...
143454 - Bisquick charged for online missile site.
143506 - Verifying ID BE58DC73B330F9471BF10B4C4CE499DAA8F8A947FCA79AD1D4078CC417A7C0DB.
143506 - (Report -> Admins) Player Bisquick has funky data directory /data/user/0/com.apps.fast.counterforce. Probable emulator.
143506 - Updating Bisquick's location.
143511 - Updating Bisquick's location.
143516 - Updating Bisquick's location.
143518 - Bisquick is attempting to launch a missile...
143518 - Creating a missile launch.
143518 - (Report -> Biscuit) Bisquick attacked you!
143518 - (Report -> Test) Bisquick attacked you!
143518 - (Report -> Bisquick) Bisquick attacked you!
143518 - (Event) Bisquick launched DF-5 missile.
143521 - Updating Bisquick's location.
143523 - A missile exploded.
143523 - Creating radiation.
143523 - Creating radiation.
143523 - Creating radiation.
143523 - Creating radiation.
143526 - Updating Bisquick's location.
143531 - Updating Bisquick's location.
143544 - Verifying ID BE58DC73B330F9471BF10B4C4CE499DAA8F8A947FCA79AD1D4078CC417A7C0DB.
143544 - (Report -> Admins) Player Bisquick has funky data directory /data/user/0/com.apps.fast.counterforce. Probable emulator.
143544 - Updating Bisquick's location.
143549 - Updating Bisquick's location.
143554 - Updating Bisquick's location.
143559 - Updating Bisquick's location.
143604 - Updating Bisquick's location.
143609 - Updating Bisquick's location.
143614 - Updating Bisquick's location.
143619 - Updating Bisquick's location.
143624 - Updating Bisquick's location.
143629 - Updating Bisquick's location.
143634 - Updating Bisquick's location.
143639 - Updating Bisquick's location.
143644 - Updating Bisquick's location.
143647 - Processing radiation damage...
143647 - Biscuit damaged a bit.
143647 - Bisquick damaged a bit.
143649 - Updating Bisquick's location.
143654 - Updating Bisquick's location.
143659 - Updating Bisquick's location.
143704 - Updating Bisquick's location.
143709 - Updating Bisquick's location.
143714 - Updating Bisquick's location.
143719 - Updating Bisquick's location.
143724 - Updating Bisquick's location.
143729 - Updating Bisquick's location.
143734 - Updating Bisquick's location.
143739 - Updating Bisquick's location.
143744 - Updating Bisquick's location.
143749 - Updating Bisquick's location.
143754 - Updating Bisquick's location.
143759 - Updating Bisquick's location.
143804 - Updating Bisquick's location.
143809 - Updating Bisquick's location.
143814 - Updating Bisquick's location.
143819 - Updating Bisquick's location.
143824 - Updating Bisquick's location.
143829 - Updating Bisquick's location.
143834 - Updating Bisquick's location.
143839 - Updating Bisquick's location.
143844 - Updating Bisquick's location.
143847 - Processing health regeneration...
143849 - Updating Bisquick's location.
143854 - Updating Bisquick's location.
143859 - Updating Bisquick's location.
143904 - Updating Bisquick's location.
143909 - Updating Bisquick's location.
143914 - Updating Bisquick's location.
143919 - Updating Bisquick's location.
143924 - Updating Bisquick's location.
143929 - Updating Bisquick's location.
143934 - Updating Bisquick's location.
143939 - Updating Bisquick's location.
143944 - Updating Bisquick's location.
143949 - Updating Bisquick's location.
143954 - Updating Bisquick's location.
143959 - Updating Bisquick's location.
144004 - Updating Bisquick's location.
144009 - Updating Bisquick's location.
144014 - Updating Bisquick's location.
144019 - Updating Bisquick's location.
144024 - Updating Bisquick's location.
144030 - Updating Bisquick's location.
144034 - Updating Bisquick's location.
144039 - Updating Bisquick's location.
144044 - Updating Bisquick's location.
144047 - Processing radiation damage...
144047 - Biscuit damaged a bit.
144047 - Bisquick damaged a bit.
144050 - Updating Bisquick's location.
144054 - Updating Bisquick's location.
144059 - Updating Bisquick's location.
144104 - Updating Bisquick's location.
144109 - Updating Bisquick's location.
144114 - Updating Bisquick's location.
144119 - Updating Bisquick's location.
144124 - Updating Bisquick's location.
144129 - Updating Bisquick's location.
144134 - Updating Bisquick's location.
144139 - Updating Bisquick's location.
144144 - Updating Bisquick's location.
144149 - Updating Bisquick's location.
144154 - Updating Bisquick's location.
144159 - Updating Bisquick's location.
144204 - Updating Bisquick's location.
144209 - Updating Bisquick's location.
144214 - Updating Bisquick's location.
144219 - Updating Bisquick's location.
144224 - Updating Bisquick's location.
144229 - Updating Bisquick's location.
144234 - Updating Bisquick's location.
144239 - Updating Bisquick's location.
144244 - Updating Bisquick's location.
144249 - Updating Bisquick's location.
144254 - Updating Bisquick's location.
144259 - Updating Bisquick's location.
144304 - Updating Bisquick's location.
144309 - Updating Bisquick's location.
144314 - Updating Bisquick's location.
144319 - Updating Bisquick's location.
144324 - Updating Bisquick's location.
144329 - Updating Bisquick's location.
144334 - Updating Bisquick's location.
144339 - Updating Bisquick's location.
144344 - Updating Bisquick's location.
144349 - Updating Bisquick's location.
144354 - Updating Bisquick's location.
144359 - Updating Bisquick's location.
144404 - Updating Bisquick's location.
144409 - Updating Bisquick's location.
144415 - Updating Bisquick's location.
144419 - Updating Bisquick's location.
144424 - Updating Bisquick's location.
144429 - Updating Bisquick's location.
144434 - Updating Bisquick's location.
144439 - Updating Bisquick's location.
144444 - Updating Bisquick's location.
144447 - Processing radiation damage...
144447 - Biscuit damaged a bit.
144447 - Bisquick damaged a bit.
144449 - Updating Bisquick's location.
144454 - Updating Bisquick's location.
144459 - Updating Bisquick's location.
144504 - Updating Bisquick's location.
144509 - Updating Bisquick's location.
144514 - Updating Bisquick's location.
144519 - Updating Bisquick's location.
144524 - Updating Bisquick's location.
144529 - Updating Bisquick's location.
144535 - Updating Bisquick's location.
144539 - Updating Bisquick's location.
144544 - Updating Bisquick's location.
144549 - Updating Bisquick's location.
144555 - Updating Bisquick's location.
144559 - Updating Bisquick's location.
144604 - Updating Bisquick's location.
144609 - Updating Bisquick's location.
144615 - Updating Bisquick's location.
144619 - Updating Bisquick's location.
144624 - Updating Bisquick's location.
144629 - Updating Bisquick's location.
144634 - Updating Bisquick's location.
144639 - Updating Bisquick's location.
144644 - Updating Bisquick's location.
144649 - Updating Bisquick's location.
144654 - Updating Bisquick's location.
144659 - Updating Bisquick's location.
144704 - Updating Bisquick's location.
144709 - Updating Bisquick's location.
144714 - Updating Bisquick's location.
144719 - Updating Bisquick's location.
144724 - Updating Bisquick's location.
144729 - Updating Bisquick's location.
144734 - Updating Bisquick's location.
144739 - Updating Bisquick's location.
144744 - Updating Bisquick's location.
144749 - Updating Bisquick's location.
144754 - Updating Bisquick's location.
144759 - Updating Bisquick's location.
144804 - Updating Bisquick's location.
144809 - Updating Bisquick's location.
144814 - Updating Bisquick's location.
144819 - Updating Bisquick's location.
144824 - Updating Bisquick's location.
144830 - Updating Bisquick's location.
144834 - Updating Bisquick's location.
144839 - Updating Bisquick's location.
144844 - Updating Bisquick's location.
144847 - Processing radiation damage...
144847 - Biscuit damaged a bit.
144847 - Bisquick damaged a bit.
144849 - Updating Bisquick's location.
144854 - Updating Bisquick's location.
144859 - Updating Bisquick's location.
144904 - Updating Bisquick's location.
144909 - Updating Bisquick's location.
144914 - Updating Bisquick's location.
144919 - Updating Bisquick's location.
144924 - Updating Bisquick's location.
144929 - Updating Bisquick's location.
144934 - Updating Bisquick's location.
144939 - Updating Bisquick's location.
144944 - Updating Bisquick's location.
144949 - Updating Bisquick's location.
144954 - Updating Bisquick's location.
144959 - Updating Bisquick's location.
145004 - Updating Bisquick's location.
145010 - Updating Bisquick's location.
145014 - Updating Bisquick's location.
145019 - Updating Bisquick's location.
145024 - Updating Bisquick's location.
145029 - Updating Bisquick's location.
145247 - Processing radiation damage...
145247 - Biscuit damaged a bit.
145247 - Bisquick damaged a bit.
145347 - Processing health regeneration...
145639 - Verifying ID BE58DC73B330F9471BF10B4C4CE499DAA8F8A947FCA79AD1D4078CC417A7C0DB.
145647 - Processing radiation damage...
145647 - Biscuit damaged a bit.
145647 - Bisquick damaged a bit.
150000 - It's a new hour!
150000 - Performing wealth generation...
150000 - Biscuit gets nothing.
150000 - Test gets nothing.
150000 - Bisquick gets nothing.
150047 - Processing radiation damage...
150047 - Biscuit damaged a bit.
150047 - Bisquick damaged a bit.
150447 - Processing radiation damage...
150447 - Biscuit damaged a bit.
150447 - Bisquick damaged a bit.
150813 - Verifying ID BE58DC73B330F9471BF10B4C4CE499DAA8F8A947FCA79AD1D4078CC417A7C0DB.
150846 - Saving game.
150847 - Processing health regeneration...
150847 - Processing radiation damage...
150847 - Biscuit damaged a bit.
150847 - Bisquick damaged a bit.
151222 - Verifying ID BE58DC73B330F9471BF10B4C4CE499DAA8F8A947FCA79AD1D4078CC417A7C0DB.
151222 - (Report -> Admins) Player Bisquick has funky data directory /data/user/0/com.apps.fast.counterforce. Probable emulator.
151223 - Updating Bisquick's location.
151228 - Updating Bisquick's location.
151233 - Updating Bisquick's location.
151238 - Updating Bisquick's location.
151243 - Updating Bisquick's location.
151247 - Processing radiation damage...
151247 - Biscuit damaged a bit.
151247 - Bisquick damaged a bit.
151248 - Updating Bisquick's location.
151253 - Updating Bisquick's location.
151258 - Updating Bisquick's location.
151303 - Updating Bisquick's location.
151308 - Updating Bisquick's location.
151313 - Updating Bisquick's location.
151318 - Updating Bisquick's location.
151323 - Updating Bisquick's location.
151328 - Updating Bisquick's location.
151333 - Updating Bisquick's location.
151338 - Updating Bisquick's location.
151343 - Updating Bisquick's location.
151348 - Updating Bisquick's location.
151353 - Updating Bisquick's location.
151358 - Updating Bisquick's location.
151403 - Updating Bisquick's location.
151408 - Updating Bisquick's location.
151413 - Updating Bisquick's location.
151418 - Updating Bisquick's location.
151423 - Updating Bisquick's location.
151428 - Updating Bisquick's location.
151433 - Updating Bisquick's location.
151438 - Updating Bisquick's location.
151443 - Updating Bisquick's location.
151448 - Updating Bisquick's location.
151453 - Updating Bisquick's location.
151647 - Processing radiation damage...
151647 - Biscuit damaged a bit.
151647 - Bisquick damaged a bit.
152047 - Processing radiation damage...
152047 - Biscuit damaged a bit.
152047 - Bisquick damaged a bit.
152347 - Processing health regeneration...
152447 - Processing radiation damage...
152447 - Biscuit damaged a bit.
152447 - Bisquick damaged a bit.
152731 - Saving game.
152737 - Shutting down.
152737 - Saving game.
152737 - Stopping service tasks.
152918 - Starting services...
152918 - ...Started.
152918 - Processing health regeneration...
152918 - Processing radiation damage...
152918 - Biscuit damaged a bit.
152918 - Biscuit damaged a bit.
152918 - Test damaged a bit.
152918 - Test damaged a bit.
152918 - Bisquick damaged a bit.
152918 - Bisquick damaged a bit.
152931 - Verifying ID BE58DC73B330F9471BF10B4C4CE499DAA8F8A947FCA79AD1D4078CC417A7C0DB.
152932 - Verifying ID BE58DC73B330F9471BF10B4C4CE499DAA8F8A947FCA79AD1D4078CC417A7C0DB.
152932 - (Report -> Admins) Player Bisquick has funky data directory /data/user/0/com.apps.fast.counterforce. Probable emulator.
152934 - Updating Bisquick's location.
152934 - Performed multiaccounting check for Bisquick
152939 - Updating Bisquick's location.
152944 - Updating Bisquick's location.
152949 - Updating Bisquick's location.
152954 - Updating Bisquick's location.
152959 - Updating Bisquick's location.
153004 - Updating Bisquick's location.
153009 - Updating Bisquick's location.
153014 - Updating Bisquick's location.
153019 - Updating Bisquick's location.
153024 - Updating Bisquick's location.
153029 - Updating Bisquick's location.
153034 - Updating Bisquick's location.
153039 - Updating Bisquick's location.
153044 - Updating Bisquick's location.
153049 - Updating Bisquick's location.
153054 - Updating Bisquick's location.
153059 - Updating Bisquick's location.
153104 - Updating Bisquick's location.
153109 - Updating Bisquick's location.
153114 - Updating Bisquick's location.
153119 - Updating Bisquick's location.
153124 - Updating Bisquick's location.
153129 - Updating Bisquick's location.
153134 - Updating Bisquick's location.
153139 - Updating Bisquick's location.
153144 - Updating Bisquick's location.
153149 - Updating Bisquick's location.
153154 - Updating Bisquick's location.
153159 - Updating Bisquick's location.
153204 - Updating Bisquick's location.
153209 - Updating Bisquick's location.
153214 - Updating Bisquick's location.
153219 - Updating Bisquick's location.
153224 - Updating Bisquick's location.
153229 - Updating Bisquick's location.
153234 - Updating Bisquick's location.
153239 - Updating Bisquick's location.
153244 - Updating Bisquick's location.
153249 - Updating Bisquick's location.
153254 - Updating Bisquick's location.
153259 - Updating Bisquick's location.
153304 - Updating Bisquick's location.
153309 - Updating Bisquick's location.
153314 - Updating Bisquick's location.
153318 - Processing radiation damage...
153318 - Biscuit damaged a bit.
153318 - Biscuit damaged a bit.
153318 - Test damaged a bit.
153318 - Test damaged a bit.
153318 - Bisquick damaged a bit.
153318 - Bisquick damaged a bit.
153319 - Updating Bisquick's location.
153324 - Updating Bisquick's location.
153329 - Updating Bisquick's location.
153334 - Updating Bisquick's location.
153339 - Updating Bisquick's location.
153344 - Updating Bisquick's location.
153349 - Updating Bisquick's location.
153354 - Updating Bisquick's location.
153359 - Updating Bisquick's location.
153404 - Updating Bisquick's location.
153409 - Updating Bisquick's location.
153414 - Updating Bisquick's location.
153419 - Updating Bisquick's location.
153424 - Updating Bisquick's location.
153429 - Updating Bisquick's location.
153434 - Updating Bisquick's location.
153435 - Bisquick charged for online missile site.
153439 - Updating Bisquick's location.
153444 - Updating Bisquick's location.
153449 - Updating Bisquick's location.
153454 - Updating Bisquick's location.
153455 - Bisquick is attempting to purchase missiles...
153455 - (Event) Bisquick acquired missiles.
153459 - Updating Bisquick's location.
153503 - Processing radiation damage...
153503 - Biscuit damaged a bit.
153503 - Biscuit damaged a bit.
153503 - Test damaged a bit.
153503 - Test damaged a bit.
153503 - Bisquick damaged a bit.
153503 - Bisquick damaged a bit.
153503 - Processing radiation damage...
153503 - Biscuit damaged a bit.
153503 - Biscuit damaged a bit.
153503 - Test damaged a bit.
153503 - Test damaged a bit.
153503 - Bisquick damaged a bit.
153503 - Bisquick damaged a bit.
153503 - Processing health regeneration...
153503 - Test healed a bit.
153503 - Processing radiation damage...
153503 - Biscuit damaged a bit.
153503 - Biscuit damaged a bit.
153503 - Test damaged a bit.
153503 - Test damaged a bit.
153503 - Bisquick damaged a bit.
153503 - Bisquick damaged a bit.
153503 - Processing radiation damage...
153503 - Biscuit damaged a bit.
153503 - Biscuit damaged a bit.
153503 - Test damaged a bit.
153503 - Test damaged a bit.
153503 - Bisquick damaged a bit.
153503 - Bisquick damaged a bit.
153503 - Processing radiation damage...
153503 - Biscuit damaged a bit.
153503 - Biscuit damaged a bit.
153503 - Test damaged a bit.
153503 - Test damaged a bit.
153503 - Processing radiation damage...
153503 - Biscuit damaged a bit.
153503 - Bisquick damaged a bit.
153503 - Bisquick damaged a bit.
153503 - Biscuit damaged a bit.
153503 - Test damaged a bit.
153503 - Test damaged a bit.
153503 - Bisquick damaged a bit.
153503 - Bisquick damaged a bit.
153503 - Processing radiation damage...
153503 - Biscuit damaged a bit.
153503 - Biscuit damaged a bit.
153504 - Test damaged a bit.
153504 - Test damaged a bit.
153504 - Bisquick damaged a bit.
153504 - Bisquick damaged a bit.
153504 - Processing health regeneration...
153504 - Test healed a bit.
153504 - Processing radiation damage...
153504 - Biscuit damaged a bit.
153504 - Biscuit damaged a bit.
153504 - Test damaged a bit.
153504 - Test damaged a bit.
153504 - Bisquick damaged a bit.
153504 - Bisquick damaged a bit.
153504 - Processing radiation damage...
153504 - Biscuit damaged a bit.
153504 - Biscuit damaged a bit.
153504 - Test damaged a bit.
153504 - Test damaged a bit.
153504 - Bisquick damaged a bit.
153504 - Bisquick damaged a bit.
153504 - Processing radiation damage...
153504 - Biscuit damaged a bit.
153504 - Biscuit damaged a bit.
153504 - Test damaged a bit.
153504 - Test damaged a bit.
153504 - Bisquick damaged a bit.
153504 - Bisquick damaged a bit.
153504 - Processing radiation damage...
153504 - Biscuit damaged a bit.
153504 - Biscuit damaged a bit.
153504 - Test damaged a bit.
153504 - Test damaged a bit.
153504 - Bisquick damaged a bit.
153504 - Bisquick damaged a bit.
153504 - Processing health regeneration...
153504 - Test healed a bit.
153504 - Processing radiation damage...
153504 - Biscuit damaged a bit.
153504 - Biscuit damaged a bit.
153504 - Test damaged a bit.
153504 - Test damaged a bit.
153504 - Bisquick damaged a bit.
153504 - Bisquick damaged a bit.
153504 - Processing radiation damage...
153504 - Biscuit damaged a bit.
153504 - Biscuit damaged a bit.
153504 - Test damaged a bit.
153504 - Test damaged a bit.
153504 - Bisquick damaged a bit.
153504 - Bisquick damaged a bit.
153504 - Processing radiation damage...
153504 - Biscuit damaged a bit.
153504 - Biscuit damaged a bit.
153504 - Test damaged a bit.
153504 - Test damaged a bit.
153504 - Bisquick damaged a bit.
153504 - Bisquick damaged a bit.
153504 - Processing health regeneration...
153504 - Test healed a bit.
153504 - Processing radiation damage...
153504 - Biscuit damaged a bit.
153504 - Biscuit damaged a bit.
153504 - Test damaged a bit.
153504 - Test damaged a bit.
153504 - Bisquick damaged a bit.
153504 - Bisquick damaged a bit.
153504 - Processing radiation damage...
153504 - Biscuit damaged a bit.
153504 - Biscuit damaged a bit.
153504 - Test damaged a bit.
153504 - Test damaged a bit.
153504 - Bisquick damaged a bit.
153504 - Bisquick damaged a bit.
153504 - Bisquick charged for online missile site.
153504 - Processing radiation damage...
153504 - Biscuit damaged a bit.
153504 - Biscuit damaged a bit.
153504 - Test damaged a bit.
153504 - Test damaged a bit.
153504 - Bisquick damaged a bit.
153504 - Bisquick damaged a bit.
153504 - Processing radiation damage...
153504 - Biscuit damaged a bit.
153504 - Biscuit damaged a bit.
153504 - Test damaged a bit.
153504 - Test damaged a bit.
153504 - Bisquick damaged a bit.
153504 - Bisquick damaged a bit.
153504 - Processing health regeneration...
153504 - Test healed a bit.
153504 - Processing radiation damage...
153504 - Biscuit damaged a bit.
153504 - Biscuit damaged a bit.
153504 - Test damaged a bit.
153504 - Test damaged a bit.
153504 - Bisquick damaged a bit.
153504 - Bisquick damaged a bit.
153504 - Processing radiation damage...
153504 - Biscuit damaged a bit.
153504 - Biscuit damaged a bit.
153504 - Test damaged a bit.
153504 - Test damaged a bit.
153504 - Bisquick damaged a bit.
153504 - Bisquick damaged a bit.
153504 - Processing radiation damage...
153504 - Biscuit damaged a bit.
153504 - Biscuit damaged a bit.
153504 - Test damaged a bit.
153504 - Test damaged a bit.
153504 - Bisquick damaged a bit.
153504 - Bisquick damaged a bit.
153504 - Processing radiation damage...
153504 - Biscuit damaged a bit.
153504 - Biscuit damaged a bit.
153504 - Test damaged a bit.
153504 - Test damaged a bit.
153504 - Bisquick damaged a bit.
153504 - Bisquick damaged a bit.
153511 - Verifying ID BE58DC73B330F9471BF10B4C4CE499DAA8F8A947FCA79AD1D4078CC417A7C0DB.
153511 - (Report -> Admins) Player Bisquick has funky data directory /data/user/0/com.apps.fast.counterforce. Probable emulator.
153512 - Updating Bisquick's location.
153517 - Updating Bisquick's location.
153522 - Updating Bisquick's location.
153526 - Updating Bisquick's location.
153532 - Updating Bisquick's location.
153535 - Bisquick is attempting to launch a missile...
153535 - Creating a missile launch.
153535 - (Event) Bisquick launched RT-2PM Topol missile.
153537 - Updating Bisquick's location.
153542 - Updating Bisquick's location.
153546 - Updating Bisquick's location.
153551 - Updating Bisquick's location.
153557 - Updating Bisquick's location.
153558 - Processing health regeneration...
153558 - Test healed a bit.
153602 - Updating Bisquick's location.
153607 - Updating Bisquick's location.
153612 - Updating Bisquick's location.
153617 - Updating Bisquick's location.
153622 - Updating Bisquick's location.
153622 - Bisquick is attempting to purchase missiles...
153622 - (Event) Bisquick acquired missiles.
153624 - A missile exploded.
153624 - Creating radiation.
153624 - Creating radiation.
153624 - Creating radiation.
153624 - Creating radiation.
153627 - Updating Bisquick's location.
153632 - Updating Bisquick's location.
153633 - Processing radiation damage...
153633 - Biscuit damaged a bit.
153633 - Biscuit damaged a bit.
153633 - Test damaged a bit.
153633 - Test damaged a bit.
153633 - Bisquick damaged a bit.
153633 - Bisquick damaged a bit.
153633 - Processing radiation damage...
153633 - Biscuit damaged a bit.
153633 - Biscuit damaged a bit.
153633 - Test damaged a bit.
153633 - Test damaged a bit.
153633 - Bisquick damaged a bit.
153633 - Bisquick damaged a bit.
153633 - Processing radiation damage...
153633 - Biscuit damaged a bit.
153633 - Biscuit damaged a bit.
153633 - Test damaged a bit.
153633 - Test damaged a bit.
153633 - Bisquick damaged a bit.
153633 - Bisquick damaged a bit.
153633 - Processing radiation damage...
153633 - Biscuit damaged a bit.
153633 - Biscuit damaged a bit.
153633 - Test damaged a bit.
153633 - Test damaged a bit.
153633 - Bisquick damaged a bit.
153633 - Bisquick damaged a bit.
153633 - Processing health regeneration...
153633 - Test healed a bit.
153633 - Processing radiation damage...
153633 - Biscuit damaged a bit.
153633 - Biscuit damaged a bit.
153633 - Test damaged a bit.
153633 - Test damaged a bit.
153633 - Bisquick damaged a bit.
153633 - Bisquick damaged a bit.
153633 - Processing radiation damage...
153633 - Biscuit damaged a bit.
153633 - Biscuit damaged a bit.
153633 - Test damaged a bit.
153633 - Test damaged a bit.
153633 - Bisquick damaged a bit.
153633 - Bisquick damaged a bit.
153633 - Processing radiation damage...
153633 - Biscuit damaged a bit.
153633 - Biscuit damaged a bit.
153633 - Test damaged a bit.
153633 - Test damaged a bit.
153633 - Bisquick damaged a bit.
153633 - Bisquick damaged a bit.
153633 - Saving game.
153633 - Processing health regeneration...
153633 - Test healed a bit.
153633 - Saving game.
153634 - Processing radiation damage...
153634 - Biscuit damaged a bit.
153634 - Biscuit damaged a bit.
153634 - Test damaged a bit.
153634 - Test damaged a bit.
153634 - Bisquick damaged a bit.
153634 - Bisquick damaged a bit.
153634 - Processing radiation damage...
153634 - Biscuit damaged a bit.
153634 - Biscuit damaged a bit.
153634 - Test damaged a bit.
153634 - Test damaged a bit.
153634 - Bisquick damaged a bit.
153634 - Bisquick damaged a bit.
153634 - Bisquick charged for online missile site.
153634 - Processing radiation damage...
153634 - Biscuit damaged a bit.
153634 - Biscuit damaged a bit.
153634 - Test damaged a bit.
153634 - Test damaged a bit.
153634 - Bisquick damaged a bit.
153634 - Bisquick damaged a bit.
153634 - Processing radiation damage...
153634 - Biscuit damaged a bit.
153635 - Biscuit damaged a bit.
153635 - Test damaged a bit.
153635 - Test damaged a bit.
153635 - Bisquick damaged a bit.
153635 - Bisquick damaged a bit.
153635 - Processing health regeneration...
153635 - Test healed a bit.
153635 - Processing radiation damage...
153635 - Biscuit damaged a bit.
153635 - Biscuit damaged a bit.
153635 - Test damaged a bit.
153635 - Test damaged a bit.
153635 - Bisquick damaged a bit.
153635 - Bisquick damaged a bit.
153635 - Processing radiation damage...
153635 - Biscuit damaged a bit.
153635 - Biscuit damaged a bit.
153635 - Test damaged a bit.
153635 - Test damaged a bit.
153635 - Bisquick damaged a bit.
153635 - Bisquick damaged a bit.
153635 - Processing radiation damage...
153635 - Biscuit damaged a bit.
153635 - Biscuit damaged a bit.
153635 - Test damaged a bit.
153635 - Test damaged a bit.
153635 - Bisquick damaged a bit.
153635 - Bisquick damaged a bit.
153635 - Processing radiation damage...
153635 - Biscuit damaged a bit.
153635 - Biscuit damaged a bit.
153635 - Test damaged a bit.
153635 - Test damaged a bit.
153635 - Bisquick damaged a bit.
153635 - Bisquick damaged a bit.
153635 - Processing health regeneration...
153635 - Test healed a bit.
153635 - Processing radiation damage...
153635 - Biscuit damaged a bit.
153635 - Biscuit damaged a bit.
153635 - Test damaged a bit.
153635 - Test damaged a bit.
153635 - Bisquick damaged a bit.
153635 - Bisquick damaged a bit.
153635 - Processing radiation damage...
153635 - Biscuit damaged a bit.
153635 - Biscuit damaged a bit.
153635 - Test damaged a bit.
153635 - Test damaged a bit.
153635 - Bisquick damaged a bit.
153635 - Bisquick damaged a bit.
153635 - Processing radiation damage...
153635 - Biscuit damaged a bit.
153635 - Biscuit damaged a bit.
153635 - Test damaged a bit.
153635 - Test damaged a bit.
153635 - Bisquick damaged a bit.
153635 - Bisquick damaged a bit.
153635 - Processing radiation damage...
153635 - Biscuit damaged a bit.
153635 - Biscuit damaged a bit.
153635 - Test damaged a bit.
153635 - Test damaged a bit.
153635 - Bisquick damaged a bit.
153635 - Bisquick damaged a bit.
153635 - Processing health regeneration...
153635 - Test healed a bit.
153635 - Processing radiation damage...
153635 - Biscuit damaged a bit.
153635 - Biscuit damaged a bit.
153635 - Test damaged a bit.
153635 - Test damaged a bit.
153635 - Bisquick damaged a bit.
153635 - Bisquick damaged a bit.
153635 - Processing radiation damage...
153635 - Biscuit damaged a bit.
153635 - Biscuit damaged a bit.
153635 - Test damaged a bit.
153635 - Test damaged a bit.
153635 - Bisquick damaged a bit.
153635 - Bisquick damaged a bit.
153644 - Verifying ID BE58DC73B330F9471BF10B4C4CE499DAA8F8A947FCA79AD1D4078CC417A7C0DB.
153644 - (Report -> Admins) Player Bisquick has funky data directory /data/user/0/com.apps.fast.counterforce. Probable emulator.
153644 - Updating Bisquick's location.
153650 - Updating Bisquick's location.
153655 - Updating Bisquick's location.
153659 - Updating Bisquick's location.
153704 - Updating Bisquick's location.
153709 - Updating Bisquick's location.
153714 - Updating Bisquick's location.
153719 - Updating Bisquick's location.
153724 - Updating Bisquick's location.
153730 - Updating Bisquick's location.
153731 - Bisquick is attempting to launch a missile...
153731 - Creating a missile launch.
153731 - (Event) Bisquick launched RT-2PM Topol missile.
153734 - Updating Bisquick's location.
153739 - Updating Bisquick's location.
153740 - Bisquick is attempting to purchase missiles...
153740 - (Event) Bisquick acquired missiles.
153743 - A missile exploded.
153743 - Creating radiation.
153743 - Creating radiation.
153743 - Creating radiation.
153743 - Creating radiation.
153744 - Updating Bisquick's location.
153750 - Updating Bisquick's location.
153752 - Processing radiation damage...
153752 - Biscuit damaged a bit.
153752 - Biscuit damaged a bit.
153752 - Test damaged a bit.
153752 - Test damaged a bit.
153752 - Bisquick damaged a bit.
153752 - Bisquick damaged a bit.
153754 - Updating Bisquick's location.
153759 - Processing radiation damage...
153759 - Biscuit damaged a bit.
153759 - Biscuit damaged a bit.
153759 - Test damaged a bit.
153759 - Test damaged a bit.
153759 - Bisquick damaged a bit.
153759 - Bisquick damaged a bit.
153759 - Processing health regeneration...
153759 - Test healed a bit.
153759 - Processing radiation damage...
153759 - Biscuit damaged a bit.
153759 - Biscuit damaged a bit.
153759 - Test damaged a bit.
153759 - Test damaged a bit.
153759 - Bisquick damaged a bit.
153759 - Bisquick damaged a bit.
153759 - Bisquick charged for online missile site.
153759 - Processing radiation damage...
153759 - Biscuit damaged a bit.
153759 - Biscuit damaged a bit.
153759 - Test damaged a bit.
153759 - Test damaged a bit.
153759 - Bisquick damaged a bit.
153759 - Bisquick damaged a bit.
153759 - Processing radiation damage...
153759 - Biscuit damaged a bit.
153759 - Biscuit damaged a bit.
153759 - Test damaged a bit.
153759 - Test damaged a bit.
153759 - Bisquick damaged a bit.
153759 - Bisquick damaged a bit.
153759 - Processing health regeneration...
153759 - Test healed a bit.
153759 - Processing radiation damage...
153759 - Biscuit damaged a bit.
153759 - Biscuit damaged a bit.
153759 - Test damaged a bit.
153759 - Test damaged a bit.
153759 - Bisquick damaged a bit.
153759 - Bisquick damaged a bit.
153759 - Processing radiation damage...
153759 - Biscuit damaged a bit.
153759 - Biscuit damaged a bit.
153759 - Test damaged a bit.
153759 - Test damaged a bit.
153759 - Bisquick damaged a bit.
153759 - Bisquick damaged a bit.
153759 - Processing radiation damage...
153759 - Biscuit damaged a bit.
153759 - Biscuit damaged a bit.
153759 - Test damaged a bit.
153759 - Test damaged a bit.
153759 - Bisquick damaged a bit.
153759 - Bisquick damaged a bit.
153759 - Processing radiation damage...
153759 - Biscuit damaged a bit.
153759 - Biscuit damaged a bit.
153759 - Test damaged a bit.
153759 - Test damaged a bit.
153759 - Bisquick damaged a bit.
153759 - Bisquick damaged a bit.
153759 - Processing health regeneration...
153759 - Test healed a bit.
153759 - Processing radiation damage...
153759 - Biscuit damaged a bit.
153759 - Biscuit damaged a bit.
153759 - Test damaged a bit.
153759 - Test damaged a bit.
153759 - Bisquick damaged a bit.
153759 - Bisquick damaged a bit.
153759 - Processing radiation damage...
153759 - Biscuit damaged a bit.
153759 - Biscuit damaged a bit.
153759 - Test damaged a bit.
153759 - Test damaged a bit.
153759 - Bisquick damaged a bit.
153759 - Bisquick damaged a bit.
153759 - Processing radiation damage...
153759 - Biscuit damaged a bit.
153759 - Biscuit damaged a bit.
153759 - Test damaged a bit.
153759 - Test damaged a bit.
153759 - Bisquick damaged a bit.
153759 - Bisquick damaged a bit.
153759 - Processing radiation damage...
153759 - Biscuit damaged a bit.
153759 - Biscuit damaged a bit.
153759 - Test damaged a bit.
153759 - Test damaged a bit.
153759 - Bisquick damaged a bit.
153759 - Bisquick damaged a bit.
153759 - Processing health regeneration...
153759 - Test healed a bit.
153759 - Processing radiation damage...
153759 - Biscuit damaged a bit.
153759 - Biscuit damaged a bit.
153759 - Test damaged a bit.
153759 - Test damaged a bit.
153759 - Bisquick damaged a bit.
153759 - Bisquick damaged a bit.
153759 - Processing radiation damage...
153759 - Biscuit damaged a bit.
153759 - Biscuit damaged a bit.
153759 - Test damaged a bit.
153759 - Test damaged a bit.
153759 - Bisquick damaged a bit.
153759 - Bisquick damaged a bit.
153759 - Processing radiation damage...
153759 - Biscuit damaged a bit.
153759 - Biscuit damaged a bit.
153759 - Test damaged a bit.
153759 - Test damaged a bit.
153759 - Bisquick damaged a bit.
153759 - Bisquick damaged a bit.
153759 - Processing radiation damage...
153759 - Biscuit damaged a bit.
153759 - Biscuit damaged a bit.
153759 - Test damaged a bit.
153759 - Test damaged a bit.
153759 - Bisquick damaged a bit.
153759 - Bisquick damaged a bit.
153759 - Processing health regeneration...
153759 - Test healed a bit.
153759 - Saving game.
153759 - Saving game.
153759 - Processing radiation damage...
153759 - Biscuit damaged a bit.
153759 - Biscuit damaged a bit.
153759 - Test damaged a bit.
153759 - Test damaged a bit.
153759 - Bisquick damaged a bit.
153759 - Bisquick damaged a bit.
153759 - Bisquick charged for online missile site.
153759 - Processing radiation damage...
153759 - Biscuit damaged a bit.
153759 - Biscuit damaged a bit.
153759 - Test damaged a bit.
153759 - Test damaged a bit.
153759 - Bisquick damaged a bit.
153759 - Bisquick damaged a bit.
153759 - Processing radiation damage...
153759 - Biscuit damaged a bit.
153759 - Biscuit damaged a bit.
153759 - Test damaged a bit.
153759 - Test damaged a bit.
153759 - Bisquick damaged a bit.
153759 - Bisquick damaged a bit.
153759 - Processing health regeneration...
153759 - Test healed a bit.
153759 - Processing radiation damage...
153759 - Biscuit damaged a bit.
153759 - Biscuit damaged a bit.
153759 - Test damaged a bit.
153759 - Test damaged a bit.
153759 - Bisquick damaged a bit.
153759 - Bisquick damaged a bit.
153807 - Verifying ID BE58DC73B330F9471BF10B4C4CE499DAA8F8A947FCA79AD1D4078CC417A7C0DB.
153807 - (Report -> Admins) Player Bisquick has funky data directory /data/user/0/com.apps.fast.counterforce. Probable emulator.
153809 - Updating Bisquick's location.
153813 - Updating Bisquick's location.
153813 - Bisquick is attempting to launch a missile...
153813 - Creating a missile launch.
153813 - (Event) Bisquick launched DF-5 missile.
153818 - Updating Bisquick's location.
153823 - Updating Bisquick's location.
153828 - Updating Bisquick's location.
153832 - Processing radiation damage...
153832 - Biscuit damaged a bit.
153832 - Biscuit damaged a bit.
153832 - Test damaged a bit.
153832 - Test damaged a bit.
153832 - Bisquick damaged a bit.
153832 - Bisquick damaged a bit.
153833 - Updating Bisquick's location.
153838 - Updating Bisquick's location.
153843 - Updating Bisquick's location.
153848 - Updating Bisquick's location.
153849 - A missile exploded.
153849 - Creating radiation.
153849 - Creating radiation.
153849 - Creating radiation.
153849 - Creating radiation.
153853 - Updating Bisquick's location.
153858 - Updating Bisquick's location.
153903 - Updating Bisquick's location.
153908 - Updating Bisquick's location.
153913 - Updating Bisquick's location.
153918 - Updating Bisquick's location.
153923 - Updating Bisquick's location.
153928 - Updating Bisquick's location.
153933 - Updating Bisquick's location.
153938 - Updating Bisquick's location.
153938 - Bisquick is attempting to purchase missiles...
153938 - (Event) Bisquick acquired missiles.
153943 - Updating Bisquick's location.
153948 - Processing radiation damage...
153948 - Biscuit damaged a bit.
153948 - Biscuit damaged a bit.
153948 - Test damaged a bit.
153948 - Test damaged a bit.
153948 - Bisquick damaged a bit.
153948 - Bisquick damaged a bit.
153948 - Processing radiation damage...
153948 - Biscuit damaged a bit.
153948 - Biscuit damaged a bit.
153948 - Test damaged a bit.
153948 - Test damaged a bit.
153948 - Bisquick damaged a bit.
153948 - Bisquick damaged a bit.
153948 - Processing health regeneration...
153948 - Test healed a bit.
153948 - Processing radiation damage...
153948 - Biscuit damaged a bit.
153948 - Biscuit damaged a bit.
153948 - Test damaged a bit.
153948 - Test damaged a bit.
153948 - Bisquick damaged a bit.
153948 - Bisquick damaged a bit.
153948 - Processing radiation damage...
153948 - Biscuit damaged a bit.
153948 - Biscuit damaged a bit.
153948 - Test damaged a bit.
153948 - Test damaged a bit.
153948 - Bisquick damaged a bit.
153948 - Bisquick damaged a bit.
153948 - Processing radiation damage...
153948 - Biscuit damaged a bit.
153948 - Biscuit damaged a bit.
153948 - Test damaged a bit.
153948 - Test damaged a bit.
153948 - Bisquick damaged a bit.
153948 - Bisquick damaged a bit.
153948 - Processing radiation damage...
153948 - Biscuit damaged a bit.
153948 - Biscuit damaged a bit.
153948 - Test damaged a bit.
153948 - Test damaged a bit.
153948 - Bisquick damaged a bit.
153948 - Bisquick damaged a bit.
153948 - Processing health regeneration...
153948 - Test healed a bit.
153948 - Processing radiation damage...
153948 - Biscuit damaged a bit.
153948 - Biscuit damaged a bit.
153948 - Test damaged a bit.
153948 - Test damaged a bit.
153948 - Bisquick damaged a bit.
153948 - Bisquick damaged a bit.
153948 - Processing radiation damage...
153948 - Biscuit damaged a bit.
153948 - Biscuit damaged a bit.
153948 - Test damaged a bit.
153948 - Test damaged a bit.
153948 - Bisquick damaged a bit.
153948 - Bisquick damaged a bit.
153948 - Processing radiation damage...
153948 - Biscuit damaged a bit.
153948 - Biscuit damaged a bit.
153948 - Test damaged a bit.
153948 - Test damaged a bit.
153948 - Bisquick damaged a bit.
153948 - Bisquick damaged a bit.
153948 - Processing radiation damage...
153948 - Biscuit damaged a bit.
153948 - Biscuit damaged a bit.
153948 - Test damaged a bit.
153948 - Test damaged a bit.
153948 - Bisquick damaged a bit.
153948 - Bisquick damaged a bit.
153948 - Processing health regeneration...
153948 - Test healed a bit.
153948 - Processing radiation damage...
153948 - Biscuit damaged a bit.
153948 - Biscuit damaged a bit.
153948 - Test damaged a bit.
153948 - Test damaged a bit.
153948 - Bisquick damaged a bit.
153948 - Bisquick damaged a bit.
153948 - Bisquick charged for online missile site.
153948 - Processing radiation damage...
153948 - Biscuit damaged a bit.
153948 - Biscuit damaged a bit.
153948 - Test damaged a bit.
153948 - Test damaged a bit.
153948 - Bisquick damaged a bit.
153948 - Bisquick damaged a bit.
153948 - Processing radiation damage...
153948 - Biscuit damaged a bit.
153948 - Biscuit damaged a bit.
153948 - Test damaged a bit.
153948 - Test damaged a bit.
153948 - Bisquick damaged a bit.
153948 - Bisquick damaged a bit.
153948 - Processing health regeneration...
153948 - Test healed a bit.
153948 - Processing radiation damage...
153948 - Biscuit damaged a bit.
153948 - Biscuit damaged a bit.
153948 - Test damaged a bit.
153948 - Test damaged a bit.
153948 - Bisquick damaged a bit.
153948 - Bisquick damaged a bit.
153948 - Processing radiation damage...
153948 - Biscuit damaged a bit.
153948 - Biscuit damaged a bit.
153948 - Test damaged a bit.
153948 - Test damaged a bit.
153948 - Bisquick damaged a bit.
153948 - Bisquick damaged a bit.
153948 - Processing radiation damage...
153948 - Biscuit damaged a bit.
153948 - Biscuit damaged a bit.
153948 - Test damaged a bit.
153948 - Test damaged a bit.
153948 - Bisquick damaged a bit.
153948 - Bisquick damaged a bit.
153948 - Processing radiation damage...
153948 - Biscuit damaged a bit.
153948 - Biscuit damaged a bit.
153948 - Test damaged a bit.
153948 - Test damaged a bit.
153948 - Bisquick damaged a bit.
153948 - Bisquick damaged a bit.
153948 - Processing health regeneration...
153948 - Test healed a bit.
153948 - Processing radiation damage...
153948 - Biscuit damaged a bit.
153948 - Biscuit damaged a bit.
153948 - Test damaged a bit.
153948 - Test damaged a bit.
153948 - Bisquick damaged a bit.
153948 - Bisquick damaged a bit.
153948 - Processing radiation damage...
153948 - Biscuit damaged a bit.
153948 - Biscuit damaged a bit.
153948 - Test damaged a bit.
153948 - Test damaged a bit.
153948 - Bisquick damaged a bit.
153948 - Bisquick damaged a bit.
153948 - Processing radiation damage...
153948 - Biscuit damaged a bit.
153948 - Biscuit damaged a bit.
153948 - Test damaged a bit.
153948 - Test damaged a bit.
153948 - Bisquick damaged a bit.
153948 - Bisquick damaged a bit.
153948 - Processing radiation damage...
153948 - Biscuit damaged a bit.
153948 - Biscuit damaged a bit.
153948 - Test damaged a bit.
153948 - Test damaged a bit.
153948 - Bisquick damaged a bit.
153948 - Bisquick damaged a bit.
153955 - Verifying ID BE58DC73B330F9471BF10B4C4CE499DAA8F8A947FCA79AD1D4078CC417A7C0DB.
153955 - (Report -> Admins) Player Bisquick has funky data directory /data/user/0/com.apps.fast.counterforce. Probable emulator.
153955 - Updating Bisquick's location.
154001 - Updating Bisquick's location.
154005 - Updating Bisquick's location.
154011 - Updating Bisquick's location.
154015 - Updating Bisquick's location.
154020 - Updating Bisquick's location.
154025 - Updating Bisquick's location.
154031 - Updating Bisquick's location.
154035 - Updating Bisquick's location.
154040 - Updating Bisquick's location.
154046 - Updating Bisquick's location.
154050 - Updating Bisquick's location.
154056 - Updating Bisquick's location.
154058 - Bisquick is attempting to launch a missile...
154058 - Creating a missile launch.
154058 - (Event) Bisquick launched Minuteman-III missile.
154058 - Processing health regeneration...
154058 - Test healed a bit.
154100 - Updating Bisquick's location.
154102 - Bisquick is attempting to purchase missiles...
154102 - (Event) Bisquick acquired missiles.
154106 - Updating Bisquick's location.
154110 - Updating Bisquick's location.
154116 - Updating Bisquick's location.
154119 - A missile exploded.
154119 - Creating radiation.
154119 - Creating radiation.
154119 - Creating radiation.
154119 - Creating radiation.
154119 - Processing radiation damage...
154119 - Biscuit damaged a bit.
154119 - Biscuit damaged a bit.
154119 - Test damaged a bit.
154119 - Test damaged a bit.
154119 - Bisquick damaged a bit.
154119 - Bisquick damaged a bit.
154119 - Processing radiation damage...
154119 - Biscuit damaged a bit.
154119 - Biscuit damaged a bit.
154119 - Test damaged a bit.
154119 - Test damaged a bit.
154119 - Bisquick damaged a bit.
154119 - Bisquick damaged a bit.
154119 - Processing radiation damage...
154119 - Biscuit damaged a bit.
154119 - Biscuit damaged a bit.
154119 - Test damaged a bit.
154119 - Test damaged a bit.
154119 - Bisquick damaged a bit.
154119 - Bisquick damaged a bit.
154119 - Processing radiation damage...
154119 - Biscuit damaged a bit.
154119 - Biscuit damaged a bit.
154119 - Test damaged a bit.
154119 - Test damaged a bit.
154119 - Bisquick damaged a bit.
154119 - Bisquick damaged a bit.
154119 - Processing health regeneration...
154119 - Test healed a bit.
154119 - Processing radiation damage...
154119 - Biscuit damaged a bit.
154119 - Biscuit damaged a bit.
154119 - Test damaged a bit.
154119 - Test damaged a bit.
154119 - Bisquick damaged a bit.
154119 - Bisquick damaged a bit.
154119 - Bisquick charged for online missile site.
154119 - Processing radiation damage...
154119 - Biscuit damaged a bit.
154119 - (Event) Biscuit died of radiation poisoning.
154119 - (Report -> Biscuit) You died of radiation poisoning.
154119 - Biscuit damaged a bit.
154119 - (Event) Biscuit died of radiation poisoning.
154119 - (Report -> Biscuit) You died of radiation poisoning.
154119 - Test damaged a bit.
154119 - Test damaged a bit.
154119 - Bisquick damaged a bit.
154119 - (Event) Bisquick died of radiation poisoning.
154119 - (Report -> Bisquick) You died of radiation poisoning.
154119 - Bisquick damaged a bit.
154119 - (Event) Bisquick died of radiation poisoning.
154119 - (Report -> Bisquick) You died of radiation poisoning.
154119 - Processing radiation damage...
154119 - Test damaged a bit.
154119 - Test damaged a bit.
154119 - Processing health regeneration...
154119 - Test healed a bit.
154119 - Saving game.
154119 - Processing radiation damage...
154119 - Test damaged a bit.
154119 - Test damaged a bit.
154119 - Processing radiation damage...
154119 - Test damaged a bit.
154119 - Test damaged a bit.
154119 - Processing radiation damage...
154119 - Test damaged a bit.
154119 - Test damaged a bit.
154119 - Processing radiation damage...
154119 - Test damaged a bit.
154119 - Test damaged a bit.
154119 - Processing health regeneration...
154119 - Test healed a bit.
154119 - Processing radiation damage...
154119 - Test damaged a bit.
154119 - Test damaged a bit.
154119 - Processing radiation damage...
154119 - Processing radiation damage...
154119 - Test damaged a bit.
154119 - Test damaged a bit.
154119 - Processing radiation damage...
154119 - Test damaged a bit.
154119 - Test damaged a bit.
154119 - Processing radiation damage...
154119 - Test damaged a bit.
154119 - Test damaged a bit.
154119 - Processing health regeneration...
154119 - Test healed a bit.
154119 - Test damaged a bit.
154119 - Processing radiation damage...
154119 - Test damaged a bit.
154119 - Test damaged a bit.
154119 - Test damaged a bit.
154119 - Processing radiation damage...
154119 - Test damaged a bit.
154119 - Test damaged a bit.
154119 - Processing radiation damage...
154119 - Test damaged a bit.
154119 - Test damaged a bit.
154119 - Processing radiation damage...
154119 - Test damaged a bit.
154119 - Test damaged a bit.
154119 - Processing health regeneration...
154119 - Test healed a bit.
154119 - Processing radiation damage...
154119 - Test damaged a bit.
154119 - Test damaged a bit.
154119 - Bisquick charged for online missile site.
154119 - Processing radiation damage...
154119 - Test damaged a bit.
154119 - Test damaged a bit.
154128 - Verifying ID BE58DC73B330F9471BF10B4C4CE499DAA8F8A947FCA79AD1D4078CC417A7C0DB.
154128 - (Report -> Admins) Player Bisquick has funky data directory /data/user/0/com.apps.fast.counterforce. Probable emulator.
154129 - Updating Bisquick's location.
154132 - Bisquick is attempting to respawn...
154132 - (Event) Bisquick respawned.
154133 - Updating Bisquick's location.
154138 - Updating Bisquick's location.
154143 - Updating Bisquick's location.
154145 - Bisquick is attempting to launch a missile...
154145 - Creating a missile launch.
154145 - (Event) Bisquick launched DF-5 missile.
154148 - Updating Bisquick's location.
154153 - Updating Bisquick's location.
154158 - Updating Bisquick's location.
154203 - Updating Bisquick's location.
154208 - Updating Bisquick's location.
154213 - Updating Bisquick's location.
154218 - Updating Bisquick's location.
154223 - Updating Bisquick's location.
154229 - Updating Bisquick's location.
154233 - Updating Bisquick's location.
154236 - A missile exploded.
154236 - Creating radiation.
154236 - Creating radiation.
154236 - Creating radiation.
154236 - Creating radiation.
154238 - Updating Bisquick's location.
154244 - Updating Bisquick's location.
154256 - Verifying ID BE58DC73B330F9471BF10B4C4CE499DAA8F8A947FCA79AD1D4078CC417A7C0DB.
154256 - (Report -> Admins) Player Bisquick has funky data directory /data/user/0/com.apps.fast.counterforce. Probable emulator.
154256 - Updating Bisquick's location.
154301 - Updating Bisquick's location.
154303 - Processing radiation damage...
154303 - Test damaged a bit.
154303 - Test damaged a bit.
154303 - Bisquick damaged a bit.
154303 - Bisquick damaged a bit.
154306 - Updating Bisquick's location.
154311 - Updating Bisquick's location.
154316 - Updating Bisquick's location.
154321 - Updating Bisquick's location.
154326 - Updating Bisquick's location.
154331 - Updating Bisquick's location.
154336 - Updating Bisquick's location.
183109 - It's a new hour!
183109 - Performing wealth generation...
183110 - Biscuit gets nothing.
183110 - Test gets nothing.
183110 - Bisquick gets nothing.
183110 - Processing health regeneration...
183110 - Test healed a bit.
183110 - Processing radiation damage...
183110 - Test damaged a bit.
183110 - Test damaged a bit.
183110 - Bisquick damaged a bit.
183110 - Bisquick damaged a bit.
183110 - Processing radiation damage...
183110 - Test damaged a bit.
183110 - Test damaged a bit.
183110 - Bisquick damaged a bit.
183110 - Bisquick damaged a bit.
183110 - Processing radiation damage...
183110 - Test damaged a bit.
183110 - Test damaged a bit.
183110 - Bisquick damaged a bit.
183110 - Bisquick damaged a bit.
183110 - Processing radiation damage...
183110 - Test damaged a bit.
183110 - (Event) Test died of radiation poisoning.
183110 - (Report -> Test) You died of radiation poisoning.
183110 - Test damaged a bit.
183110 - (Event) Test died of radiation poisoning.
183110 - (Report -> Test) You died of radiation poisoning.
183110 - Bisquick damaged a bit.
183110 - Bisquick damaged a bit.
183110 - Processing health regeneration...
183110 - Processing radiation damage...
183110 - Bisquick damaged a bit.
183110 - Bisquick damaged a bit.
183110 - Processing radiation damage...
183110 - Bisquick damaged a bit.
183110 - Bisquick damaged a bit.
183110 - Processing radiation damage...
183110 - Bisquick damaged a bit.
183110 - Bisquick damaged a bit.
183110 - Processing radiation damage...
183110 - Bisquick damaged a bit.
183110 - Bisquick damaged a bit.
183110 - Processing health regeneration...
183110 - Processing radiation damage...
183110 - Bisquick damaged a bit.
183110 - Bisquick damaged a bit.
183110 - Processing radiation damage...
183110 - Bisquick damaged a bit.
183110 - Bisquick damaged a bit.
183110 - Processing radiation damage...
183110 - Bisquick damaged a bit.
183110 - Bisquick damaged a bit.
183110 - Processing radiation damage...
183110 - Bisquick damaged a bit.
183110 - Bisquick damaged a bit.
183110 - Processing health regeneration...
183110 - Processing radiation damage...
183110 - Bisquick damaged a bit.
183110 - Bisquick damaged a bit.
183110 - Bisquick charged for online missile site.
183110 - Processing radiation damage...
183110 - Bisquick damaged a bit.
183110 - Bisquick damaged a bit.
183110 - Processing radiation damage...
183110 - Bisquick damaged a bit.
183110 - Bisquick damaged a bit.
183110 - Processing health regeneration...
183110 - Saving game.
183111 - Processing radiation damage...
183111 - Bisquick damaged a bit.
183111 - Bisquick damaged a bit.
183111 - Processing radiation damage...
183111 - Bisquick damaged a bit.
183111 - Bisquick damaged a bit.
183111 - Processing radiation damage...
183111 - Bisquick damaged a bit.
183111 - Bisquick damaged a bit.
183111 - Processing radiation damage...
183111 - Bisquick damaged a bit.
183111 - Bisquick damaged a bit.
183111 - Test's respawn protection time expired.
183111 - Processing health regeneration...
183111 - Processing radiation damage...
183111 - Bisquick damaged a bit.
183111 - Bisquick damaged a bit.
183111 - Processing radiation damage...
183111 - Bisquick damaged a bit.
183111 - Bisquick damaged a bit.
183111 - Processing radiation damage...
183111 - Bisquick damaged a bit.
183111 - Bisquick damaged a bit.
183111 - Processing radiation damage...
183111 - Bisquick damaged a bit.
183111 - Bisquick damaged a bit.
183111 - Processing health regeneration...
183111 - Processing radiation damage...
183111 - Bisquick damaged a bit.
183111 - Bisquick damaged a bit.
183111 - Processing radiation damage...
183111 - Bisquick damaged a bit.
183111 - Bisquick damaged a bit.
183111 - Processing radiation damage...
183111 - Bisquick damaged a bit.
183111 - Bisquick damaged a bit.
183111 - Processing radiation damage...
183111 - Bisquick damaged a bit.
183111 - Bisquick damaged a bit.
183111 - Processing health regeneration...
183111 - Processing radiation damage...
183111 - Bisquick damaged a bit.
183111 - Bisquick damaged a bit.
183111 - Bisquick charged for online missile site.
183111 - Processing radiation damage...
183111 - Bisquick damaged a bit.
183111 - Bisquick damaged a bit.
183111 - Processing radiation damage...
183111 - Bisquick damaged a bit.
183111 - Bisquick damaged a bit.
183111 - Processing health regeneration...
183111 - Processing radiation damage...
183111 - Bisquick damaged a bit.
183111 - Bisquick damaged a bit.
183111 - Processing radiation damage...
183111 - Bisquick damaged a bit.
183111 - Bisquick damaged a bit.
183111 - Processing radiation damage...
183111 - Bisquick damaged a bit.
183111 - Bisquick damaged a bit.
183111 - Processing radiation damage...
183111 - Bisquick damaged a bit.
183111 - Bisquick damaged a bit.
183111 - Processing health regeneration...
183111 - Processing radiation damage...
183111 - Bisquick damaged a bit.
183111 - Bisquick damaged a bit.
183111 - Processing radiation damage...
183111 - Bisquick damaged a bit.
183111 - Bisquick damaged a bit.
183111 - Processing radiation damage...
183111 - Bisquick damaged a bit.
183111 - Bisquick damaged a bit.
183111 - Processing radiation damage...
183111 - Bisquick damaged a bit.
183111 - Bisquick damaged a bit.
183111 - Processing health regeneration...
183111 - Processing radiation damage...
183111 - Bisquick damaged a bit.
183111 - Bisquick damaged a bit.
183111 - Processing radiation damage...
183111 - Bisquick damaged a bit.
183111 - Bisquick damaged a bit.
183111 - Processing radiation damage...
183111 - Bisquick damaged a bit.
183111 - Bisquick damaged a bit.
183111 - Processing radiation damage...
183111 - Bisquick damaged a bit.
183111 - Bisquick damaged a bit.
183148 - Processing health regeneration...
183503 - Processing radiation damage...
183503 - Bisquick damaged a bit.
183503 - Bisquick damaged a bit.
183705 - Bisquick charged for online missile site.
183903 - Processing radiation damage...
183903 - Bisquick damaged a bit.
183903 - Bisquick damaged a bit.
184303 - Processing radiation damage...
184303 - Bisquick damaged a bit.
184303 - Bisquick damaged a bit.
184648 - Processing health regeneration...
184701 - Saving game.
184703 - Processing radiation damage...
184703 - Bisquick damaged a bit.
184703 - Bisquick damaged a bit.
185103 - Processing radiation damage...
185103 - Bisquick damaged a bit.
185103 - Bisquick damaged a bit.
185503 - Processing radiation damage...
185503 - Bisquick damaged a bit.
185503 - Bisquick damaged a bit.
185903 - Processing radiation damage...
185903 - Bisquick damaged a bit.
185903 - Bisquick damaged a bit.
190000 - It's a new hour!
190000 - Performing wealth generation...
190000 - Biscuit gets nothing.
190000 - Test gets nothing.
190000 - Bisquick gets nothing.
190148 - Processing health regeneration...
190303 - Processing radiation damage...
190303 - Bisquick damaged a bit.
190303 - Bisquick damaged a bit.
190703 - Processing radiation damage...
190703 - Bisquick damaged a bit.
190703 - Bisquick damaged a bit.
191103 - Processing radiation damage...
191103 - Bisquick damaged a bit.
191103 - Bisquick damaged a bit.
191503 - Processing radiation damage...
191503 - Bisquick damaged a bit.
191503 - Bisquick damaged a bit.
191648 - Processing health regeneration...
191903 - Processing radiation damage...
191903 - Bisquick damaged a bit.
191903 - Bisquick damaged a bit.
192303 - Processing radiation damage...
192303 - Bisquick damaged a bit.
192303 - Bisquick damaged a bit.
192703 - Processing radiation damage...
192703 - Bisquick damaged a bit.
192703 - Bisquick damaged a bit.
193103 - Processing radiation damage...
193103 - Bisquick damaged a bit.
193103 - Bisquick damaged a bit.
193148 - Processing health regeneration...
193503 - Processing radiation damage...
193503 - Bisquick damaged a bit.
193503 - Bisquick damaged a bit.
193705 - Bisquick charged for online missile site.
202006 - It's a new hour!
202006 - Performing wealth generation...
202006 - Biscuit gets nothing.
202006 - Test gets nothing.
202006 - Bisquick gets nothing.
202006 - It's a new day!
202006 - Processing end of day events...
202006 - Processing radiation damage...
202006 - Bisquick damaged a bit.
202006 - Bisquick damaged a bit.
202007 - Processing radiation damage...
202007 - Bisquick damaged a bit.
202007 - Bisquick damaged a bit.
202007 - Processing health regeneration...
202007 - Processing radiation damage...
202007 - Bisquick damaged a bit.
202007 - Bisquick damaged a bit.
202007 - Processing radiation damage...
202007 - Bisquick damaged a bit.
202007 - Bisquick damaged a bit.
202007 - Processing radiation damage...
202007 - Bisquick damaged a bit.
202007 - Bisquick damaged a bit.
202007 - Processing radiation damage...
202007 - Bisquick damaged a bit.
202007 - Bisquick damaged a bit.
202007 - Processing health regeneration...
202007 - Processing radiation damage...
202007 - Bisquick damaged a bit.
202007 - Bisquick damaged a bit.
202007 - Processing radiation damage...
202007 - Bisquick damaged a bit.
202007 - Bisquick damaged a bit.
202007 - Processing radiation damage...
202007 - Bisquick damaged a bit.
202007 - Bisquick damaged a bit.
202007 - Processing radiation damage...
202007 - Bisquick damaged a bit.
202007 - Bisquick damaged a bit.
202007 - Processing health regeneration...
202007 - Processing radiation damage...
202007 - Bisquick damaged a bit.
202007 - Bisquick damaged a bit.
202257 - Processing radiation damage...
202257 - Bisquick damaged a bit.
202257 - Bisquick damaged a bit.
202657 - Processing radiation damage...
202657 - Bisquick damaged a bit.
202657 - Bisquick damaged a bit.
203057 - Processing radiation damage...
203057 - Bisquick damaged a bit.
203057 - Bisquick damaged a bit.
203142 - Processing health regeneration...
203457 - Processing radiation damage...
203457 - Bisquick damaged a bit.
203457 - Bisquick damaged a bit.
203659 - Bisquick charged for online missile site.
203857 - Processing radiation damage...
203857 - Bisquick damaged a bit.
203857 - Bisquick damaged a bit.
204257 - Processing radiation damage...
204257 - Bisquick damaged a bit.
204257 - Bisquick damaged a bit.
204642 - Processing health regeneration...
204655 - Saving game.
204657 - Processing radiation damage...
204657 - Bisquick damaged a bit.
204657 - Bisquick damaged a bit.
205057 - Processing radiation damage...
205057 - Bisquick damaged a bit.
205057 - Bisquick damaged a bit.
205457 - Processing radiation damage...
205457 - Bisquick damaged a bit.
205457 - Bisquick damaged a bit.
205857 - Processing radiation damage...
205857 - Bisquick damaged a bit.
205857 - Bisquick damaged a bit.
210000 - It's a new hour!
210000 - Performing wealth generation...
210000 - Biscuit gets nothing.
210000 - Test gets nothing.
210000 - Bisquick gets nothing.
