141257 - Server socket established.
141905 - Client connected, hash 7C4C7045. Creating session.
141944 - Client connected, hash 0343D0B1. Creating session.
142306 - Client connected, hash 52B27E8A. Creating session.
142404 - Client connected, hash 25B81FBC. Creating session.
144242 - Client connected, hash 5FAAB5DE. Creating session.
190403 - Client connected, hash 42F120C2. Creating session.
190429 - Client connected, hash 03765038. Creating session.
190444 - Client connected, hash 6656EA15. Creating session.
190501 - Client connected, hash 6C58A744. Creating session.
190506 - Client connected, hash 27E46D3D. Creating session.
190512 - Client connected, hash 16A20E69. Creating session.
190514 - Client connected, hash 477558EA. Creating session.
191159 - Client connected, hash 6EBEB5C7. Creating session.
192836 - Client connected, hash 6A37A0A8. Creating session.
200156 - Client connected, hash 6C602AC1. Creating session.
201832 - Client connected, hash 013F9DAF. Creating session.
203005 - Client connected, hash 1A3410C2. Creating session.
203650 - Client connected, hash 4D51D1CC. Creating session.
205439 - Client connected, hash 200ADC85. Creating session.
210830 - Client connected, hash 5DA5FFCE. Creating session.
212830 - Client connected, hash 672D56B8. Creating session.
220655 - Client connected, hash 24B12420. Creating session.
