165823 - Loading config xml...
165823 - Loading game xml...
165823 - Loading missiles...
165823 - Loading interceptors...
165823 - Loading missile sites...
165823 - Loading SAM sites...
165823 - Loading sentry guns...
165823 - Loading ore mines...
165823 - Loading loots...
165823 - Loading radiations...
165857 - Loading config xml...
165857 - Loading game xml...
165857 - Loading missiles...
165857 - Loading interceptors...
165857 - Loading missile sites...
165857 - Loading SAM sites...
165857 - Loading sentry guns...
165857 - Loading ore mines...
165857 - Loading loots...
165857 - Loading radiations...
165913 - Loading config xml...
165913 - Loading game xml...
165913 - Loading missiles...
165913 - Loading interceptors...
165913 - Loading missile sites...
165913 - Loading SAM sites...
165913 - Loading sentry guns...
165913 - Loading ore mines...
165913 - Loading loots...
165913 - Loading radiations...
181025 - Loading config xml...
181025 - Loading game xml...
181025 - Loading missiles...
181025 - Loading interceptors...
181025 - Loading missile sites...
181025 - Loading SAM sites...
181025 - Loading sentry guns...
181025 - Loading ore mines...
181025 - Loading loots...
181025 - Loading radiations...
182110 - Loading config xml...
182110 - Loading game xml...
182110 - Loading missiles...
182110 - Loading interceptors...
182110 - Loading missile sites...
182110 - Loading SAM sites...
182110 - Loading sentry guns...
182110 - Loading ore mines...
182110 - Loading loots...
182110 - Loading radiations...
182522 - Loading config xml...
182522 - Loading game xml...
182522 - Loading missiles...
182522 - Loading interceptors...
182522 - Loading missile sites...
182522 - Loading SAM sites...
182522 - Loading sentry guns...
182522 - Loading ore mines...
182522 - Loading loots...
182522 - Loading radiations...
182523 - Loading config xml...
182523 - Loading game xml...
182524 - Loading missiles...
182524 - Loading interceptors...
182524 - Loading missile sites...
182524 - Loading SAM sites...
182524 - Loading sentry guns...
182524 - Loading ore mines...
182524 - Loading loots...
182524 - Loading radiations...
183143 - Loading config xml...
183143 - Loading game xml...
183143 - Loading missiles...
183143 - Loading interceptors...
183143 - Loading missile sites...
183143 - Loading SAM sites...
183143 - Loading sentry guns...
183143 - Loading ore mines...
183143 - Loading loots...
183143 - Loading radiations...
183215 - Loading config xml...
183215 - Loading game xml...
183303 - Loading config xml...
183303 - Loading game xml...
183359 - Loading config xml...
183359 - Loading game xml...
184143 - Loading config xml...
184143 - Loading game xml...
184147 - Loading config xml...
184147 - Loading game xml...
184204 - Loading config xml...
184204 - Loading game xml...
184326 - Loading config xml...
184326 - Loading game xml...
184521 - Loading config xml...
184521 - Loading game xml...
184528 - Loading config xml...
184528 - Loading game xml...
184530 - Loading config xml...
184530 - Loading game xml...
184604 - Loading config xml...
184604 - Loading game xml...
184628 - Loading missiles...
184655 - Loading interceptors...
184658 - Loading missile sites...
184716 - Loading SAM sites...
184732 - Loading sentry guns...
184738 - Loading ore mines...
184738 - Loading loots...
184738 - Loading radiations...
233958 - Loading config xml...
233958 - Loading game xml...
233958 - Loading missiles...
233958 - Loading interceptors...
233958 - Loading missile sites...
233958 - Loading SAM sites...
233958 - Loading sentry guns...
233958 - Loading ore mines...
233958 - Loading loots...
233958 - Loading radiations...
