131608 - (41.186951, -84.093872) @ 3.2m GPS - FIRST 0.0m 0.0kph
131610 - (41.186951, -84.093872) @ 3.2m GPS - PREV 0.0m NaNkph
131615 - (41.187008, -84.093864) @ 20.0m Network - OK 0.0m 1.5kph
131620 - (41.187008, -84.093864) @ 20.0m Network - PREV 0.0m NaNkph
131625 - (41.187008, -84.093864) @ 20.0m Network - PREV 0.0m NaNkph
131630 - (41.187008, -84.093864) @ 20.0m Network - PREV 0.0m NaNkph
131635 - (41.187008, -84.093864) @ 20.0m Network - PREV 0.0m NaNkph
131640 - (41.187008, -84.093864) @ 20.0m Network - PREV 0.0m NaNkph
131645 - (41.187008, -84.093864) @ 20.0m Network - PREV 0.0m NaNkph
131650 - (41.187008, -84.093864) @ 20.0m Network - PREV 0.0m NaNkph
131655 - (41.187008, -84.093864) @ 20.0m Network - PREV 0.0m NaNkph
131700 - (41.186974, -84.093895) @ 20.0m Network - OK 0.0m 0.4kph
131705 - (41.186974, -84.093895) @ 20.0m Network - PREV 0.0m NaNkph
131710 - (41.186974, -84.093895) @ 20.0m Network - PREV 0.0m NaNkph
131715 - (41.186974, -84.093895) @ 20.0m Network - PREV 0.0m NaNkph
131720 - (41.186974, -84.093895) @ 20.0m Network - PREV 0.0m NaNkph
131725 - (41.186974, -84.093895) @ 20.0m Network - PREV 0.0m NaNkph
131730 - (41.186974, -84.093895) @ 20.0m Network - PREV 0.0m NaNkph
131735 - (41.186974, -84.093895) @ 20.0m Network - PREV 0.0m NaNkph
131740 - (41.186974, -84.093895) @ 20.0m Network - PREV 0.0m NaNkph
131745 - (41.186974, -84.093895) @ 20.0m Network - PREV 0.0m NaNkph
131750 - (41.186974, -84.093895) @ 20.0m Network - PREV 0.0m NaNkph
131755 - (41.186943, -84.093857) @ 3.2m GPS - OK 0.0m 0.3kph
131800 - (41.186943, -84.093857) @ 3.2m GPS - PREV 0.0m NaNkph
131805 - (41.186939, -84.093864) @ 3.2m GPS - OK 0.0m 0.3kph
131810 - (41.186932, -84.093857) @ 3.2m GPS - OK 0.0m 0.6kph
131815 - (41.186920, -84.093849) @ 3.2m GPS - OK 0.0m 1.3kph
131820 - (41.186920, -84.093849) @ 3.2m GPS - PREV 0.0m NaNkph
131825 - (41.186920, -84.093849) @ 3.2m GPS - PREV 0.0m NaNkph
131830 - (41.186920, -84.093849) @ 3.2m GPS - PREV 0.0m NaNkph
131835 - (41.186932, -84.093857) @ 3.2m GPS - OK 0.0m 0.3kph
131840 - (41.186958, -84.093857) @ 3.2m GPS - OK 0.0m 1.3kph
131845 - (41.186947, -84.093849) @ 3.2m GPS - OK 0.0m 1.3kph
131850 - (41.186932, -84.093834) @ 3.2m GPS - OK 0.0m 1.9kph
131855 - (41.186932, -84.093834) @ 3.2m GPS - PREV 0.0m NaNkph
131900 - (41.186909, -84.093834) @ 3.2m GPS - OK 0.0m 0.8kph
131913 - (41.186924, -84.093842) @ 3.2m GPS - OK 0.0m 0.5kph
131918 - (41.186924, -84.093842) @ 3.2m GPS - PREV 0.0m NaNkph
131923 - (41.186924, -84.093842) @ 3.2m GPS - PREV 0.0m NaNkph
131928 - (41.186924, -84.093842) @ 3.2m GPS - PREV 0.0m NaNkph
131933 - (41.186939, -84.093842) @ 3.2m GPS - OK 0.0m 0.3kph
131938 - (41.186913, -84.093842) @ 3.2m GPS - OK 0.0m 1.3kph
131943 - (41.186913, -84.093842) @ 3.2m GPS - PREV 0.0m NaNkph
131948 - (41.186913, -84.093842) @ 3.2m GPS - PREV 0.0m NaNkph
131953 - (41.186913, -84.093842) @ 3.2m GPS - PREV 0.0m NaNkph
131958 - (41.186913, -84.093842) @ 3.2m GPS - PREV 0.0m NaNkph
132003 - (41.187000, -84.093872) @ 20.0m Network - OK 0.0m 1.8kph
132008 - (41.186928, -84.093849) @ 3.2m GPS - OK 0.0m 5.4kph
132013 - (41.186928, -84.093849) @ 3.2m GPS - PREV 0.0m NaNkph
132018 - (41.186928, -84.093849) @ 3.2m GPS - PREV 0.0m NaNkph
132023 - (41.186943, -84.093849) @ 3.2m GPS - OK 0.0m 0.3kph
132036 - (41.186939, -84.093842) @ 3.2m GPS - OK 0.0m 0.2kph
132041 - (41.186951, -84.093842) @ 3.2m GPS - OK 0.0m 2.3kph
132046 - (41.186954, -84.093849) @ 3.2m GPS - OK 0.0m 0.7kph
132051 - (41.186962, -84.093864) @ 3.2m GPS - OK 0.0m 0.9kph
132056 - (41.186935, -84.093842) @ 3.2m GPS - OK 0.0m 1.6kph
132101 - (41.186935, -84.093842) @ 3.2m GPS - PREV 0.0m NaNkph
132106 - (41.186935, -84.093842) @ 3.2m GPS - PREV 0.0m NaNkph
132111 - (41.186924, -84.093834) @ 3.2m GPS - OK 0.0m 0.4kph
132116 - (41.186924, -84.093849) @ 3.2m GPS - OK 0.0m 1.2kph
132121 - (41.186916, -84.093857) @ 3.2m GPS - OK 0.0m 0.6kph
132134 - (41.186920, -84.093842) @ 3.2m GPS - OK 0.0m 0.4kph
132139 - (41.186920, -84.093842) @ 3.2m GPS - PREV 0.0m NaNkph
132144 - (41.186920, -84.093842) @ 3.2m GPS - PREV 0.0m NaNkph
132149 - (41.186920, -84.093842) @ 3.2m GPS - PREV 0.0m NaNkph
132154 - (41.186935, -84.093849) @ 3.2m GPS - OK 0.0m 0.3kph
132159 - (41.186935, -84.093849) @ 3.2m GPS - PREV 0.0m NaNkph
132204 - (41.186935, -84.093849) @ 3.2m GPS - PREV 0.0m NaNkph
132217 - (41.186932, -84.093842) @ 3.2m GPS - OK 0.0m 0.1kph
132222 - (41.186943, -84.093834) @ 3.2m GPS - OK 0.0m 0.9kph
132227 - (41.186943, -84.093834) @ 3.2m GPS - PREV 0.0m NaNkph
141533 - (41.186962, -84.093842) @ 6.4m GPS - OK 0.0m 0.0kph
141538 - (41.186951, -84.093872) @ 3.2m GPS - OK 0.0m 1.7kph
141543 - (41.186951, -84.093872) @ 3.2m GPS - PREV 0.0m NaNkph
143125 - (41.186958, -84.093781) @ 3.2m GPS - OK 0.0m 0.0kph
143130 - (41.186977, -84.093788) @ 3.2m GPS - OK 0.0m 2.1kph
143135 - (41.186977, -84.093788) @ 3.2m GPS - PREV 0.0m NaNkph
143140 - (41.186970, -84.093803) @ 3.2m GPS - OK 0.0m 0.5kph
143145 - (41.186970, -84.093811) @ 3.2m GPS - OK 0.0m 0.4kph
143150 - (41.186970, -84.093811) @ 3.2m GPS - PREV 0.0m NaNkph
143155 - (41.186970, -84.093811) @ 3.2m GPS - PREV 0.0m NaNkph
143200 - (41.186970, -84.093811) @ 3.2m GPS - PREV 0.0m NaNkph
143205 - (41.186970, -84.093811) @ 3.2m GPS - PREV 0.0m NaNkph
143210 - (41.186970, -84.093811) @ 3.2m GPS - PREV 0.0m NaNkph
143215 - (41.186970, -84.093811) @ 3.2m GPS - PREV 0.0m NaNkph
143220 - (41.186970, -84.093811) @ 3.2m GPS - PREV 0.0m NaNkph
143233 - (41.186970, -84.093811) @ 3.2m GPS - PREV 0.0m NaNkph
143238 - (41.186974, -84.093826) @ 4.3m GPS - OK 0.0m 0.1kph
143243 - (41.186974, -84.093826) @ 4.3m GPS - PREV 0.0m NaNkph
143248 - (41.186974, -84.093826) @ 4.3m GPS - PREV 0.0m NaNkph
143253 - (41.186974, -84.093826) @ 4.3m GPS - PREV 0.0m NaNkph
143258 - (41.186974, -84.093826) @ 4.3m GPS - PREV 0.0m NaNkph
143303 - (41.186974, -84.093826) @ 4.3m GPS - PREV 0.0m NaNkph
143308 - (41.186951, -84.093811) @ 3.2m GPS - OK 0.0m 0.3kph
143313 - (41.186951, -84.093811) @ 3.2m GPS - PREV 0.0m NaNkph
143318 - (41.186951, -84.093811) @ 3.2m GPS - PREV 0.0m NaNkph
143323 - (41.187004, -84.093872) @ 20.0m Network - OK 0.0m 2.0kph
143328 - (41.187004, -84.093872) @ 20.0m Network - PREV 0.0m NaNkph
143333 - (41.187004, -84.093872) @ 20.0m Network - PREV 0.0m NaNkph
143338 - (41.186954, -84.093819) @ 9.6m GPS - OK 0.0m 1.6kph
143343 - (41.186954, -84.093819) @ 9.6m GPS - PREV 0.0m NaNkph
143348 - (41.186954, -84.093819) @ 9.6m GPS - PREV 0.0m NaNkph
143353 - (41.186951, -84.093849) @ 9.6m GPS - OK 0.0m 0.7kph
143358 - (41.186951, -84.093849) @ 9.6m GPS - PREV 0.0m NaNkph
143403 - (41.186951, -84.093849) @ 9.6m GPS - PREV 0.0m NaNkph
143408 - (41.186962, -84.093842) @ 9.6m GPS - OK 0.0m 0.3kph
143421 - (41.186958, -84.093857) @ 3.2m GPS - OK 0.0m 0.4kph
143426 - (41.186958, -84.093857) @ 3.2m GPS - PREV 0.0m NaNkph
143439 - (41.186958, -84.093857) @ 3.2m GPS - PREV 0.0m NaNkph
143443 - (41.186958, -84.093857) @ 3.2m GPS - PREV 0.0m NaNkph
143448 - (41.186958, -84.093857) @ 3.2m GPS - PREV 0.0m NaNkph
143453 - (41.186958, -84.093857) @ 3.2m GPS - PREV 0.0m NaNkph
143506 - (41.186974, -84.093895) @ 20.0m Network - OK 0.0m 0.3kph
143511 - (41.186974, -84.093895) @ 20.0m Network - PREV 0.0m NaNkph
143516 - (41.186974, -84.093895) @ 20.0m Network - PREV 0.0m NaNkph
143521 - (41.186974, -84.093895) @ 20.0m Network - PREV 0.0m NaNkph
143526 - (41.186974, -84.093895) @ 20.0m Network - PREV 0.0m NaNkph
143531 - (41.186974, -84.093895) @ 20.0m Network - PREV 0.0m NaNkph
143544 - (41.186932, -84.093864) @ 3.2m GPS - OK 0.0m 0.6kph
143549 - (41.186932, -84.093864) @ 3.2m GPS - PREV 0.0m NaNkph
143554 - (41.186932, -84.093864) @ 3.2m GPS - PREV 0.0m NaNkph
143559 - (41.186932, -84.093864) @ 3.2m GPS - PREV 0.0m NaNkph
143604 - (41.186913, -84.093842) @ 3.2m GPS - OK 0.0m 0.4kph
143609 - (41.186874, -84.093803) @ 3.2m GPS - OK 0.0m 3.2kph
143614 - (41.186890, -84.093819) @ 3.2m GPS - OK 0.0m 1.3kph
143619 - (41.186890, -84.093819) @ 3.2m GPS - PREV 0.0m NaNkph
143624 - (41.186905, -84.093834) @ 3.2m GPS - OK 0.0m 0.8kph
143629 - (41.186905, -84.093849) @ 3.2m GPS - OK 0.0m 1.1kph
143634 - (41.186905, -84.093849) @ 3.2m GPS - PREV 0.0m NaNkph
143639 - (41.186905, -84.093849) @ 3.2m GPS - PREV 0.0m NaNkph
143644 - (41.186905, -84.093849) @ 3.2m GPS - PREV 0.0m NaNkph
143649 - (41.186905, -84.093849) @ 3.2m GPS - PREV 0.0m NaNkph
143654 - (41.186901, -84.093834) @ 9.6m GPS - OK 0.0m 0.2kph
143659 - (41.186901, -84.093834) @ 9.6m GPS - PREV 0.0m NaNkph
143704 - (41.186916, -84.093834) @ 9.6m GPS - OK 0.0m 0.6kph
143709 - (41.186920, -84.093849) @ 9.6m GPS - OK 0.0m 0.8kph
143714 - (41.186909, -84.093864) @ 9.6m GPS - OK 0.0m 1.6kph
143719 - (41.186901, -84.093864) @ 9.6m GPS - OK 0.0m 0.4kph
143724 - (41.186901, -84.093864) @ 9.6m GPS - PREV 0.0m NaNkph
143729 - (41.186897, -84.093880) @ 9.6m GPS - OK 0.0m 0.6kph
143734 - (41.186897, -84.093857) @ 9.6m GPS - OK 0.0m 1.2kph
143739 - (41.186897, -84.093857) @ 9.6m GPS - PREV 0.0m NaNkph
143744 - (41.186909, -84.093864) @ 9.6m GPS - OK 0.0m 0.4kph
143749 - (41.186909, -84.093864) @ 9.6m GPS - PREV 0.0m NaNkph
143754 - (41.186909, -84.093864) @ 9.6m GPS - PREV 0.0m NaNkph
143759 - (41.186916, -84.093864) @ 9.6m GPS - OK 0.0m 0.2kph
143804 - (41.186928, -84.093857) @ 9.6m GPS - OK 0.0m 1.3kph
143809 - (41.186916, -84.093842) @ 3.2m GPS - OK 0.0m 1.6kph
143814 - (41.186909, -84.093834) @ 3.2m GPS - OK 0.0m 1.0kph
143819 - (41.186909, -84.093834) @ 3.2m GPS - PREV 0.0m NaNkph
143824 - (41.186909, -84.093834) @ 3.2m GPS - PREV 0.0m NaNkph
143829 - (41.186909, -84.093834) @ 3.2m GPS - PREV 0.0m NaNkph
143834 - (41.186909, -84.093834) @ 3.2m GPS - PREV 0.0m NaNkph
143839 - (41.186909, -84.093834) @ 3.2m GPS - PREV 0.0m NaNkph
143844 - (41.186909, -84.093834) @ 3.2m GPS - PREV 0.0m NaNkph
143849 - (41.186920, -84.093834) @ 3.2m GPS - OK 0.0m 0.1kph
143854 - (41.186928, -84.093849) @ 3.2m GPS - OK 0.0m 0.7kph
143859 - (41.186928, -84.093849) @ 3.2m GPS - PREV 0.0m NaNkph
143904 - (41.186920, -84.093872) @ 3.2m GPS - OK 0.0m 0.9kph
143909 - (41.186920, -84.093872) @ 3.2m GPS - PREV 0.0m NaNkph
143914 - (41.186928, -84.093895) @ 3.2m GPS - OK 0.0m 0.8kph
143919 - (41.186928, -84.093895) @ 3.2m GPS - PREV 0.0m NaNkph
143924 - (41.186932, -84.093872) @ 3.2m GPS - OK 0.0m 0.6kph
143929 - (41.186932, -84.093842) @ 3.2m GPS - OK 0.0m 2.3kph
143934 - (41.186932, -84.093842) @ 3.2m GPS - PREV 0.0m NaNkph
143939 - (41.186932, -84.093842) @ 3.2m GPS - PREV 0.0m NaNkph
143944 - (41.186924, -84.093811) @ 3.2m GPS - OK 0.0m 0.7kph
143949 - (41.186928, -84.093819) @ 3.2m GPS - OK 0.0m 0.7kph
143954 - (41.186939, -84.093826) @ 3.2m GPS - OK 0.0m 0.6kph
143959 - (41.186939, -84.093826) @ 3.2m GPS - PREV 0.0m NaNkph
144004 - (41.186951, -84.093826) @ 3.2m GPS - OK 0.0m 0.6kph
144009 - (41.186939, -84.093811) @ 3.2m GPS - OK 0.0m 1.6kph
144014 - (41.186939, -84.093811) @ 3.2m GPS - PREV 0.0m NaNkph
144019 - (41.186924, -84.093811) @ 3.2m GPS - OK 0.0m 0.5kph
144024 - (41.186924, -84.093849) @ 3.2m GPS - OK 0.0m 1.9kph
144030 - (41.186909, -84.093857) @ 3.2m GPS - OK 0.0m 3.3kph
144034 - (41.186909, -84.093857) @ 3.2m GPS - PREV 0.0m NaNkph
144039 - (41.186909, -84.093857) @ 3.2m GPS - PREV 0.0m NaNkph
144044 - (41.186913, -84.093887) @ 3.2m GPS - OK 0.0m 0.5kph
144050 - (41.186913, -84.093887) @ 3.2m GPS - PREV 0.0m NaNkph
144054 - (41.186920, -84.093872) @ 3.2m GPS - OK 0.0m 0.7kph
144059 - (41.186920, -84.093872) @ 3.2m GPS - PREV 0.0m NaNkph
144104 - (41.186913, -84.093880) @ 3.2m GPS - OK 0.0m 0.3kph
144109 - (41.186913, -84.093880) @ 3.2m GPS - PREV 0.0m NaNkph
144114 - (41.186905, -84.093857) @ 3.2m GPS - OK 0.0m 0.8kph
144119 - (41.186901, -84.093842) @ 3.2m GPS - OK 0.0m 2.4kph
144124 - (41.186909, -84.093849) @ 3.2m GPS - OK 0.0m 0.6kph
144129 - (41.186909, -84.093849) @ 3.2m GPS - PREV 0.0m NaNkph
144134 - (41.186909, -84.093849) @ 3.2m GPS - PREV 0.0m NaNkph
144139 - (41.186909, -84.093849) @ 3.2m GPS - PREV 0.0m NaNkph
144144 - (41.186924, -84.093849) @ 4.3m GPS - OK 0.0m 0.3kph
144149 - (41.186905, -84.093834) @ 3.2m GPS - OK 0.0m 1.5kph
144154 - (41.186905, -84.093834) @ 3.2m GPS - PREV 0.0m NaNkph
144159 - (41.186920, -84.093842) @ 3.2m GPS - OK 0.0m 0.7kph
144204 - (41.186909, -84.093849) @ 3.2m GPS - OK 0.0m 0.9kph
144209 - (41.186916, -84.093864) @ 3.2m GPS - OK 0.0m 2.8kph
144214 - (41.186859, -84.093849) @ 3.2m GPS - OK 0.0m 2.9kph
144219 - (41.186859, -84.093849) @ 3.2m GPS - PREV 0.0m NaNkph
144224 - (41.186893, -84.093872) @ 3.2m GPS - OK 0.0m 1.5kph
144229 - (41.186893, -84.093872) @ 3.2m GPS - PREV 0.0m NaNkph
144234 - (41.186890, -84.093864) @ 3.2m GPS - OK 0.0m 0.5kph
144239 - (41.186878, -84.093864) @ 3.2m GPS - OK 0.0m 0.6kph
144244 - (41.186878, -84.093864) @ 3.2m GPS - PREV 0.0m NaNkph
144249 - (41.186867, -84.093834) @ 3.2m GPS - OK 0.0m 1.0kph
144254 - (41.186852, -84.093834) @ 3.2m GPS - OK 0.0m 1.0kph
144259 - (41.186848, -84.093857) @ 3.2m GPS - OK 0.0m 1.8kph
144304 - (41.186859, -84.093864) @ 3.2m GPS - OK 0.0m 2.6kph
144309 - (41.186859, -84.093864) @ 3.2m GPS - PREV 0.0m NaNkph
144314 - (41.186859, -84.093864) @ 3.2m GPS - PREV 0.0m NaNkph
144319 - (41.186859, -84.093864) @ 3.2m GPS - PREV 0.0m NaNkph
144324 - (41.186874, -84.093842) @ 4.3m GPS - OK 0.0m 0.4kph
144329 - (41.186867, -84.093849) @ 4.3m GPS - OK 0.0m 1.0kph
144334 - (41.186874, -84.093857) @ 4.3m GPS - OK 0.0m 0.6kph
144339 - (41.186874, -84.093857) @ 4.3m GPS - PREV 0.0m NaNkph
144344 - (41.186882, -84.093880) @ 5.4m GPS - OK 0.0m 0.8kph
144349 - (41.186897, -84.093887) @ 3.2m GPS - OK 0.0m 1.1kph
144354 - (41.186897, -84.093887) @ 3.2m GPS - PREV 0.0m NaNkph
144359 - (41.186886, -84.093864) @ 3.2m GPS - OK 0.0m 0.8kph
144404 - (41.186859, -84.093857) @ 3.2m GPS - OK 0.0m 1.8kph
144409 - (41.186859, -84.093857) @ 3.2m GPS - PREV 0.0m NaNkph
144415 - (41.186874, -84.093880) @ 3.2m GPS - OK 0.0m 0.9kph
144419 - (41.186874, -84.093887) @ 3.2m GPS - OK 0.0m 1.2kph
144424 - (41.186874, -84.093887) @ 3.2m GPS - PREV 0.0m NaNkph
144429 - (41.186874, -84.093887) @ 3.2m GPS - PREV 0.0m NaNkph
144434 - (41.186886, -84.093903) @ 3.2m GPS - OK 0.0m 0.4kph
144439 - (41.186867, -84.093895) @ 3.2m GPS - OK 0.0m 1.3kph
144444 - (41.186863, -84.093880) @ 3.2m GPS - OK 0.0m 1.2kph
144449 - (41.186882, -84.093849) @ 3.2m GPS - OK 0.0m 2.0kph
144454 - (41.186893, -84.093849) @ 3.2m GPS - OK 0.0m 1.1kph
144459 - (41.186905, -84.093834) @ 3.2m GPS - OK 0.0m 1.1kph
144504 - (41.186878, -84.093788) @ 3.2m GPS - OK 0.0m 2.9kph
144509 - (41.186871, -84.093773) @ 3.2m GPS - OK 0.0m 2.8kph
144514 - (41.186871, -84.093773) @ 3.2m GPS - PREV 0.0m NaNkph
144519 - (41.186867, -84.093758) @ 3.2m GPS - OK 0.0m 0.5kph
144524 - (41.186878, -84.093773) @ 3.2m GPS - OK 0.0m 0.8kph
144529 - (41.186867, -84.093788) @ 3.2m GPS - OK 0.0m 1.6kph
144535 - (41.186890, -84.093796) @ 3.2m GPS - OK 0.0m 1.6kph
144539 - (41.186882, -84.093788) @ 3.2m GPS - OK 0.0m 1.0kph
144544 - (41.186882, -84.093788) @ 3.2m GPS - PREV 0.0m NaNkph
144549 - (41.186882, -84.093788) @ 3.2m GPS - PREV 0.0m NaNkph
144555 - (41.186882, -84.093811) @ 3.2m GPS - OK 0.0m 0.6kph
144559 - (41.186871, -84.093803) @ 3.2m GPS - OK 0.0m 0.9kph
144604 - (41.186867, -84.093819) @ 3.2m GPS - OK 0.0m 0.6kph
144609 - (41.186867, -84.093819) @ 3.2m GPS - PREV 0.0m NaNkph
144615 - (41.186863, -84.093803) @ 3.2m GPS - OK 0.0m 0.6kph
144619 - (41.186863, -84.093803) @ 3.2m GPS - PREV 0.0m NaNkph
144624 - (41.186882, -84.093834) @ 3.2m GPS - OK 0.0m 1.2kph
144629 - (41.186882, -84.093834) @ 3.2m GPS - PREV 0.0m NaNkph
144634 - (41.186890, -84.093849) @ 3.2m GPS - OK 0.0m 0.5kph
144639 - (41.186890, -84.093849) @ 3.2m GPS - PREV 0.0m NaNkph
144644 - (41.186905, -84.093887) @ 3.2m GPS - OK 0.0m 1.3kph
144649 - (41.186905, -84.093887) @ 3.2m GPS - PREV 0.0m NaNkph
144654 - (41.186897, -84.093903) @ 3.2m GPS - OK 0.0m 0.9kph
144659 - (41.186897, -84.093887) @ 3.2m GPS - OK 0.0m 0.6kph
144704 - (41.186897, -84.093880) @ 3.2m GPS - OK 0.0m 0.6kph
144709 - (41.186920, -84.093895) @ 3.2m GPS - OK 0.0m 1.7kph
144714 - (41.186932, -84.093910) @ 3.2m GPS - OK 0.0m 3.3kph
144719 - (41.186932, -84.093910) @ 3.2m GPS - PREV 0.0m NaNkph
144724 - (41.186932, -84.093910) @ 3.2m GPS - PREV 0.0m NaNkph
144729 - (41.186932, -84.093910) @ 3.2m GPS - PREV 0.0m NaNkph
144734 - (41.186939, -84.093910) @ 3.2m GPS - OK 0.0m 0.1kph
144739 - (41.186939, -84.093910) @ 3.2m GPS - PREV 0.0m NaNkph
144744 - (41.186939, -84.093910) @ 3.2m GPS - PREV 0.0m NaNkph
144749 - (41.186939, -84.093910) @ 3.2m GPS - PREV 0.0m NaNkph
144754 - (41.186939, -84.093910) @ 3.2m GPS - PREV 0.0m NaNkph
144759 - (41.186939, -84.093910) @ 3.2m GPS - PREV 0.0m NaNkph
144804 - (41.186939, -84.093910) @ 3.2m GPS - PREV 0.0m NaNkph
144809 - (41.186939, -84.093910) @ 3.2m GPS - PREV 0.0m NaNkph
144814 - (41.186939, -84.093910) @ 3.2m GPS - PREV 0.0m NaNkph
144819 - (41.186939, -84.093910) @ 3.2m GPS - PREV 0.0m NaNkph
144824 - (41.186939, -84.093910) @ 3.2m GPS - PREV 0.0m NaNkph
144830 - (41.186939, -84.093910) @ 3.2m GPS - PREV 0.0m NaNkph
144834 - (41.186939, -84.093910) @ 3.2m GPS - PREV 0.0m NaNkph
144839 - (41.186939, -84.093910) @ 3.2m GPS - PREV 0.0m NaNkph
144844 - (41.186939, -84.093910) @ 3.2m GPS - PREV 0.0m NaNkph
144849 - (41.186939, -84.093910) @ 3.2m GPS - PREV 0.0m NaNkph
144854 - (41.186939, -84.093910) @ 3.2m GPS - PREV 0.0m NaNkph
144859 - (41.186939, -84.093910) @ 3.2m GPS - PREV 0.0m NaNkph
144904 - (41.186939, -84.093910) @ 3.2m GPS - PREV 0.0m NaNkph
144909 - (41.186939, -84.093910) @ 3.2m GPS - PREV 0.0m NaNkph
144914 - (41.186939, -84.093910) @ 3.2m GPS - PREV 0.0m NaNkph
144919 - (41.186939, -84.093910) @ 3.2m GPS - PREV 0.0m NaNkph
144924 - (41.186939, -84.093910) @ 3.2m GPS - PREV 0.0m NaNkph
144929 - (41.186939, -84.093910) @ 3.2m GPS - PREV 0.0m NaNkph
144934 - (41.186939, -84.093910) @ 3.2m GPS - PREV 0.0m NaNkph
144939 - (41.186939, -84.093910) @ 3.2m GPS - PREV 0.0m NaNkph
144944 - (41.186939, -84.093910) @ 3.2m GPS - PREV 0.0m NaNkph
144949 - (41.186939, -84.093910) @ 3.2m GPS - PREV 0.0m NaNkph
144954 - (41.186939, -84.093910) @ 3.2m GPS - PREV 0.0m NaNkph
144959 - (41.186939, -84.093910) @ 3.2m GPS - PREV 0.0m NaNkph
145004 - (41.186939, -84.093910) @ 3.2m GPS - PREV 0.0m NaNkph
145010 - (41.186939, -84.093910) @ 3.2m GPS - PREV 0.0m NaNkph
145014 - (41.186939, -84.093910) @ 3.2m GPS - PREV 0.0m NaNkph
145019 - (41.186939, -84.093910) @ 3.2m GPS - PREV 0.0m NaNkph
145024 - (41.186939, -84.093910) @ 3.2m GPS - PREV 0.0m NaNkph
145029 - (41.186939, -84.093910) @ 3.2m GPS - PREV 0.0m NaNkph
151223 - (41.186920, -84.093910) @ 5.4m GPS - OK 0.0m 0.0kph
151228 - (41.186897, -84.093895) @ 3.2m GPS - OK 0.0m 2.0kph
151233 - (41.186890, -84.093857) @ 3.2m GPS - OK 0.0m 3.0kph
151238 - (41.186890, -84.093857) @ 3.2m GPS - PREV 0.0m NaNkph
151243 - (41.186901, -84.093857) @ 3.2m GPS - OK 0.0m 0.6kph
151248 - (41.186874, -84.093857) @ 3.2m GPS - OK 0.0m 1.3kph
151253 - (41.186852, -84.093857) @ 3.2m GPS - OK 0.0m 2.3kph
151258 - (41.186874, -84.093864) @ 3.2m GPS - OK 0.0m 1.6kph
151303 - (41.186874, -84.093864) @ 3.2m GPS - PREV 0.0m NaNkph
151308 - (41.186863, -84.093864) @ 3.2m GPS - OK 0.0m 0.6kph
151313 - (41.186863, -84.093864) @ 3.2m GPS - PREV 0.0m NaNkph
151318 - (41.186844, -84.093872) @ 3.2m GPS - OK 0.0m 0.8kph
151323 - (41.186844, -84.093872) @ 3.2m GPS - PREV 0.0m NaNkph
151328 - (41.186844, -84.093872) @ 3.2m GPS - PREV 0.0m NaNkph
151333 - (41.186859, -84.093872) @ 3.2m GPS - OK 0.0m 0.4kph
151338 - (41.186874, -84.093872) @ 3.2m GPS - OK 0.0m 0.8kph
151343 - (41.186874, -84.093872) @ 3.2m GPS - PREV 0.0m NaNkph
151348 - (41.186886, -84.093880) @ 3.2m GPS - OK 0.0m 0.9kph
151353 - (41.186886, -84.093880) @ 3.2m GPS - PREV 0.0m NaNkph
151358 - (41.186897, -84.093880) @ 9.6m GPS - OK 0.0m 0.3kph
151403 - (41.186897, -84.093880) @ 9.6m GPS - PREV 0.0m NaNkph
151408 - (41.186897, -84.093880) @ 9.6m GPS - PREV 0.0m NaNkph
151413 - (41.186909, -84.093880) @ 9.6m GPS - OK 0.0m 0.3kph
151418 - (41.186897, -84.093880) @ 9.6m GPS - OK 0.0m 0.8kph
151423 - (41.186897, -84.093880) @ 9.6m GPS - PREV 0.0m NaNkph
151428 - (41.186897, -84.093880) @ 9.6m GPS - PREV 0.0m NaNkph
151433 - (41.186897, -84.093880) @ 9.6m GPS - PREV 0.0m NaNkph
151438 - (41.186909, -84.093872) @ 9.6m GPS - OK 0.0m 0.3kph
151443 - (41.186909, -84.093872) @ 9.6m GPS - PREV 0.0m NaNkph
151448 - (41.186905, -84.093857) @ 3.2m GPS - OK 0.0m 0.3kph
151453 - (41.186916, -84.093857) @ 3.2m GPS - OK 0.0m 1.5kph
152934 - (41.186924, -84.093910) @ 4.3m GPS - FIRST 0.0m 0.0kph
152939 - (41.186913, -84.093910) @ 3.2m GPS - OK 0.0m 2.2kph
152944 - (41.186924, -84.093880) @ 3.2m GPS - OK 0.0m 1.3kph
152949 - (41.186924, -84.093880) @ 3.2m GPS - PREV 0.0m NaNkph
152954 - (41.186924, -84.093880) @ 3.2m GPS - PREV 0.0m NaNkph
152959 - (41.186924, -84.093880) @ 3.2m GPS - PREV 0.0m NaNkph
153004 - (41.186924, -84.093880) @ 3.2m GPS - PREV 0.0m NaNkph
153009 - (41.186924, -84.093880) @ 3.2m GPS - PREV 0.0m NaNkph
153014 - (41.186924, -84.093880) @ 3.2m GPS - PREV 0.0m NaNkph
153019 - (41.187016, -84.093864) @ 20.0m Network - OK 0.0m 1.2kph
153024 - (41.187016, -84.093864) @ 20.0m Network - PREV 0.0m NaNkph
153029 - (41.187016, -84.093864) @ 20.0m Network - PREV 0.0m NaNkph
153034 - (41.187016, -84.093864) @ 20.0m Network - PREV 0.0m NaNkph
153039 - (41.186974, -84.093895) @ 20.0m Network - OK 0.0m 0.9kph
153044 - (41.186974, -84.093895) @ 20.0m Network - PREV 0.0m NaNkph
153049 - (41.186974, -84.093895) @ 20.0m Network - PREV 0.0m NaNkph
153054 - (41.186974, -84.093895) @ 20.0m Network - PREV 0.0m NaNkph
153059 - (41.186996, -84.093880) @ 20.0m Network - OK 0.0m 0.5kph
153104 - (41.186996, -84.093880) @ 20.0m Network - PREV 0.0m NaNkph
153109 - (41.186996, -84.093880) @ 20.0m Network - PREV 0.0m NaNkph
153114 - (41.186935, -84.093872) @ 3.2m GPS - OK 0.0m 1.6kph
153119 - (41.186932, -84.093880) @ 3.2m GPS - OK 0.0m 0.3kph
153124 - (41.186932, -84.093880) @ 3.2m GPS - PREV 0.0m NaNkph
153129 - (41.186932, -84.093880) @ 3.2m GPS - PREV 0.0m NaNkph
153134 - (41.186932, -84.093880) @ 3.2m GPS - PREV 0.0m NaNkph
153139 - (41.186943, -84.093872) @ 3.2m GPS - OK 0.0m 0.3kph
153144 - (41.186939, -84.093864) @ 3.2m GPS - OK 0.0m 0.7kph
153149 - (41.186932, -84.093872) @ 3.2m GPS - OK 0.0m 1.0kph
153154 - (41.186932, -84.093872) @ 3.2m GPS - PREV 0.0m NaNkph
153159 - (41.186932, -84.093887) @ 3.2m GPS - OK 0.0m 0.4kph
153204 - (41.186932, -84.093910) @ 3.2m GPS - OK 0.0m 3.5kph
153209 - (41.186939, -84.093903) @ 3.2m GPS - OK 0.0m 0.5kph
153214 - (41.186928, -84.093895) @ 3.2m GPS - OK 0.0m 1.3kph
153219 - (41.186905, -84.093918) @ 3.2m GPS - OK 0.0m 1.9kph
153224 - (41.186905, -84.093918) @ 3.2m GPS - PREV 0.0m NaNkph
153229 - (41.186901, -84.093903) @ 3.2m GPS - OK 0.0m 0.5kph
153234 - (41.186901, -84.093887) @ 3.2m GPS - OK 0.0m 1.1kph
153239 - (41.186893, -84.093872) @ 3.2m GPS - OK 0.0m 1.4kph
153244 - (41.186893, -84.093872) @ 3.2m GPS - PREV 0.0m NaNkph
153249 - (41.186893, -84.093872) @ 3.2m GPS - PREV 0.0m NaNkph
153254 - (41.186905, -84.093872) @ 9.6m GPS - OK 0.0m 0.3kph
153259 - (41.186905, -84.093872) @ 9.6m GPS - PREV 0.0m NaNkph
153304 - (41.186905, -84.093872) @ 9.6m GPS - PREV 0.0m NaNkph
153309 - (41.186905, -84.093872) @ 9.6m GPS - PREV 0.0m NaNkph
153314 - (41.186905, -84.093872) @ 9.6m GPS - PREV 0.0m NaNkph
153319 - (41.186985, -84.093887) @ 20.0m Network - OK 0.0m 1.1kph
153324 - (41.186985, -84.093887) @ 20.0m Network - PREV 0.0m NaNkph
153329 - (41.186985, -84.093887) @ 20.0m Network - PREV 0.0m NaNkph
153334 - (41.186985, -84.093887) @ 20.0m Network - PREV 0.0m NaNkph
153339 - (41.186932, -84.093880) @ 3.2m GPS - OK 0.0m 1.1kph
153344 - (41.186939, -84.093872) @ 3.2m GPS - OK 0.0m 1.9kph
153349 - (41.186939, -84.093872) @ 3.2m GPS - PREV 0.0m NaNkph
153354 - (41.186939, -84.093872) @ 3.2m GPS - PREV 0.0m NaNkph
153359 - (41.186928, -84.093857) @ 3.2m GPS - OK 0.0m 0.4kph
153404 - (41.186928, -84.093857) @ 3.2m GPS - PREV 0.0m NaNkph
153409 - (41.186928, -84.093857) @ 3.2m GPS - PREV 0.0m NaNkph
153414 - (41.186928, -84.093857) @ 3.2m GPS - PREV 0.0m NaNkph
153419 - (41.186909, -84.093887) @ 3.2m GPS - OK 0.0m 0.5kph
153424 - (41.186928, -84.093925) @ 3.2m GPS - OK 0.0m 2.3kph
153429 - (41.186920, -84.093910) @ 3.2m GPS - OK 0.0m 2.8kph
153434 - (41.186913, -84.093903) @ 3.2m GPS - OK 0.0m 0.6kph
153439 - (41.186905, -84.093872) @ 3.2m GPS - OK 0.0m 1.6kph
153444 - (41.186920, -84.093864) @ 3.2m GPS - OK 0.0m 1.1kph
153449 - (41.186939, -84.093887) @ 3.2m GPS - OK 0.0m 5.2kph
153454 - (41.186939, -84.093887) @ 3.2m GPS - PREV 0.0m NaNkph
153459 - (41.186935, -84.093880) @ 3.2m GPS - OK 0.0m 0.3kph
153512 - (41.186943, -84.093857) @ 3.2m GPS - OK 0.0m 0.6kph
153517 - (41.186947, -84.093895) @ 3.2m GPS - OK 0.0m 1.4kph
153522 - (41.186958, -84.093910) @ 3.2m GPS - OK 0.0m 1.6kph
153526 - (41.186970, -84.093948) @ 3.2m GPS - OK 0.0m 2.1kph
153532 - (41.186939, -84.093925) @ 3.2m GPS - OK 0.0m 3.5kph
153537 - (41.186928, -84.093925) @ 3.2m GPS - OK 0.0m 2.3kph
153542 - (41.186920, -84.093903) @ 3.2m GPS - OK 0.0m 1.3kph
153546 - (41.186913, -84.093925) @ 3.2m GPS - OK 0.0m 1.3kph
153551 - (41.186913, -84.093925) @ 3.2m GPS - PREV 0.0m NaNkph
153557 - (41.186985, -84.093987) @ 4.3m GPS - OK 0.0m 2.9kph
153602 - (41.187016, -84.094009) @ 4.3m GPS - OK 0.0m 7.0kph
153607 - (41.187016, -84.094009) @ 4.3m GPS - PREV 0.0m NaNkph
153612 - (41.187004, -84.093979) @ 10.7m GPS - OK 0.0m 0.9kph
153617 - (41.186962, -84.093941) @ 10.7m GPS - OK 0.0m 3.4kph
153622 - (41.186958, -84.093925) @ 10.7m GPS - OK 0.0m 1.2kph
153627 - (41.186920, -84.093849) @ 9.6m GPS - OK 0.0m 4.6kph
153632 - (41.186920, -84.093849) @ 9.6m GPS - PREV 0.0m NaNkph
153644 - (41.186901, -84.093872) @ 10.7m GPS - OK 0.0m 0.6kph
153650 - (41.186913, -84.093857) @ 9.6m GPS - OK 0.0m 1.1kph
153655 - (41.186924, -84.093857) @ 9.6m GPS - OK 0.0m 0.8kph
153659 - (41.186916, -84.093872) @ 9.6m GPS - OK 0.0m 1.4kph
153704 - (41.186916, -84.093872) @ 9.6m GPS - PREV 0.0m NaNkph
153709 - (41.186924, -84.093872) @ 9.6m GPS - OK 0.0m 0.4kph
153714 - (41.186920, -84.093857) @ 9.6m GPS - OK 0.0m 0.6kph
153719 - (41.186920, -84.093857) @ 9.6m GPS - PREV 0.0m NaNkph
153724 - (41.186924, -84.093849) @ 9.6m GPS - OK 0.0m 0.3kph
153730 - (41.186924, -84.093849) @ 9.6m GPS - PREV 0.0m NaNkph
153734 - (41.186924, -84.093849) @ 9.6m GPS - PREV 0.0m NaNkph
153739 - (41.186924, -84.093849) @ 9.6m GPS - PREV 0.0m NaNkph
153744 - (41.186924, -84.093849) @ 9.6m GPS - PREV 0.0m NaNkph
153750 - (41.187008, -84.093864) @ 20.0m Network - OK 0.0m 1.3kph
153754 - (41.187008, -84.093864) @ 20.0m Network - PREV 0.0m NaNkph
153809 - (41.187008, -84.093864) @ 20.0m Network - PREV 0.0m NaNkph
153813 - (41.187008, -84.093864) @ 20.0m Network - PREV 0.0m NaNkph
153818 - (41.187008, -84.093864) @ 20.0m Network - PREV 0.0m NaNkph
153823 - (41.186924, -84.093857) @ 3.2m GPS - OK 0.0m 1.1kph
153828 - (41.186943, -84.093842) @ 3.2m GPS - OK 0.0m 1.1kph
153833 - (41.186943, -84.093842) @ 3.2m GPS - PREV 0.0m NaNkph
153838 - (41.186943, -84.093842) @ 3.2m GPS - PREV 0.0m NaNkph
153843 - (41.186943, -84.093842) @ 3.2m GPS - PREV 0.0m NaNkph
153848 - (41.186943, -84.093842) @ 3.2m GPS - PREV 0.0m NaNkph
153853 - (41.186935, -84.093857) @ 3.2m GPS - OK 0.0m 0.3kph
153858 - (41.186935, -84.093857) @ 3.2m GPS - PREV 0.0m NaNkph
153903 - (41.186928, -84.093864) @ 3.2m GPS - OK 0.0m 0.3kph
153908 - (41.186928, -84.093864) @ 3.2m GPS - PREV 0.0m NaNkph
153913 - (41.186928, -84.093864) @ 3.2m GPS - PREV 0.0m NaNkph
153918 - (41.186928, -84.093864) @ 3.2m GPS - PREV 0.0m NaNkph
153923 - (41.186928, -84.093864) @ 3.2m GPS - PREV 0.0m NaNkph
153928 - (41.186928, -84.093864) @ 3.2m GPS - PREV 0.0m NaNkph
153933 - (41.186928, -84.093864) @ 3.2m GPS - PREV 0.0m NaNkph
153938 - (41.186939, -84.093864) @ 3.2m GPS - OK 0.0m 0.1kph
153943 - (41.186928, -84.093872) @ 3.2m GPS - OK 0.0m 0.6kph
153955 - (41.186928, -84.093872) @ 3.2m GPS - PREV 0.0m NaNkph
154001 - (41.186928, -84.093872) @ 3.2m GPS - PREV 0.0m NaNkph
154005 - (41.186928, -84.093872) @ 3.2m GPS - PREV 0.0m NaNkph
154011 - (41.186928, -84.093872) @ 3.2m GPS - PREV 0.0m NaNkph
154015 - (41.186939, -84.093857) @ 3.2m GPS - OK 0.0m 0.2kph
154020 - (41.186954, -84.093834) @ 3.2m GPS - OK 0.0m 1.5kph
154025 - (41.186954, -84.093834) @ 3.2m GPS - PREV 0.0m NaNkph
154031 - (41.186954, -84.093834) @ 3.2m GPS - PREV 0.0m NaNkph
154035 - (41.186954, -84.093834) @ 3.2m GPS - PREV 0.0m NaNkph
154040 - (41.186954, -84.093834) @ 3.2m GPS - PREV 0.0m NaNkph
154046 - (41.186954, -84.093834) @ 3.2m GPS - PREV 0.0m NaNkph
154050 - (41.186954, -84.093834) @ 3.2m GPS - PREV 0.0m NaNkph
154056 - (41.187008, -84.093864) @ 20.0m Network - OK 0.0m 0.7kph
154100 - (41.187008, -84.093864) @ 20.0m Network - PREV 0.0m NaNkph
154106 - (41.187008, -84.093864) @ 20.0m Network - PREV 0.0m NaNkph
154110 - (41.186939, -84.093849) @ 3.2m GPS - OK 0.0m 1.7kph
154116 - (41.186932, -84.093842) @ 3.2m GPS - OK 0.0m 1.0kph
154129 - (41.186924, -84.093864) @ 3.2m GPS - OK 0.0m 0.6kph
154133 - (41.186920, -84.093872) @ 3.2m GPS - OK 0.0m 0.3kph
154138 - (41.186913, -84.093864) @ 3.2m GPS - OK 0.0m 0.6kph
154143 - (41.186913, -84.093864) @ 3.2m GPS - PREV 0.0m NaNkph
154148 - (41.186913, -84.093864) @ 3.2m GPS - PREV 0.0m NaNkph
154153 - (41.187016, -84.093864) @ 20.0m Network - OK 0.0m 2.9kph
154158 - (41.187016, -84.093864) @ 20.0m Network - PREV 0.0m NaNkph
154203 - (41.186890, -84.093903) @ 9.6m GPS - OK 0.0m 5.2kph
154208 - (41.186878, -84.093910) @ 9.6m GPS - OK 0.0m 2.6kph
154213 - (41.186901, -84.093910) @ 9.6m GPS - OK 0.0m 1.1kph
154218 - (41.186913, -84.093903) @ 9.6m GPS - OK 0.0m 1.3kph
154223 - (41.186913, -84.093903) @ 9.6m GPS - PREV 0.0m NaNkph
154229 - (41.186913, -84.093903) @ 9.6m GPS - PREV 0.0m NaNkph
154233 - (41.186913, -84.093903) @ 9.6m GPS - PREV 0.0m NaNkph
154238 - (41.186893, -84.093849) @ 9.6m GPS - OK 0.0m 0.8kph
154244 - (41.186897, -84.093872) @ 9.6m GPS - OK 0.0m 1.8kph
154256 - (41.186924, -84.093857) @ 9.6m GPS - OK 0.0m 0.8kph
154301 - (41.186924, -84.093857) @ 9.6m GPS - PREV 0.0m NaNkph
154306 - (41.186916, -84.093834) @ 9.6m GPS - OK 0.0m 0.8kph
154311 - (41.186916, -84.093834) @ 9.6m GPS - PREV 0.0m NaNkph
154316 - (41.186909, -84.093842) @ 3.2m GPS - OK 0.0m 0.4kph
154321 - (41.186909, -84.093842) @ 3.2m GPS - PREV 0.0m NaNkph
154326 - (41.186909, -84.093842) @ 3.2m GPS - PREV 0.0m NaNkph
154331 - (41.186874, -84.093857) @ 4.3m GPS - OK 0.0m 1.0kph
154336 - (41.186874, -84.093864) @ 4.3m GPS - OK 0.0m 1.1kph
