095341 - Client connected, hash 52A92AC7. Creating session.
101329 - Client connected, hash 2000F4D3. Creating session.
102835 - Client connected, hash 2D15EEFD. Creating session.
105737 - Server socket established.
105754 - Client connected, hash 51ACA4D1. Creating session.
165559 - Client connected, hash 7C826EDF. Creating session.
165807 - Client connected, hash 7D47BD3B. Creating session.
165830 - Client connected, hash 1749648F. Creating session.
165841 - Client connected, hash 06FF43F1. Creating session.
165850 - Client connected, hash 69E42167. Creating session.
170153 - Client connected, hash 298AF705. Creating session.
170314 - Client connected, hash 75BB83A7. Creating session.
170339 - Client connected, hash 09A7A62A. Creating session.
170543 - Client connected, hash 41804160. Creating session.
173329 - Client connected, hash 3FCCA48A. Creating session.
175329 - Client connected, hash 16C3BE6F. Creating session.
175330 - Client connected, hash 22E1CC6B. Creating session.
211332 - Client connected, hash 61290216. Creating session.
212830 - Client connected, hash 3B9B124D. Creating session.
215009 - Client connected, hash 3020E397. Creating session.
