000000 - It's a new hour!
000000 - Performing wealth generation...
000000 - Test1 gets 395.
000002 - Updating Test1's location.
000007 - Updating Test1's location.
000012 - Updating Test1's location.
000017 - Updating Test1's location.
000022 - Updating Test1's location.
000027 - Updating Test1's location.
000032 - Updating Test1's location.
000037 - Updating Test1's location.
000042 - Updating Test1's location.
000047 - Updating Test1's location.
000052 - Updating Test1's location.
000057 - Updating Test1's location.
000102 - Updating Test1's location.
000107 - Updating Test1's location.
000112 - Updating Test1's location.
000117 - Updating Test1's location.
000122 - Updating Test1's location.
000128 - Updating Test1's location.
000132 - Updating Test1's location.
000137 - Updating Test1's location.
000142 - Processing radiation damage...
000142 - Updating Test1's location.
000147 - Updating Test1's location.
000152 - Updating Test1's location.
000157 - Updating Test1's location.
000202 - Updating Test1's location.
000207 - Updating Test1's location.
000212 - Updating Test1's location.
000217 - Updating Test1's location.
000222 - Updating Test1's location.
000227 - Updating Test1's location.
000232 - Updating Test1's location.
000237 - Updating Test1's location.
000242 - Updating Test1's location.
000247 - Updating Test1's location.
000252 - Updating Test1's location.
000257 - Updating Test1's location.
000302 - Updating Test1's location.
000307 - Updating Test1's location.
000312 - Updating Test1's location.
000317 - Updating Test1's location.
000322 - Updating Test1's location.
000327 - Updating Test1's location.
000332 - Updating Test1's location.
000337 - Updating Test1's location.
000342 - Updating Test1's location.
000347 - Updating Test1's location.
000352 - Updating Test1's location.
000357 - Updating Test1's location.
000402 - Updating Test1's location.
000407 - Updating Test1's location.
000412 - Updating Test1's location.
000417 - Updating Test1's location.
000422 - Updating Test1's location.
000428 - Updating Test1's location.
000433 - Updating Test1's location.
000438 - Updating Test1's location.
000443 - Updating Test1's location.
000448 - Updating Test1's location.
000453 - Updating Test1's location.
000458 - Updating Test1's location.
000503 - Updating Test1's location.
000508 - Updating Test1's location.
000513 - Updating Test1's location.
000518 - Updating Test1's location.
000523 - Updating Test1's location.
000528 - Updating Test1's location.
000533 - Updating Test1's location.
000538 - Updating Test1's location.
000543 - Updating Test1's location.
000548 - Updating Test1's location.
000553 - Updating Test1's location.
000558 - Updating Test1's location.
000603 - Updating Test1's location.
000608 - Updating Test1's location.
000613 - Updating Test1's location.
000618 - Updating Test1's location.
000623 - Updating Test1's location.
000628 - Updating Test1's location.
000633 - Updating Test1's location.
000638 - Updating Test1's location.
000643 - Updating Test1's location.
000648 - Updating Test1's location.
000653 - Updating Test1's location.
000658 - Updating Test1's location.
000703 - Updating Test1's location.
000708 - Updating Test1's location.
000713 - Updating Test1's location.
000718 - Updating Test1's location.
000723 - Updating Test1's location.
000728 - Updating Test1's location.
000733 - Updating Test1's location.
000738 - Updating Test1's location.
000742 - Processing health regeneration...
000742 - Processing radiation damage...
000743 - Updating Test1's location.
000748 - Updating Test1's location.
000753 - Updating Test1's location.
000758 - Updating Test1's location.
000803 - Updating Test1's location.
000808 - Updating Test1's location.
000813 - Updating Test1's location.
000818 - Updating Test1's location.
000823 - Updating Test1's location.
000828 - Updating Test1's location.
000833 - Updating Test1's location.
000838 - Updating Test1's location.
000843 - Updating Test1's location.
000848 - Updating Test1's location.
000853 - Updating Test1's location.
000858 - Updating Test1's location.
000903 - Updating Test1's location.
000908 - Updating Test1's location.
000913 - Updating Test1's location.
000918 - Updating Test1's location.
000923 - Updating Test1's location.
000928 - Updating Test1's location.
000933 - Updating Test1's location.
000938 - Updating Test1's location.
000943 - Updating Test1's location.
000948 - Updating Test1's location.
000953 - Updating Test1's location.
000958 - Updating Test1's location.
001003 - Updating Test1's location.
001008 - Updating Test1's location.
001013 - Updating Test1's location.
001018 - Updating Test1's location.
001023 - Updating Test1's location.
001029 - Updating Test1's location.
001034 - Updating Test1's location.
001039 - Updating Test1's location.
001044 - Updating Test1's location.
001049 - Updating Test1's location.
001054 - Updating Test1's location.
001059 - Updating Test1's location.
001104 - Updating Test1's location.
001109 - Updating Test1's location.
001114 - Updating Test1's location.
001119 - Updating Test1's location.
001124 - Updating Test1's location.
001129 - Updating Test1's location.
001134 - Updating Test1's location.
001139 - Updating Test1's location.
001144 - Updating Test1's location.
001149 - Updating Test1's location.
001154 - Updating Test1's location.
001159 - Updating Test1's location.
001205 - Updating Test1's location.
001207 - Test1 charged for online ore mine.
001209 - Updating Test1's location.
001214 - Updating Test1's location.
001219 - Updating Test1's location.
001224 - Updating Test1's location.
001229 - Updating Test1's location.
001234 - Updating Test1's location.
001239 - Updating Test1's location.
001242 - Validating Test1's nuclear missile site construction attempt...
001242 - ...Affordable...
001242 - (Event) Test1 constructed a nuclear missile site.
001244 - Updating Test1's location.
001249 - Updating Test1's location.
001254 - Updating Test1's location.
001301 - Updating Test1's location.
001304 - Updating Test1's location.
001310 - Updating Test1's location.
001342 - Processing radiation damage...
001356 - Verifying ID 4F540EC7C56161C21C58089313278C1B4FCE3FFD773D5424489BB8DDB17B8D2B.
001426 - Verifying ID 4F540EC7C56161C21C58089313278C1B4FCE3FFD773D5424489BB8DDB17B8D2B.
001901 - Verifying ID A7DE11DB45428B1C159D0D9A915C38D9C6C95A98551CBF449D8311A3AB2134D1.
001905 - Checking availability of Testing...
001905 - It's available.
001905 - Verifying ID A7DE11DB45428B1C159D0D9A915C38D9C6C95A98551CBF449D8311A3AB2134D1.
001905 - Creating a player.
001905 - (Event) Give a warm, explosive welcome to Testing, who has joined the Game!
001905 - (Report) Give a warm, explosive welcome to Testing, who has joined the Game!
001906 - Verifying ID A7DE11DB45428B1C159D0D9A915C38D9C6C95A98551CBF449D8311A3AB2134D1.
001906 - Testing's respawn protection time expired.
001907 - Testing is attempting to respawn...
001907 - (Event) Testing respawned.
001911 - Updating Testing's location.
001915 - Validating Testing's nuclear missile site construction attempt...
001915 - ...Affordable...
001915 - (Event) Testing constructed a nuclear missile site.
001916 - Updating Testing's location.
001916 - Performed multiaccounting check for Testing
001921 - Updating Testing's location.
001926 - Updating Testing's location.
001931 - Updating Testing's location.
001936 - Updating Testing's location.
001941 - Updating Testing's location.
001942 - Processing radiation damage...
001946 - Updating Testing's location.
001951 - Updating Testing's location.
001956 - Updating Testing's location.
002001 - Updating Testing's location.
002006 - Updating Testing's location.
002011 - Updating Testing's location.
002016 - Updating Testing's location.
002021 - Updating Testing's location.
002026 - Updating Testing's location.
002031 - Updating Testing's location.
002036 - Updating Testing's location.
002041 - Updating Testing's location.
002046 - Updating Testing's location.
002051 - Updating Testing's location.
002056 - Updating Testing's location.
002101 - Updating Testing's location.
002106 - Updating Testing's location.
002111 - Updating Testing's location.
002116 - Updating Testing's location.
002121 - Updating Testing's location.
002126 - Updating Testing's location.
002130 - Testing is attempting to purchase missiles...
002130 - (Event) Testing acquired missiles.
002131 - Updating Testing's location.
002136 - Updating Testing's location.
002141 - Updating Testing's location.
002144 - Processing health regeneration...
002144 - Processing radiation damage...
002144 - Processing radiation damage...
002144 - Processing health regeneration...
002144 - Processing radiation damage...
002144 - Creating a loot.
002144 - Processing radiation damage...
002144 - Processing radiation damage...
002144 - Processing health regeneration...
002144 - Processing radiation damage...
002144 - Processing radiation damage...
002144 - Saving game.
002144 - Processing health regeneration...
002144 - Processing radiation damage...
002144 - Test1 charged for online ore mine.
002144 - Test1 charged for online missile site.
002144 - Processing radiation damage...
002144 - Testing charged for online missile site.
002144 - Processing radiation damage...
002144 - Processing health regeneration...
002144 - Processing radiation damage...
002144 - Processing radiation damage...
002144 - Processing health regeneration...
002144 - Processing radiation damage...
002144 - Creating a loot.
002144 - Processing radiation damage...
002153 - Verifying ID A7DE11DB45428B1C159D0D9A915C38D9C6C95A98551CBF449D8311A3AB2134D1.
002153 - Updating Testing's location.
002158 - Updating Testing's location.
002203 - Updating Testing's location.
002208 - Testing is attempting to launch a missile...
002208 - Creating a missile launch.
002208 - (Report -> Testing) Testing attacked you!
002208 - (Event) Testing launched Shitty missile.
002208 - Updating Testing's location.
002213 - Updating Testing's location.
002216 - A missile exploded.
002216 - Creating radiation.
002216 - (Report -> Testing) Testing's EMP pulse caused your missile site to reboot.
002216 - (Report -> Testing) Your EMP pulse caused Testing's missile site to reboot.
002218 - Updating Testing's location.
002223 - Updating Testing's location.
002228 - Updating Testing's location.
002233 - Updating Testing's location.
002238 - Updating Testing's location.
002243 - Updating Testing's location.
002248 - Updating Testing's location.
002253 - Updating Testing's location.
002258 - Updating Testing's location.
002303 - Updating Testing's location.
002308 - Updating Testing's location.
002313 - Updating Testing's location.
002318 - Updating Testing's location.
002323 - Updating Testing's location.
002328 - Updating Testing's location.
002333 - Updating Testing's location.
002338 - Updating Testing's location.
002343 - Updating Testing's location.
002348 - Updating Testing's location.
002353 - Updating Testing's location.
002358 - Updating Testing's location.
002403 - Updating Testing's location.
002408 - Updating Testing's location.
002413 - Updating Testing's location.
002418 - Updating Testing's location.
002423 - Updating Testing's location.
002428 - Updating Testing's location.
002433 - Updating Testing's location.
002438 - Updating Testing's location.
002443 - Updating Testing's location.
002448 - Updating Testing's location.
002453 - Updating Testing's location.
002458 - Updating Testing's location.
002503 - Updating Testing's location.
002508 - Updating Testing's location.
002513 - Updating Testing's location.
002518 - Updating Testing's location.
002523 - Updating Testing's location.
002528 - Updating Testing's location.
002533 - Updating Testing's location.
002538 - Updating Testing's location.
002543 - Updating Testing's location.
002548 - Updating Testing's location.
002551 - Verifying ID A7DE11DB45428B1C159D0D9A915C38D9C6C95A98551CBF449D8311A3AB2134D1.
002556 - Updating Testing's location.
002601 - Updating Testing's location.
002606 - Updating Testing's location.
002612 - Verifying ID A7DE11DB45428B1C159D0D9A915C38D9C6C95A98551CBF449D8311A3AB2134D1.
002617 - Updating Testing's location.
002622 - Processing radiation damage...
002622 - Updating Testing's location.
002627 - Updating Testing's location.
002632 - Updating Testing's location.
002637 - Updating Testing's location.
002642 - Updating Testing's location.
002647 - Updating Testing's location.
002652 - Updating Testing's location.
002657 - Updating Testing's location.
002702 - Updating Testing's location.
002707 - Updating Testing's location.
002712 - Updating Testing's location.
002717 - Updating Testing's location.
002722 - Updating Testing's location.
002727 - Updating Testing's location.
002733 - Updating Testing's location.
002737 - Updating Testing's location.
002742 - Updating Testing's location.
002747 - Updating Testing's location.
002752 - Updating Testing's location.
002757 - Updating Testing's location.
002802 - Updating Testing's location.
002807 - Updating Testing's location.
002812 - Updating Testing's location.
002817 - Updating Testing's location.
002822 - Updating Testing's location.
002827 - Updating Testing's location.
002832 - Updating Testing's location.
002837 - Updating Testing's location.
002842 - Updating Testing's location.
002847 - Updating Testing's location.
002853 - Updating Testing's location.
002857 - Updating Testing's location.
002902 - Updating Testing's location.
002907 - Updating Testing's location.
002912 - Updating Testing's location.
002917 - Updating Testing's location.
002922 - Processing health regeneration...
002922 - Updating Testing's location.
002927 - Updating Testing's location.
002932 - Updating Testing's location.
002937 - Updating Testing's location.
002942 - Updating Testing's location.
002947 - Updating Testing's location.
002952 - Updating Testing's location.
002957 - Updating Testing's location.
003002 - Updating Testing's location.
003007 - Updating Testing's location.
003012 - Updating Testing's location.
003017 - Updating Testing's location.
003022 - Updating Testing's location.
003027 - Updating Testing's location.
003032 - Updating Testing's location.
003037 - Updating Testing's location.
003042 - Updating Testing's location.
003047 - Updating Testing's location.
003052 - Updating Testing's location.
003057 - Updating Testing's location.
003102 - Updating Testing's location.
003107 - Updating Testing's location.
003112 - Updating Testing's location.
003117 - Updating Testing's location.
003122 - Updating Testing's location.
003127 - Updating Testing's location.
145056 - It's a new hour!
145056 - Performing wealth generation...
145056 - Test1 gets 415.
145056 - Testing gets 415.
145056 - Processing radiation damage...
145056 - Processing radiation damage...
145056 - Processing health regeneration...
145056 - Processing radiation damage...
145056 - Test1 charged for online ore mine.
145056 - Test1 charged for online missile site.
145056 - Processing radiation damage...
145056 - Testing charged for online missile site.
145056 - Processing radiation damage...
145057 - Processing health regeneration...
145057 - Processing radiation damage...
145058 - Processing radiation damage...
145058 - Processing health regeneration...
145058 - Processing radiation damage...
145058 - Creating a loot.
145058 - Processing radiation damage...
145058 - Processing radiation damage...
145058 - Processing health regeneration...
145058 - Processing radiation damage...
145058 - Processing radiation damage...
145058 - Saving game.
145059 - Processing health regeneration...
145059 - Processing radiation damage...
145059 - Test1 charged for online ore mine.
145059 - Test1 charged for online missile site.
145059 - Processing radiation damage...
145059 - Testing charged for online missile site.
145059 - Processing radiation damage...
145059 - Processing health regeneration...
145059 - Processing radiation damage...
145059 - Processing radiation damage...
145059 - Processing health regeneration...
145059 - Processing radiation damage...
145059 - Creating a loot.
145059 - Processing radiation damage...
145059 - Processing radiation damage...
145059 - Processing health regeneration...
145059 - Processing radiation damage...
145059 - Processing radiation damage...
145059 - Processing health regeneration...
145059 - Processing radiation damage...
145059 - Test1 charged for online ore mine.
145059 - Test1 charged for online missile site.
145059 - Processing radiation damage...
145059 - Testing charged for online missile site.
145059 - Processing radiation damage...
145059 - Processing health regeneration...
145059 - Processing radiation damage...
145059 - Processing radiation damage...
145059 - Processing health regeneration...
145059 - Processing radiation damage...
145059 - Creating a loot.
145059 - Processing radiation damage...
145059 - Processing radiation damage...
145059 - Processing health regeneration...
145059 - Processing radiation damage...
145059 - Processing radiation damage...
145059 - Saving game.
145059 - Processing health regeneration...
145059 - Processing radiation damage...
145059 - Test1 charged for online ore mine.
145059 - Test1 charged for online missile site.
145059 - Processing radiation damage...
145059 - Testing charged for online missile site.
145059 - Processing radiation damage...
145059 - Processing health regeneration...
145059 - Processing radiation damage...
145059 - Processing radiation damage...
145059 - Processing health regeneration...
145059 - Processing radiation damage...
145059 - Creating a loot.
145059 - Processing radiation damage...
145059 - Processing radiation damage...
145059 - Processing health regeneration...
145059 - Processing radiation damage...
145059 - Processing radiation damage...
145059 - Processing health regeneration...
145059 - Processing radiation damage...
145059 - Test1 charged for online ore mine.
145059 - Test1 charged for online missile site.
145059 - Processing radiation damage...
145059 - Testing charged for online missile site.
145059 - Processing radiation damage...
145059 - Processing health regeneration...
145059 - Processing radiation damage...
145059 - Processing radiation damage...
145059 - Processing health regeneration...
145059 - Processing radiation damage...
145059 - Creating a loot.
145059 - Processing radiation damage...
145059 - Processing radiation damage...
145059 - Processing health regeneration...
145059 - Processing radiation damage...
145059 - Processing radiation damage...
145059 - Saving game.
145059 - Processing health regeneration...
145059 - Processing radiation damage...
145059 - Test1 charged for online ore mine.
145059 - Test1 charged for online missile site.
145059 - Processing radiation damage...
145059 - Testing charged for online missile site.
145059 - Processing radiation damage...
145059 - Processing health regeneration...
145059 - Processing radiation damage...
145059 - Processing radiation damage...
145059 - Processing health regeneration...
145059 - Processing radiation damage...
145059 - Creating a loot.
145059 - Processing radiation damage...
145100 - Processing radiation damage...
145100 - Processing health regeneration...
145100 - Processing radiation damage...
145100 - Processing radiation damage...
145100 - Processing health regeneration...
145100 - Processing radiation damage...
145100 - Test1 charged for online ore mine.
145100 - Test1 charged for online missile site.
145100 - Processing radiation damage...
145100 - Testing charged for online missile site.
145100 - Processing radiation damage...
145100 - Processing health regeneration...
145100 - Processing radiation damage...
145100 - Processing radiation damage...
145100 - Processing health regeneration...
145100 - Processing radiation damage...
145100 - Creating a loot.
145100 - Processing radiation damage...
145100 - Processing radiation damage...
145100 - Processing health regeneration...
145100 - Processing radiation damage...
145100 - Processing radiation damage...
145100 - Saving game.
145100 - Processing health regeneration...
145100 - Processing radiation damage...
145100 - Test1 charged for online ore mine.
145100 - Test1 charged for online missile site.
145100 - Processing radiation damage...
145100 - Testing charged for online missile site.
145100 - Processing radiation damage...
145100 - Processing health regeneration...
145100 - Processing radiation damage...
145100 - Processing radiation damage...
145100 - Processing health regeneration...
145100 - Processing radiation damage...
145100 - Creating a loot.
145100 - Processing radiation damage...
145100 - Processing radiation damage...
145100 - Processing health regeneration...
145100 - Processing radiation damage...
145100 - Processing radiation damage...
145100 - Processing health regeneration...
145100 - Processing radiation damage...
145100 - Test1 charged for online ore mine.
145100 - Test1 charged for online missile site.
145100 - Processing radiation damage...
145100 - Testing charged for online missile site.
145100 - Processing radiation damage...
145100 - Processing health regeneration...
145100 - Processing radiation damage...
145100 - Processing radiation damage...
145100 - Processing health regeneration...
145100 - Processing radiation damage...
145100 - Creating a loot.
145100 - Processing radiation damage...
145100 - Processing radiation damage...
145100 - Processing health regeneration...
145100 - Processing radiation damage...
145100 - Processing radiation damage...
145100 - Saving game.
145100 - Processing health regeneration...
145100 - Processing radiation damage...
145100 - Test1 charged for online ore mine.
145100 - Test1 charged for online missile site.
145100 - Processing radiation damage...
145100 - Testing charged for online missile site.
145100 - Processing radiation damage...
145100 - Processing health regeneration...
145100 - Processing radiation damage...
145100 - Processing radiation damage...
145100 - Processing health regeneration...
145100 - Processing radiation damage...
145100 - Creating a loot.
145100 - Processing radiation damage...
145100 - Processing radiation damage...
145100 - Processing health regeneration...
145100 - Processing radiation damage...
145100 - Processing radiation damage...
145100 - Processing health regeneration...
145100 - Processing radiation damage...
145100 - Test1 charged for online ore mine.
145100 - Test1 charged for online missile site.
145100 - Processing radiation damage...
145100 - Testing charged for online missile site.
145100 - Processing radiation damage...
145100 - Processing health regeneration...
145100 - Processing radiation damage...
145100 - Processing radiation damage...
145100 - Processing health regeneration...
145100 - Processing radiation damage...
145100 - Creating a loot.
145100 - Processing radiation damage...
145100 - Processing radiation damage...
145101 - Processing health regeneration...
145101 - Processing radiation damage...
145101 - Processing radiation damage...
145101 - Saving game.
145101 - Processing health regeneration...
145101 - Processing radiation damage...
145101 - Test1 charged for online ore mine.
145101 - Test1 charged for online missile site.
145101 - Processing radiation damage...
145101 - Testing charged for online missile site.
145101 - Processing radiation damage...
145101 - Processing health regeneration...
145101 - Processing radiation damage...
145101 - Processing radiation damage...
145101 - Processing health regeneration...
145101 - Processing radiation damage...
145101 - Creating a loot.
145101 - Processing radiation damage...
145101 - Processing radiation damage...
145101 - Processing health regeneration...
145101 - Processing radiation damage...
145101 - Processing radiation damage...
145101 - Processing health regeneration...
145101 - Processing radiation damage...
145101 - Test1 charged for online ore mine.
145101 - Test1 charged for online missile site.
145101 - Processing radiation damage...
145101 - Testing charged for online missile site.
145101 - Processing radiation damage...
145101 - Processing health regeneration...
145101 - Processing radiation damage...
145101 - Processing radiation damage...
145101 - Processing health regeneration...
145101 - Processing radiation damage...
145101 - Creating a loot.
145101 - Processing radiation damage...
145101 - Processing radiation damage...
145101 - Processing health regeneration...
145101 - Processing radiation damage...
145101 - Processing radiation damage...
145101 - Saving game.
145101 - Processing health regeneration...
145101 - Processing radiation damage...
145101 - Test1 charged for online ore mine.
145101 - Test1 charged for online missile site.
145101 - Processing radiation damage...
145101 - Testing charged for online missile site.
145101 - Processing radiation damage...
145101 - Processing health regeneration...
145101 - Processing radiation damage...
145101 - Processing radiation damage...
145101 - Processing health regeneration...
145101 - Processing radiation damage...
145101 - Creating a loot.
145101 - Processing radiation damage...
145101 - Processing radiation damage...
145101 - Processing health regeneration...
145101 - Processing radiation damage...
145101 - Processing radiation damage...
145101 - Processing health regeneration...
145101 - Processing radiation damage...
145101 - Test1 charged for online ore mine.
145101 - Test1 charged for online missile site.
145101 - Processing radiation damage...
145556 - Testing charged for online missile site.
145624 - Processing radiation damage...
145924 - Processing health regeneration...
150000 - It's a new hour!
150000 - Performing wealth generation...
150000 - Test1 gets 415.
150000 - Testing gets 415.
150224 - Processing radiation damage...
150824 - Processing radiation damage...
151424 - Processing health regeneration...
151424 - Processing radiation damage...
151848 - Creating a loot.
152024 - Processing radiation damage...
152624 - Processing radiation damage...
152924 - Processing health regeneration...
153224 - Processing radiation damage...
153824 - Processing radiation damage...
154423 - Saving game.
154424 - Processing health regeneration...
154424 - Processing radiation damage...
154849 - Test1 charged for online ore mine.
154923 - Test1 charged for online missile site.
155024 - Processing radiation damage...
155556 - Testing charged for online missile site.
155624 - Processing radiation damage...
155924 - Processing health regeneration...
160000 - It's a new hour!
160000 - Performing wealth generation...
160000 - Test1 gets 415.
160000 - Testing gets 415.
160224 - Processing radiation damage...
160824 - Processing radiation damage...
161424 - Processing health regeneration...
161424 - Processing radiation damage...
161848 - Creating a loot.
162024 - Processing radiation damage...
175031 - It's a new hour!
175031 - Performing wealth generation...
175031 - Test1 gets 415.
175031 - Testing gets 415.
175031 - Processing radiation damage...
175031 - Processing health regeneration...
175031 - Processing radiation damage...
175031 - Processing radiation damage...
175031 - Processing health regeneration...
175031 - Processing radiation damage...
175031 - Test1 charged for online ore mine.
175031 - Test1 charged for online missile site.
175031 - Processing radiation damage...
175031 - Testing charged for online missile site.
175031 - Processing radiation damage...
175031 - Processing health regeneration...
175031 - Processing radiation damage...
175031 - Processing radiation damage...
175031 - Processing health regeneration...
175031 - Processing radiation damage...
175031 - Creating a loot.
175031 - Processing radiation damage...
175031 - Processing radiation damage...
175031 - Processing health regeneration...
175032 - Processing radiation damage...
175032 - Processing radiation damage...
175032 - Saving game.
175033 - Processing health regeneration...
175033 - Processing radiation damage...
175033 - Test1 charged for online ore mine.
175033 - Test1 charged for online missile site.
175033 - Processing radiation damage...
175556 - Testing charged for online missile site.
175624 - Processing radiation damage...
175924 - Processing health regeneration...
180000 - It's a new hour!
180000 - Performing wealth generation...
180000 - Test1 gets 415.
180000 - Testing gets 415.
180224 - Processing radiation damage...
180312 - Verifying ID A7DE11DB45428B1C159D0D9A915C38D9C6C95A98551CBF449D8311A3AB2134D1.
180824 - Processing radiation damage...
181424 - Processing health regeneration...
181424 - Processing radiation damage...
181602 - Verifying ID A7DE11DB45428B1C159D0D9A915C38D9C6C95A98551CBF449D8311A3AB2134D1.
181848 - Creating a loot.
183503 - Processing radiation damage...
183503 - Processing radiation damage...
183503 - Processing health regeneration...
183503 - Processing radiation damage...
183820 - Verifying ID A7DE11DB45428B1C159D0D9A915C38D9C6C95A98551CBF449D8311A3AB2134D1.
183824 - Processing radiation damage...
184424 - Processing health regeneration...
184424 - Processing radiation damage...
184849 - Test1 charged for online ore mine.
184923 - Test1 charged for online missile site.
185024 - Processing radiation damage...
185225 - Verifying ID A7DE11DB45428B1C159D0D9A915C38D9C6C95A98551CBF449D8311A3AB2134D1.
185556 - Testing charged for online missile site.
185624 - Processing radiation damage...
185924 - Processing health regeneration...
190000 - It's a new hour!
190000 - Performing wealth generation...
190000 - Test1 gets 415.
190000 - Testing gets 415.
190224 - Processing radiation damage...
192632 - Processing radiation damage...
192632 - Processing health regeneration...
192632 - Processing radiation damage...
192632 - Creating a loot.
192632 - Processing radiation damage...
192632 - Processing radiation damage...
192924 - Processing health regeneration...
193224 - Processing radiation damage...
193824 - Processing radiation damage...
194423 - Saving game.
194424 - Processing health regeneration...
194424 - Processing radiation damage...
194849 - Test1 charged for online ore mine.
194923 - Test1 charged for online missile site.
195024 - Processing radiation damage...
201206 - It's a new hour!
201206 - Performing wealth generation...
201206 - Test1 gets 415.
201206 - Testing gets 415.
201206 - It's a new day!
201207 - Processing end of day events...
201207 - Processing end of week events...
201207 - Finished processing end of week events.
201207 - Testing charged for online missile site.
201207 - Processing radiation damage...
201207 - Processing health regeneration...
201207 - Processing radiation damage...
201207 - Processing radiation damage...
201424 - Processing health regeneration...
201424 - Processing radiation damage...
201848 - Creating a loot.
202024 - Processing radiation damage...
202624 - Processing radiation damage...
202924 - Processing health regeneration...
203224 - Processing radiation damage...
203824 - Processing radiation damage...
204424 - Processing health regeneration...
204424 - Processing radiation damage...
204849 - Test1 charged for online ore mine.
204923 - Test1 charged for online missile site.
205024 - Processing radiation damage...
205556 - Testing charged for online missile site.
205624 - Processing radiation damage...
205924 - Processing health regeneration...
210000 - It's a new hour!
210000 - Performing wealth generation...
210000 - Test1 gets 415.
210000 - Testing gets 415.
210224 - Processing radiation damage...
210824 - Processing radiation damage...
211424 - Processing health regeneration...
211424 - Processing radiation damage...
211848 - Creating a loot.
212024 - Processing radiation damage...
212624 - Processing radiation damage...
212924 - Processing health regeneration...
213224 - Processing radiation damage...
213824 - Processing radiation damage...
214423 - Saving game.
214424 - Processing health regeneration...
214424 - Processing radiation damage...
214849 - Test1 charged for online ore mine.
214923 - Test1 charged for online missile site.
215024 - Processing radiation damage...
215556 - Testing charged for online missile site.
215624 - Processing radiation damage...
215924 - Processing health regeneration...
220000 - It's a new hour!
220000 - Performing wealth generation...
220000 - Test1 gets 415.
220000 - Testing gets 415.
220302 - Starting services...
220302 - ...Started.
220302 - Processing health regeneration...
220302 - Processing radiation damage...
220727 - Test1 charged for online ore mine.
220732 - Verifying ID 4F540EC7C56161C21C58089313278C1B4FCE3FFD773D5424489BB8DDB17B8D2B.
220737 - Updating Test1's location.
220737 - Performed multiaccounting check for Test1
220742 - Updating Test1's location.
220747 - Updating Test1's location.
220752 - Updating Test1's location.
220757 - Updating Test1's location.
220801 - Test1 charged for online missile site.
220802 - Updating Test1's location.
220807 - Updating Test1's location.
220812 - Updating Test1's location.
220817 - Updating Test1's location.
220822 - Updating Test1's location.
220827 - Updating Test1's location.
220832 - Updating Test1's location.
220837 - Updating Test1's location.
220842 - Updating Test1's location.
220847 - Updating Test1's location.
220852 - Updating Test1's location.
220857 - Updating Test1's location.
220902 - Processing radiation damage...
220902 - Updating Test1's location.
220907 - Updating Test1's location.
220913 - Updating Test1's location.
220917 - Updating Test1's location.
220922 - Updating Test1's location.
220927 - Updating Test1's location.
220933 - Updating Test1's location.
220938 - Updating Test1's location.
220942 - Updating Test1's location.
220947 - Updating Test1's location.
220953 - Updating Test1's location.
220958 - Updating Test1's location.
221003 - Updating Test1's location.
221008 - Updating Test1's location.
221013 - Updating Test1's location.
221018 - Updating Test1's location.
221023 - Updating Test1's location.
221028 - Updating Test1's location.
221033 - Updating Test1's location.
221038 - Updating Test1's location.
221043 - Updating Test1's location.
221048 - Updating Test1's location.
221053 - Updating Test1's location.
221058 - Updating Test1's location.
221100 - (Event) Test1 was awarded £10000000. Reason: test
221100 - (Report) Test1 was awarded £10000000. Reason: test
221103 - Updating Test1's location.
221108 - Updating Test1's location.
221113 - Updating Test1's location.
221118 - Updating Test1's location.
221123 - Test1 is attempting to purchase missiles...
221123 - (Event) Test1 acquired missiles.
221123 - Updating Test1's location.
221128 - Updating Test1's location.
221132 - Testing charged for online missile site.
221132 - Processing radiation damage...
221132 - Processing health regeneration...
221132 - Processing radiation damage...
221132 - Processing radiation damage...
221132 - Processing health regeneration...
221132 - Processing radiation damage...
221132 - Creating a loot.
221132 - Processing radiation damage...
221132 - Processing radiation damage...
221132 - Processing health regeneration...
221132 - Processing radiation damage...
221132 - Processing radiation damage...
221132 - Processing health regeneration...
221132 - Processing radiation damage...
221132 - Test1 charged for online ore mine.
221132 - Test1 charged for online missile site.
221132 - Processing radiation damage...
221132 - Testing charged for online missile site.
221132 - Processing radiation damage...
221132 - Processing health regeneration...
221132 - Processing radiation damage...
221132 - Processing radiation damage...
221132 - Processing health regeneration...
221132 - Processing radiation damage...
221145 - Verifying ID 4F540EC7C56161C21C58089313278C1B4FCE3FFD773D5424489BB8DDB17B8D2B.
221145 - Updating Test1's location.
221150 - Updating Test1's location.
221155 - Updating Test1's location.
221200 - Updating Test1's location.
221205 - Updating Test1's location.
221210 - Updating Test1's location.
221215 - Updating Test1's location.
221218 - (Report -> Admins) [Admin] Test1 declined weapon launch as their account is restricted. Admin checks required.
221220 - Updating Test1's location.
221225 - Updating Test1's location.
221230 - Updating Test1's location.
221235 - Updating Test1's location.
221240 - Updating Test1's location.
221245 - Updating Test1's location.
221250 - Updating Test1's location.
221255 - Updating Test1's location.
221300 - Updating Test1's location.
221305 - Updating Test1's location.
221310 - Updating Test1's location.
221315 - Updating Test1's location.
221320 - Updating Test1's location.
221325 - Updating Test1's location.
221330 - Updating Test1's location.
221335 - Updating Test1's location.
221340 - Updating Test1's location.
221345 - Updating Test1's location.
221350 - Updating Test1's location.
221355 - Updating Test1's location.
221400 - Updating Test1's location.
221405 - Updating Test1's location.
221406 - Creating a loot.
221407 - Verifying ID A7DE11DB45428B1C159D0D9A915C38D9C6C95A98551CBF449D8311A3AB2134D1.
221410 - Updating Test1's location.
221412 - Updating Testing's location.
221412 - Performed multiaccounting check for Testing
221415 - Updating Test1's location.
221417 - Updating Testing's location.
221420 - Updating Test1's location.
221422 - Updating Testing's location.
221425 - Updating Test1's location.
221427 - Updating Testing's location.
221430 - Updating Test1's location.
221432 - Updating Testing's location.
221435 - Updating Test1's location.
221437 - Updating Testing's location.
221440 - Updating Test1's location.
221442 - Updating Testing's location.
221445 - Updating Test1's location.
221447 - Updating Testing's location.
221450 - Updating Test1's location.
221452 - Updating Testing's location.
221455 - Updating Test1's location.
221457 - Updating Testing's location.
221500 - Updating Test1's location.
221501 - (Event) Testing was awarded £10000000. Reason: test
221501 - (Report) Testing was awarded £10000000. Reason: test
221502 - Updating Testing's location.
221505 - Updating Test1's location.
221507 - Updating Testing's location.
221510 - Updating Test1's location.
221512 - Testing is attempting to purchase missiles...
221512 - (Event) Testing acquired missiles.
221512 - Updating Testing's location.
221515 - Updating Test1's location.
221517 - Updating Testing's location.
221520 - Updating Test1's location.
221522 - Updating Testing's location.
221525 - Updating Test1's location.
221527 - Updating Testing's location.
221528 - Processing radiation damage...
221528 - Processing radiation damage...
221528 - Processing health regeneration...
221528 - Processing radiation damage...
221528 - Processing radiation damage...
221528 - Saving game.
221528 - Processing health regeneration...
221528 - Processing radiation damage...
221528 - Saving game.
221528 - Test1 charged for online ore mine.
221528 - Test1 charged for online missile site.
221528 - Processing radiation damage...
221528 - Testing charged for online missile site.
221528 - Processing radiation damage...
221528 - Processing health regeneration...
221528 - Processing radiation damage...
221528 - Processing radiation damage...
221528 - Processing health regeneration...
221528 - Processing radiation damage...
221528 - Creating a loot.
221528 - Processing radiation damage...
221528 - Processing radiation damage...
221528 - Processing health regeneration...
221528 - Processing radiation damage...
221528 - Processing radiation damage...
221540 - Verifying ID A7DE11DB45428B1C159D0D9A915C38D9C6C95A98551CBF449D8311A3AB2134D1.
221540 - Updating Testing's location.
221545 - Verifying ID 4F540EC7C56161C21C58089313278C1B4FCE3FFD773D5424489BB8DDB17B8D2B.
221545 - Updating Testing's location.
221545 - Updating Test1's location.
221547 - Testing is attempting to launch a missile...
221547 - Creating a missile launch.
221547 - (Event) Testing launched RT-2PM Topol missile.
221550 - Updating Testing's location.
221550 - Updating Test1's location.
221555 - Updating Testing's location.
221555 - Updating Test1's location.
221600 - Updating Testing's location.
221600 - Updating Test1's location.
221605 - Updating Testing's location.
221605 - Updating Test1's location.
221610 - Updating Testing's location.
221610 - Updating Test1's location.
221615 - Updating Testing's location.
221615 - Updating Test1's location.
221620 - Updating Testing's location.
221620 - Updating Test1's location.
221622 - Processing health regeneration...
221622 - Processing radiation damage...
221624 - Testing is attempting to purchase missiles...
221624 - (Event) Testing acquired missiles.
221625 - Updating Testing's location.
221625 - Updating Test1's location.
221630 - Updating Testing's location.
221630 - Updating Test1's location.
221635 - Updating Testing's location.
221635 - Updating Test1's location.
221640 - Updating Testing's location.
221640 - Updating Test1's location.
221645 - Updating Testing's location.
221645 - Updating Test1's location.
221647 - A missile exploded.
221647 - Creating radiation.
221650 - Updating Testing's location.
221650 - Updating Test1's location.
221652 - Test1 charged for online ore mine.
221652 - Test1 charged for online missile site.
221652 - Processing radiation damage...
221652 - Testing charged for online missile site.
221652 - Processing radiation damage...
221652 - Processing health regeneration...
221652 - Processing radiation damage...
221652 - Processing radiation damage...
221652 - Processing health regeneration...
221652 - Processing radiation damage...
221652 - Creating a loot.
221652 - Processing radiation damage...
221652 - Processing radiation damage...
221652 - Processing health regeneration...
221652 - Processing radiation damage...
221652 - Processing radiation damage...
221652 - Processing health regeneration...
221652 - Processing radiation damage...
221652 - Saving game.
221652 - Test1 charged for online ore mine.
221652 - Test1 charged for online missile site.
221652 - Processing radiation damage...
221652 - Testing charged for online missile site.
221652 - Processing radiation damage...
221652 - Processing health regeneration...
221652 - Processing radiation damage...
221702 - Processing radiation damage...
221703 - Verifying ID A7DE11DB45428B1C159D0D9A915C38D9C6C95A98551CBF449D8311A3AB2134D1.
221703 - Updating Testing's location.
221708 - Updating Testing's location.
221708 - Verifying ID 4F540EC7C56161C21C58089313278C1B4FCE3FFD773D5424489BB8DDB17B8D2B.
221708 - Updating Test1's location.
221713 - Updating Testing's location.
221713 - Updating Test1's location.
221718 - Updating Testing's location.
221718 - Updating Test1's location.
221723 - Updating Testing's location.
221723 - Updating Test1's location.
221728 - Updating Testing's location.
221728 - Updating Test1's location.
221733 - Updating Testing's location.
221733 - Updating Test1's location.
221738 - Updating Testing's location.
221738 - Updating Test1's location.
221741 - Testing is attempting to launch a missile...
221741 - Creating a missile launch.
221741 - (Report -> Test1) Testing attacked you!
221741 - (Event) Testing launched Minuteman-III missile.
221743 - Updating Testing's location.
221743 - Updating Test1's location.
221748 - Updating Testing's location.
221748 - Updating Test1's location.
221753 - Updating Testing's location.
221753 - Updating Test1's location.
221758 - Updating Testing's location.
221758 - Updating Test1's location.
221803 - Updating Testing's location.
221803 - Updating Test1's location.
221808 - Updating Testing's location.
221808 - Updating Test1's location.
221810 - Testing is attempting to purchase missiles...
221810 - (Event) Testing acquired missiles.
221813 - Updating Testing's location.
221813 - Updating Test1's location.
221818 - Updating Testing's location.
221818 - Updating Test1's location.
221823 - Updating Testing's location.
221823 - Updating Test1's location.
221828 - Updating Testing's location.
221828 - Updating Test1's location.
221833 - Updating Testing's location.
221833 - Updating Test1's location.
221838 - Updating Testing's location.
221838 - Updating Test1's location.
221843 - Updating Testing's location.
221843 - Updating Test1's location.
221848 - Updating Testing's location.
221848 - Updating Test1's location.
221851 - Processing health regeneration...
221851 - Processing radiation damage...
221851 - A missile exploded.
221851 - (Event) Testing's Minuteman-III missile hit Test1, causing 15 HP of damage.
221851 - (Report -> Test1) You were wounded by Testing!
221851 - (Report -> Testing) You wounded Test1!
221851 - (Event) Testing's Minuteman-III missile hit Test1's missile site, causing 68 HP of damage.
221851 - (Report -> Test1) Testing damaged your missile site!
221851 - (Report -> Testing) You damaged Test1's missile site!
221851 - Creating radiation.
221851 - (Report -> Test1) Testing's EMP pulse caused your missile site to reboot.
221851 - (Report -> Testing) Your EMP pulse caused Test1's missile site to reboot.
221851 - Creating a loot.
221851 - Processing radiation damage...
221851 - Test1 damaged a bit.
221851 - Processing radiation damage...
221851 - Test1 damaged a bit.
221851 - Processing health regeneration...
221851 - Processing radiation damage...
221851 - Test1 damaged a bit.
221851 - Processing radiation damage...
221851 - Test1 damaged a bit.
221900 - Verifying ID A7DE11DB45428B1C159D0D9A915C38D9C6C95A98551CBF449D8311A3AB2134D1.
221900 - Updating Testing's location.
221905 - Updating Testing's location.
221906 - Verifying ID 4F540EC7C56161C21C58089313278C1B4FCE3FFD773D5424489BB8DDB17B8D2B.
221906 - Updating Test1's location.
221906 - (Event) Test1 repaired a missile site.
221910 - Updating Testing's location.
221911 - Updating Test1's location.
221915 - Updating Testing's location.
221916 - Updating Test1's location.
221920 - Processing health regeneration...
221920 - Processing radiation damage...
221920 - Test1 damaged a bit.
221920 - Test1 charged for online ore mine.
221920 - Test1 charged for online missile site.
221920 - Processing radiation damage...
221920 - Test1 damaged a bit.
221920 - Testing charged for online missile site.
221920 - Processing radiation damage...
221920 - Test1 damaged a bit.
221920 - Processing health regeneration...
221920 - Processing radiation damage...
221920 - Test1 damaged a bit.
221920 - Processing radiation damage...
221920 - Test1 damaged a bit.
221920 - Processing health regeneration...
221920 - Processing radiation damage...
221920 - Test1 damaged a bit.
221920 - Creating a loot.
221920 - Processing radiation damage...
221920 - Test1 damaged a bit.
221920 - Processing radiation damage...
221920 - Test1 damaged a bit.
221920 - Processing health regeneration...
221920 - Processing radiation damage...
221920 - Test1 damaged a bit.
221920 - Processing radiation damage...
221920 - Test1 damaged a bit.
221920 - Processing health regeneration...
221920 - Processing radiation damage...
221920 - Test1 damaged a bit.
221920 - Saving game.
221920 - Test1 charged for online ore mine.
221920 - Test1 charged for online missile site.
221920 - Processing radiation damage...
221920 - Test1 damaged a bit.
221920 - Testing charged for online missile site.
221920 - Processing radiation damage...
221920 - Test1 damaged a bit.
221920 - Processing health regeneration...
221920 - Processing radiation damage...
221920 - Test1 damaged a bit.
221928 - Verifying ID A7DE11DB45428B1C159D0D9A915C38D9C6C95A98551CBF449D8311A3AB2134D1.
221928 - Updating Testing's location.
221933 - Testing is attempting to launch a missile...
221933 - Creating a missile launch.
221933 - (Report -> Test1) Testing attacked you!
221933 - (Event) Testing launched DF-5 missile.
221933 - Updating Testing's location.
221934 - Verifying ID 4F540EC7C56161C21C58089313278C1B4FCE3FFD773D5424489BB8DDB17B8D2B.
221934 - Updating Test1's location.
221938 - Updating Testing's location.
221939 - Updating Test1's location.
221943 - Updating Testing's location.
221944 - Updating Test1's location.
221948 - Updating Testing's location.
221949 - Updating Test1's location.
221953 - Updating Testing's location.
221954 - Updating Test1's location.
221958 - Updating Testing's location.
221959 - Updating Test1's location.
222003 - Updating Testing's location.
222004 - Processing radiation damage...
222004 - Test1 damaged a bit.
222004 - Processing health regeneration...
222004 - Processing radiation damage...
222004 - Test1 damaged a bit.
222004 - A missile exploded.
222004 - (Event) Testing's DF-5 missile hit Test1, causing 131 HP of damage.
222004 - (Report -> Test1) You were wounded by Testing!
222004 - (Report -> Testing) You wounded Test1!
222004 - (Event) Testing's DF-5 missile hit Test1's missile site, causing 0 HP of damage.
222004 - (Report -> Test1) Testing damaged your missile site!
222004 - (Report -> Testing) You damaged Test1's missile site!
222004 - Creating radiation.
222004 - (Report -> Test1) Testing's EMP pulse caused your missile site to reboot.
222004 - (Report -> Testing) Your EMP pulse caused Test1's missile site to reboot.
222004 - (Report -> Test1) Testing's EMP pulse caused your ore mine to reboot.
222004 - (Report -> Testing) Your EMP pulse caused Test1's ore mine to reboot.
222004 - Processing radiation damage...
222004 - Test1 damaged a bit.
222004 - Processing radiation damage...
222004 - Test1 damaged a bit.
222004 - Processing health regeneration...
222004 - Processing radiation damage...
222004 - Test1 damaged a bit.
222004 - Processing radiation damage...
222004 - Test1 damaged a bit.
222015 - Verifying ID A7DE11DB45428B1C159D0D9A915C38D9C6C95A98551CBF449D8311A3AB2134D1.
222016 - Updating Testing's location.
222021 - Verifying ID 4F540EC7C56161C21C58089313278C1B4FCE3FFD773D5424489BB8DDB17B8D2B.
222021 - Updating Testing's location.
222021 - Updating Test1's location.
222026 - Updating Testing's location.
222026 - Updating Test1's location.
222031 - Updating Testing's location.
222031 - Updating Test1's location.
222036 - Updating Testing's location.
222036 - Updating Test1's location.
222038 - Testing is attempting to purchase missiles...
222038 - (Event) Testing acquired missiles.
222041 - Updating Testing's location.
222041 - Updating Test1's location.
222043 - Testing is attempting to purchase a missile system...
222043 - (Event) Testing acquired a missile system.
222046 - Updating Testing's location.
222046 - Updating Test1's location.
222051 - Updating Testing's location.
222051 - Updating Test1's location.
222055 - Testing is attempting to purchase missiles...
222055 - (Event) Testing acquired missiles.
222056 - Updating Testing's location.
222056 - Updating Test1's location.
222101 - Updating Testing's location.
222101 - Updating Test1's location.
222102 - Processing health regeneration...
222102 - Processing radiation damage...
222102 - Test1 damaged a bit.
222102 - Creating a loot.
222102 - Test1 charged for online ore mine.
222102 - Test1 charged for online missile site.
222102 - Processing radiation damage...
222102 - Test1 damaged a bit.
222102 - Testing charged for online missile site.
222102 - Processing radiation damage...
222102 - Test1 damaged a bit.
222102 - Processing health regeneration...
222102 - Processing radiation damage...
222102 - Test1 damaged a bit.
222102 - Processing radiation damage...
222102 - Test1 damaged a bit.
222102 - Processing health regeneration...
222102 - Processing radiation damage...
222102 - Test1 damaged a bit.
222102 - Processing radiation damage...
222102 - Test1 damaged a bit.
222102 - Processing radiation damage...
222102 - Test1 damaged a bit.
222102 - Processing health regeneration...
222102 - Processing radiation damage...
222102 - Test1 damaged a bit.
222102 - Processing radiation damage...
222102 - Test1 damaged a bit.
222102 - Processing health regeneration...
222102 - Processing radiation damage...
222102 - Test1 damaged a bit.
222102 - Saving game.
222102 - Creating a loot.
222102 - Test1 charged for online ore mine.
222102 - Test1 charged for online missile site.
222102 - Processing radiation damage...
222102 - Test1 damaged a bit.
222102 - Testing charged for online missile site.
222102 - Processing radiation damage...
222102 - Test1 damaged a bit.
222102 - Processing health regeneration...
222102 - Processing radiation damage...
222102 - Test1 damaged a bit.
222113 - Verifying ID A7DE11DB45428B1C159D0D9A915C38D9C6C95A98551CBF449D8311A3AB2134D1.
222113 - Updating Testing's location.
222118 - Testing is attempting to launch a missile...
222118 - Creating a missile launch.
222118 - (Report -> Test1) Testing attacked you!
222118 - (Event) Testing launched DF-5 missile.
222118 - Updating Testing's location.
222118 - Verifying ID 4F540EC7C56161C21C58089313278C1B4FCE3FFD773D5424489BB8DDB17B8D2B.
222118 - Updating Test1's location.
222123 - Updating Testing's location.
222123 - Updating Test1's location.
222128 - Updating Testing's location.
222128 - Updating Test1's location.
222133 - Updating Testing's location.
222133 - Updating Test1's location.
222134 - Processing radiation damage...
222134 - Test1 damaged a bit.
222134 - A missile exploded.
222134 - (Event) Testing's DF-5 missile hit Test1, causing 15 HP of damage. Test1 died.
222134 - (Report) Testing killed Test1!
222134 - (Event) Testing's DF-5 missile hit Test1's missile site, causing 100 HP of damage and destroying it.
222134 - (Report -> Test1) Testing destroyed your missile site!
222134 - (Report -> Testing) You destroyed Test1's missile site!
222134 - Creating a loot.
222134 - Creating radiation.
222134 - (Report -> Test1) Testing's EMP pulse caused your ore mine to reboot.
222134 - (Report -> Testing) Your EMP pulse caused Test1's ore mine to reboot.
222134 - Processing health regeneration...
222134 - Processing radiation damage...
222134 - Processing radiation damage...
222135 - Processing radiation damage...
222135 - Processing health regeneration...
222135 - Processing radiation damage...
222135 - Processing radiation damage...
222146 - Verifying ID A7DE11DB45428B1C159D0D9A915C38D9C6C95A98551CBF449D8311A3AB2134D1.
222146 - Updating Testing's location.
222151 - Updating Testing's location.
222151 - Verifying ID 4F540EC7C56161C21C58089313278C1B4FCE3FFD773D5424489BB8DDB17B8D2B.
222151 - Updating Test1's location.
222154 - Verifying ID 4F540EC7C56161C21C58089313278C1B4FCE3FFD773D5424489BB8DDB17B8D2B.
222156 - Updating Testing's location.
222201 - Updating Testing's location.
222206 - Updating Testing's location.
222207 - Testing is attempting to launch a player missile...
222207 - Creating a missile launch.
222207 - (Event) Testing launched DF-ZF missile.
222211 - Updating Testing's location.
222216 - Updating Testing's location.
222221 - Updating Testing's location.
222224 - Verifying ID 4F540EC7C56161C21C58089313278C1B4FCE3FFD773D5424489BB8DDB17B8D2B.
222226 - Updating Testing's location.
222231 - Updating Testing's location.
222236 - Updating Testing's location.
222238 - Testing is attempting to launch a player missile...
222238 - Creating a missile launch.
222238 - (Event) Testing launched Popeye Turbo missile.
222241 - Updating Testing's location.
222246 - Updating Testing's location.
222251 - Updating Testing's location.
222256 - Updating Testing's location.
222301 - Updating Testing's location.
222306 - Updating Testing's location.
222311 - Updating Testing's location.
222316 - Updating Testing's location.
222321 - Updating Testing's location.
222326 - Updating Testing's location.
222326 - Testing is attempting to launch a player missile...
222326 - Creating a missile launch.
222326 - (Event) Testing launched SM-62 Snark missile.
222331 - Updating Testing's location.
222336 - Updating Testing's location.
222341 - Updating Testing's location.
222346 - Updating Testing's location.
222351 - Updating Testing's location.
222356 - Updating Testing's location.
222401 - Updating Testing's location.
222406 - Updating Testing's location.
222411 - Updating Testing's location.
222416 - Updating Testing's location.
222421 - Updating Testing's location.
222426 - Updating Testing's location.
222431 - Updating Testing's location.
222436 - Updating Testing's location.
222439 - Testing is attempting to purchase missiles...
222439 - (Event) Testing acquired missiles.
222441 - Updating Testing's location.
222444 - A missile exploded.
222444 - Processing health regeneration...
222444 - Processing radiation damage...
222444 - Test1 charged for online ore mine.
222444 - Processing radiation damage...
222444 - A missile exploded.
222444 - Testing charged for online missile site.
222444 - Processing radiation damage...
222444 - Processing health regeneration...
222444 - Processing radiation damage...
222444 - Processing radiation damage...
222444 - Processing health regeneration...
222444 - Processing radiation damage...
222444 - Creating a loot.
222444 - Processing radiation damage...
222444 - Processing radiation damage...
222444 - Processing health regeneration...
222444 - Processing radiation damage...
222444 - Processing radiation damage...
222444 - Processing health regeneration...
222444 - Processing radiation damage...
222444 - Saving game.
222444 - Test1 charged for online ore mine.
222444 - Processing radiation damage...
222444 - Testing charged for online missile site.
222444 - Processing radiation damage...
222444 - Processing health regeneration...
222444 - Processing radiation damage...
222453 - Verifying ID A7DE11DB45428B1C159D0D9A915C38D9C6C95A98551CBF449D8311A3AB2134D1.
222454 - Updating Testing's location.
222459 - Updating Testing's location.
222504 - Updating Testing's location.
222509 - Updating Testing's location.
222510 - Testing is attempting to launch a player missile...
222510 - Creating a missile launch.
222510 - (Event) Testing launched V2 Rocket missile.
222513 - Updating Testing's location.
222519 - Updating Testing's location.
222523 - Updating Testing's location.
222529 - Updating Testing's location.
222534 - Updating Testing's location.
222539 - Updating Testing's location.
222539 - Testing is attempting to launch a player missile...
222539 - Creating a missile launch.
222539 - (Event) Testing launched Kalibr-M missile.
222544 - Updating Testing's location.
222548 - Updating Testing's location.
222554 - Updating Testing's location.
222558 - Testing is attempting to launch a player missile...
222558 - Creating a missile launch.
222558 - (Event) Testing launched Brahmos-II missile.
222559 - Updating Testing's location.
222604 - Updating Testing's location.
222609 - Updating Testing's location.
222614 - Updating Testing's location.
222619 - Updating Testing's location.
222624 - Updating Testing's location.
222629 - Updating Testing's location.
222634 - Updating Testing's location.
222639 - Updating Testing's location.
222644 - Updating Testing's location.
222649 - Updating Testing's location.
222654 - Updating Testing's location.
222659 - Updating Testing's location.
222702 - Processing radiation damage...
222704 - Updating Testing's location.
222709 - Updating Testing's location.
222714 - Updating Testing's location.
222719 - Updating Testing's location.
222724 - Updating Testing's location.
222729 - Updating Testing's location.
222734 - Updating Testing's location.
222739 - Updating Testing's location.
222744 - Updating Testing's location.
222749 - Updating Testing's location.
222754 - Updating Testing's location.
222759 - Updating Testing's location.
222804 - Updating Testing's location.
222809 - Updating Testing's location.
222814 - Updating Testing's location.
222819 - Updating Testing's location.
222824 - Updating Testing's location.
222829 - Updating Testing's location.
222834 - Updating Testing's location.
222839 - Updating Testing's location.
222844 - Updating Testing's location.
222849 - Updating Testing's location.
222854 - Updating Testing's location.
222859 - Updating Testing's location.
222904 - Updating Testing's location.
222909 - Updating Testing's location.
222914 - Updating Testing's location.
222919 - Updating Testing's location.
222921 - A missile exploded.
222924 - Updating Testing's location.
222929 - Updating Testing's location.
222934 - Updating Testing's location.
222939 - Updating Testing's location.
222944 - Updating Testing's location.
222949 - Updating Testing's location.
222954 - Updating Testing's location.
222959 - Updating Testing's location.
223004 - Updating Testing's location.
223009 - Updating Testing's location.
223014 - Updating Testing's location.
223019 - Updating Testing's location.
223024 - Updating Testing's location.
223029 - Updating Testing's location.
223034 - Updating Testing's location.
223039 - Updating Testing's location.
223044 - Updating Testing's location.
223049 - Updating Testing's location.
223054 - Updating Testing's location.
223059 - Updating Testing's location.
223104 - Updating Testing's location.
223109 - Updating Testing's location.
223114 - Updating Testing's location.
223119 - Updating Testing's location.
223123 - A missile exploded.
223124 - Updating Testing's location.
223129 - Updating Testing's location.
223134 - Updating Testing's location.
223139 - Updating Testing's location.
223144 - Updating Testing's location.
223149 - Updating Testing's location.
223154 - Updating Testing's location.
223159 - Updating Testing's location.
223204 - Updating Testing's location.
223209 - Updating Testing's location.
223214 - Updating Testing's location.
223219 - Updating Testing's location.
223224 - Updating Testing's location.
223229 - Updating Testing's location.
223234 - Updating Testing's location.
223239 - Updating Testing's location.
223244 - Updating Testing's location.
223249 - Updating Testing's location.
223254 - Updating Testing's location.
223259 - Updating Testing's location.
223302 - Processing health regeneration...
223302 - Processing radiation damage...
223304 - Updating Testing's location.
223309 - Updating Testing's location.
223314 - Updating Testing's location.
223319 - Updating Testing's location.
223324 - Updating Testing's location.
223329 - Updating Testing's location.
223334 - Updating Testing's location.
223339 - Updating Testing's location.
223344 - Updating Testing's location.
223349 - Updating Testing's location.
223354 - Updating Testing's location.
223359 - Updating Testing's location.
223404 - Updating Testing's location.
223409 - Updating Testing's location.
223414 - Updating Testing's location.
223419 - Updating Testing's location.
223424 - Updating Testing's location.
223429 - Updating Testing's location.
223434 - Updating Testing's location.
223439 - Updating Testing's location.
223444 - Updating Testing's location.
223449 - Updating Testing's location.
223454 - Updating Testing's location.
223459 - Updating Testing's location.
223504 - Updating Testing's location.
223509 - Updating Testing's location.
223514 - Updating Testing's location.
223519 - Updating Testing's location.
223524 - Updating Testing's location.
223529 - Updating Testing's location.
223534 - Updating Testing's location.
223539 - Updating Testing's location.
223544 - Updating Testing's location.
223549 - Updating Testing's location.
223554 - Updating Testing's location.
223559 - Updating Testing's location.
223604 - Updating Testing's location.
223609 - Updating Testing's location.
223614 - Updating Testing's location.
223654 - Verifying ID 4F540EC7C56161C21C58089313278C1B4FCE3FFD773D5424489BB8DDB17B8D2B.
223724 - Creating a loot.
225615 - Processing radiation damage...
225615 - Processing radiation damage...
225616 - Processing health regeneration...
225616 - Processing radiation damage...
225702 - Processing radiation damage...
230000 - It's a new hour!
230000 - Performing wealth generation...
230000 - Test1 gets nothing.
230000 - Testing gets nothing.
