222524 - (41.393364, -84.122032) @ 31.1m Network - FIRST 0.0m 0.0kph
222526 - (41.393364, -84.122032) @ 31.1m Network - PREV 0.0m NaNkph
222531 - (41.393314, -84.121849) @ 5.4m GPS - OK 0.0m 5.0kph
222536 - (41.393314, -84.121849) @ 5.4m GPS - PREV 0.0m NaNkph
222541 - (41.393314, -84.121849) @ 5.4m GPS - PREV 0.0m NaNkph
222546 - (41.393322, -84.121849) @ 9.6m GPS - OK 0.0m 0.2kph
222551 - (41.393322, -84.121849) @ 9.6m GPS - PREV 0.0m NaNkph
222556 - (41.393322, -84.121849) @ 9.6m GPS - PREV 0.0m NaNkph
222601 - (41.393375, -84.121948) @ 29.8m Network - OK 0.0m 2.4kph
222606 - (41.393307, -84.121841) @ 9.6m GPS - OK 0.0m 17.4kph
222611 - (41.393307, -84.121841) @ 9.6m GPS - PREV 0.0m NaNkph
222616 - (41.393307, -84.121841) @ 9.6m GPS - PREV 0.0m NaNkph
222621 - (41.393303, -84.121834) @ 3.2m GPS - OK 0.0m 0.2kph
222626 - (41.393303, -84.121834) @ 3.2m GPS - PREV 0.0m NaNkph
222631 - (41.393303, -84.121834) @ 3.2m GPS - PREV 0.0m NaNkph
222636 - (41.393303, -84.121834) @ 3.2m GPS - PREV 0.0m NaNkph
222641 - (41.393528, -84.121887) @ 27.3m Network - OK 0.0m 3.8kph
222646 - (41.393528, -84.121887) @ 27.3m Network - PREV 0.0m NaNkph
222651 - (41.393528, -84.121887) @ 27.3m Network - PREV 0.0m NaNkph
222656 - (41.393528, -84.121887) @ 27.3m Network - PREV 0.0m NaNkph
222701 - (41.393517, -84.121872) @ 27.1m Network - OK 0.0m 0.3kph
222706 - (41.393517, -84.121872) @ 27.1m Network - PREV 0.0m NaNkph
222711 - (41.393517, -84.121872) @ 27.1m Network - PREV 0.0m NaNkph
222716 - (41.393517, -84.121872) @ 27.1m Network - PREV 0.0m NaNkph
222721 - (41.393528, -84.121864) @ 27.2m Network - OK 0.0m 0.3kph
222726 - (41.393528, -84.121864) @ 27.2m Network - PREV 0.0m NaNkph
222731 - (41.393528, -84.121864) @ 27.2m Network - PREV 0.0m NaNkph
222736 - (41.393528, -84.121864) @ 27.2m Network - PREV 0.0m NaNkph
222741 - (41.393539, -84.121880) @ 37.6m Network - OK 0.0m 0.3kph
222746 - (41.393539, -84.121880) @ 37.6m Network - PREV 0.0m NaNkph
222751 - (41.393539, -84.121880) @ 37.6m Network - PREV 0.0m NaNkph
222756 - (41.393539, -84.121880) @ 37.6m Network - PREV 0.0m NaNkph
222801 - (41.393539, -84.121880) @ 37.6m Network - PREV 0.0m NaNkph
222806 - (41.393539, -84.121880) @ 37.6m Network - PREV 0.0m NaNkph
222811 - (41.393539, -84.121880) @ 37.6m Network - PREV 0.0m NaNkph
222816 - (41.393539, -84.121880) @ 37.6m Network - PREV 0.0m NaNkph
222821 - (41.393539, -84.121880) @ 37.6m Network - PREV 0.0m NaNkph
222826 - (41.393539, -84.121880) @ 37.6m Network - PREV 0.0m NaNkph
222831 - (41.393539, -84.121880) @ 37.6m Network - PREV 0.0m NaNkph
222836 - (41.393539, -84.121880) @ 37.6m Network - PREV 0.0m NaNkph
222841 - (41.393539, -84.121880) @ 37.6m Network - PREV 0.0m NaNkph
222846 - (41.393459, -84.121948) @ 40.3m Network - OK 0.0m 0.6kph
222851 - (41.393459, -84.121948) @ 40.3m Network - PREV 0.0m NaNkph
222856 - (41.393459, -84.121948) @ 40.3m Network - PREV 0.0m NaNkph
222901 - (41.393459, -84.121948) @ 40.3m Network - PREV 0.0m NaNkph
222906 - (41.393452, -84.121979) @ 40.3m Network - OK 0.0m 0.5kph
222911 - (41.393452, -84.121979) @ 40.3m Network - PREV 0.0m NaNkph
222916 - (41.393452, -84.121979) @ 40.3m Network - PREV 0.0m NaNkph
222921 - (41.393452, -84.121979) @ 40.3m Network - PREV 0.0m NaNkph
222926 - (41.393452, -84.121979) @ 40.3m Network - PREV 0.0m NaNkph
222931 - (41.393311, -84.121826) @ 3.2m GPS - OK 0.0m 3.2kph
222936 - (41.393311, -84.121826) @ 3.2m GPS - PREV 0.0m NaNkph
222941 - (41.393311, -84.121826) @ 3.2m GPS - PREV 0.0m NaNkph
222946 - (41.393311, -84.121826) @ 3.2m GPS - PREV 0.0m NaNkph
222951 - (41.393585, -84.121872) @ 35.9m Network - OK 0.0m 5.6kph
222956 - (41.393585, -84.121872) @ 35.9m Network - PREV 0.0m NaNkph
223640 - (41.393585, -84.121872) @ 35.9m Network - PREV 0.0m NaNkph
223645 - (41.393314, -84.121834) @ 9.6m GPS - OK 0.0m 0.3kph
223657 - (41.393414, -84.122147) @ 40.5m Network - OK 0.0m 7.0kph
