140758 - (41.393269, -84.121689) @ 6.4m GPS - FIRST 0.0m 0.0kph
140803 - (41.393288, -84.121727) @ 6.4m GPS - OK 0.0m 2.2kph
140808 - (41.393288, -84.121857) @ 7.5m GPS - OK 0.0m 6.7kph
140820 - (41.393322, -84.121788) @ 4.3m GPS - OK 0.0m 2.1kph
140825 - (41.393333, -84.121765) @ 4.3m GPS - OK 0.0m 1.4kph
140830 - (41.393341, -84.121758) @ 4.3m GPS - OK 0.0m 1.0kph
140835 - (41.393341, -84.121758) @ 4.3m GPS - PREV 0.0m NaNkph
140840 - (41.393341, -84.121758) @ 4.3m GPS - PREV 0.0m NaNkph
140845 - (41.393341, -84.121758) @ 4.3m GPS - PREV 0.0m NaNkph
140850 - (41.393341, -84.121758) @ 4.3m GPS - PREV 0.0m NaNkph
140856 - (41.393341, -84.121758) @ 4.3m GPS - PREV 0.0m NaNkph
140900 - (41.393349, -84.121750) @ 9.6m GPS - OK 0.0m 0.1kph
140905 - (41.393341, -84.121758) @ 3.2m GPS - OK 0.0m 0.6kph
140910 - (41.393341, -84.121758) @ 3.2m GPS - PREV 0.0m NaNkph
140916 - (41.393341, -84.121758) @ 3.2m GPS - PREV 0.0m NaNkph
140920 - (41.393391, -84.121857) @ 22.7m Network - OK 0.0m 2.6kph
140925 - (41.393391, -84.121857) @ 22.7m Network - PREV 0.0m NaNkph
140930 - (41.393391, -84.121857) @ 22.7m Network - PREV 0.0m NaNkph
140935 - (41.393391, -84.121857) @ 22.7m Network - PREV 0.0m NaNkph
140940 - (41.393383, -84.121849) @ 22.3m Network - OK 0.0m 0.2kph
140945 - (41.393383, -84.121849) @ 22.3m Network - PREV 0.0m NaNkph
140950 - (41.393383, -84.121849) @ 22.3m Network - PREV 0.0m NaNkph
140956 - (41.393383, -84.121849) @ 22.3m Network - PREV 0.0m NaNkph
141000 - (41.393391, -84.121841) @ 22.7m Network - OK 0.0m 0.2kph
141005 - (41.393391, -84.121841) @ 22.7m Network - PREV 0.0m NaNkph
141010 - (41.393391, -84.121841) @ 22.7m Network - PREV 0.0m NaNkph
141015 - (41.393391, -84.121841) @ 22.7m Network - PREV 0.0m NaNkph
141020 - (41.393509, -84.121948) @ 34.0m Network - OK 0.0m 2.9kph
141025 - (41.393345, -84.121803) @ 9.6m GPS - OK 0.0m 10.0kph
141030 - (41.393353, -84.121819) @ 9.6m GPS - OK 0.0m 1.4kph
141035 - (41.393364, -84.121819) @ 9.6m GPS - OK 0.0m 0.8kph
141040 - (41.393391, -84.121780) @ 9.6m GPS - OK 0.0m 3.9kph
141045 - (41.393410, -84.121758) @ 9.6m GPS - OK 0.0m 2.6kph
141050 - (41.393379, -84.121796) @ 9.6m GPS - OK 0.0m 2.8kph
141055 - (41.393368, -84.121811) @ 9.6m GPS - OK 0.0m 1.6kph
141100 - (41.393368, -84.121811) @ 9.6m GPS - PREV 0.0m NaNkph
141105 - (41.393368, -84.121811) @ 9.6m GPS - PREV 0.0m NaNkph
141110 - (41.393368, -84.121811) @ 9.6m GPS - PREV 0.0m NaNkph
141115 - (41.393353, -84.121819) @ 9.6m GPS - OK 0.0m 0.3kph
141120 - (41.393341, -84.121803) @ 9.6m GPS - OK 0.0m 1.6kph
141125 - (41.393341, -84.121803) @ 9.6m GPS - PREV 0.0m NaNkph
141130 - (41.393341, -84.121803) @ 9.6m GPS - PREV 0.0m NaNkph
141135 - (41.393356, -84.121773) @ 3.2m GPS - OK 0.0m 0.8kph
141140 - (41.393356, -84.121773) @ 3.2m GPS - PREV 0.0m NaNkph
141145 - (41.393356, -84.121773) @ 3.2m GPS - PREV 0.0m NaNkph
141150 - (41.393349, -84.121765) @ 3.2m GPS - OK 0.0m 0.2kph
141155 - (41.393349, -84.121765) @ 3.2m GPS - PREV 0.0m NaNkph
141200 - (41.393387, -84.121841) @ 24.5m Network - OK 0.0m 2.5kph
141206 - (41.393387, -84.121841) @ 24.5m Network - PREV 0.0m NaNkph
141210 - (41.393387, -84.121841) @ 24.5m Network - PREV 0.0m NaNkph
141215 - (41.393337, -84.121819) @ 3.2m GPS - OK 0.0m 1.4kph
141220 - (41.393333, -84.121826) @ 3.2m GPS - OK 0.0m 0.7kph
141225 - (41.393341, -84.121841) @ 3.2m GPS - OK 0.0m 1.4kph
141230 - (41.393341, -84.121841) @ 3.2m GPS - PREV 0.0m NaNkph
141235 - (41.393333, -84.121872) @ 9.6m GPS - OK 0.0m 0.8kph
141240 - (41.393314, -84.121872) @ 10.7m GPS - OK 0.0m 1.9kph
141245 - (41.393337, -84.121803) @ 10.7m GPS - OK 0.0m 3.8kph
141250 - (41.393379, -84.121750) @ 10.7m GPS - OK 0.0m 5.8kph
141255 - (41.393360, -84.121803) @ 9.6m GPS - OK 0.0m 3.0kph
141301 - (41.393333, -84.121803) @ 9.6m GPS - OK 0.0m 2.7kph
141305 - (41.393326, -84.121811) @ 9.6m GPS - OK 0.0m 0.6kph
141310 - (41.393326, -84.121811) @ 9.6m GPS - PREV 0.0m NaNkph
141316 - (41.393303, -84.121819) @ 9.6m GPS - OK 0.0m 0.9kph
141320 - (41.393288, -84.121819) @ 9.6m GPS - OK 0.0m 1.5kph
141325 - (41.393295, -84.121834) @ 9.6m GPS - OK 0.0m 0.9kph
141330 - (41.393295, -84.121834) @ 9.6m GPS - PREV 0.0m NaNkph
141335 - (41.393299, -84.121849) @ 9.6m GPS - OK 0.0m 0.8kph
141340 - (41.393299, -84.121849) @ 9.6m GPS - PREV 0.0m NaNkph
141345 - (41.393398, -84.121826) @ 21.5m Network - OK 0.0m 3.4kph
141350 - (41.393322, -84.121864) @ 9.6m GPS - OK 0.0m 5.4kph
141355 - (41.393314, -84.121864) @ 9.6m GPS - OK 0.0m 0.5kph
141401 - (41.393295, -84.121849) @ 9.6m GPS - OK 0.0m 2.2kph
141406 - (41.393276, -84.121826) @ 9.6m GPS - OK 0.0m 2.6kph
141411 - (41.393295, -84.121849) @ 9.6m GPS - OK 0.0m 2.6kph
141415 - (41.393307, -84.121834) @ 9.6m GPS - OK 0.0m 0.8kph
141421 - (41.393291, -84.121819) @ 9.6m GPS - OK 0.0m 3.8kph
141425 - (41.393250, -84.121811) @ 9.6m GPS - OK 0.0m 2.8kph
141431 - (41.393280, -84.121780) @ 9.6m GPS - OK 0.0m 2.5kph
141447 - (41.393318, -84.121796) @ 5.4m GPS - OK 0.0m 0.9kph
141452 - (41.393322, -84.121735) @ 5.4m GPS - OK 0.0m 4.6kph
141457 - (41.393322, -84.121735) @ 5.4m GPS - PREV 0.0m NaNkph
141502 - (41.393322, -84.121735) @ 5.4m GPS - PREV 0.0m NaNkph
161328 - (41.393398, -84.121834) @ 25.1m Network - OK 0.0m 0.0kph
161333 - (41.393398, -84.121834) @ 25.1m Network - PREV 0.0m NaNkph
161338 - (41.393425, -84.121834) @ 13.9m GPS - OK 0.0m 0.7kph
161343 - (41.393497, -84.121811) @ 12.9m GPS - OK 0.0m 7.5kph
161348 - (41.393585, -84.121796) @ 6.4m GPS - OK 0.0m 5.9kph
161353 - (41.393604, -84.121780) @ 6.4m GPS - OK 0.0m 4.4kph
161358 - (41.393604, -84.121780) @ 6.4m GPS - PREV 0.0m NaNkph
161403 - (41.393604, -84.121780) @ 6.4m GPS - PREV 0.0m NaNkph
161408 - (41.393581, -84.121796) @ 8.6m GPS - OK 0.0m 0.7kph
161413 - (41.393581, -84.121796) @ 8.6m GPS - PREV 0.0m NaNkph
161418 - (41.393581, -84.121803) @ 6.4m GPS - OK 0.0m 0.2kph
161423 - (41.393581, -84.121803) @ 6.4m GPS - PREV 0.0m NaNkph
161428 - (41.393566, -84.121811) @ 5.4m GPS - OK 0.0m 0.8kph
161433 - (41.393566, -84.121811) @ 5.4m GPS - PREV 0.0m NaNkph
161438 - (41.393566, -84.121811) @ 5.4m GPS - PREV 0.0m NaNkph
161443 - (41.393566, -84.121811) @ 5.4m GPS - PREV 0.0m NaNkph
161448 - (41.393555, -84.121811) @ 10.7m GPS - OK 0.0m 0.2kph
161453 - (41.393555, -84.121811) @ 10.7m GPS - PREV 0.0m NaNkph
161458 - (41.393555, -84.121811) @ 10.7m GPS - PREV 0.0m NaNkph
161503 - (41.393555, -84.121811) @ 10.7m GPS - PREV 0.0m NaNkph
161508 - (41.393410, -84.121819) @ 25.1m Network - OK 0.0m 3.0kph
161513 - (41.393410, -84.121819) @ 25.1m Network - PREV 0.0m NaNkph
161518 - (41.393410, -84.121819) @ 25.1m Network - PREV 0.0m NaNkph
161523 - (41.393410, -84.121819) @ 25.1m Network - PREV 0.0m NaNkph
161528 - (41.393539, -84.121819) @ 10.7m GPS - OK 0.0m 2.5kph
161533 - (41.393539, -84.121819) @ 10.7m GPS - PREV 0.0m NaNkph
161538 - (41.393539, -84.121819) @ 10.7m GPS - PREV 0.0m NaNkph
161543 - (41.393539, -84.121819) @ 10.7m GPS - PREV 0.0m NaNkph
161548 - (41.393406, -84.121819) @ 25.4m Network - OK 0.0m 2.7kph
161553 - (41.393406, -84.121819) @ 25.4m Network - PREV 0.0m NaNkph
161558 - (41.393406, -84.121819) @ 25.4m Network - PREV 0.0m NaNkph
161603 - (41.393406, -84.121819) @ 25.4m Network - PREV 0.0m NaNkph
161608 - (41.393532, -84.121811) @ 10.7m GPS - OK 0.0m 2.5kph
161613 - (41.393532, -84.121811) @ 10.7m GPS - PREV 0.0m NaNkph
161618 - (41.393532, -84.121811) @ 10.7m GPS - PREV 0.0m NaNkph
161623 - (41.393532, -84.121811) @ 10.7m GPS - PREV 0.0m NaNkph
161628 - (41.393520, -84.121811) @ 10.7m GPS - OK 0.0m 0.2kph
161633 - (41.393520, -84.121811) @ 10.7m GPS - PREV 0.0m NaNkph
161638 - (41.393520, -84.121811) @ 10.7m GPS - PREV 0.0m NaNkph
161643 - (41.393520, -84.121811) @ 10.7m GPS - PREV 0.0m NaNkph
161648 - (41.393520, -84.121811) @ 10.7m GPS - PREV 0.0m NaNkph
161653 - (41.393520, -84.121811) @ 10.7m GPS - PREV 0.0m NaNkph
161658 - (41.393520, -84.121811) @ 10.7m GPS - PREV 0.0m NaNkph
161703 - (41.393520, -84.121811) @ 10.7m GPS - PREV 0.0m NaNkph
161708 - (41.393509, -84.121819) @ 11.8m GPS - OK 0.0m 0.1kph
161713 - (41.393509, -84.121819) @ 11.8m GPS - PREV 0.0m NaNkph
161718 - (41.393509, -84.121819) @ 11.8m GPS - PREV 0.0m NaNkph
161723 - (41.393509, -84.121819) @ 11.8m GPS - PREV 0.0m NaNkph
161728 - (41.393402, -84.121803) @ 23.6m Network - OK 0.0m 2.1kph
161733 - (41.393402, -84.121803) @ 23.6m Network - PREV 0.0m NaNkph
161738 - (41.393402, -84.121803) @ 23.6m Network - PREV 0.0m NaNkph
161743 - (41.393402, -84.121803) @ 23.6m Network - PREV 0.0m NaNkph
161748 - (41.393387, -84.121796) @ 24.7m Network - OK 0.0m 0.3kph
161753 - (41.393387, -84.121796) @ 24.7m Network - PREV 0.0m NaNkph
161758 - (41.393387, -84.121796) @ 24.7m Network - PREV 0.0m NaNkph
161803 - (41.393387, -84.121796) @ 24.7m Network - PREV 0.0m NaNkph
161808 - (41.393497, -84.121819) @ 11.8m GPS - OK 0.0m 2.1kph
161813 - (41.393497, -84.121819) @ 11.8m GPS - PREV 0.0m NaNkph
161818 - (41.393497, -84.121819) @ 11.8m GPS - PREV 0.0m NaNkph
161823 - (41.393497, -84.121819) @ 11.8m GPS - PREV 0.0m NaNkph
161828 - (41.393497, -84.121819) @ 11.8m GPS - PREV 0.0m NaNkph
161833 - (41.393497, -84.121819) @ 11.8m GPS - PREV 0.0m NaNkph
161838 - (41.393497, -84.121819) @ 11.8m GPS - PREV 0.0m NaNkph
161843 - (41.393497, -84.121819) @ 11.8m GPS - PREV 0.0m NaNkph
161848 - (41.393394, -84.121803) @ 23.8m Network - OK 0.0m 1.1kph
161853 - (41.393394, -84.121803) @ 23.8m Network - PREV 0.0m NaNkph
161858 - (41.393394, -84.121803) @ 23.8m Network - PREV 0.0m NaNkph
161903 - (41.393394, -84.121803) @ 23.8m Network - PREV 0.0m NaNkph
161908 - (41.393486, -84.121819) @ 11.8m GPS - OK 0.0m 1.8kph
161913 - (41.393486, -84.121819) @ 11.8m GPS - PREV 0.0m NaNkph
161918 - (41.393486, -84.121819) @ 11.8m GPS - PREV 0.0m NaNkph
161923 - (41.393486, -84.121819) @ 11.8m GPS - PREV 0.0m NaNkph
161928 - (41.393429, -84.121811) @ 22.9m Network - OK 0.0m 1.2kph
161933 - (41.393429, -84.121811) @ 22.9m Network - PREV 0.0m NaNkph
161938 - (41.393429, -84.121811) @ 22.9m Network - PREV 0.0m NaNkph
161943 - (41.393429, -84.121811) @ 22.9m Network - PREV 0.0m NaNkph
161948 - (41.393406, -84.121811) @ 21.7m Network - OK 0.0m 0.5kph
161953 - (41.393406, -84.121811) @ 21.7m Network - PREV 0.0m NaNkph
161958 - (41.393406, -84.121811) @ 21.7m Network - PREV 0.0m NaNkph
162003 - (41.393406, -84.121811) @ 21.7m Network - PREV 0.0m NaNkph
162008 - (41.393406, -84.121811) @ 21.7m Network - PREV 0.0m NaNkph
162013 - (41.393406, -84.121811) @ 21.7m Network - PREV 0.0m NaNkph
162018 - (41.393406, -84.121811) @ 21.7m Network - PREV 0.0m NaNkph
162023 - (41.393406, -84.121811) @ 21.7m Network - PREV 0.0m NaNkph
162028 - (41.393406, -84.121811) @ 21.7m Network - PREV 0.0m NaNkph
162033 - (41.393478, -84.121819) @ 12.9m GPS - OK 0.0m 0.7kph
162038 - (41.393478, -84.121819) @ 12.9m GPS - PREV 0.0m NaNkph
162043 - (41.393478, -84.121819) @ 12.9m GPS - PREV 0.0m NaNkph
162048 - (41.393478, -84.121819) @ 12.9m GPS - PREV 0.0m NaNkph
162053 - (41.393478, -84.121819) @ 12.9m GPS - PREV 0.0m NaNkph
162058 - (41.393478, -84.121819) @ 12.9m GPS - PREV 0.0m NaNkph
162103 - (41.393478, -84.121819) @ 12.9m GPS - PREV 0.0m NaNkph
162108 - (41.393478, -84.121819) @ 12.9m GPS - PREV 0.0m NaNkph
162113 - (41.393478, -84.121819) @ 12.9m GPS - PREV 0.0m NaNkph
162118 - (41.393478, -84.121819) @ 12.9m GPS - PREV 0.0m NaNkph
162123 - (41.393478, -84.121819) @ 12.9m GPS - PREV 0.0m NaNkph
162128 - (41.393478, -84.121819) @ 12.9m GPS - PREV 0.0m NaNkph
162133 - (41.393391, -84.121796) @ 25.8m Network - OK 0.0m 0.6kph
162138 - (41.393391, -84.121796) @ 25.8m Network - PREV 0.0m NaNkph
162143 - (41.393391, -84.121796) @ 25.8m Network - PREV 0.0m NaNkph
162148 - (41.393391, -84.121796) @ 25.8m Network - PREV 0.0m NaNkph
162153 - (41.393406, -84.121803) @ 21.3m Network - OK 0.0m 0.3kph
162158 - (41.393406, -84.121803) @ 21.3m Network - PREV 0.0m NaNkph
162203 - (41.393406, -84.121803) @ 21.3m Network - PREV 0.0m NaNkph
162208 - (41.393406, -84.121803) @ 21.3m Network - PREV 0.0m NaNkph
162213 - (41.393467, -84.121819) @ 12.9m GPS - OK 0.0m 1.2kph
162218 - (41.393467, -84.121819) @ 12.9m GPS - PREV 0.0m NaNkph
162223 - (41.393467, -84.121819) @ 12.9m GPS - PREV 0.0m NaNkph
162228 - (41.393467, -84.121819) @ 12.9m GPS - PREV 0.0m NaNkph
162233 - (41.393467, -84.121819) @ 12.9m GPS - PREV 0.0m NaNkph
162238 - (41.393467, -84.121819) @ 12.9m GPS - PREV 0.0m NaNkph
162243 - (41.393467, -84.121819) @ 12.9m GPS - PREV 0.0m NaNkph
162248 - (41.393467, -84.121819) @ 12.9m GPS - PREV 0.0m NaNkph
162253 - (41.393394, -84.121803) @ 24.5m Network - OK 0.0m 0.7kph
162258 - (41.393394, -84.121803) @ 24.5m Network - PREV 0.0m NaNkph
162303 - (41.393394, -84.121803) @ 24.5m Network - PREV 0.0m NaNkph
162308 - (41.393394, -84.121803) @ 24.5m Network - PREV 0.0m NaNkph
162313 - (41.393406, -84.121803) @ 21.0m Network - OK 0.0m 0.2kph
162318 - (41.393406, -84.121803) @ 21.0m Network - PREV 0.0m NaNkph
162323 - (41.393406, -84.121803) @ 21.0m Network - PREV 0.0m NaNkph
162328 - (41.393406, -84.121803) @ 21.0m Network - PREV 0.0m NaNkph
162333 - (41.393406, -84.121803) @ 21.0m Network - PREV 0.0m NaNkph
163755 - (41.393406, -84.121803) @ 21.0m Network - PREV 0.0m NaNkph
163800 - (41.393410, -84.121765) @ 20.4m GPS - OK 0.0m 0.0kph
