143712 - Server socket established.
144633 - Client connected, hash 37D7FAEE. Creating session.
144634 - Client connected, hash 38DF7CA4. Creating session.
144637 - Client connected, hash 20834A62. Creating session.
144642 - Client connected, hash 0D735C67. Creating session.
144645 - Client connected, hash 2C9C39BB. Creating session.
144656 - Client connected, hash 6F655AD0. Creating session.
144658 - Client connected, hash 558FCD04. Creating session.
144658 - Client connected, hash 420823B6. Creating session.
144701 - Client connected, hash 0F948BAD. Creating session.
144704 - Client connected, hash 4AE2E355. Creating session.
144712 - Client connected, hash 61AEF0E0. Creating session.
144716 - Client connected, hash 62387AF0. Creating session.
144720 - Client connected, hash 495A4CF9. Creating session.
144722 - Client connected, hash 147FF6CC. Creating session.
144728 - Client connected, hash 02403D53. Creating session.
144732 - Client connected, hash 238E3811. Creating session.
144736 - Client connected, hash 3828951D. Creating session.
144740 - Client connected, hash 538ACD42. Creating session.
144742 - Client connected, hash 50A3C8C5. Creating session.
144748 - Client connected, hash 023F2C70. Creating session.
144752 - Client connected, hash 7EC3D157. Creating session.
144753 - Client connected, hash 7B26E310. Creating session.
144757 - Client connected, hash 350DE951. Creating session.
144757 - Client connected, hash 4EAA0F2C. Creating session.
144803 - Client connected, hash 2E8326C7. Creating session.
144811 - Client connected, hash 62F17E64. Creating session.
144815 - Client connected, hash 386C540A. Creating session.
144819 - Client connected, hash 26A1FF44. Creating session.
144821 - Client connected, hash 11234049. Creating session.
144827 - Client connected, hash 78C80E57. Creating session.
145610 - Client connected, hash 22DEC940. Creating session.
150048 - Client connected, hash 0B2C5980. Creating session.
150655 - Client connected, hash 008671A4. Creating session.
152600 - Client connected, hash 38046D55. Creating session.
153900 - Client connected, hash 6CC427DC. Creating session.
155200 - Client connected, hash 054D839D. Creating session.
162059 - Client connected, hash 36F5C9C1. Creating session.
164100 - Client connected, hash 2D00648F. Creating session.
164100 - Client connected, hash 60374C34. Creating session.
231915 - Server socket established.
232331 - Client connected, hash 23FAAFF9. Creating session.
234043 - Couldn't create socket: Address already in use: NET_Bind
234043 - Server comms finished.
234458 - Client connected, hash 4D9F4123. Creating session.
234827 - Couldn't create socket: Address already in use: NET_Bind
234827 - Server comms finished.
234844 - Server socket established.
234844 - Client connected, hash 6BE47A39. Creating session.
234845 - Client connected, hash 47EC22B6. Creating session.
234848 - Client connected, hash 2A7FBCA9. Creating session.
