160044 - Loading config xml...
160044 - Loading game xml...
160044 - Loading missiles...
160044 - Loading interceptors...
160044 - Loading missile sites...
160044 - Loading SAM sites...
160044 - Loading sentry guns...
160044 - Loading ore mines...
160044 - Loading loots...
160044 - Loading radiations...
160315 - Loading config xml...
160315 - Loading game xml...
160315 - Loading missiles...
160315 - Loading interceptors...
160315 - Loading missile sites...
160315 - Loading SAM sites...
160315 - Loading sentry guns...
160315 - Loading ore mines...
160315 - Loading loots...
160315 - Loading radiations...
160431 - Loading config xml...
160431 - Loading game xml...
160431 - Loading missiles...
160431 - Loading interceptors...
160431 - Loading missile sites...
160431 - Loading SAM sites...
160431 - Loading sentry guns...
160431 - Loading ore mines...
160431 - Loading loots...
160431 - Loading radiations...
160705 - Loading config xml...
160706 - Loading game xml...
160706 - Loading missiles...
160706 - Loading interceptors...
160706 - Loading missile sites...
160706 - Loading SAM sites...
160706 - Loading sentry guns...
160706 - Loading ore mines...
160706 - Loading loots...
160706 - Loading radiations...
163152 - Loading config xml...
163152 - Loading game xml...
163152 - Loading missiles...
163152 - Loading interceptors...
163152 - Loading missile sites...
163152 - Loading SAM sites...
163152 - Loading sentry guns...
163152 - Loading ore mines...
163152 - Loading loots...
163152 - Loading radiations...
174402 - Loading config xml...
174402 - Loading game xml...
174402 - Loading missiles...
174402 - Loading interceptors...
174402 - Loading missile sites...
174402 - Loading SAM sites...
174402 - Loading sentry guns...
174402 - Loading ore mines...
174402 - Loading loots...
174402 - Loading radiations...
180459 - Loading config xml...
180459 - Loading game xml...
180459 - Loading missiles...
180459 - Loading interceptors...
180459 - Loading missile sites...
180459 - Loading SAM sites...
180459 - Loading sentry guns...
180459 - Loading ore mines...
180459 - Loading loots...
180459 - Loading radiations...
234445 - Loading config xml...
234445 - Loading game xml...
234445 - Loading missiles...
234445 - Loading interceptors...
234445 - Loading missile sites...
234445 - Loading SAM sites...
234445 - Loading sentry guns...
234445 - Loading ore mines...
234445 - Loading loots...
234445 - Loading radiations...
