160044 - Firing up Launch server...
160044 - Load warning: Unable to get byte root element Variant. Returning default 0.
160044 - Load warning: Unable to get asset ID for InterceptorType. Returning default.
160044 - Load error: Other error when loading config from config.xml. Last handled: String element Description
160044 - Loading game...
160044 - ...game loaded.
160044 - There were errors when loading the game. Quitting...
160044 - Did not save/backup the game as it didn't load correctly.
160044 - Goodbye.
160315 - Firing up Launch server...
160315 - Load warning: Unable to get byte root element Variant. Returning default 0.
160315 - Load warning: Unable to get asset ID for InterceptorType. Returning default.
160315 - Load error: Other error when loading config from config.xml. Last handled: String element Description
160315 - Loading game...
160315 - ...game loaded.
160315 - There were errors when loading the game. Quitting...
160315 - Did not save/backup the game as it didn't load correctly.
160315 - Goodbye.
160431 - Firing up Launch server...
160431 - Load warning: Unable to get byte root element Variant. Returning default 0.
160431 - Load warning: Unable to get asset ID for InterceptorType. Returning default.
160431 - Load error: Other error when loading config from config.xml. Last handled: String element Description
160431 - Loading game...
160431 - ...game loaded.
160431 - There were errors when loading the game. Quitting...
160431 - Did not save/backup the game as it didn't load correctly.
160431 - Goodbye.
160705 - Firing up Launch server...
160706 - Load warning: Unable to get byte root element Variant. Returning default 0.
160706 - Load warning: Unable to get asset ID for InterceptorType. Returning default.
160706 - Loading game...
160706 - ...game loaded.
160706 - ...We're running.
163152 - Firing up Launch server...
163152 - Load warning: Unable to get byte root element Variant. Returning default 0.
163152 - Loading game...
163152 - ...game loaded.
163152 - ...We're running.
174402 - Firing up Launch server...
174402 - Load warning: Unable to get byte root element Variant. Returning default 0.
174402 - Loading game...
174402 - ...game loaded.
174402 - ...We're running.
175234 - Saving and backing up the game.
175729 - Saving and backing up the game.
175749 - Saving and backing up the game.
175854 - Saving and backing up the game.
175959 - Saving and backing up the game.
180030 - Saving and backing up the game.
180459 - Firing up Launch server...
180459 - Load warning: Unable to get byte root element Variant. Returning default 0.
180459 - Loading game...
180459 - ...game loaded.
180459 - ...We're running.
182020 - Saving and backing up the game.
191819 - Saving and backing up the game.
195458 - Saving and backing up the game.
215458 - Saving and backing up the game.
234444 - Firing up Launch server...
234445 - Load warning: Unable to get byte root element Variant. Returning default 0.
234445 - Loading game...
234445 - ...game loaded.
234445 - ...We're running.
