160044 - Shutting down.
160044 - Saving game.
160044 - Stopping service tasks.
160315 - Shutting down.
160315 - Saving game.
160315 - Stopping service tasks.
160431 - Shutting down.
160431 - Saving game.
160431 - Stopping service tasks.
160706 - Starting services...
160706 - ...Started.
160706 - Processing health regeneration...
160706 - Processing radiation damage...
163152 - Starting services...
163152 - ...Started.
163152 - Processing health regeneration...
163152 - Processing radiation damage...
174402 - Starting services...
174402 - ...Started.
174402 - Processing health regeneration...
174402 - Processing radiation damage...
174413 - Verifying ID A7DE11DB45428B1C159D0D9A915C38D9C6C95A98551CBF449D8311A3AB2134D1.
174639 - Verifying ID A7DE11DB45428B1C159D0D9A915C38D9C6C95A98551CBF449D8311A3AB2134D1.
174644 - Updating Testing's location.
174644 - Performed multiaccounting check for Testing
174649 - Updating Testing's location.
174654 - Updating Testing's location.
174659 - Updating Testing's location.
174704 - Updating Testing's location.
174708 - Testing is attempting to launch a player missile...
174708 - Creating a missile launch.
174708 - (Event) Testing launched Brahmos-II missile.
174709 - Updating Testing's location.
174714 - Updating Testing's location.
174719 - Updating Testing's location.
174724 - Updating Testing's location.
174729 - Updating Testing's location.
174731 - Testing is attempting to launch a player missile...
174731 - Creating a missile launch.
174731 - (Event) Testing launched V2 Rocket missile.
174734 - Updating Testing's location.
174739 - Updating Testing's location.
174742 - Testing is attempting to purchase missiles...
174742 - (Event) Testing acquired missiles.
174744 - Updating Testing's location.
174749 - Updating Testing's location.
174751 - Testing is attempting to sell a missile...
174751 - (Event) Testing sold a missile.
174754 - Updating Testing's location.
174759 - Updating Testing's location.
174804 - Updating Testing's location.
174809 - Updating Testing's location.
174814 - Updating Testing's location.
174819 - Updating Testing's location.
174824 - Updating Testing's location.
174826 - Test1 charged for online ore mine.
174828 - Testing is attempting to purchase missiles...
174828 - (Event) Testing acquired missiles.
174829 - Updating Testing's location.
174834 - Updating Testing's location.
174837 - Testing is attempting to purchase a SAM system...
174837 - (Event) Testing acquired an air defence system.
174839 - Updating Testing's location.
174844 - Updating Testing's location.
174849 - Updating Testing's location.
174854 - Updating Testing's location.
174854 - Processing radiation damage...
174854 - A missile exploded.
174854 - A missile exploded.
174854 - Testing charged for online missile site.
174854 - Processing radiation damage...
174854 - Processing health regeneration...
174854 - Processing radiation damage...
174854 - Processing radiation damage...
174854 - Processing health regeneration...
174854 - Processing radiation damage...
174854 - Creating a loot.
174854 - Processing radiation damage...
174854 - Processing radiation damage...
174854 - Processing health regeneration...
174854 - Processing radiation damage...
174854 - Processing radiation damage...
174854 - Processing health regeneration...
174854 - Processing radiation damage...
174854 - Test1 charged for online ore mine.
174854 - Processing radiation damage...
174854 - Testing charged for online missile site.
174854 - Processing radiation damage...
174854 - Processing health regeneration...
174854 - Processing radiation damage...
174854 - Processing radiation damage...
174906 - Verifying ID A7DE11DB45428B1C159D0D9A915C38D9C6C95A98551CBF449D8311A3AB2134D1.
174906 - Updating Testing's location.
174911 - Updating Testing's location.
174916 - Updating Testing's location.
174922 - Updating Testing's location.
174926 - Updating Testing's location.
174930 - Testing is attempting to launch a missile...
174930 - Creating a missile launch.
174930 - (Event) Testing launched DF-5 missile.
174931 - Updating Testing's location.
174936 - Updating Testing's location.
174941 - Updating Testing's location.
174946 - Updating Testing's location.
174946 - Testing is attempting to launch a player missile...
174946 - Creating a missile launch.
174946 - (Event) Testing launched Jericho II missile.
174951 - Updating Testing's location.
174956 - Updating Testing's location.
175001 - Updating Testing's location.
175006 - Updating Testing's location.
175011 - Updating Testing's location.
175016 - Updating Testing's location.
175021 - Updating Testing's location.
175026 - Updating Testing's location.
175031 - Updating Testing's location.
175036 - Updating Testing's location.
175041 - Updating Testing's location.
175042 - Processing health regeneration...
175042 - Processing radiation damage...
175046 - Updating Testing's location.
175051 - Updating Testing's location.
175056 - Updating Testing's location.
175101 - Updating Testing's location.
175106 - Updating Testing's location.
175111 - Updating Testing's location.
175116 - Updating Testing's location.
175121 - Updating Testing's location.
175126 - Updating Testing's location.
175131 - Updating Testing's location.
175136 - Updating Testing's location.
175141 - Updating Testing's location.
175146 - Updating Testing's location.
175151 - Updating Testing's location.
175156 - Updating Testing's location.
175201 - Updating Testing's location.
175206 - Updating Testing's location.
175207 - Testing is attempting to purchase missiles...
175207 - (Event) Testing acquired missiles.
175211 - Updating Testing's location.
175216 - Updating Testing's location.
175221 - Updating Testing's location.
175226 - Updating Testing's location.
175231 - Updating Testing's location.
175234 - Creating a loot.
175234 - Processing radiation damage...
175234 - Processing radiation damage...
175234 - A missile exploded.
175234 - Creating radiation.
175234 - A missile exploded.
175234 - Processing health regeneration...
175234 - Processing radiation damage...
175234 - Processing radiation damage...
175234 - Saving game.
175234 - Processing health regeneration...
175234 - Processing radiation damage...
175234 - Test1 charged for online ore mine.
175234 - Processing radiation damage...
175234 - Testing charged for online missile site.
175234 - Processing radiation damage...
175234 - Processing health regeneration...
175234 - Processing radiation damage...
175234 - Processing radiation damage...
175234 - Processing health regeneration...
175234 - Processing radiation damage...
175234 - Creating a loot.
175234 - Processing radiation damage...
175234 - Processing radiation damage...
175234 - Processing health regeneration...
175234 - Processing radiation damage...
175234 - Processing radiation damage...
175244 - Verifying ID A7DE11DB45428B1C159D0D9A915C38D9C6C95A98551CBF449D8311A3AB2134D1.
175244 - Updating Testing's location.
175249 - Updating Testing's location.
175254 - Updating Testing's location.
175259 - Updating Testing's location.
175304 - Updating Testing's location.
175309 - Updating Testing's location.
175314 - Updating Testing's location.
175319 - Updating Testing's location.
175324 - Updating Testing's location.
175329 - Updating Testing's location.
175334 - Updating Testing's location.
175339 - Updating Testing's location.
175344 - Updating Testing's location.
175349 - Updating Testing's location.
175354 - Updating Testing's location.
175359 - Updating Testing's location.
175525 - Verifying ID A7DE11DB45428B1C159D0D9A915C38D9C6C95A98551CBF449D8311A3AB2134D1.
175525 - Updating Testing's location.
175525 - Testing is attempting to launch a missile...
175525 - Creating a missile launch.
175525 - (Event) Testing launched RT-2PM Topol missile.
175530 - Updating Testing's location.
175531 - Testing is attempting to launch a missile...
175535 - Updating Testing's location.
175538 - Testing is attempting to launch a missile...
175540 - Updating Testing's location.
175543 - Testing is attempting to launch a player missile...
175544 - Creating a missile launch.
175544 - (Event) Testing launched Jericho II missile.
175545 - Updating Testing's location.
175550 - Updating Testing's location.
175555 - Updating Testing's location.
175558 - A missile exploded.
175558 - Creating radiation.
175600 - Updating Testing's location.
175605 - Updating Testing's location.
175609 - A missile exploded.
175610 - Updating Testing's location.
175611 - Testing is attempting to launch a missile...
175615 - Updating Testing's location.
175620 - Updating Testing's location.
175622 - Testing is attempting to sell a missile...
175625 - Updating Testing's location.
175626 - Testing is attempting to sell a missile...
175630 - Updating Testing's location.
175632 - Testing is attempting to launch a missile...
175635 - Updating Testing's location.
175640 - Updating Testing's location.
175644 - Testing is attempting to launch a player missile...
175644 - Creating a missile launch.
175644 - (Event) Testing launched Jericho II missile.
175645 - Updating Testing's location.
175650 - Updating Testing's location.
175655 - Updating Testing's location.
175700 - Updating Testing's location.
175705 - Updating Testing's location.
175710 - Updating Testing's location.
175715 - Updating Testing's location.
175720 - Updating Testing's location.
175720 - A missile exploded.
175721 - Testing is attempting to sell a missile site...
175721 - (Event) Testing is decommissioning a missile site.
175722 - Processing health regeneration...
175722 - Processing radiation damage...
175725 - Updating Testing's location.
175729 - Test1 charged for online ore mine.
175729 - Processing radiation damage...
175729 - Processing radiation damage...
175729 - Processing health regeneration...
175729 - Processing radiation damage...
175729 - Processing radiation damage...
175729 - Processing health regeneration...
175729 - Processing radiation damage...
175729 - Creating a loot.
175729 - Processing radiation damage...
175729 - Processing radiation damage...
175729 - Processing health regeneration...
175729 - Processing radiation damage...
175729 - Processing radiation damage...
175729 - Saving game.
175729 - Processing health regeneration...
175729 - Processing radiation damage...
175729 - Test1 charged for online ore mine.
175729 - Processing radiation damage...
175729 - Processing radiation damage...
175729 - Processing health regeneration...
175729 - Processing radiation damage...
175729 - Processing radiation damage...
175729 - Processing health regeneration...
175729 - Processing radiation damage...
175729 - Creating a loot.
175729 - Processing radiation damage...
175737 - Verifying ID A7DE11DB45428B1C159D0D9A915C38D9C6C95A98551CBF449D8311A3AB2134D1.
175737 - Updating Testing's location.
175742 - Updating Testing's location.
175747 - Updating Testing's location.
175749 - Processing radiation damage...
175749 - Processing health regeneration...
175749 - Processing radiation damage...
175749 - Processing radiation damage...
175749 - Processing health regeneration...
175749 - Processing radiation damage...
175749 - Test1 charged for online ore mine.
175749 - Processing radiation damage...
175749 - Processing radiation damage...
175749 - Processing health regeneration...
175749 - Processing radiation damage...
175749 - Processing radiation damage...
175749 - Processing health regeneration...
175749 - Processing radiation damage...
175749 - Creating a loot.
175749 - Processing radiation damage...
175749 - Processing radiation damage...
175749 - Processing health regeneration...
175749 - Processing radiation damage...
175749 - Processing radiation damage...
175749 - Saving game.
175749 - Processing health regeneration...
175749 - Processing radiation damage...
175800 - Verifying ID A7DE11DB45428B1C159D0D9A915C38D9C6C95A98551CBF449D8311A3AB2134D1.
175800 - Updating Testing's location.
175805 - Updating Testing's location.
175810 - Updating Testing's location.
175812 - Validating Testing's ore mine construction attempt...
175812 - (Event) Testing constructed an ore mine.
175815 - Updating Testing's location.
175820 - Updating Testing's location.
175825 - Updating Testing's location.
175826 - Test1 charged for online ore mine.
175830 - Updating Testing's location.
175835 - Updating Testing's location.
175840 - Updating Testing's location.
175842 - Testing is attempting to sell a ore mine...
175842 - (Event) Testing is decommissioning a ore mine.
175845 - Updating Testing's location.
175846 - Processing radiation damage...
175846 - Processing radiation damage...
175846 - Processing health regeneration...
175846 - Processing radiation damage...
175846 - Processing radiation damage...
175846 - Processing health regeneration...
175846 - Processing radiation damage...
175846 - Creating a loot.
175846 - Processing radiation damage...
175846 - Processing radiation damage...
175846 - Processing health regeneration...
175846 - Processing radiation damage...
175846 - Processing radiation damage...
175846 - Processing health regeneration...
175846 - Processing radiation damage...
175846 - Test1 charged for online ore mine.
175846 - Processing radiation damage...
175846 - Processing radiation damage...
175846 - Processing health regeneration...
175846 - Processing radiation damage...
175846 - Processing radiation damage...
175854 - Processing health regeneration...
175854 - Processing radiation damage...
175854 - Creating a loot.
175854 - Processing radiation damage...
175854 - Processing radiation damage...
175854 - Processing health regeneration...
175854 - Processing radiation damage...
175854 - Processing radiation damage...
175854 - Saving game.
175854 - Processing health regeneration...
175854 - Processing radiation damage...
175854 - Test1 charged for online ore mine.
175854 - Processing radiation damage...
175854 - Processing radiation damage...
175854 - A missile exploded.
175854 - Processing health regeneration...
175854 - Processing radiation damage...
175854 - Processing radiation damage...
175854 - Processing health regeneration...
175854 - Processing radiation damage...
175854 - Creating a loot.
175854 - Processing radiation damage...
175854 - Processing radiation damage...
175854 - Processing health regeneration...
175854 - Processing radiation damage...
175858 - Verifying ID A7DE11DB45428B1C159D0D9A915C38D9C6C95A98551CBF449D8311A3AB2134D1.
175858 - Updating Testing's location.
175903 - Updating Testing's location.
175908 - Updating Testing's location.
175913 - Updating Testing's location.
175915 - Processing radiation damage...
175915 - Processing health regeneration...
175915 - Processing radiation damage...
175925 - Verifying ID A7DE11DB45428B1C159D0D9A915C38D9C6C95A98551CBF449D8311A3AB2134D1.
175925 - Updating Testing's location.
175930 - Updating Testing's location.
175935 - Updating Testing's location.
175938 - Test1 charged for online ore mine.
175938 - Processing radiation damage...
175938 - Processing radiation damage...
175938 - Processing health regeneration...
175948 - Verifying ID A7DE11DB45428B1C159D0D9A915C38D9C6C95A98551CBF449D8311A3AB2134D1.
175948 - Updating Testing's location.
175953 - Updating Testing's location.
175953 - Validating Testing's nuclear missile site construction attempt...
175953 - ...Affordable...
175953 - (Event) Testing constructed a nuclear missile site.
175958 - Updating Testing's location.
175959 - Processing radiation damage...
175959 - Processing radiation damage...
175959 - Processing health regeneration...
175959 - Processing radiation damage...
175959 - Creating a loot.
175959 - Processing radiation damage...
175959 - Processing radiation damage...
175959 - Processing health regeneration...
175959 - Processing radiation damage...
175959 - Processing radiation damage...
175959 - Saving game.
175959 - Processing health regeneration...
175959 - Processing radiation damage...
175959 - Test1 charged for online ore mine.
175959 - Processing radiation damage...
175959 - Processing radiation damage...
175959 - Processing health regeneration...
175959 - Testing charged for online missile site.
175959 - Processing radiation damage...
175959 - Processing radiation damage...
175959 - Processing health regeneration...
175959 - Processing radiation damage...
175959 - Creating a loot.
175959 - Processing radiation damage...
175959 - Processing radiation damage...
175959 - Processing health regeneration...
175959 - Processing radiation damage...
175959 - Processing radiation damage...
180000 - It's a new hour!
180000 - Performing wealth generation...
180000 - Test1 gets nothing.
180000 - Testing gets nothing.
180011 - Verifying ID A7DE11DB45428B1C159D0D9A915C38D9C6C95A98551CBF449D8311A3AB2134D1.
180011 - Updating Testing's location.
180016 - Updating Testing's location.
180021 - Updating Testing's location.
180024 - Testing is attempting to purchase missiles...
180024 - (Event) Testing acquired missiles.
180026 - Updating Testing's location.
180030 - Processing health regeneration...
180030 - Processing radiation damage...
180030 - Test1 charged for online ore mine.
180030 - Processing radiation damage...
180030 - Processing radiation damage...
180030 - Processing health regeneration...
180030 - Testing charged for online missile site.
180030 - Processing radiation damage...
180030 - Processing radiation damage...
180030 - Processing health regeneration...
180030 - Processing radiation damage...
180030 - Creating a loot.
180030 - Processing radiation damage...
180030 - Processing radiation damage...
180030 - Processing health regeneration...
180030 - Processing radiation damage...
180030 - Processing radiation damage...
180030 - Saving game.
180030 - Processing health regeneration...
180030 - Processing radiation damage...
180030 - Test1 charged for online ore mine.
180030 - Processing radiation damage...
180030 - Processing radiation damage...
180030 - Processing health regeneration...
180030 - Testing charged for online missile site.
180030 - Processing radiation damage...
180039 - Verifying ID A7DE11DB45428B1C159D0D9A915C38D9C6C95A98551CBF449D8311A3AB2134D1.
180039 - Updating Testing's location.
180044 - Updating Testing's location.
180049 - Updating Testing's location.
180052 - Testing is attempting to launch a missile...
180052 - Creating a missile launch.
180052 - (Event) Testing launched Minuteman-III missile.
180054 - Updating Testing's location.
180055 - A missile exploded.
180055 - Creating radiation.
180059 - Updating Testing's location.
180104 - Updating Testing's location.
180109 - Updating Testing's location.
180114 - Updating Testing's location.
180114 - Testing is attempting to purchase missiles...
180114 - (Event) Testing acquired missiles.
180119 - Updating Testing's location.
180120 - Processing radiation damage...
180120 - Processing health regeneration...
180120 - Processing radiation damage...
180120 - Creating a loot.
180120 - Processing radiation damage...
180120 - Processing radiation damage...
180120 - Processing health regeneration...
180120 - Processing radiation damage...
180120 - Processing radiation damage...
180120 - Processing health regeneration...
180120 - Processing radiation damage...
180120 - Test1 charged for online ore mine.
180120 - Processing radiation damage...
180120 - Processing radiation damage...
180120 - Processing health regeneration...
180120 - Testing charged for online missile site.
180120 - Processing radiation damage...
180120 - Processing radiation damage...
180120 - Processing health regeneration...
180120 - Processing radiation damage...
180120 - Creating a loot.
180120 - Processing radiation damage...
180120 - Processing radiation damage...
180120 - Processing health regeneration...
180131 - Verifying ID A7DE11DB45428B1C159D0D9A915C38D9C6C95A98551CBF449D8311A3AB2134D1.
180132 - Updating Testing's location.
180136 - Testing is attempting to launch a missile...
180136 - Creating a missile launch.
180136 - (Event) Testing launched RT-2PM Topol missile.
180137 - Updating Testing's location.
180140 - A missile exploded.
180140 - Creating radiation.
180142 - Updating Testing's location.
180147 - Updating Testing's location.
180152 - Updating Testing's location.
180230 - Verifying ID A7DE11DB45428B1C159D0D9A915C38D9C6C95A98551CBF449D8311A3AB2134D1.
180230 - Updating Testing's location.
180235 - Updating Testing's location.
180240 - Updating Testing's location.
180245 - Updating Testing's location.
180250 - Updating Testing's location.
180255 - Updating Testing's location.
180300 - Updating Testing's location.
180305 - Updating Testing's location.
180310 - Updating Testing's location.
180315 - Updating Testing's location.
180320 - Updating Testing's location.
180325 - Updating Testing's location.
180330 - Updating Testing's location.
180335 - Updating Testing's location.
180340 - Updating Testing's location.
180342 - Processing radiation damage...
180345 - Updating Testing's location.
180350 - Updating Testing's location.
180355 - Updating Testing's location.
180400 - Updating Testing's location.
180405 - Updating Testing's location.
180410 - Updating Testing's location.
180415 - Updating Testing's location.
180420 - Updating Testing's location.
180425 - Updating Testing's location.
180430 - Updating Testing's location.
180435 - Updating Testing's location.
180459 - Starting services...
180459 - ...Started.
180459 - Processing health regeneration...
180459 - Processing radiation damage...
180500 - Verifying ID A7DE11DB45428B1C159D0D9A915C38D9C6C95A98551CBF449D8311A3AB2134D1.
180500 - Updating Testing's location.
180500 - Performed multiaccounting check for Testing
180510 - Verifying ID A7DE11DB45428B1C159D0D9A915C38D9C6C95A98551CBF449D8311A3AB2134D1.
180515 - Updating Testing's location.
180520 - Updating Testing's location.
180525 - Updating Testing's location.
180528 - Testing is attempting to launch a missile...
180528 - Creating a missile launch.
180528 - (Event) Testing launched Minuteman-III missile.
180530 - Updating Testing's location.
180534 - A missile exploded.
180534 - Creating radiation.
180535 - Updating Testing's location.
180540 - Updating Testing's location.
180545 - Updating Testing's location.
180550 - Updating Testing's location.
180555 - Updating Testing's location.
180638 - Verifying ID A7DE11DB45428B1C159D0D9A915C38D9C6C95A98551CBF449D8311A3AB2134D1.
180639 - Updating Testing's location.
180643 - Updating Testing's location.
180647 - Testing is attempting to purchase missiles...
180647 - (Event) Testing acquired missiles.
180648 - Updating Testing's location.
180653 - Updating Testing's location.
180658 - Updating Testing's location.
180703 - Updating Testing's location.
180708 - Updating Testing's location.
180753 - Verifying ID A7DE11DB45428B1C159D0D9A915C38D9C6C95A98551CBF449D8311A3AB2134D1.
180753 - Updating Testing's location.
180757 - Testing is attempting to sell a missile...
180757 - (Event) Testing sold a missile.
180758 - Updating Testing's location.
180759 - Testing is attempting to sell a missile...
180759 - (Event) Testing sold a missile.
180803 - Updating Testing's location.
180808 - Updating Testing's location.
180810 - Testing is attempting to purchase missiles...
180810 - (Event) Testing acquired missiles.
180813 - Updating Testing's location.
180818 - Updating Testing's location.
180823 - Updating Testing's location.
180827 - Testing is attempting to purchase missiles...
180827 - (Event) Testing acquired missiles.
180828 - Updating Testing's location.
180831 - Test1 charged for online ore mine.
180831 - Processing radiation damage...
180831 - Processing radiation damage...
180831 - Processing health regeneration...
180831 - Testing charged for online missile site.
180831 - Processing radiation damage...
180831 - Processing radiation damage...
180831 - Processing health regeneration...
180831 - Processing radiation damage...
180831 - Creating a loot.
180831 - Processing radiation damage...
180831 - Processing radiation damage...
180831 - Processing health regeneration...
180831 - Processing radiation damage...
180831 - Processing radiation damage...
180831 - Processing health regeneration...
180831 - Processing radiation damage...
180831 - Test1 charged for online ore mine.
180831 - Processing radiation damage...
180831 - Processing radiation damage...
180831 - Processing health regeneration...
180831 - Testing charged for online missile site.
180831 - Processing radiation damage...
180831 - Processing radiation damage...
180841 - Verifying ID A7DE11DB45428B1C159D0D9A915C38D9C6C95A98551CBF449D8311A3AB2134D1.
180841 - Updating Testing's location.
180846 - Updating Testing's location.
180851 - Updating Testing's location.
180856 - Updating Testing's location.
180901 - Updating Testing's location.
180902 - Testing is attempting to launch a player missile...
180902 - Creating a missile launch.
180902 - (Event) Testing launched Kalibr-M missile.
180906 - Updating Testing's location.
180911 - Updating Testing's location.
180916 - Updating Testing's location.
180921 - Updating Testing's location.
180922 - Testing is attempting to launch a player missile...
180922 - Creating a missile launch.
180922 - (Event) Testing launched Brahmos-II missile.
180926 - Updating Testing's location.
180931 - Updating Testing's location.
180936 - Updating Testing's location.
180941 - Updating Testing's location.
180941 - Testing is attempting to launch a player missile...
180941 - Creating a missile launch.
180941 - (Event) Testing launched Jericho II missile.
180946 - Updating Testing's location.
180947 - Testing is attempting to launch a missile...
180947 - Creating a missile launch.
180947 - (Event) Testing launched Minuteman-III missile.
180951 - Updating Testing's location.
181139 - Processing health regeneration...
181139 - Processing radiation damage...
181156 - A missile exploded.
181202 - A missile exploded.
181202 - Creating radiation.
181457 - A missile exploded.
181600 - Creating a loot.
181739 - Processing radiation damage...
181959 - Verifying ID A7DE11DB45428B1C159D0D9A915C38D9C6C95A98551CBF449D8311A3AB2134D1.
182000 - Updating Testing's location.
182004 - Updating Testing's location.
182009 - Updating Testing's location.
182014 - Testing is attempting to purchase missiles...
182014 - (Event) Testing acquired missiles.
182014 - Updating Testing's location.
182019 - Updating Testing's location.
182020 - Processing radiation damage...
182020 - A missile exploded.
182020 - Processing health regeneration...
182020 - Processing radiation damage...
182020 - Processing radiation damage...
182020 - Saving game.
182020 - Processing health regeneration...
182020 - Processing radiation damage...
182020 - Test1 charged for online ore mine.
182020 - Processing radiation damage...
182020 - Processing radiation damage...
182020 - Processing health regeneration...
182020 - Testing charged for online missile site.
182020 - Processing radiation damage...
182020 - Processing radiation damage...
182020 - Processing health regeneration...
182020 - Processing radiation damage...
182020 - Creating a loot.
182020 - Processing radiation damage...
182020 - Processing radiation damage...
182020 - Processing health regeneration...
182020 - Processing radiation damage...
182020 - Processing radiation damage...
182020 - Processing health regeneration...
182020 - Processing radiation damage...
182032 - Verifying ID A7DE11DB45428B1C159D0D9A915C38D9C6C95A98551CBF449D8311A3AB2134D1.
182032 - Updating Testing's location.
182037 - Updating Testing's location.
182042 - Updating Testing's location.
182047 - Updating Testing's location.
182052 - Updating Testing's location.
182053 - Testing is attempting to launch a player missile...
182053 - Creating a missile launch.
182053 - (Event) Testing launched V2 Rocket missile.
182057 - Updating Testing's location.
182102 - Updating Testing's location.
182107 - Updating Testing's location.
182111 - Testing is attempting to launch a player missile...
182111 - Creating a missile launch.
182111 - (Event) Testing launched V2 Rocket missile.
182112 - Updating Testing's location.
182117 - Updating Testing's location.
182122 - Updating Testing's location.
182127 - Updating Testing's location.
182132 - Updating Testing's location.
182135 - A missile exploded.
182137 - Updating Testing's location.
182141 - Testing is attempting to launch a player missile...
182141 - Creating a missile launch.
182141 - (Event) Testing launched V2 Rocket missile.
182142 - Updating Testing's location.
182154 - A missile exploded.
182224 - A missile exploded.
182243 - Test1 charged for online ore mine.
182419 - Processing radiation damage...
183019 - Processing radiation damage...
183319 - Processing health regeneration...
183550 - Testing charged for online missile site.
183619 - Processing radiation damage...
184219 - Processing radiation damage...
184602 - Verifying ID A7DE11DB45428B1C159D0D9A915C38D9C6C95A98551CBF449D8311A3AB2134D1.
184819 - Processing health regeneration...
184819 - Processing radiation damage...
185241 - Creating a loot.
185420 - Processing radiation damage...
190000 - It's a new hour!
190000 - Performing wealth generation...
190001 - Test1 gets nothing.
190001 - Testing gets nothing.
190019 - Processing radiation damage...
190114 - Verifying ID A7DE11DB45428B1C159D0D9A915C38D9C6C95A98551CBF449D8311A3AB2134D1.
190320 - Processing health regeneration...
190619 - Processing radiation damage...
191219 - Processing radiation damage...
191818 - Saving game.
191819 - Processing health regeneration...
191820 - Processing radiation damage...
192102 - Verifying ID A7DE11DB45428B1C159D0D9A915C38D9C6C95A98551CBF449D8311A3AB2134D1.
192103 - Verifying ID A7DE11DB45428B1C159D0D9A915C38D9C6C95A98551CBF449D8311A3AB2134D1.
192243 - Test1 charged for online ore mine.
192419 - Processing radiation damage...
193019 - Processing radiation damage...
193319 - Processing health regeneration...
193550 - Testing charged for online missile site.
193619 - Processing radiation damage...
193945 - Verifying ID A7DE11DB45428B1C159D0D9A915C38D9C6C95A98551CBF449D8311A3AB2134D1.
193947 - Verifying ID A7DE11DB45428B1C159D0D9A915C38D9C6C95A98551CBF449D8311A3AB2134D1.
193947 - Updating Testing's location.
193952 - Updating Testing's location.
193957 - Updating Testing's location.
194002 - Updating Testing's location.
194004 - Testing is attempting to purchase missiles...
194004 - (Event) Testing acquired missiles.
194007 - Updating Testing's location.
194012 - Updating Testing's location.
194017 - Updating Testing's location.
194022 - Updating Testing's location.
194027 - Updating Testing's location.
194032 - Updating Testing's location.
194037 - Updating Testing's location.
194042 - Updating Testing's location.
194047 - Updating Testing's location.
194049 - Testing is attempting to purchase missiles...
194049 - (Event) Testing acquired missiles.
194052 - Updating Testing's location.
194057 - Updating Testing's location.
194102 - Updating Testing's location.
194103 - Processing radiation damage...
194103 - Processing health regeneration...
194103 - Processing radiation damage...
194103 - Creating a loot.
194103 - Processing radiation damage...
194103 - Processing radiation damage...
194103 - Processing health regeneration...
194103 - Processing radiation damage...
194104 - Processing radiation damage...
194104 - Processing health regeneration...
194104 - Processing radiation damage...
194104 - Test1 charged for online ore mine.
194104 - Processing radiation damage...
194104 - Processing radiation damage...
194104 - Processing health regeneration...
194104 - Testing charged for online missile site.
194104 - Processing radiation damage...
194104 - Processing radiation damage...
194104 - Processing health regeneration...
194104 - Processing radiation damage...
194104 - Creating a loot.
194104 - Processing radiation damage...
194104 - Processing radiation damage...
194104 - Processing health regeneration...
194115 - Verifying ID A7DE11DB45428B1C159D0D9A915C38D9C6C95A98551CBF449D8311A3AB2134D1.
194115 - Updating Testing's location.
194120 - Updating Testing's location.
194125 - Updating Testing's location.
194130 - Updating Testing's location.
194131 - Testing is attempting to launch a missile...
194131 - Creating a missile launch.
194131 - (Event) Testing launched DF-5 missile.
194135 - Updating Testing's location.
194140 - Updating Testing's location.
194145 - Updating Testing's location.
194150 - Updating Testing's location.
194155 - Updating Testing's location.
194200 - Updating Testing's location.
194205 - Updating Testing's location.
194210 - Updating Testing's location.
194211 - Testing is attempting to launch a player missile...
194211 - Creating a missile launch.
194211 - (Event) Testing launched Brahmos-II missile.
194215 - Updating Testing's location.
194220 - Updating Testing's location.
194225 - Updating Testing's location.
194228 - Testing is attempting to launch a player missile...
194228 - Creating a missile launch.
194228 - (Event) Testing launched V2 Rocket missile.
194230 - Updating Testing's location.
194235 - Updating Testing's location.
194240 - Updating Testing's location.
194245 - Updating Testing's location.
194249 - Testing is attempting to launch a player missile...
194249 - Creating a missile launch.
194249 - (Event) Testing launched Kalibr-M missile.
194250 - Updating Testing's location.
194255 - Updating Testing's location.
194259 - Processing radiation damage...
194300 - Updating Testing's location.
194305 - Updating Testing's location.
194310 - Updating Testing's location.
194315 - Updating Testing's location.
194320 - Updating Testing's location.
194325 - Updating Testing's location.
194330 - Updating Testing's location.
194335 - Updating Testing's location.
194340 - Updating Testing's location.
194345 - Updating Testing's location.
194350 - Updating Testing's location.
194355 - Updating Testing's location.
194400 - Updating Testing's location.
194405 - Updating Testing's location.
194410 - Updating Testing's location.
194415 - Updating Testing's location.
194420 - Updating Testing's location.
194425 - Updating Testing's location.
194430 - Updating Testing's location.
194435 - Updating Testing's location.
194440 - Updating Testing's location.
194445 - Updating Testing's location.
194450 - Updating Testing's location.
194455 - Updating Testing's location.
194500 - Updating Testing's location.
194505 - Updating Testing's location.
194510 - Updating Testing's location.
194515 - Updating Testing's location.
194520 - Updating Testing's location.
194525 - Updating Testing's location.
194530 - Updating Testing's location.
194535 - Updating Testing's location.
194540 - Updating Testing's location.
194544 - A missile exploded.
194545 - Updating Testing's location.
194550 - Updating Testing's location.
194555 - Updating Testing's location.
194600 - Updating Testing's location.
194605 - Updating Testing's location.
194610 - Updating Testing's location.
194615 - Updating Testing's location.
194620 - Updating Testing's location.
194625 - Updating Testing's location.
194630 - Updating Testing's location.
194635 - Updating Testing's location.
194640 - Updating Testing's location.
194645 - Updating Testing's location.
194650 - Updating Testing's location.
194655 - Updating Testing's location.
194700 - Updating Testing's location.
194705 - Updating Testing's location.
194708 - A missile exploded.
194710 - Updating Testing's location.
194715 - Updating Testing's location.
194720 - Updating Testing's location.
194725 - Updating Testing's location.
194730 - Updating Testing's location.
194735 - Updating Testing's location.
194740 - Updating Testing's location.
194745 - Updating Testing's location.
194750 - Updating Testing's location.
194755 - Updating Testing's location.
194800 - Updating Testing's location.
194805 - Updating Testing's location.
194810 - Updating Testing's location.
194815 - Updating Testing's location.
194820 - Updating Testing's location.
194825 - Updating Testing's location.
194830 - Updating Testing's location.
194835 - Updating Testing's location.
194840 - Updating Testing's location.
194845 - Updating Testing's location.
194845 - A missile exploded.
194845 - Creating radiation.
194850 - Updating Testing's location.
194855 - Updating Testing's location.
194900 - Processing radiation damage...
194900 - Updating Testing's location.
194905 - Updating Testing's location.
194910 - Updating Testing's location.
194915 - Updating Testing's location.
194920 - Updating Testing's location.
194925 - Updating Testing's location.
194930 - Updating Testing's location.
194935 - Updating Testing's location.
194940 - Updating Testing's location.
194945 - Updating Testing's location.
194950 - Updating Testing's location.
194955 - Updating Testing's location.
195000 - Updating Testing's location.
195005 - Updating Testing's location.
195010 - Updating Testing's location.
195015 - Updating Testing's location.
195020 - Updating Testing's location.
195025 - Updating Testing's location.
195030 - Updating Testing's location.
195035 - Updating Testing's location.
195040 - Updating Testing's location.
195045 - Updating Testing's location.
195050 - Updating Testing's location.
195055 - Updating Testing's location.
195100 - Updating Testing's location.
195105 - Updating Testing's location.
195110 - Updating Testing's location.
195115 - Updating Testing's location.
195120 - Updating Testing's location.
195125 - Updating Testing's location.
195130 - Updating Testing's location.
195135 - Updating Testing's location.
195140 - Updating Testing's location.
195145 - Updating Testing's location.
195150 - Updating Testing's location.
195155 - Updating Testing's location.
195200 - Updating Testing's location.
195205 - Updating Testing's location.
195210 - Updating Testing's location.
195215 - Updating Testing's location.
195220 - Updating Testing's location.
195225 - Updating Testing's location.
195230 - Updating Testing's location.
195235 - Updating Testing's location.
195240 - Updating Testing's location.
195245 - Updating Testing's location.
195250 - Updating Testing's location.
195255 - Updating Testing's location.
195300 - Updating Testing's location.
195305 - Updating Testing's location.
195310 - Updating Testing's location.
195315 - Updating Testing's location.
195320 - Updating Testing's location.
195325 - Updating Testing's location.
195330 - Updating Testing's location.
195335 - Updating Testing's location.
195340 - Updating Testing's location.
195345 - Updating Testing's location.
195350 - Updating Testing's location.
195355 - Updating Testing's location.
195400 - Updating Testing's location.
195405 - Updating Testing's location.
195410 - Updating Testing's location.
195415 - Updating Testing's location.
195420 - Updating Testing's location.
195425 - Updating Testing's location.
195430 - Updating Testing's location.
195435 - Updating Testing's location.
195440 - Updating Testing's location.
195445 - Updating Testing's location.
195450 - Updating Testing's location.
195455 - Updating Testing's location.
195458 - Saving game.
195459 - Processing health regeneration...
195459 - Processing radiation damage...
195500 - Updating Testing's location.
195505 - Updating Testing's location.
195510 - Updating Testing's location.
195515 - Updating Testing's location.
195520 - Updating Testing's location.
195525 - Updating Testing's location.
195530 - Updating Testing's location.
195535 - Updating Testing's location.
195540 - Updating Testing's location.
195545 - Updating Testing's location.
195550 - Updating Testing's location.
195555 - Updating Testing's location.
195600 - Updating Testing's location.
195605 - Updating Testing's location.
195610 - Updating Testing's location.
195615 - Updating Testing's location.
195620 - Updating Testing's location.
195625 - Updating Testing's location.
195630 - Updating Testing's location.
195635 - Updating Testing's location.
195640 - Updating Testing's location.
195645 - Updating Testing's location.
195650 - Updating Testing's location.
195655 - Updating Testing's location.
195700 - Updating Testing's location.
195705 - Updating Testing's location.
195710 - Updating Testing's location.
195715 - Updating Testing's location.
195720 - Updating Testing's location.
195725 - Updating Testing's location.
205623 - It's a new hour!
205624 - Performing wealth generation...
205625 - Test1 gets nothing.
205626 - Testing gets nothing.
205626 - It's a new day!
205626 - Processing end of day events...
205626 - Test1 charged for online ore mine.
205626 - Processing radiation damage...
205626 - Processing radiation damage...
205626 - Processing health regeneration...
205626 - Testing charged for online missile site.
205626 - Processing radiation damage...
205626 - Processing radiation damage...
205626 - Processing health regeneration...
205626 - Processing radiation damage...
205626 - Creating a loot.
205626 - Processing radiation damage...
205626 - Processing radiation damage...
205626 - Processing health regeneration...
205626 - A missile exploded.
205626 - Processing radiation damage...
205626 - Processing radiation damage...
205626 - Processing health regeneration...
205626 - Processing radiation damage...
205923 - Test1 charged for online ore mine.
210000 - It's a new hour!
210000 - Performing wealth generation...
210000 - Test1 gets nothing.
210000 - Testing gets nothing.
210059 - Processing radiation damage...
210659 - Processing radiation damage...
210959 - Processing health regeneration...
211101 - Verifying ID A7DE11DB45428B1C159D0D9A915C38D9C6C95A98551CBF449D8311A3AB2134D1.
211101 - Updating Testing's location.
211101 - Performed multiaccounting check for Testing
211102 - Verifying ID A7DE11DB45428B1C159D0D9A915C38D9C6C95A98551CBF449D8311A3AB2134D1.
211106 - Updating Testing's location.
211111 - Updating Testing's location.
211116 - Updating Testing's location.
211121 - Updating Testing's location.
211126 - Updating Testing's location.
211131 - Updating Testing's location.
211136 - Updating Testing's location.
211141 - Updating Testing's location.
211146 - Updating Testing's location.
211151 - Updating Testing's location.
211156 - Verifying ID A7DE11DB45428B1C159D0D9A915C38D9C6C95A98551CBF449D8311A3AB2134D1.
211156 - Updating Testing's location.
211156 - Verifying ID A7DE11DB45428B1C159D0D9A915C38D9C6C95A98551CBF449D8311A3AB2134D1.
211201 - Verifying ID A7DE11DB45428B1C159D0D9A915C38D9C6C95A98551CBF449D8311A3AB2134D1.
211201 - Updating Testing's location.
211201 - Verifying ID A7DE11DB45428B1C159D0D9A915C38D9C6C95A98551CBF449D8311A3AB2134D1.
211230 - Testing charged for online missile site.
211259 - Processing radiation damage...
211859 - Processing radiation damage...
212459 - Processing health regeneration...
212459 - Processing radiation damage...
212920 - Creating a loot.
213059 - Processing radiation damage...
213659 - Processing radiation damage...
213959 - Processing health regeneration...
214259 - Processing radiation damage...
214859 - Processing radiation damage...
215458 - Saving game.
215459 - Processing health regeneration...
215459 - Processing radiation damage...
215923 - Test1 charged for online ore mine.
220000 - It's a new hour!
220000 - Performing wealth generation...
220000 - Test1 gets nothing.
220000 - Testing gets nothing.
220059 - Processing radiation damage...
220659 - Processing radiation damage...
220959 - Processing health regeneration...
221230 - Testing charged for online missile site.
221259 - Processing radiation damage...
221859 - Processing radiation damage...
222336 - Verifying ID A7DE11DB45428B1C159D0D9A915C38D9C6C95A98551CBF449D8311A3AB2134D1.
222339 - Verifying ID A7DE11DB45428B1C159D0D9A915C38D9C6C95A98551CBF449D8311A3AB2134D1.
222459 - Processing health regeneration...
222459 - Processing radiation damage...
222920 - Creating a loot.
223059 - Processing radiation damage...
223659 - Processing radiation damage...
223959 - Processing health regeneration...
234251 - It's a new hour!
234251 - Performing wealth generation...
234251 - Test1 gets nothing.
234251 - Testing gets nothing.
234251 - Processing radiation damage...
234252 - Processing radiation damage...
234252 - Processing health regeneration...
234252 - Processing radiation damage...
234252 - Test1 charged for online ore mine.
234252 - Processing radiation damage...
234252 - Processing radiation damage...
234252 - Processing health regeneration...
234252 - Testing charged for online missile site.
234252 - Processing radiation damage...
234252 - Processing radiation damage...
234252 - Processing health regeneration...
234252 - Processing radiation damage...
234252 - Creating a loot.
234252 - Processing radiation damage...
234252 - Processing radiation damage...
234252 - Processing health regeneration...
234259 - Processing radiation damage...
234445 - Starting services...
234445 - Processing health regeneration...
234445 - ...Started.
234445 - Processing radiation damage...
234504 - Verifying ID A7DE11DB45428B1C159D0D9A915C38D9C6C95A98551CBF449D8311A3AB2134D1.
234509 - Updating Testing's location.
234509 - Performed multiaccounting check for Testing
234514 - Updating Testing's location.
234516 - Testing is attempting to set missile site 0 offline...
234516 - ...Taken offline.
234519 - Updating Testing's location.
234524 - Updating Testing's location.
234529 - Updating Testing's location.
234534 - Updating Testing's location.
234539 - Updating Testing's location.
234544 - Updating Testing's location.
234549 - Updating Testing's location.
234554 - Updating Testing's location.
234559 - Updating Testing's location.
234604 - Updating Testing's location.
234609 - Updating Testing's location.
234614 - Updating Testing's location.
234619 - Updating Testing's location.
234624 - Updating Testing's location.
234629 - Updating Testing's location.
234634 - Updating Testing's location.
234639 - Updating Testing's location.
234644 - Updating Testing's location.
234649 - Updating Testing's location.
234654 - Updating Testing's location.
234659 - Updating Testing's location.
234704 - Updating Testing's location.
234709 - Updating Testing's location.
234714 - Updating Testing's location.
234719 - Updating Testing's location.
234724 - Updating Testing's location.
234729 - Updating Testing's location.
234734 - Updating Testing's location.
234739 - Updating Testing's location.
234744 - Updating Testing's location.
234749 - Updating Testing's location.
234754 - Updating Testing's location.
234759 - Updating Testing's location.
234804 - Updating Testing's location.
234809 - Updating Testing's location.
234814 - Updating Testing's location.
234819 - Updating Testing's location.
234824 - Updating Testing's location.
234829 - Updating Testing's location.
234834 - Updating Testing's location.
234839 - Updating Testing's location.
234844 - Updating Testing's location.
234849 - Updating Testing's location.
234854 - Updating Testing's location.
234859 - Updating Testing's location.
234904 - Updating Testing's location.
234909 - Test1 charged for online ore mine.
234909 - Updating Testing's location.
234914 - Updating Testing's location.
234919 - Updating Testing's location.
234924 - Updating Testing's location.
234929 - Updating Testing's location.
234934 - Updating Testing's location.
234939 - Updating Testing's location.
234944 - Updating Testing's location.
234949 - Updating Testing's location.
234954 - Updating Testing's location.
234959 - Updating Testing's location.
235004 - Updating Testing's location.
235009 - Updating Testing's location.
235014 - Updating Testing's location.
235019 - Updating Testing's location.
235024 - Updating Testing's location.
235029 - Updating Testing's location.
235034 - Updating Testing's location.
235039 - Updating Testing's location.
235044 - Updating Testing's location.
235045 - Processing radiation damage...
235049 - Updating Testing's location.
235054 - Updating Testing's location.
235059 - Updating Testing's location.
235104 - Updating Testing's location.
235109 - Updating Testing's location.
235114 - Updating Testing's location.
235119 - Updating Testing's location.
235124 - Updating Testing's location.
235129 - Updating Testing's location.
235134 - Updating Testing's location.
235139 - Updating Testing's location.
235144 - Updating Testing's location.
235149 - Updating Testing's location.
235154 - Updating Testing's location.
235159 - Updating Testing's location.
235204 - Updating Testing's location.
235209 - Updating Testing's location.
235214 - Updating Testing's location.
235219 - Updating Testing's location.
235224 - Updating Testing's location.
235229 - Updating Testing's location.
235234 - Updating Testing's location.
235239 - Updating Testing's location.
235244 - Updating Testing's location.
235249 - Updating Testing's location.
235254 - Updating Testing's location.
235259 - Updating Testing's location.
235304 - Updating Testing's location.
235309 - Updating Testing's location.
235314 - Updating Testing's location.
235319 - Updating Testing's location.
235324 - Updating Testing's location.
235329 - Updating Testing's location.
235334 - Updating Testing's location.
235339 - Updating Testing's location.
235344 - Updating Testing's location.
235349 - Updating Testing's location.
235354 - Updating Testing's location.
235359 - Updating Testing's location.
235404 - Updating Testing's location.
235409 - Updating Testing's location.
235414 - Updating Testing's location.
235419 - Updating Testing's location.
235424 - Updating Testing's location.
235429 - Updating Testing's location.
235434 - Updating Testing's location.
235439 - Updating Testing's location.
235444 - Updating Testing's location.
235449 - Updating Testing's location.
235454 - Updating Testing's location.
235459 - Updating Testing's location.
235504 - Updating Testing's location.
235509 - Updating Testing's location.
235514 - Updating Testing's location.
235519 - Updating Testing's location.
235524 - Updating Testing's location.
235529 - Updating Testing's location.
235534 - Updating Testing's location.
235539 - Updating Testing's location.
235544 - Updating Testing's location.
235549 - Updating Testing's location.
235605 - Verifying ID 4F540EC7C56161C21C58089313278C1B4FCE3FFD773D5424489BB8DDB17B8D2B.
235605 - Verifying ID 4F540EC7C56161C21C58089313278C1B4FCE3FFD773D5424489BB8DDB17B8D2B.
235644 - Verifying ID A7DE11DB45428B1C159D0D9A915C38D9C6C95A98551CBF449D8311A3AB2134D1.
235645 - Processing radiation damage...
235645 - Updating Testing's location.
235649 - Testing is attempting to set missile site 0 online...
235649 - ...Brought online.
235650 - Updating Testing's location.
235654 - Updating Testing's location.
235700 - Updating Testing's location.
235705 - Updating Testing's location.
235709 - Updating Testing's location.
235714 - Updating Testing's location.
235719 - Updating Testing's location.
235725 - Updating Testing's location.
235729 - Updating Testing's location.
235735 - Updating Testing's location.
235739 - Updating Testing's location.
235744 - Updating Testing's location.
235749 - Updating Testing's location.
235755 - Updating Testing's location.
235800 - Updating Testing's location.
235805 - Updating Testing's location.
235809 - Updating Testing's location.
235814 - Updating Testing's location.
235816 - Testing is attempting to purchase missiles...
235816 - (Event) Testing acquired missiles.
235819 - Updating Testing's location.
235825 - Updating Testing's location.
235826 - Testing is attempting to upgrade player missile reload time...
235826 - (Event) Testing upgraded missile system reload time.
235827 - Testing is attempting to upgrade player missile reload time...
235827 - (Event) Testing upgraded missile system reload time.
235828 - Testing is attempting to upgrade player missile reload time...
235828 - (Event) Testing upgraded missile system reload time.
235829 - Updating Testing's location.
235830 - Testing is attempting to upgrade player missile slots...
235830 - (Event) Testing upgraded missile slots.
235832 - Testing is attempting to upgrade player missile slots...
235832 - (Event) Testing upgraded missile slots.
235832 - Verifying ID 4F540EC7C56161C21C58089313278C1B4FCE3FFD773D5424489BB8DDB17B8D2B.
235834 - Testing is attempting to upgrade player missile slots...
235834 - (Event) Testing upgraded missile slots.
235835 - Updating Testing's location.
235839 - Updating Testing's location.
235844 - Updating Testing's location.
235848 - Testing is attempting to purchase missiles...
235848 - (Event) Testing acquired missiles.
235849 - Updating Testing's location.
235855 - Updating Testing's location.
235856 - Processing health regeneration...
235856 - Processing radiation damage...
235856 - Processing radiation damage...
235856 - Testing charged for online missile site.
235856 - Processing health regeneration...
235856 - Processing radiation damage...
235856 - Creating a loot.
235856 - Processing radiation damage...
235856 - Processing radiation damage...
235856 - Processing health regeneration...
235856 - Processing radiation damage...
235856 - Processing radiation damage...
235856 - Processing health regeneration...
235856 - Processing radiation damage...
235856 - Test1 charged for online ore mine.
235856 - Processing radiation damage...
235856 - Processing radiation damage...
235856 - Processing health regeneration...
235856 - Processing radiation damage...
235856 - Processing radiation damage...
235856 - Testing charged for online missile site.
235856 - Processing health regeneration...
235856 - Processing radiation damage...
235856 - Creating a loot.
235856 - Processing radiation damage...
235907 - Verifying ID A7DE11DB45428B1C159D0D9A915C38D9C6C95A98551CBF449D8311A3AB2134D1.
235908 - Updating Testing's location.
235913 - Updating Testing's location.
235918 - Updating Testing's location.
235923 - Updating Testing's location.
235928 - Updating Testing's location.
235933 - Updating Testing's location.
235936 - Testing is attempting to launch a player missile...
235936 - Creating a missile launch.
235936 - (Event) Testing launched Jericho II missile.
235938 - Updating Testing's location.
235940 - Testing is attempting to launch a player missile...
235940 - Creating a missile launch.
235940 - (Event) Testing launched Jericho II missile.
235943 - Updating Testing's location.
235944 - Testing is attempting to launch a player missile...
235944 - Creating a missile launch.
235944 - (Event) Testing launched Jericho II missile.
235948 - Testing is attempting to launch a player missile...
235948 - Creating a missile launch.
235948 - (Event) Testing launched Jericho II missile.
235948 - Updating Testing's location.
235951 - Testing is attempting to launch a player missile...
235951 - Creating a missile launch.
235951 - (Event) Testing launched Jericho II missile.
235953 - Updating Testing's location.
235955 - Testing is attempting to launch a player missile...
235955 - Creating a missile launch.
235955 - (Event) Testing launched Jericho II missile.
235958 - Updating Testing's location.
235959 - Testing is attempting to launch a player missile...
235959 - Creating a missile launch.
235959 - (Event) Testing launched Jericho II missile.
