152804 - Firing up Launch server...
152805 - Load error: IO error when loading config from config.xml. Last handled: 
152805 - There were errors when loading the game. Quitting...
152807 - Firing up Launch server...
152808 - Load error: IO error when loading config from config.xml. Last handled: 
152808 - There were errors when loading the game. Quitting...
152809 - Firing up Launch server...
152809 - Load error: IO error when loading config from config.xml. Last handled: 
152809 - There were errors when loading the game. Quitting...
152811 - Firing up Launch server...
152811 - Load error: IO error when loading config from config.xml. Last handled: 
152811 - There were errors when loading the game. Quitting...
152823 - Firing up Launch server...
152823 - Load warning: Unable to get byte root element Variant. Returning default 0.
152823 - Load warning: Unable to get asset ID for MissileType. Returning default.
152823 - Load warning: Unable to get asset ID for MissileType. Returning default.
152823 - Load warning: Unable to get asset ID for MissileType. Returning default.
152823 - Load warning: Unable to get asset ID for MissileType. Returning default.
152823 - Load warning: Unable to get asset ID for MissileType. Returning default.
152823 - Load warning: Unable to get asset ID for MissileType. Returning default.
152823 - Load warning: Unable to get asset ID for MissileType. Returning default.
152823 - Load warning: Unable to get asset ID for MissileType. Returning default.
152823 - Load warning: Unable to get asset ID for MissileType. Returning default.
152823 - Load warning: Unable to get asset ID for MissileType. Returning default.
152823 - Load warning: Unable to get asset ID for InterceptorType. Returning default.
152823 - Load warning: Unable to get asset ID for InterceptorType. Returning default.
152823 - Load warning: Unable to get asset ID for InterceptorType. Returning default.
152823 - Load warning: Unable to get asset ID for InterceptorType. Returning default.
152823 - Load warning: Unable to get asset ID for InterceptorType. Returning default.
152823 - Load warning: Unable to get asset ID for InterceptorType. Returning default.
152823 - Load warning: Unable to get asset ID for InterceptorType. Returning default.
152823 - Load warning: Unable to get asset ID for InterceptorType. Returning default.
152823 - Load warning: Unable to get asset ID for InterceptorType. Returning default.
152823 - Load warning: Unable to get asset ID for InterceptorType. Returning default.
152823 - Loading game...
152825 - Load warning: Unable to get boolean element Proscribed of User.
152825 - Load warning: Unable to get boolean element Proscribed of User.
152825 - Load warning: Unable to get boolean element Proscribed of User.
152825 - Load warning: Unable to get boolean element Proscribed of User.
152825 - Load warning: Unable to get boolean element Proscribed of User.
152825 - Load warning: Unable to get boolean element Proscribed of User.
152825 - Load warning: Unable to get boolean element Proscribed of User.
152825 - Load warning: Unable to get boolean element Proscribed of User.
152825 - Load warning: Unable to get boolean element Proscribed of User.
152825 - Load warning: Unable to get boolean element Proscribed of User.
152825 - Load warning: Unable to get boolean element Proscribed of User.
152825 - Load warning: Unable to get boolean element Proscribed of User.
152825 - Load warning: Unable to get boolean element Proscribed of User.
152825 - Load warning: Unable to get boolean element Proscribed of User.
152825 - Load warning: Unable to get boolean element Proscribed of User.
152825 - Load warning: Unable to get boolean element Proscribed of User.
152826 - Load warning: Unable to get boolean element Proscribed of User.
152826 - Load warning: Unable to get boolean element Proscribed of User.
152826 - Load warning: Unable to get boolean element Proscribed of User.
152826 - Load warning: Unable to get boolean element Proscribed of User.
152826 - Load warning: Unable to get boolean element Proscribed of User.
152826 - Load warning: Unable to get boolean element Proscribed of User.
152826 - Load warning: Unable to get boolean element Proscribed of User.
152826 - Load warning: Unable to get boolean element Proscribed of User.
152826 - Load warning: Unable to get boolean element Proscribed of User.
152826 - Load warning: Unable to get boolean element Proscribed of User.
152826 - Load warning: Unable to get boolean element Proscribed of User.
152826 - Load warning: Unable to get boolean element Proscribed of User.
152826 - Load warning: Unable to get boolean element Proscribed of User.
152826 - Load warning: Unable to get boolean element Proscribed of User.
152826 - Load warning: Unable to get boolean element Proscribed of User.
152826 - Load warning: Unable to get boolean element Proscribed of User.
152826 - Load warning: Unable to get boolean element Proscribed of User.
152826 - Load warning: Unable to get boolean element Proscribed of User.
152826 - Load warning: Unable to get boolean element Proscribed of User.
152826 - Load warning: Unable to get boolean element Proscribed of User.
152826 - Load warning: Unable to get boolean element Proscribed of User.
152826 - Load warning: Unable to get boolean element Proscribed of User.
152826 - Load warning: Unable to get boolean element Proscribed of User.
152826 - Load warning: Unable to get boolean element Proscribed of User.
152826 - Load warning: Unable to get boolean element Proscribed of User.
152826 - Load warning: Unable to get boolean element Proscribed of User.
152826 - Load warning: Unable to get boolean element Proscribed of User.
152826 - Load warning: Unable to get boolean element Proscribed of User.
152826 - Load warning: Unable to get boolean element Proscribed of User.
152826 - Load warning: Unable to get boolean element Proscribed of User.
152826 - Load warning: Unable to get boolean element Proscribed of User.
152826 - Load warning: Unable to get boolean element Proscribed of User.
152826 - Load warning: Unable to get boolean element Proscribed of User.
152826 - Load warning: Unable to get boolean element Proscribed of User.
152826 - Load warning: Unable to get boolean element Proscribed of User.
152826 - Load warning: Unable to get boolean element Proscribed of User.
152826 - Load warning: Unable to get boolean element Proscribed of User.
152826 - Load warning: Unable to get boolean element Proscribed of User.
152826 - Load warning: Unable to get boolean element Proscribed of User.
152826 - Load warning: Unable to get boolean element Proscribed of User.
152826 - Load warning: Unable to get boolean element Proscribed of User.
152826 - Load warning: Unable to get boolean element Proscribed of User.
152826 - Load warning: Unable to get boolean element Proscribed of User.
152826 - Load warning: Unable to get boolean element Proscribed of User.
152826 - Load warning: Unable to get boolean element Proscribed of User.
152826 - Load warning: Unable to get boolean element Proscribed of User.
152826 - Load warning: Unable to get boolean element Proscribed of User.
152827 - Load warning: Unable to get boolean element Proscribed of User.
152827 - Load warning: Unable to get boolean element Proscribed of User.
152827 - Load warning: Unable to get boolean element Proscribed of User.
152827 - Load warning: Unable to get boolean element Proscribed of User.
152827 - Load warning: Unable to get boolean element Proscribed of User.
152827 - Load warning: Unable to get boolean element Proscribed of User.
152827 - Load warning: Unable to get boolean element Proscribed of User.
152827 - Load warning: Unable to get boolean element Proscribed of User.
152827 - Load warning: Unable to get boolean element Proscribed of User.
152827 - Load warning: Unable to get boolean element Proscribed of User.
152827 - Load warning: Unable to get boolean element Proscribed of User.
152827 - Load warning: Unable to get boolean element Proscribed of User.
152827 - Load warning: Unable to get boolean element Proscribed of User.
152827 - Load warning: Unable to get boolean element Proscribed of User.
152827 - Load warning: Unable to get boolean element Proscribed of User.
152827 - Load warning: Unable to get boolean element Proscribed of User.
152827 - Load warning: Unable to get boolean element Proscribed of User.
152827 - Load warning: Unable to get boolean element Proscribed of User.
152827 - Load warning: Unable to get boolean element Proscribed of User.
152827 - Load warning: Unable to get boolean element Proscribed of User.
152827 - Load warning: Unable to get boolean element Proscribed of User.
152827 - Load warning: Unable to get boolean element Proscribed of User.
152827 - Load warning: Unable to get boolean element Proscribed of User.
152827 - Load warning: Unable to get boolean element Proscribed of User.
152827 - Load warning: Unable to get boolean element Proscribed of User.
152827 - Load warning: Unable to get boolean element Proscribed of User.
152827 - Load warning: Unable to get boolean element Proscribed of User.
152827 - Load warning: Unable to get boolean element Proscribed of User.
152827 - Load warning: Unable to get boolean element Proscribed of User.
152827 - Load warning: Unable to get boolean element Proscribed of User.
152827 - Load warning: Unable to get boolean element Proscribed of User.
152827 - Load warning: Unable to get boolean element Proscribed of User.
152827 - Load warning: Unable to get boolean element Proscribed of User.
152827 - Load warning: Unable to get boolean element Proscribed of User.
152827 - Load warning: Unable to get boolean element Proscribed of User.
152827 - Load warning: Unable to get boolean element Proscribed of User.
152827 - Load warning: Unable to get boolean element Proscribed of User.
152827 - Load warning: Unable to get boolean element Proscribed of User.
152827 - Load warning: Unable to get boolean element Proscribed of User.
152827 - Load warning: Unable to get boolean element Proscribed of User.
152827 - Load warning: Unable to get boolean element Proscribed of User.
152827 - Load warning: Unable to get boolean element Proscribed of User.
152827 - Load warning: Unable to get boolean element Proscribed of User.
152827 - Load warning: Unable to get boolean element Proscribed of User.
152827 - Load warning: Unable to get boolean element Proscribed of User.
152827 - Load warning: Unable to get boolean element Proscribed of User.
152827 - Load warning: Unable to get boolean element Proscribed of User.
152827 - Load warning: Unable to get boolean element Proscribed of User.
152827 - Load warning: Unable to get boolean element Proscribed of User.
152827 - Load warning: Unable to get boolean element Proscribed of User.
152827 - Load warning: Unable to get boolean element Proscribed of User.
152827 - Load warning: Unable to get boolean element Proscribed of User.
152827 - Load warning: Unable to get boolean element Proscribed of User.
152827 - Load warning: Unable to get boolean element Proscribed of User.
152827 - Load warning: Unable to get boolean element Proscribed of User.
152827 - Load warning: Unable to get boolean element Proscribed of User.
152827 - Load warning: Unable to get boolean element Proscribed of User.
152827 - Load warning: Unable to get boolean element Proscribed of User.
152827 - Load warning: Unable to get boolean element Proscribed of User.
152828 - Load warning: Unable to get boolean element Proscribed of User.
152828 - Load warning: Unable to get boolean element Proscribed of User.
152828 - Load warning: Unable to get boolean element Proscribed of User.
152828 - Load warning: Unable to get boolean element Proscribed of User.
152828 - Load warning: Unable to get boolean element Proscribed of User.
152828 - Load warning: Unable to get boolean element Proscribed of User.
152828 - Load warning: Unable to get boolean element Proscribed of User.
152828 - Load warning: Unable to get boolean element Proscribed of User.
152828 - Load warning: Unable to get boolean element Proscribed of User.
152828 - Load warning: Unable to get boolean element Proscribed of User.
152828 - Load warning: Unable to get boolean element Proscribed of User.
152828 - Load warning: Unable to get boolean element Proscribed of User.
152828 - Load warning: Unable to get boolean element Proscribed of User.
152828 - Load warning: Unable to get boolean element Proscribed of User.
152828 - Load warning: Unable to get boolean element Proscribed of User.
152828 - Load warning: Unable to get boolean element Proscribed of User.
152828 - Load warning: Unable to get boolean element Proscribed of User.
152828 - Load warning: Unable to get boolean element Proscribed of User.
152828 - Load warning: Unable to get boolean element Proscribed of User.
152828 - Load warning: Unable to get boolean element Proscribed of User.
152828 - Load warning: Unable to get boolean element Proscribed of User.
152828 - Load warning: Unable to get boolean element Proscribed of User.
152828 - Load warning: Unable to get boolean element Proscribed of User.
152828 - Load warning: Unable to get boolean element Proscribed of User.
152828 - Load warning: Unable to get boolean element Proscribed of User.
152828 - Load warning: Unable to get boolean element Proscribed of User.
152828 - Load warning: Unable to get boolean element Proscribed of User.
152828 - Load warning: Unable to get boolean element Proscribed of User.
152828 - Load warning: Unable to get boolean element Proscribed of User.
152828 - Load warning: Unable to get boolean element Proscribed of User.
152828 - Load warning: Unable to get boolean element Proscribed of User.
152828 - Load warning: Unable to get boolean element Proscribed of User.
152828 - Load warning: Unable to get boolean element Proscribed of User.
152828 - Load warning: Unable to get boolean element Proscribed of User.
152828 - Load warning: Unable to get boolean element Proscribed of User.
152828 - Load warning: Unable to get boolean element Proscribed of User.
152828 - Load warning: Unable to get boolean element Proscribed of User.
152828 - Load warning: Unable to get boolean element Proscribed of User.
152828 - Load warning: Unable to get boolean element Proscribed of User.
152828 - Load warning: Unable to get boolean element Proscribed of User.
152828 - Load warning: Unable to get boolean element Proscribed of User.
152828 - Load warning: Unable to get boolean element Proscribed of User.
152828 - Load warning: Unable to get boolean element Proscribed of User.
152828 - Load warning: Unable to get boolean element Proscribed of User.
152828 - Load warning: Unable to get boolean element Proscribed of User.
152828 - Load warning: Unable to get boolean element Proscribed of User.
152828 - Load warning: Unable to get boolean element Proscribed of User.
152828 - Load warning: Unable to get boolean element Proscribed of User.
152828 - Load warning: Unable to get boolean element Proscribed of User.
152828 - Load warning: Unable to get boolean element Proscribed of User.
152828 - Load warning: Unable to get boolean element Proscribed of User.
152828 - Load warning: Unable to get boolean element Proscribed of User.
152828 - Load warning: Unable to get boolean element Proscribed of User.
152828 - Load warning: Unable to get boolean element Proscribed of User.
152828 - Load warning: Unable to get boolean element Proscribed of User.
152828 - Load warning: Unable to get boolean element Proscribed of User.
152828 - Load warning: Unable to get boolean element Proscribed of User.
152828 - Load warning: Unable to get boolean element Proscribed of User.
152828 - Load warning: Unable to get boolean element Proscribed of User.
152828 - Load warning: Unable to get boolean element Proscribed of User.
152828 - Load warning: Unable to get boolean element Proscribed of User.
152828 - Load warning: Unable to get boolean element Proscribed of User.
152828 - Load warning: Unable to get boolean element Proscribed of User.
152828 - Load warning: Unable to get boolean element Proscribed of User.
152828 - Load warning: Unable to get boolean element Proscribed of User.
152828 - Load warning: Unable to get boolean element Proscribed of User.
152828 - Load warning: Unable to get boolean element Proscribed of User.
152828 - Load warning: Unable to get boolean element Proscribed of User.
152828 - Load warning: Unable to get boolean element Proscribed of User.
152829 - Load warning: Unable to get boolean element Proscribed of User.
152829 - Load warning: Unable to get boolean element Proscribed of User.
152829 - Load warning: Unable to get boolean element Proscribed of User.
152829 - Load warning: Unable to get boolean element Proscribed of User.
152829 - Load warning: Unable to get boolean element Proscribed of User.
152829 - Load warning: Unable to get boolean element Proscribed of User.
152829 - Load warning: Unable to get boolean element Proscribed of User.
152829 - Load warning: Unable to get boolean element Proscribed of User.
152829 - Load warning: Unable to get boolean element Proscribed of User.
152829 - Load warning: Unable to get boolean element Proscribed of User.
152829 - Load warning: Unable to get boolean element Proscribed of User.
152829 - Load warning: Unable to get boolean element Proscribed of User.
152829 - Load warning: Unable to get boolean element Proscribed of User.
152829 - Load warning: Unable to get boolean element Proscribed of User.
152829 - Load warning: Unable to get boolean element Proscribed of User.
152829 - Load warning: Unable to get boolean element Proscribed of User.
152829 - Load warning: Unable to get boolean element Proscribed of User.
152829 - Load warning: Unable to get boolean element Proscribed of User.
152829 - Load warning: Unable to get boolean element Proscribed of User.
152829 - Load warning: Unable to get boolean element Proscribed of User.
152829 - Load warning: Unable to get boolean element Proscribed of User.
152829 - Load warning: Unable to get boolean element Proscribed of User.
152829 - Load warning: Unable to get boolean element Proscribed of User.
152829 - Load warning: Unable to get boolean element Proscribed of User.
152829 - Load warning: Unable to get boolean element Proscribed of User.
152829 - Load warning: Unable to get boolean element Proscribed of User.
152829 - Load warning: Unable to get boolean element Proscribed of User.
152829 - Load warning: Unable to get boolean element Proscribed of User.
152829 - Load warning: Unable to get boolean element Proscribed of User.
152829 - Load warning: Unable to get boolean element Proscribed of User.
152829 - Load warning: Unable to get boolean element Proscribed of User.
152829 - Load warning: Unable to get boolean element Proscribed of User.
152829 - Load warning: Unable to get boolean element Proscribed of User.
152829 - Load warning: Unable to get boolean element Proscribed of User.
152829 - Load warning: Unable to get boolean element Proscribed of User.
152829 - Load warning: Unable to get boolean element Proscribed of User.
152829 - Load warning: Unable to get boolean element Proscribed of User.
152829 - Load warning: Unable to get boolean element Proscribed of User.
152829 - Load warning: Unable to get boolean element Proscribed of User.
152829 - Load warning: Unable to get boolean element Proscribed of User.
152829 - Load warning: Unable to get boolean element Proscribed of User.
152829 - Load warning: Unable to get boolean element Proscribed of User.
152829 - Load warning: Unable to get boolean element Proscribed of User.
152829 - Load warning: Unable to get boolean element Proscribed of User.
152829 - Load warning: Unable to get boolean element Proscribed of User.
152829 - Load warning: Unable to get boolean element Proscribed of User.
152829 - Load warning: Unable to get boolean element Proscribed of User.
152829 - Load warning: Unable to get boolean element Proscribed of User.
152829 - Load warning: Unable to get boolean element Proscribed of User.
152829 - Load warning: Unable to get boolean element Proscribed of User.
152829 - Load warning: Unable to get boolean element Proscribed of User.
152829 - Load warning: Unable to get boolean element Proscribed of User.
152829 - Load warning: Unable to get boolean element Proscribed of User.
152829 - Load warning: Unable to get boolean element Proscribed of User.
152829 - Load warning: Unable to get boolean element Proscribed of User.
152829 - Load warning: Unable to get boolean element Proscribed of User.
152829 - Load warning: Unable to get boolean element Proscribed of User.
152829 - Load warning: Unable to get boolean element Proscribed of User.
152829 - Load warning: Unable to get boolean element Proscribed of User.
152829 - Load warning: Unable to get boolean element Proscribed of User.
152829 - Load warning: Unable to get boolean element Proscribed of User.
152829 - Load warning: Unable to get boolean element Proscribed of User.
152829 - Load warning: Unable to get boolean element Proscribed of User.
152829 - Load warning: Unable to get boolean element Proscribed of User.
152829 - Load warning: Unable to get boolean element Proscribed of User.
152829 - Load warning: Unable to get boolean element Proscribed of User.
152829 - Load warning: Unable to get boolean element Proscribed of User.
152829 - Load warning: Unable to get boolean element Proscribed of User.
152830 - Load warning: Unable to get boolean element Proscribed of User.
152830 - Load warning: Unable to get boolean element Proscribed of User.
152830 - Load warning: Unable to get boolean element Proscribed of User.
152830 - Load warning: Unable to get boolean element Proscribed of User.
152830 - Load warning: Unable to get boolean element Proscribed of User.
152830 - Load warning: Unable to get boolean element Proscribed of User.
152830 - Load warning: Unable to get boolean element Proscribed of User.
152830 - Load warning: Unable to get boolean element Proscribed of User.
152830 - Load warning: Unable to get boolean element Proscribed of User.
152830 - Load warning: Unable to get boolean element Proscribed of User.
152830 - Load warning: Unable to get boolean element Proscribed of User.
152830 - Load warning: Unable to get boolean element Proscribed of User.
152830 - Load warning: Unable to get boolean element Proscribed of User.
152830 - Load warning: Unable to get boolean element Proscribed of User.
152830 - Load warning: Unable to get boolean element Proscribed of User.
152830 - Load warning: Unable to get boolean element Proscribed of User.
152830 - Load warning: Unable to get boolean element Proscribed of User.
152830 - Load warning: Unable to get boolean element Proscribed of User.
152830 - Load warning: Unable to get boolean element Proscribed of User.
152830 - Load warning: Unable to get boolean element Proscribed of User.
152830 - Load warning: Unable to get boolean element Proscribed of User.
152830 - Load warning: Unable to get boolean element Proscribed of User.
152830 - Load warning: Unable to get boolean element Proscribed of User.
152830 - Load warning: Unable to get boolean element Proscribed of User.
152830 - Load warning: Unable to get boolean element Proscribed of User.
152830 - Load warning: Unable to get boolean element Proscribed of User.
152830 - Load warning: Unable to get boolean element Proscribed of User.
152830 - Load warning: Unable to get boolean element Proscribed of User.
152830 - Load warning: Unable to get boolean element Proscribed of User.
152830 - Load warning: Unable to get boolean element Proscribed of User.
152830 - Load warning: Unable to get boolean element Proscribed of User.
152830 - Load warning: Unable to get boolean element Proscribed of User.
152830 - Load warning: Unable to get boolean element Proscribed of User.
152830 - Load warning: Unable to get boolean element Proscribed of User.
152830 - Load warning: Unable to get boolean element Proscribed of User.
152830 - Load warning: Unable to get boolean element Proscribed of User.
152830 - Load warning: Unable to get boolean element Proscribed of User.
152830 - Load warning: Unable to get boolean element Proscribed of User.
152830 - Load warning: Unable to get boolean element Proscribed of User.
152830 - Load warning: Unable to get boolean element Proscribed of User.
152830 - Load warning: Unable to get boolean element Proscribed of User.
152830 - Load warning: Unable to get boolean element Proscribed of User.
152830 - Load warning: Unable to get boolean element Proscribed of User.
152830 - Load warning: Unable to get boolean element Proscribed of User.
152830 - Load warning: Unable to get boolean element Proscribed of User.
152830 - Load warning: Unable to get boolean element Proscribed of User.
152830 - Load warning: Unable to get boolean element Proscribed of User.
152830 - Load warning: Unable to get boolean element Proscribed of User.
152830 - Load warning: Unable to get boolean element Proscribed of User.
152830 - Load warning: Unable to get boolean element Proscribed of User.
152830 - Load warning: Unable to get boolean element Proscribed of User.
152830 - Load warning: Unable to get boolean element Proscribed of User.
152830 - Load warning: Unable to get boolean element Proscribed of User.
152830 - Load warning: Unable to get boolean element Proscribed of User.
152830 - Load warning: Unable to get boolean element Proscribed of User.
152830 - Load warning: Unable to get boolean element Proscribed of User.
152830 - Load warning: Unable to get boolean element Proscribed of User.
152830 - Load warning: Unable to get boolean element Proscribed of User.
152830 - Load warning: Unable to get boolean element Proscribed of User.
152830 - Load warning: Unable to get boolean element Proscribed of User.
152830 - Load warning: Unable to get boolean element Proscribed of User.
152830 - Load warning: Unable to get boolean element Proscribed of User.
152830 - Load warning: Unable to get boolean element Proscribed of User.
152830 - Load warning: Unable to get boolean element Proscribed of User.
152830 - Load warning: Unable to get boolean element Proscribed of User.
152830 - Load warning: Unable to get boolean element Proscribed of User.
152830 - Load warning: Unable to get boolean element Proscribed of User.
152831 - Load warning: Unable to get boolean element Proscribed of User.
152831 - Load warning: Unable to get boolean element Proscribed of User.
152831 - Load warning: Unable to get boolean element Proscribed of User.
152831 - Load warning: Unable to get boolean element Proscribed of User.
152831 - Load warning: Unable to get boolean element Proscribed of User.
152831 - Load warning: Unable to get boolean element Proscribed of User.
152831 - Load warning: Unable to get boolean element Proscribed of User.
152831 - Load warning: Unable to get boolean element Proscribed of User.
152831 - Load warning: Unable to get boolean element Proscribed of User.
152831 - Load warning: Unable to get boolean element Proscribed of User.
152831 - Load warning: Unable to get boolean element Proscribed of User.
152831 - Load warning: Unable to get boolean element Proscribed of User.
152831 - Load warning: Unable to get boolean element Proscribed of User.
152831 - Load warning: Unable to get boolean element Proscribed of User.
152831 - Load warning: Unable to get boolean element Proscribed of User.
152831 - Load warning: Unable to get boolean element Proscribed of User.
152831 - Load warning: Unable to get boolean element Proscribed of User.
152831 - Load warning: Unable to get boolean element Proscribed of User.
152831 - Load warning: Unable to get boolean element Proscribed of User.
152831 - Load warning: Unable to get boolean element Proscribed of User.
152831 - Load warning: Unable to get boolean element Proscribed of User.
152831 - Load warning: Unable to get boolean element Proscribed of User.
152831 - Load warning: Unable to get boolean element Proscribed of User.
152831 - Load warning: Unable to get boolean element Proscribed of User.
152831 - Load warning: Unable to get boolean element Proscribed of User.
152831 - Load warning: Unable to get boolean element Proscribed of User.
152831 - Load warning: Unable to get boolean element Proscribed of User.
152831 - Load warning: Unable to get boolean element Proscribed of User.
152831 - Load warning: Unable to get boolean element Proscribed of User.
152831 - Load warning: Unable to get boolean element Proscribed of User.
152831 - Load warning: Unable to get boolean element Proscribed of User.
152831 - Load warning: Unable to get boolean element Proscribed of User.
152831 - Load warning: Unable to get boolean element Proscribed of User.
152831 - Load warning: Unable to get boolean element Proscribed of User.
152831 - Load warning: Unable to get boolean element Proscribed of User.
152831 - Load warning: Unable to get boolean element Proscribed of User.
152831 - Load warning: Unable to get boolean element Proscribed of User.
152831 - Load warning: Unable to get boolean element Proscribed of User.
152831 - Load warning: Unable to get boolean element Proscribed of User.
152831 - Load warning: Unable to get boolean element Proscribed of User.
152831 - Load warning: Unable to get boolean element Proscribed of User.
152831 - Load warning: Unable to get boolean element Proscribed of User.
152831 - Load warning: Unable to get boolean element Proscribed of User.
152831 - Load warning: Unable to get boolean element Proscribed of User.
152831 - Load warning: Unable to get boolean element Proscribed of User.
152831 - Load warning: Unable to get boolean element Proscribed of User.
152831 - Load warning: Unable to get boolean element Proscribed of User.
152831 - Load warning: Unable to get boolean element Proscribed of User.
152831 - Load warning: Unable to get boolean element Proscribed of User.
152831 - Load warning: Unable to get boolean element Proscribed of User.
152831 - Load warning: Unable to get boolean element Proscribed of User.
152831 - Load warning: Unable to get boolean element Proscribed of User.
152831 - Load warning: Unable to get boolean element Proscribed of User.
152831 - Load warning: Unable to get boolean element Proscribed of User.
152831 - Load warning: Unable to get boolean element Proscribed of User.
152831 - Load warning: Unable to get boolean element Proscribed of User.
152831 - Load warning: Unable to get boolean element Proscribed of User.
152831 - Load warning: Unable to get boolean element Proscribed of User.
152831 - Load warning: Unable to get boolean element Proscribed of User.
152831 - Load warning: Unable to get boolean element Proscribed of User.
152831 - Load warning: Unable to get boolean element Proscribed of User.
152831 - Load warning: Unable to get boolean element Proscribed of User.
152831 - Load warning: Unable to get boolean element Proscribed of User.
152831 - Load warning: Unable to get boolean element Proscribed of User.
152831 - Load warning: Unable to get boolean element Proscribed of User.
152831 - Load warning: Unable to get boolean element Proscribed of User.
152831 - Load warning: Unable to get boolean element Proscribed of User.
152832 - Load warning: Unable to get boolean element Proscribed of User.
152832 - Load warning: Unable to get boolean element Proscribed of User.
152832 - Load warning: Unable to get boolean element Proscribed of User.
152832 - Load warning: Unable to get boolean element Proscribed of User.
152832 - Load warning: Unable to get boolean element Proscribed of User.
152832 - Load warning: Unable to get boolean element Proscribed of User.
152832 - Load warning: Unable to get boolean element Proscribed of User.
152832 - Load warning: Unable to get boolean element Proscribed of User.
152832 - Load warning: Unable to get boolean element Proscribed of User.
152832 - Load warning: Unable to get boolean element Proscribed of User.
152832 - Load warning: Unable to get boolean element Proscribed of User.
152832 - Load warning: Unable to get boolean element Proscribed of User.
152832 - Load warning: Unable to get boolean element Proscribed of User.
152832 - Load warning: Unable to get boolean element Proscribed of User.
152832 - Load warning: Unable to get boolean element Proscribed of User.
152832 - Load warning: Unable to get boolean element Proscribed of User.
152832 - Load warning: Unable to get boolean element Proscribed of User.
152832 - Load warning: Unable to get boolean element Proscribed of User.
152832 - Load warning: Unable to get boolean element Proscribed of User.
152832 - Load warning: Unable to get boolean element Proscribed of User.
152832 - Load warning: Unable to get boolean element Proscribed of User.
152832 - Load warning: Unable to get boolean element Proscribed of User.
152832 - Load warning: Unable to get boolean element Proscribed of User.
152832 - Load warning: Unable to get boolean element Proscribed of User.
152832 - Load warning: Unable to get boolean element Proscribed of User.
152832 - Load warning: Unable to get boolean element Proscribed of User.
152832 - Load warning: Unable to get boolean element Proscribed of User.
152832 - Load warning: Unable to get boolean element Proscribed of User.
152832 - Load warning: Unable to get boolean element Proscribed of User.
152832 - Load warning: Unable to get boolean element Proscribed of User.
152832 - Load warning: Unable to get boolean element Proscribed of User.
152832 - Load warning: Unable to get boolean element Proscribed of User.
152832 - Load warning: Unable to get boolean element Proscribed of User.
152832 - Load warning: Unable to get boolean element Proscribed of User.
152832 - Load warning: Unable to get boolean element Proscribed of User.
152832 - Load warning: Unable to get boolean element Proscribed of User.
152832 - Load warning: Unable to get boolean element Proscribed of User.
152832 - Load warning: Unable to get boolean element Proscribed of User.
152832 - Load warning: Unable to get boolean element Proscribed of User.
152832 - Load warning: Unable to get boolean element Proscribed of User.
152832 - Load warning: Unable to get boolean element Proscribed of User.
152832 - Load warning: Unable to get boolean element Proscribed of User.
152832 - Load warning: Unable to get boolean element Proscribed of User.
152832 - Load warning: Unable to get boolean element Proscribed of User.
152832 - Load warning: Unable to get boolean element Proscribed of User.
152832 - Load warning: Unable to get boolean element Proscribed of User.
152832 - Load warning: Unable to get boolean element Proscribed of User.
152832 - Load warning: Unable to get boolean element Proscribed of User.
152832 - Load warning: Unable to get boolean element Proscribed of User.
152832 - Load warning: Unable to get boolean element Proscribed of User.
152832 - Load warning: Unable to get boolean element Proscribed of User.
152832 - Load warning: Unable to get boolean element Proscribed of User.
152832 - Load warning: Unable to get boolean element Proscribed of User.
152832 - Load warning: Unable to get boolean element Proscribed of User.
152832 - Load warning: Unable to get boolean element Proscribed of User.
152832 - Load warning: Unable to get boolean element Proscribed of User.
152832 - Load warning: Unable to get boolean element Proscribed of User.
152832 - Load warning: Unable to get boolean element Proscribed of User.
152832 - Load warning: Unable to get boolean element Proscribed of User.
152832 - Load warning: Unable to get boolean element Proscribed of User.
152832 - Load warning: Unable to get boolean element Proscribed of User.
152832 - Load warning: Unable to get boolean element Proscribed of User.
152832 - Load warning: Unable to get boolean element Proscribed of User.
152833 - Load warning: Unable to get boolean element Proscribed of User.
152833 - Load warning: Unable to get boolean element Proscribed of User.
152833 - Load warning: Unable to get boolean element Proscribed of User.
152833 - Load warning: Unable to get boolean element Proscribed of User.
152833 - Load warning: Unable to get boolean element Proscribed of User.
152833 - Load warning: Unable to get boolean element Proscribed of User.
152833 - Load warning: Unable to get boolean element Proscribed of User.
152833 - Load warning: Unable to get boolean element Proscribed of User.
152833 - Load warning: Unable to get boolean element Proscribed of User.
152833 - Load warning: Unable to get boolean element Proscribed of User.
152833 - Load warning: Unable to get boolean element Proscribed of User.
152833 - Load warning: Unable to get boolean element Proscribed of User.
152833 - Load warning: Unable to get boolean element Proscribed of User.
152833 - Load warning: Unable to get boolean element Proscribed of User.
152833 - Load warning: Unable to get boolean element Proscribed of User.
152833 - Load warning: Unable to get boolean element Proscribed of User.
152833 - Load warning: Unable to get boolean element Proscribed of User.
152833 - Load warning: Unable to get boolean element Proscribed of User.
152833 - Load warning: Unable to get boolean element Proscribed of User.
152833 - Load warning: Unable to get boolean element Proscribed of User.
152833 - Load warning: Unable to get boolean element Proscribed of User.
152833 - Load warning: Unable to get boolean element Proscribed of User.
152833 - Load warning: Unable to get boolean element Proscribed of User.
152833 - Load warning: Unable to get boolean element Proscribed of User.
152833 - Load warning: Unable to get boolean element Proscribed of User.
152833 - Load warning: Unable to get boolean element Proscribed of User.
152833 - Load warning: Unable to get boolean element Proscribed of User.
152833 - Load warning: Unable to get boolean element Proscribed of User.
152833 - Load warning: Unable to get boolean element Proscribed of User.
152833 - Load warning: Unable to get boolean element Proscribed of User.
152833 - Load warning: Unable to get boolean element Proscribed of User.
152833 - Load warning: Unable to get boolean element Proscribed of User.
152833 - Load warning: Unable to get boolean element Proscribed of User.
152833 - Load warning: Unable to get boolean element Proscribed of User.
152833 - Load warning: Unable to get boolean element Proscribed of User.
152833 - Load warning: Unable to get boolean element Proscribed of User.
152833 - Load warning: Unable to get boolean element Proscribed of User.
152833 - Load warning: Unable to get boolean element Proscribed of User.
152833 - Load warning: Unable to get boolean element Proscribed of User.
152833 - Load warning: Unable to get boolean element Proscribed of User.
152833 - Load warning: Unable to get boolean element Proscribed of User.
152833 - Load warning: Unable to get boolean element Proscribed of User.
152833 - Load warning: Unable to get boolean element Proscribed of User.
152833 - Load warning: Unable to get boolean element Proscribed of User.
152833 - Load warning: Unable to get boolean element Proscribed of User.
152833 - Load warning: Unable to get boolean element Proscribed of User.
152833 - Load warning: Unable to get boolean element Proscribed of User.
152833 - Load warning: Unable to get boolean element Proscribed of User.
152833 - Load warning: Unable to get boolean element Proscribed of User.
152833 - Load warning: Unable to get boolean element Proscribed of User.
152833 - Load warning: Unable to get boolean element Proscribed of User.
152833 - Load warning: Unable to get boolean element Proscribed of User.
152833 - Load warning: Unable to get boolean element Proscribed of User.
152833 - Load warning: Unable to get boolean element Proscribed of User.
152833 - Load warning: Unable to get boolean element Proscribed of User.
152833 - Load warning: Unable to get boolean element Proscribed of User.
152833 - Load warning: Unable to get boolean element Proscribed of User.
152833 - Load warning: Unable to get boolean element Proscribed of User.
152833 - Load warning: Unable to get boolean element Proscribed of User.
152833 - Load warning: Unable to get boolean element Proscribed of User.
152833 - Load warning: Unable to get boolean element Proscribed of User.
152833 - Load warning: Unable to get boolean element Proscribed of User.
152833 - Load warning: Unable to get boolean element Proscribed of User.
152833 - Load warning: Unable to get boolean element Proscribed of User.
152834 - Load warning: Unable to get boolean element Proscribed of User.
152834 - Load warning: Unable to get boolean element Proscribed of User.
152834 - Load warning: Unable to get boolean element Proscribed of User.
152834 - Load warning: Unable to get boolean element Proscribed of User.
152834 - Load warning: Unable to get boolean element Proscribed of User.
152834 - Load warning: Unable to get boolean element Proscribed of User.
152834 - Load warning: Unable to get boolean element Proscribed of User.
152834 - Load warning: Unable to get boolean element Proscribed of User.
152834 - Load warning: Unable to get boolean element Proscribed of User.
152834 - Load warning: Unable to get boolean element Proscribed of User.
152834 - Load warning: Unable to get boolean element Proscribed of User.
152834 - Load warning: Unable to get boolean element Proscribed of User.
152834 - Load warning: Unable to get boolean element Proscribed of User.
152834 - Load warning: Unable to get boolean element Proscribed of User.
152834 - Load warning: Unable to get boolean element Proscribed of User.
152834 - Load warning: Unable to get boolean element Proscribed of User.
152834 - Load warning: Unable to get boolean element Proscribed of User.
152834 - Load warning: Unable to get boolean element Proscribed of User.
152834 - Load warning: Unable to get boolean element Proscribed of User.
152834 - Load warning: Unable to get boolean element Proscribed of User.
152834 - Load warning: Unable to get boolean element Proscribed of User.
152834 - Load warning: Unable to get boolean element Proscribed of User.
152834 - Load warning: Unable to get boolean element Proscribed of User.
152834 - Load warning: Unable to get boolean element Proscribed of User.
152834 - Load warning: Unable to get boolean element Proscribed of User.
152834 - Load warning: Unable to get boolean element Proscribed of User.
152834 - Load warning: Unable to get boolean element Proscribed of User.
152834 - Load warning: Unable to get boolean element Proscribed of User.
152834 - Load warning: Unable to get boolean element Proscribed of User.
152834 - Load warning: Unable to get boolean element Proscribed of User.
152834 - Load warning: Unable to get boolean element Proscribed of User.
152834 - Load warning: Unable to get boolean element Proscribed of User.
152834 - Load warning: Unable to get boolean element Proscribed of User.
152834 - Load warning: Unable to get boolean element Proscribed of User.
152834 - Load warning: Unable to get boolean element Proscribed of User.
152834 - Load warning: Unable to get boolean element Proscribed of User.
152834 - Load warning: Unable to get boolean element Proscribed of User.
152834 - Load warning: Unable to get boolean element Proscribed of User.
152834 - Load warning: Unable to get boolean element Proscribed of User.
152834 - Load warning: Unable to get boolean element Proscribed of User.
152834 - Load warning: Unable to get boolean element Proscribed of User.
152834 - Load warning: Unable to get boolean element Proscribed of User.
152834 - Load warning: Unable to get boolean element Proscribed of User.
152834 - Load warning: Unable to get boolean element Proscribed of User.
152834 - Load warning: Unable to get boolean element Proscribed of User.
152834 - Load warning: Unable to get boolean element Proscribed of User.
152834 - Load warning: Unable to get boolean element Proscribed of User.
152834 - Load warning: Unable to get boolean element Proscribed of User.
152834 - Load warning: Unable to get boolean element Proscribed of User.
152834 - Load warning: Unable to get boolean element Proscribed of User.
152834 - Load warning: Unable to get boolean element Proscribed of User.
152834 - Load warning: Unable to get boolean element Proscribed of User.
152834 - Load warning: Unable to get boolean element Proscribed of User.
152834 - Load warning: Unable to get boolean element Proscribed of User.
152834 - Load warning: Unable to get boolean element Proscribed of User.
152834 - Load warning: Unable to get boolean element Proscribed of User.
152834 - Load warning: Unable to get boolean element Proscribed of User.
152834 - Load warning: Unable to get boolean element Proscribed of User.
152834 - Load warning: Unable to get boolean element Proscribed of User.
152834 - Load warning: Unable to get boolean element Proscribed of User.
152834 - Load warning: Unable to get boolean element Proscribed of User.
152834 - Load warning: Unable to get boolean element Proscribed of User.
152834 - Load warning: Unable to get boolean element Proscribed of User.
152834 - Load warning: Unable to get boolean element Proscribed of User.
152834 - Load warning: Unable to get boolean element Proscribed of User.
152834 - Load warning: Unable to get boolean element Proscribed of User.
152834 - Load warning: Unable to get boolean element Proscribed of User.
152834 - Load warning: Unable to get boolean element Proscribed of User.
152835 - Load warning: Unable to get boolean element Proscribed of User.
152835 - Load warning: Unable to get boolean element Proscribed of User.
152835 - Load warning: Unable to get boolean element Proscribed of User.
152835 - Load warning: Unable to get boolean element Proscribed of User.
152835 - Load warning: Unable to get boolean element Proscribed of User.
152835 - Load warning: Unable to get boolean element Proscribed of User.
152835 - Load warning: Unable to get boolean element Proscribed of User.
152835 - Load warning: Unable to get boolean element Proscribed of User.
152835 - Load warning: Unable to get boolean element Proscribed of User.
152835 - Load warning: Unable to get boolean element Proscribed of User.
152835 - Load warning: Unable to get boolean element Proscribed of User.
152835 - Load warning: Unable to get boolean element Proscribed of User.
152835 - Load warning: Unable to get boolean element Proscribed of User.
152835 - Load warning: Unable to get boolean element Proscribed of User.
152835 - Load warning: Unable to get boolean element Proscribed of User.
152835 - Load warning: Unable to get boolean element Proscribed of User.
152835 - Load warning: Unable to get boolean element Proscribed of User.
152835 - Load warning: Unable to get boolean element Proscribed of User.
152835 - Load warning: Unable to get boolean element Proscribed of User.
152835 - Load warning: Unable to get boolean element Proscribed of User.
152835 - Load warning: Unable to get boolean element Proscribed of User.
152835 - Load warning: Unable to get boolean element Proscribed of User.
152835 - Load warning: Unable to get boolean element Proscribed of User.
152835 - Load warning: Unable to get boolean element Proscribed of User.
152835 - Load warning: Unable to get boolean element Proscribed of User.
152835 - Load warning: Unable to get boolean element Proscribed of User.
152835 - Load warning: Unable to get boolean element Proscribed of User.
152835 - Load warning: Unable to get boolean element Proscribed of User.
152835 - Load warning: Unable to get boolean element Proscribed of User.
152835 - Load warning: Unable to get boolean element Proscribed of User.
152835 - Load warning: Unable to get boolean element Proscribed of User.
152835 - Load warning: Unable to get boolean element Proscribed of User.
152835 - Load warning: Unable to get boolean element Proscribed of User.
152835 - Load warning: Unable to get boolean element Proscribed of User.
152835 - Load warning: Unable to get boolean element Proscribed of User.
152835 - Load warning: Unable to get boolean element Proscribed of User.
152835 - Load warning: Unable to get boolean element Proscribed of User.
152835 - Load warning: Unable to get boolean element Proscribed of User.
152835 - Load warning: Unable to get boolean element Proscribed of User.
152835 - Load warning: Unable to get boolean element Proscribed of User.
152835 - Load warning: Unable to get boolean element Proscribed of User.
152835 - Load warning: Unable to get boolean element Proscribed of User.
152835 - Load warning: Unable to get boolean element Proscribed of User.
152835 - Load warning: Unable to get boolean element Proscribed of User.
152835 - Load warning: Unable to get boolean element Proscribed of User.
152835 - Load warning: Unable to get boolean element Proscribed of User.
152835 - Load warning: Unable to get boolean element Proscribed of User.
152835 - Load warning: Unable to get boolean element Proscribed of User.
152835 - Load warning: Unable to get boolean element Proscribed of User.
152835 - Load warning: Unable to get boolean element Proscribed of User.
152835 - Load warning: Unable to get boolean element Proscribed of User.
152835 - Load warning: Unable to get boolean element Proscribed of User.
152835 - Load warning: Unable to get boolean element Proscribed of User.
152835 - Load warning: Unable to get boolean element Proscribed of User.
152835 - Load warning: Unable to get boolean element Proscribed of User.
152835 - Load warning: Unable to get boolean element Proscribed of User.
152835 - Load warning: Unable to get boolean element Proscribed of User.
152835 - Load warning: Unable to get boolean element Proscribed of User.
152835 - Load warning: Unable to get boolean element Proscribed of User.
152835 - Load warning: Unable to get boolean element Proscribed of User.
152835 - Load warning: Unable to get boolean element Proscribed of User.
152835 - Load warning: Unable to get boolean element Proscribed of User.
152835 - Load warning: Unable to get boolean element Proscribed of User.
152835 - Load warning: Unable to get boolean element Proscribed of User.
152836 - Load warning: Unable to get boolean element Proscribed of User.
152836 - Load warning: Unable to get boolean element Proscribed of User.
152836 - Load warning: Unable to get boolean element Proscribed of User.
152836 - Load warning: Unable to get boolean element Proscribed of User.
152836 - Load warning: Unable to get boolean element Proscribed of User.
152836 - Load warning: Unable to get boolean element Proscribed of User.
152836 - Load warning: Unable to get boolean element Proscribed of User.
152836 - Load warning: Unable to get boolean element Proscribed of User.
152836 - Load warning: Unable to get boolean element Proscribed of User.
152836 - Load warning: Unable to get boolean element Proscribed of User.
152836 - Load warning: Unable to get boolean element Proscribed of User.
152836 - Load warning: Unable to get boolean element Proscribed of User.
152836 - Load warning: Unable to get boolean element Proscribed of User.
152836 - Load warning: Unable to get boolean element Proscribed of User.
152836 - Load warning: Unable to get boolean element Proscribed of User.
152836 - Load warning: Unable to get boolean element Proscribed of User.
152836 - Load warning: Unable to get boolean element Proscribed of User.
152836 - Load warning: Unable to get boolean element Proscribed of User.
152836 - Load warning: Unable to get boolean element Proscribed of User.
152836 - Load warning: Unable to get boolean element Proscribed of User.
152836 - Load warning: Unable to get boolean element Proscribed of User.
152836 - Load warning: Unable to get boolean element Proscribed of User.
152836 - Load warning: Unable to get boolean element Proscribed of User.
152836 - Load warning: Unable to get boolean element Proscribed of User.
152836 - Load warning: Unable to get boolean element Proscribed of User.
152836 - Load warning: Unable to get boolean element Proscribed of User.
152836 - Load warning: Unable to get boolean element Proscribed of User.
152836 - Load warning: Unable to get boolean element Proscribed of User.
152836 - Load warning: Unable to get boolean element Proscribed of User.
152836 - Load warning: Unable to get boolean element Proscribed of User.
152836 - Load warning: Unable to get boolean element Proscribed of User.
152836 - Load warning: Unable to get boolean element Proscribed of User.
152836 - Load warning: Unable to get boolean element Proscribed of User.
152836 - Load warning: Unable to get boolean element Proscribed of User.
152836 - Load warning: Unable to get boolean element Proscribed of User.
152836 - Load warning: Unable to get boolean element Proscribed of User.
152836 - Load warning: Unable to get boolean element Proscribed of User.
152836 - Load warning: Unable to get boolean element Proscribed of User.
152836 - Load warning: Unable to get boolean element Proscribed of User.
152836 - Load warning: Unable to get boolean element Proscribed of User.
152836 - Load warning: Unable to get boolean element Proscribed of User.
152836 - Load warning: Unable to get boolean element Proscribed of User.
152836 - Load warning: Unable to get boolean element Proscribed of User.
152836 - Load warning: Unable to get boolean element Proscribed of User.
152836 - Load warning: Unable to get boolean element Proscribed of User.
152836 - Load warning: Unable to get boolean element Proscribed of User.
152836 - Load warning: Unable to get boolean element Proscribed of User.
152836 - Load warning: Unable to get boolean element Proscribed of User.
152836 - Load warning: Unable to get boolean element Proscribed of User.
152836 - Load warning: Unable to get boolean element Proscribed of User.
152836 - Load warning: Unable to get boolean element Proscribed of User.
152836 - Load warning: Unable to get boolean element Proscribed of User.
152836 - Load warning: Unable to get boolean element Proscribed of User.
152837 - Load warning: Unable to get boolean element Proscribed of User.
152837 - Load warning: Unable to get boolean element Proscribed of User.
152837 - Load warning: Unable to get boolean element Proscribed of User.
152837 - Load warning: Unable to get boolean element Proscribed of User.
152837 - Load warning: Unable to get boolean element Proscribed of User.
152837 - Load warning: Unable to get boolean element Proscribed of User.
152837 - Load warning: Unable to get boolean element Proscribed of User.
152837 - Load warning: Unable to get boolean element Proscribed of User.
152914 - ...game loaded.
152914 - ...We're running.
