001322 - Loading config xml...
001322 - Loading game xml...
001322 - Loading missiles...
001322 - Loading interceptors...
001322 - Loading missile sites...
001322 - Loading SAM sites...
001322 - Loading sentry guns...
001322 - Loading ore mines...
001322 - Loading loots...
001322 - Loading radiations...
122238 - Loading config xml...
122239 - Loading game xml...
122239 - Loading missiles...
122239 - Loading interceptors...
122239 - Loading missile sites...
122239 - Loading SAM sites...
122239 - Loading sentry guns...
122239 - Loading ore mines...
122239 - Loading loots...
122239 - Loading radiations...
124848 - Loading config xml...
124848 - Loading game xml...
124848 - Loading missiles...
124848 - Loading interceptors...
124848 - Loading missile sites...
124848 - Loading SAM sites...
124848 - Loading sentry guns...
124848 - Loading ore mines...
124848 - Loading loots...
124848 - Loading radiations...
