000234 - Saving and backing up the game.
000235 - Saving and backing up the game.
000327 - Saving and backing up the game.
001321 - Firing up Launch server...
001322 - Load warning: Unable to get byte root element Variant. Returning default 0.
001322 - Loading game...
001322 - ...game loaded.
001322 - ...We're running.
015951 - Saving and backing up the game.
035951 - Saving and backing up the game.
055951 - Saving and backing up the game.
075951 - Saving and backing up the game.
095951 - Saving and backing up the game.
120124 - Saving and backing up the game.
122238 - Firing up Launch server...
122239 - Load warning: Unable to get byte root element Variant. Returning default 0.
122239 - Loading game...
122239 - ...game loaded.
122239 - ...We're running.
124847 - Firing up Launch server...
124848 - Load warning: Unable to get byte root element Variant. Returning default 0.
124848 - Loading game...
124848 - ...game loaded.
124848 - ...We're running.
