140716 - Starting services...
140716 - ...Started.
140716 - Processing health regeneration...
140716 - Processing radiation damage...
140716 - Bisquick damaged a bit.
140716 - Bisquick damaged a bit.
140752 - Verifying ID BE58DC73B330F9471BF10B4C4CE499DAA8F8A947FCA79AD1D4078CC417A7C0DB.
140752 - (Report -> Admins) Player Bisquick has funky data directory /data/user/0/com.apps.fast.counterforce. Probable emulator.
140758 - Updating Bisquick's location.
140758 - (Report -> Admins) Bisquick and Biscuit are within 0.5km and have the same device hash.
140758 - (Report -> Admins) Bisquick and Test are within 0.5km and have the same device hash.
140758 - Performed multiaccounting check for Bisquick
140803 - Updating Bisquick's location.
140804 - Bisquick is attempting to purchase missiles...
140804 - (Event) Bisquick acquired missiles.
140808 - Updating Bisquick's location.
140809 - Processing radiation damage...
140809 - Bisquick damaged a bit.
140809 - Bisquick damaged a bit.
140809 - Processing radiation damage...
140809 - Bisquick damaged a bit.
140809 - Bisquick damaged a bit.
140809 - Processing radiation damage...
140809 - Bisquick damaged a bit.
140809 - Bisquick damaged a bit.
140809 - Processing health regeneration...
140809 - Processing radiation damage...
140809 - Bisquick damaged a bit.
140809 - Bisquick damaged a bit.
140809 - Processing radiation damage...
140809 - Bisquick damaged a bit.
140809 - Bisquick damaged a bit.
140809 - Processing radiation damage...
140809 - Bisquick damaged a bit.
140809 - Bisquick damaged a bit.
140809 - Processing radiation damage...
140809 - Bisquick damaged a bit.
140809 - Bisquick damaged a bit.
140809 - Processing health regeneration...
140809 - Processing radiation damage...
140809 - Bisquick damaged a bit.
140809 - Bisquick damaged a bit.
140809 - Processing radiation damage...
140809 - Bisquick damaged a bit.
140809 - Bisquick damaged a bit.
140809 - Processing radiation damage...
140809 - Bisquick damaged a bit.
140809 - Bisquick damaged a bit.
140809 - Processing radiation damage...
140809 - Bisquick damaged a bit.
140809 - Bisquick damaged a bit.
140809 - Processing health regeneration...
140809 - Processing radiation damage...
140809 - Bisquick damaged a bit.
140809 - Bisquick damaged a bit.
140809 - Bisquick charged for online missile site.
140809 - Processing radiation damage...
140809 - Bisquick damaged a bit.
140809 - Bisquick damaged a bit.
140809 - Processing radiation damage...
140809 - Bisquick damaged a bit.
140809 - Bisquick damaged a bit.
140809 - Processing health regeneration...
140809 - Processing radiation damage...
140809 - Bisquick damaged a bit.
140809 - Bisquick damaged a bit.
140809 - Processing radiation damage...
140809 - Bisquick damaged a bit.
140809 - Bisquick damaged a bit.
140809 - Processing radiation damage...
140809 - Bisquick damaged a bit.
140809 - Bisquick damaged a bit.
140809 - Processing radiation damage...
140809 - Bisquick damaged a bit.
140809 - Bisquick damaged a bit.
140809 - Processing health regeneration...
140809 - Processing radiation damage...
140809 - Bisquick damaged a bit.
140809 - Bisquick damaged a bit.
140809 - Processing radiation damage...
140809 - Bisquick damaged a bit.
140809 - Bisquick damaged a bit.
140809 - Processing radiation damage...
140809 - Bisquick damaged a bit.
140809 - Bisquick damaged a bit.
140820 - Verifying ID BE58DC73B330F9471BF10B4C4CE499DAA8F8A947FCA79AD1D4078CC417A7C0DB.
140820 - (Report -> Admins) Player Bisquick has funky data directory /data/user/0/com.apps.fast.counterforce. Probable emulator.
140820 - Updating Bisquick's location.
140825 - Updating Bisquick's location.
140830 - Bisquick is attempting to launch a missile...
140830 - Creating a missile launch.
140830 - (Report -> Bisquick) Bisquick attacked you!
140830 - (Event) Bisquick launched DF-5 missile.
140830 - Updating Bisquick's location.
140835 - A missile exploded.
140835 - Creating radiation.
140835 - Creating radiation.
140835 - Creating radiation.
140835 - Creating radiation.
140835 - Updating Bisquick's location.
140840 - Updating Bisquick's location.
140845 - Updating Bisquick's location.
140850 - Updating Bisquick's location.
140856 - Updating Bisquick's location.
140900 - Updating Bisquick's location.
140905 - Updating Bisquick's location.
140910 - Updating Bisquick's location.
140915 - Updating Bisquick's location.
140920 - Updating Bisquick's location.
140925 - Updating Bisquick's location.
140930 - Updating Bisquick's location.
140935 - Updating Bisquick's location.
140940 - Updating Bisquick's location.
140945 - Updating Bisquick's location.
140950 - Updating Bisquick's location.
140956 - Updating Bisquick's location.
141000 - Updating Bisquick's location.
141005 - Updating Bisquick's location.
141010 - Updating Bisquick's location.
141015 - Updating Bisquick's location.
141020 - Updating Bisquick's location.
141025 - Updating Bisquick's location.
141030 - Updating Bisquick's location.
141035 - Updating Bisquick's location.
141040 - Updating Bisquick's location.
141045 - Updating Bisquick's location.
141050 - Updating Bisquick's location.
141055 - Updating Bisquick's location.
141100 - Updating Bisquick's location.
141105 - Updating Bisquick's location.
141110 - Updating Bisquick's location.
141115 - Updating Bisquick's location.
141120 - Updating Bisquick's location.
141125 - Updating Bisquick's location.
141130 - Updating Bisquick's location.
141135 - Updating Bisquick's location.
141140 - Updating Bisquick's location.
141145 - Updating Bisquick's location.
141150 - Updating Bisquick's location.
141155 - Updating Bisquick's location.
141156 - Processing radiation damage...
141156 - Bisquick damaged a bit.
141156 - Bisquick damaged a bit.
141156 - Bisquick damaged a bit.
141156 - Bisquick damaged a bit.
141156 - (Event) Bisquick died of radiation poisoning.
141156 - (Report -> Bisquick) You died of radiation poisoning.
141200 - Updating Bisquick's location.
141206 - Updating Bisquick's location.
141210 - Updating Bisquick's location.
141215 - Updating Bisquick's location.
141220 - Updating Bisquick's location.
141225 - Updating Bisquick's location.
141230 - Updating Bisquick's location.
141235 - Updating Bisquick's location.
141240 - Updating Bisquick's location.
141245 - Updating Bisquick's location.
141250 - Updating Bisquick's location.
141255 - Updating Bisquick's location.
141301 - Updating Bisquick's location.
141305 - Updating Bisquick's location.
141310 - Updating Bisquick's location.
141316 - Updating Bisquick's location.
141320 - Updating Bisquick's location.
141325 - Updating Bisquick's location.
141330 - Updating Bisquick's location.
141335 - Updating Bisquick's location.
141340 - Updating Bisquick's location.
141345 - Updating Bisquick's location.
141350 - Updating Bisquick's location.
141355 - Updating Bisquick's location.
141356 - Processing health regeneration...
141401 - Updating Bisquick's location.
141406 - Updating Bisquick's location.
141410 - Updating Bisquick's location.
141415 - Updating Bisquick's location.
141421 - Updating Bisquick's location.
141425 - Updating Bisquick's location.
141431 - Updating Bisquick's location.
141442 - Verifying ID BE58DC73B330F9471BF10B4C4CE499DAA8F8A947FCA79AD1D4078CC417A7C0DB.
141442 - (Report -> Admins) Player Bisquick has funky data directory /data/user/0/com.apps.fast.counterforce. Probable emulator.
141447 - Updating Bisquick's location.
141452 - Updating Bisquick's location.
141457 - Updating Bisquick's location.
141502 - Updating Bisquick's location.
154203 - It's a new hour!
154203 - Performing wealth generation...
154205 - Biscuit gets nothing.
154205 - Test gets nothing.
154206 - Bisquick gets nothing.
154206 - Processing radiation damage...
154206 - Processing radiation damage...
154206 - Processing radiation damage...
154206 - Processing radiation damage...
154206 - Processing health regeneration...
154206 - Processing radiation damage...
154206 - Bisquick charged for online missile site.
154206 - Processing radiation damage...
154206 - Processing radiation damage...
154206 - Saving game.
154208 - Processing health regeneration...
154208 - Processing radiation damage...
154208 - Processing radiation damage...
154208 - Processing radiation damage...
154208 - Processing radiation damage...
154208 - Processing health regeneration...
154208 - Processing radiation damage...
154208 - Processing radiation damage...
154208 - Processing radiation damage...
154208 - Processing radiation damage...
154208 - Processing health regeneration...
154208 - Processing radiation damage...
154208 - Processing radiation damage...
154208 - Processing radiation damage...
154208 - Processing radiation damage...
154208 - Processing health regeneration...
154208 - Processing radiation damage...
154208 - Bisquick charged for online missile site.
154208 - Processing radiation damage...
154208 - Processing radiation damage...
154356 - Processing health regeneration...
154356 - Processing radiation damage...
154756 - Processing radiation damage...
155054 - Verifying ID BE58DC73B330F9471BF10B4C4CE499DAA8F8A947FCA79AD1D4078CC417A7C0DB.
155156 - Processing radiation damage...
155556 - Processing radiation damage...
155856 - Processing health regeneration...
155956 - Processing radiation damage...
160000 - It's a new hour!
160000 - Performing wealth generation...
160000 - Biscuit gets nothing.
160000 - Test gets nothing.
160000 - Bisquick gets nothing.
160155 - Verifying ID BE58DC73B330F9471BF10B4C4CE499DAA8F8A947FCA79AD1D4078CC417A7C0DB.
160356 - Processing radiation damage...
160756 - Processing radiation damage...
161156 - Processing radiation damage...
161323 - Verifying ID BE58DC73B330F9471BF10B4C4CE499DAA8F8A947FCA79AD1D4078CC417A7C0DB.
161323 - (Report -> Admins) Player Bisquick has funky data directory /data/user/0/com.apps.fast.counterforce. Probable emulator.
161328 - Updating Bisquick's location.
161333 - Updating Bisquick's location.
161338 - Updating Bisquick's location.
161343 - Updating Bisquick's location.
161348 - Updating Bisquick's location.
161353 - Updating Bisquick's location.
161356 - Processing health regeneration...
161358 - Updating Bisquick's location.
161403 - Updating Bisquick's location.
161408 - Updating Bisquick's location.
161413 - Updating Bisquick's location.
161418 - Updating Bisquick's location.
161423 - Updating Bisquick's location.
161428 - Updating Bisquick's location.
161433 - Updating Bisquick's location.
161438 - Updating Bisquick's location.
161443 - Updating Bisquick's location.
161448 - Updating Bisquick's location.
161453 - Updating Bisquick's location.
161458 - Updating Bisquick's location.
161503 - Updating Bisquick's location.
161508 - Updating Bisquick's location.
161513 - Updating Bisquick's location.
161518 - Updating Bisquick's location.
161523 - Updating Bisquick's location.
161528 - Updating Bisquick's location.
161533 - Updating Bisquick's location.
161538 - Updating Bisquick's location.
161543 - Updating Bisquick's location.
161548 - Updating Bisquick's location.
161553 - Updating Bisquick's location.
161556 - Processing radiation damage...
161558 - Updating Bisquick's location.
161603 - Updating Bisquick's location.
161608 - Updating Bisquick's location.
161613 - Updating Bisquick's location.
161618 - Updating Bisquick's location.
161623 - Updating Bisquick's location.
161628 - Updating Bisquick's location.
161633 - Updating Bisquick's location.
161638 - Updating Bisquick's location.
161643 - Updating Bisquick's location.
161648 - Updating Bisquick's location.
161653 - Updating Bisquick's location.
161658 - Updating Bisquick's location.
161703 - Updating Bisquick's location.
161708 - Updating Bisquick's location.
161713 - Updating Bisquick's location.
161718 - Updating Bisquick's location.
161723 - Updating Bisquick's location.
161728 - Updating Bisquick's location.
161733 - Updating Bisquick's location.
161738 - Updating Bisquick's location.
161743 - Updating Bisquick's location.
161748 - Updating Bisquick's location.
161753 - Updating Bisquick's location.
161758 - Updating Bisquick's location.
161803 - Updating Bisquick's location.
161808 - Updating Bisquick's location.
161813 - Updating Bisquick's location.
161818 - Updating Bisquick's location.
161823 - Updating Bisquick's location.
161828 - Updating Bisquick's location.
161833 - Updating Bisquick's location.
161838 - Updating Bisquick's location.
161843 - Updating Bisquick's location.
161848 - Updating Bisquick's location.
161853 - Updating Bisquick's location.
161858 - Updating Bisquick's location.
161903 - Updating Bisquick's location.
161908 - Updating Bisquick's location.
161913 - Updating Bisquick's location.
161918 - Updating Bisquick's location.
161923 - Updating Bisquick's location.
161928 - Updating Bisquick's location.
161933 - Updating Bisquick's location.
161938 - Updating Bisquick's location.
161943 - Updating Bisquick's location.
161948 - Updating Bisquick's location.
161953 - Updating Bisquick's location.
161956 - Processing radiation damage...
161958 - Updating Bisquick's location.
162003 - Updating Bisquick's location.
162008 - Updating Bisquick's location.
162013 - Updating Bisquick's location.
162018 - Updating Bisquick's location.
162023 - Updating Bisquick's location.
162028 - Updating Bisquick's location.
162033 - Updating Bisquick's location.
162038 - Updating Bisquick's location.
162043 - Updating Bisquick's location.
162048 - Updating Bisquick's location.
162053 - Updating Bisquick's location.
162058 - Updating Bisquick's location.
162103 - Updating Bisquick's location.
162108 - Updating Bisquick's location.
162113 - Updating Bisquick's location.
162118 - Updating Bisquick's location.
162123 - Updating Bisquick's location.
162128 - Updating Bisquick's location.
162133 - Updating Bisquick's location.
162138 - Updating Bisquick's location.
162143 - Updating Bisquick's location.
162148 - Updating Bisquick's location.
162153 - Updating Bisquick's location.
162158 - Updating Bisquick's location.
162203 - Updating Bisquick's location.
162208 - Updating Bisquick's location.
162213 - Updating Bisquick's location.
162218 - Updating Bisquick's location.
162223 - Updating Bisquick's location.
162228 - Updating Bisquick's location.
162233 - Updating Bisquick's location.
162238 - Updating Bisquick's location.
162243 - Updating Bisquick's location.
162248 - Updating Bisquick's location.
162253 - Updating Bisquick's location.
162258 - Updating Bisquick's location.
162303 - Updating Bisquick's location.
162308 - Updating Bisquick's location.
162313 - Updating Bisquick's location.
162318 - Updating Bisquick's location.
162323 - Updating Bisquick's location.
162328 - Updating Bisquick's location.
162333 - Updating Bisquick's location.
162356 - Processing radiation damage...
162756 - Processing radiation damage...
162856 - Processing health regeneration...
163103 - Verifying ID BE58DC73B330F9471BF10B4C4CE499DAA8F8A947FCA79AD1D4078CC417A7C0DB.
163156 - Processing radiation damage...
163359 - Bisquick charged for online missile site.
163556 - Processing radiation damage...
163755 - Verifying ID BE58DC73B330F9471BF10B4C4CE499DAA8F8A947FCA79AD1D4078CC417A7C0DB.
163755 - (Report -> Admins) Player Bisquick has funky data directory /data/user/0/com.apps.fast.counterforce. Probable emulator.
163755 - Updating Bisquick's location.
163800 - Updating Bisquick's location.
163956 - Processing radiation damage...
212146 - It's a new hour!
212146 - Performing wealth generation...
212146 - Biscuit gets nothing.
212146 - Test gets nothing.
212146 - Bisquick gets nothing.
212146 - It's a new day!
212146 - Processing end of day events...
212146 - Saving game.
212146 - Processing health regeneration...
212146 - Processing radiation damage...
212146 - Processing radiation damage...
212146 - Processing radiation damage...
212146 - Processing radiation damage...
212146 - Processing health regeneration...
212146 - Processing radiation damage...
212146 - Processing radiation damage...
212146 - Processing radiation damage...
212146 - Processing radiation damage...
212146 - Processing health regeneration...
212146 - Processing radiation damage...
212146 - Processing radiation damage...
212146 - Processing radiation damage...
212146 - Processing radiation damage...
212146 - Processing health regeneration...
212146 - Processing radiation damage...
212146 - Bisquick charged for online missile site.
212146 - Processing radiation damage...
212146 - Processing radiation damage...
212146 - Processing health regeneration...
212146 - Processing radiation damage...
212146 - Processing radiation damage...
212146 - Processing radiation damage...
212146 - Processing radiation damage...
212146 - Processing health regeneration...
212146 - Processing radiation damage...
212146 - Processing radiation damage...
212146 - Processing radiation damage...
212146 - Processing radiation damage...
212146 - Processing health regeneration...
212146 - Processing radiation damage...
212146 - Processing radiation damage...
212146 - Processing radiation damage...
212146 - Processing radiation damage...
212146 - Processing health regeneration...
212146 - Processing radiation damage...
212146 - Bisquick charged for online missile site.
212146 - Processing radiation damage...
212146 - Processing radiation damage...
212146 - Saving game.
212146 - Processing health regeneration...
212146 - Processing radiation damage...
212146 - Processing radiation damage...
212146 - Processing radiation damage...
212146 - Processing radiation damage...
212146 - Processing health regeneration...
212146 - Processing radiation damage...
212146 - Processing radiation damage...
212146 - Processing radiation damage...
212146 - Processing radiation damage...
212146 - Processing health regeneration...
212146 - Processing radiation damage...
212146 - Processing radiation damage...
212146 - Processing radiation damage...
212146 - Processing radiation damage...
212146 - Processing health regeneration...
212146 - Processing radiation damage...
212146 - Bisquick charged for online missile site.
212146 - Processing radiation damage...
212146 - Processing radiation damage...
212146 - Processing health regeneration...
212146 - Processing radiation damage...
212146 - Processing radiation damage...
212146 - Processing radiation damage...
212146 - Processing radiation damage...
212146 - Processing health regeneration...
212146 - Processing radiation damage...
212146 - Processing radiation damage...
212146 - Processing radiation damage...
212146 - Processing radiation damage...
212146 - Processing health regeneration...
212146 - Processing radiation damage...
212146 - Processing radiation damage...
212146 - Processing radiation damage...
212146 - Processing radiation damage...
212146 - Processing health regeneration...
212146 - Processing radiation damage...
212146 - Bisquick charged for online missile site.
212146 - Processing radiation damage...
212146 - Processing radiation damage...
212146 - Saving game.
212146 - Processing health regeneration...
212146 - Processing radiation damage...
212146 - Processing radiation damage...
212146 - Processing radiation damage...
212146 - Processing radiation damage...
212146 - Processing health regeneration...
212146 - Processing radiation damage...
212146 - Processing radiation damage...
212146 - Processing radiation damage...
212146 - Processing radiation damage...
212146 - Processing health regeneration...
212146 - Processing radiation damage...
212146 - Processing radiation damage...
212356 - Processing radiation damage...
212756 - Processing radiation damage...
212856 - Processing health regeneration...
213156 - Processing radiation damage...
213359 - Bisquick charged for online missile site.
220726 - Starting services...
220726 - ...Started.
220726 - Processing health regeneration...
220726 - Processing radiation damage...
221126 - Processing radiation damage...
221526 - Processing radiation damage...
222049 - Starting services...
222049 - ...Started.
222049 - Processing health regeneration...
222049 - Processing radiation damage...
222139 - Starting services...
222139 - ...Started.
222139 - Processing health regeneration...
222139 - Processing radiation damage...
222402 - Verifying ID BE58DC73B330F9471BF10B4C4CE499DAA8F8A947FCA79AD1D4078CC417A7C0DB.
222435 - Verifying ID BE58DC73B330F9471BF10B4C4CE499DAA8F8A947FCA79AD1D4078CC417A7C0DB.
222516 - Checking availability of Aggressive Menace...
222516 - It's available.
222516 - Verifying ID BE58DC73B330F9471BF10B4C4CE499DAA8F8A947FCA79AD1D4078CC417A7C0DB.
222516 - Checking availability of Aggressive Menace...
222516 - It's available.
222516 - Verifying ID BE58DC73B330F9471BF10B4C4CE499DAA8F8A947FCA79AD1D4078CC417A7C0DB.
222516 - Creating a player.
222516 - (Event) Give a warm, explosive welcome to Aggressive Menace, who has joined the Game!
222516 - (Report) Give a warm, explosive welcome to Aggressive Menace, who has joined the Game!
222516 - Verifying ID BE58DC73B330F9471BF10B4C4CE499DAA8F8A947FCA79AD1D4078CC417A7C0DB.
222516 - (Report -> Admins) Player Aggressive Menace has funky data directory /data/user/0/com.apps.fast.counterforce. Probable emulator.
222516 - Aggressive Menace's respawn protection time expired.
222518 - Aggressive Menace is attempting to respawn...
222518 - (Event) Aggressive Menace respawned.
222521 - Updating Aggressive Menace's location.
222524 - Performed multiaccounting check for Aggressive Menace
222526 - Updating Aggressive Menace's location.
222531 - Updating Aggressive Menace's location.
222536 - Updating Aggressive Menace's location.
222539 - Processing radiation damage...
222541 - Updating Aggressive Menace's location.
222546 - Updating Aggressive Menace's location.
222551 - Updating Aggressive Menace's location.
222556 - Updating Aggressive Menace's location.
222601 - Updating Aggressive Menace's location.
222606 - Updating Aggressive Menace's location.
222611 - Updating Aggressive Menace's location.
222616 - Updating Aggressive Menace's location.
222621 - Updating Aggressive Menace's location.
222626 - Updating Aggressive Menace's location.
222631 - Updating Aggressive Menace's location.
222636 - Updating Aggressive Menace's location.
222641 - Updating Aggressive Menace's location.
222646 - Updating Aggressive Menace's location.
222651 - Updating Aggressive Menace's location.
222656 - Updating Aggressive Menace's location.
222701 - Updating Aggressive Menace's location.
222706 - Updating Aggressive Menace's location.
222711 - Updating Aggressive Menace's location.
222716 - Updating Aggressive Menace's location.
222721 - Updating Aggressive Menace's location.
222726 - Updating Aggressive Menace's location.
222731 - Updating Aggressive Menace's location.
222736 - Updating Aggressive Menace's location.
222741 - Updating Aggressive Menace's location.
222746 - Updating Aggressive Menace's location.
222751 - Updating Aggressive Menace's location.
222756 - Updating Aggressive Menace's location.
222801 - Updating Aggressive Menace's location.
222806 - Updating Aggressive Menace's location.
222811 - Updating Aggressive Menace's location.
222816 - Updating Aggressive Menace's location.
222821 - Updating Aggressive Menace's location.
222826 - Updating Aggressive Menace's location.
222831 - Updating Aggressive Menace's location.
222836 - Updating Aggressive Menace's location.
222841 - Updating Aggressive Menace's location.
222846 - Updating Aggressive Menace's location.
222851 - Updating Aggressive Menace's location.
222856 - Updating Aggressive Menace's location.
222901 - Updating Aggressive Menace's location.
222906 - Updating Aggressive Menace's location.
222911 - Updating Aggressive Menace's location.
222916 - Updating Aggressive Menace's location.
222921 - Updating Aggressive Menace's location.
222926 - Updating Aggressive Menace's location.
222931 - Updating Aggressive Menace's location.
222936 - Updating Aggressive Menace's location.
222939 - Processing radiation damage...
222941 - Updating Aggressive Menace's location.
222946 - Updating Aggressive Menace's location.
222951 - Updating Aggressive Menace's location.
222956 - Updating Aggressive Menace's location.
223339 - Processing radiation damage...
223639 - Verifying ID BE58DC73B330F9471BF10B4C4CE499DAA8F8A947FCA79AD1D4078CC417A7C0DB.
223639 - (Report -> Admins) Player Aggressive Menace has funky data directory /data/user/0/com.apps.fast.counterforce. Probable emulator.
223639 - Processing health regeneration...
223640 - Updating Aggressive Menace's location.
223645 - Updating Aggressive Menace's location.
223657 - Verifying ID BE58DC73B330F9471BF10B4C4CE499DAA8F8A947FCA79AD1D4078CC417A7C0DB.
223657 - (Report -> Admins) Player Aggressive Menace has funky data directory /data/user/0/com.apps.fast.counterforce. Probable emulator.
223657 - Updating Aggressive Menace's location.
223739 - Processing radiation damage...
224139 - Processing radiation damage...
224539 - Processing radiation damage...
224939 - Processing radiation damage...
225139 - Processing health regeneration...
225339 - Processing radiation damage...
225739 - Processing radiation damage...
230000 - It's a new hour!
230000 - Performing wealth generation...
230000 - Aggressive Menace gets nothing.
230105 - Verifying ID BE58DC73B330F9471BF10B4C4CE499DAA8F8A947FCA79AD1D4078CC417A7C0DB.
230139 - Processing radiation damage...
230539 - Processing radiation damage...
230639 - Processing health regeneration...
230815 - Verifying ID 95B10419B458D53AC242D4BF75E943E2C5CED810242194275A5BA5467D1CB0B4.
230939 - Processing radiation damage...
231339 - Processing radiation damage...
231739 - Processing radiation damage...
232106 - Verifying ID BE58DC73B330F9471BF10B4C4CE499DAA8F8A947FCA79AD1D4078CC417A7C0DB.
232139 - Processing health regeneration...
232139 - Processing radiation damage...
232539 - Processing radiation damage...
232939 - Processing radiation damage...
233339 - Processing radiation damage...
233345 - Verifying ID BE58DC73B330F9471BF10B4C4CE499DAA8F8A947FCA79AD1D4078CC417A7C0DB.
233639 - Processing health regeneration...
233659 - Verifying ID BE58DC73B330F9471BF10B4C4CE499DAA8F8A947FCA79AD1D4078CC417A7C0DB.
233739 - Processing radiation damage...
234139 - Processing radiation damage...
234539 - Processing radiation damage...
234939 - Processing radiation damage...
235139 - Processing health regeneration...
235339 - Processing radiation damage...
235739 - Processing radiation damage...
