083045 - Client connected, hash 53B48A3E. Creating session.
084239 - Client connected, hash 68D3C6AE. Creating session.
085053 - Server socket established.
085126 - Client connected, hash 1B374FF3. Creating session.
085252 - Server socket established.
085252 - Client connected, hash 32A487FB. Creating session.
085252 - Client connected, hash 2F899676. Creating session.
085253 - Client connected, hash 22DBFB3E. Creating session.
085254 - Client connected, hash 47C8C448. Creating session.
085254 - Client connected, hash 6A22BEFB. Creating session.
085257 - Client connected, hash 75EFC7B9. Creating session.
085259 - Client connected, hash 0A457A99. Creating session.
085300 - Client connected, hash 5E9528E9. Creating session.
085303 - Client connected, hash 0F7F8741. Creating session.
085305 - Client connected, hash 04A64B18. Creating session.
085307 - Client connected, hash 251678A7. Creating session.
085327 - Client connected, hash 5233DE8C. Creating session.
085413 - Client connected, hash 21051E04. Creating session.
085445 - Client connected, hash 174D6FB7. Creating session.
085523 - Client connected, hash 0188EEB9. Creating session.
085556 - Client connected, hash 4D8387BA. Creating session.
094515 - Server socket established.
094526 - Client connected, hash 111A0C3E. Creating session.
100102 - Client connected, hash 27B3E177. Creating session.
101533 - Client connected, hash 63E0DE57. Creating session.
103029 - Client connected, hash 02AF38D1. Creating session.
105054 - Client connected, hash 0EA4BB49. Creating session.
110046 - Client connected, hash 36A45BB3. Creating session.
111530 - Client connected, hash 53D33956. Creating session.
113034 - Client connected, hash 28C1FA4D. Creating session.
114534 - Client connected, hash 039462EF. Creating session.
115419 - Client connected, hash 1779C8ED. Creating session.
115607 - Client connected, hash 5D2A5ADD. Creating session.
120046 - Client connected, hash 7A9ED0A7. Creating session.
120718 - Client connected, hash 5A3D5601. Creating session.
121139 - Client connected, hash 03DAD30B. Creating session.
121530 - Client connected, hash 0C299D1F. Creating session.
121708 - Client connected, hash 003E6FD5. Creating session.
121825 - Client connected, hash 3083BC8D. Creating session.
123202 - Client connected, hash 6514731D. Creating session.
123338 - Client connected, hash 2595CBC5. Creating session.
125045 - Client connected, hash 56265865. Creating session.
125302 - Client connected, hash 7B6CE1F8. Creating session.
125338 - Client connected, hash 3DA6F913. Creating session.
135954 - Server socket established.
140643 - Client connected, hash 40E026B3. Creating session.
140820 - Client connected, hash 0046E23B. Creating session.
141059 - Client connected, hash 6CB09FB5. Creating session.
141133 - Client connected, hash 445BB682. Creating session.
141138 - Client connected, hash 1E4E6925. Creating session.
141206 - Client connected, hash 292E07ED. Creating session.
141212 - Client connected, hash 418B784A. Creating session.
141413 - Client connected, hash 587D295F. Creating session.
142212 - Client connected, hash 35177434. Creating session.
142505 - Client connected, hash 6C5F1C14. Creating session.
142842 - Client connected, hash 768C60FD. Creating session.
143406 - Client connected, hash 478A88A2. Creating session.
144054 - Client connected, hash 4932E2B3. Creating session.
144210 - Client connected, hash 5D99E83D. Creating session.
144219 - Client connected, hash 4807E0FB. Creating session.
144256 - Client connected, hash 5BDBBEC1. Creating session.
144606 - Client connected, hash 0522E873. Creating session.
144702 - Client connected, hash 176820EA. Creating session.
145445 - Client connected, hash 601F1AC4. Creating session.
145616 - Client connected, hash 66B48DB0. Creating session.
145630 - Client connected, hash 74478065. Creating session.
145734 - Client connected, hash 227E9177. Creating session.
145748 - Client connected, hash 3A2F66C6. Creating session.
145756 - Client connected, hash 78B4A53E. Creating session.
151606 - Client connected, hash 30B856E5. Creating session.
151607 - Client connected, hash 669B9CAC. Creating session.
153821 - Client connected, hash 2743DFEF. Creating session.
155313 - Client connected, hash 7A83036C. Creating session.
155723 - Client connected, hash 08FE6DA7. Creating session.
160513 - Client connected, hash 323AFEE8. Creating session.
161601 - Client connected, hash 0B3FE3E7. Creating session.
162657 - Client connected, hash 6945098F. Creating session.
192052 - Client connected, hash 12ADC255. Creating session.
194434 - Client connected, hash 7785B356. Creating session.
194434 - Client connected, hash 03D1569A. Creating session.
194434 - Client connected, hash 42993E1E. Creating session.
200803 - Client connected, hash 3E5AF372. Creating session.
203950 - Client connected, hash 649FF8EC. Creating session.
205342 - Client connected, hash 6DF31763. Creating session.
212427 - Client connected, hash 6691BD0D. Creating session.
213135 - Client connected, hash 0F3913CE. Creating session.
224217 - Shut down instruction received...
224217 - ...All sessions are closed.
224226 - Shut down instruction received...
224226 - ...All sessions are closed.
224229 - Shut down instruction received...
224229 - ...All sessions are closed.
224230 - Shut down instruction received...
224230 - ...All sessions are closed.
224232 - Shut down instruction received...
224232 - ...All sessions are closed.
224320 - Shut down instruction received...
224320 - ...All sessions are closed.
224602 - Server socket established.
225002 - Client connected, hash 1A9E1836. Creating session.
225510 - Client connected, hash 29ACF5BE. Creating session.
225608 - Client connected, hash 7EC8E020. Creating session.
225641 - Client connected, hash 4132797D. Creating session.
225728 - Client connected, hash 54D9600C. Creating session.
