000000 - It's a new hour!
000000 - Performing wealth generation...
000000 - Aggressive Menace gets nothing.
000106 - Verifying ID BE58DC73B330F9471BF10B4C4CE499DAA8F8A947FCA79AD1D4078CC417A7C0DB.
000139 - Processing radiation damage...
000539 - Processing radiation damage...
000639 - Processing health regeneration...
000939 - Processing radiation damage...
001339 - Processing radiation damage...
001739 - Processing radiation damage...
002106 - Verifying ID BE58DC73B330F9471BF10B4C4CE499DAA8F8A947FCA79AD1D4078CC417A7C0DB.
002138 - Saving game.
002139 - Processing health regeneration...
002139 - Processing radiation damage...
002539 - Processing radiation damage...
002939 - Processing radiation damage...
003339 - Processing radiation damage...
003639 - Processing health regeneration...
003739 - Processing radiation damage...
004139 - Processing radiation damage...
004539 - Processing radiation damage...
004939 - Processing radiation damage...
005139 - Processing health regeneration...
005339 - Processing radiation damage...
005739 - Processing radiation damage...
010000 - It's a new hour!
010000 - Performing wealth generation...
010000 - Aggressive Menace gets nothing.
010139 - Processing radiation damage...
010539 - Processing radiation damage...
010639 - Processing health regeneration...
010939 - Processing radiation damage...
011339 - Processing radiation damage...
011739 - Processing radiation damage...
012139 - Processing health regeneration...
012139 - Processing radiation damage...
012539 - Processing radiation damage...
012939 - Processing radiation damage...
013115 - Verifying ID BE58DC73B330F9471BF10B4C4CE499DAA8F8A947FCA79AD1D4078CC417A7C0DB.
013124 - Verifying ID BE58DC73B330F9471BF10B4C4CE499DAA8F8A947FCA79AD1D4078CC417A7C0DB.
013339 - Processing radiation damage...
013639 - Processing health regeneration...
013739 - Processing radiation damage...
014028 - Verifying ID BE58DC73B330F9471BF10B4C4CE499DAA8F8A947FCA79AD1D4078CC417A7C0DB.
014139 - Processing radiation damage...
014539 - Processing radiation damage...
014939 - Processing radiation damage...
015139 - Processing health regeneration...
015249 - Verifying ID BE58DC73B330F9471BF10B4C4CE499DAA8F8A947FCA79AD1D4078CC417A7C0DB.
015339 - Processing radiation damage...
015739 - Processing radiation damage...
020000 - It's a new hour!
020000 - Performing wealth generation...
020000 - Aggressive Menace gets nothing.
020139 - Processing radiation damage...
020539 - Processing radiation damage...
020639 - Processing health regeneration...
020858 - Verifying ID BE58DC73B330F9471BF10B4C4CE499DAA8F8A947FCA79AD1D4078CC417A7C0DB.
020939 - Processing radiation damage...
021339 - Processing radiation damage...
021739 - Processing radiation damage...
022138 - Saving game.
022139 - Processing health regeneration...
022139 - Processing radiation damage...
022456 - Verifying ID BE58DC73B330F9471BF10B4C4CE499DAA8F8A947FCA79AD1D4078CC417A7C0DB.
022539 - Processing radiation damage...
022939 - Processing radiation damage...
023339 - Processing radiation damage...
023639 - Processing health regeneration...
023700 - Verifying ID BE58DC73B330F9471BF10B4C4CE499DAA8F8A947FCA79AD1D4078CC417A7C0DB.
023739 - Processing radiation damage...
024139 - Processing radiation damage...
024539 - Processing radiation damage...
024939 - Processing radiation damage...
025139 - Processing health regeneration...
025301 - Verifying ID BE58DC73B330F9471BF10B4C4CE499DAA8F8A947FCA79AD1D4078CC417A7C0DB.
025339 - Processing radiation damage...
025739 - Processing radiation damage...
030000 - It's a new hour!
030000 - Performing wealth generation...
030000 - Aggressive Menace gets nothing.
030139 - Processing radiation damage...
030539 - Processing radiation damage...
030639 - Processing health regeneration...
030752 - Verifying ID BE58DC73B330F9471BF10B4C4CE499DAA8F8A947FCA79AD1D4078CC417A7C0DB.
030939 - Processing radiation damage...
031339 - Processing radiation damage...
031739 - Processing radiation damage...
032139 - Processing health regeneration...
032139 - Processing radiation damage...
032419 - Verifying ID BE58DC73B330F9471BF10B4C4CE499DAA8F8A947FCA79AD1D4078CC417A7C0DB.
032539 - Processing radiation damage...
032939 - Processing radiation damage...
033339 - Processing radiation damage...
033639 - Processing health regeneration...
033712 - Verifying ID BE58DC73B330F9471BF10B4C4CE499DAA8F8A947FCA79AD1D4078CC417A7C0DB.
033739 - Processing radiation damage...
034139 - Processing radiation damage...
034539 - Processing radiation damage...
034939 - Processing radiation damage...
035139 - Processing health regeneration...
035231 - Verifying ID BE58DC73B330F9471BF10B4C4CE499DAA8F8A947FCA79AD1D4078CC417A7C0DB.
035339 - Processing radiation damage...
035739 - Processing radiation damage...
040000 - It's a new hour!
040000 - Performing wealth generation...
040000 - Aggressive Menace gets nothing.
040139 - Processing radiation damage...
040539 - Processing radiation damage...
040639 - Processing health regeneration...
040924 - Verifying ID BE58DC73B330F9471BF10B4C4CE499DAA8F8A947FCA79AD1D4078CC417A7C0DB.
040939 - Processing radiation damage...
041339 - Processing radiation damage...
041739 - Processing radiation damage...
042138 - Saving game.
042139 - Processing health regeneration...
042139 - Processing radiation damage...
042243 - Verifying ID BE58DC73B330F9471BF10B4C4CE499DAA8F8A947FCA79AD1D4078CC417A7C0DB.
042539 - Processing radiation damage...
042939 - Processing radiation damage...
043339 - Processing radiation damage...
043639 - Processing health regeneration...
043729 - Verifying ID BE58DC73B330F9471BF10B4C4CE499DAA8F8A947FCA79AD1D4078CC417A7C0DB.
043739 - Processing radiation damage...
044139 - Processing radiation damage...
044539 - Processing radiation damage...
044939 - Processing radiation damage...
045139 - Processing health regeneration...
045224 - Verifying ID BE58DC73B330F9471BF10B4C4CE499DAA8F8A947FCA79AD1D4078CC417A7C0DB.
045339 - Processing radiation damage...
045739 - Processing radiation damage...
050000 - It's a new hour!
050000 - Performing wealth generation...
050000 - Aggressive Menace gets nothing.
050139 - Processing radiation damage...
050539 - Processing radiation damage...
050639 - Processing health regeneration...
050756 - Verifying ID BE58DC73B330F9471BF10B4C4CE499DAA8F8A947FCA79AD1D4078CC417A7C0DB.
050939 - Processing radiation damage...
051339 - Processing radiation damage...
051739 - Processing radiation damage...
052139 - Processing health regeneration...
052139 - Processing radiation damage...
052245 - Verifying ID BE58DC73B330F9471BF10B4C4CE499DAA8F8A947FCA79AD1D4078CC417A7C0DB.
052539 - Processing radiation damage...
052939 - Processing radiation damage...
053339 - Processing radiation damage...
053639 - Processing health regeneration...
053732 - Verifying ID BE58DC73B330F9471BF10B4C4CE499DAA8F8A947FCA79AD1D4078CC417A7C0DB.
053739 - Processing radiation damage...
054139 - Processing radiation damage...
054539 - Processing radiation damage...
054939 - Processing radiation damage...
055139 - Processing health regeneration...
055231 - Verifying ID BE58DC73B330F9471BF10B4C4CE499DAA8F8A947FCA79AD1D4078CC417A7C0DB.
055339 - Processing radiation damage...
055739 - Processing radiation damage...
060000 - It's a new hour!
060000 - Performing wealth generation...
060000 - Aggressive Menace gets nothing.
060139 - Processing radiation damage...
060539 - Processing radiation damage...
060639 - Processing health regeneration...
060755 - Verifying ID BE58DC73B330F9471BF10B4C4CE499DAA8F8A947FCA79AD1D4078CC417A7C0DB.
060939 - Processing radiation damage...
061339 - Processing radiation damage...
061739 - Processing radiation damage...
062138 - Saving game.
062139 - Processing health regeneration...
062139 - Processing radiation damage...
062400 - Verifying ID BE58DC73B330F9471BF10B4C4CE499DAA8F8A947FCA79AD1D4078CC417A7C0DB.
062539 - Processing radiation damage...
062939 - Processing radiation damage...
063339 - Processing radiation damage...
063639 - Processing health regeneration...
063739 - Processing radiation damage...
063749 - Verifying ID BE58DC73B330F9471BF10B4C4CE499DAA8F8A947FCA79AD1D4078CC417A7C0DB.
064139 - Processing radiation damage...
064539 - Processing radiation damage...
064939 - Processing radiation damage...
065139 - Processing health regeneration...
065213 - Verifying ID BE58DC73B330F9471BF10B4C4CE499DAA8F8A947FCA79AD1D4078CC417A7C0DB.
065339 - Processing radiation damage...
065739 - Processing radiation damage...
070000 - It's a new hour!
070000 - Performing wealth generation...
070000 - Aggressive Menace gets nothing.
070139 - Processing radiation damage...
070539 - Processing radiation damage...
070639 - Processing health regeneration...
070659 - Verifying ID BE58DC73B330F9471BF10B4C4CE499DAA8F8A947FCA79AD1D4078CC417A7C0DB.
070939 - Processing radiation damage...
071339 - Processing radiation damage...
071739 - Processing radiation damage...
072139 - Processing health regeneration...
072139 - Processing radiation damage...
072204 - Verifying ID BE58DC73B330F9471BF10B4C4CE499DAA8F8A947FCA79AD1D4078CC417A7C0DB.
072539 - Processing radiation damage...
072939 - Processing radiation damage...
073339 - Processing radiation damage...
073639 - Processing health regeneration...
073739 - Processing radiation damage...
074128 - Verifying ID BE58DC73B330F9471BF10B4C4CE499DAA8F8A947FCA79AD1D4078CC417A7C0DB.
074139 - Processing radiation damage...
074539 - Processing radiation damage...
074939 - Processing radiation damage...
075139 - Processing health regeneration...
075159 - Verifying ID BE58DC73B330F9471BF10B4C4CE499DAA8F8A947FCA79AD1D4078CC417A7C0DB.
075339 - Processing radiation damage...
075739 - Processing radiation damage...
080000 - It's a new hour!
080000 - Performing wealth generation...
080000 - Aggressive Menace gets nothing.
080139 - Processing radiation damage...
080539 - Processing radiation damage...
080639 - Processing health regeneration...
080752 - Verifying ID BE58DC73B330F9471BF10B4C4CE499DAA8F8A947FCA79AD1D4078CC417A7C0DB.
080939 - Processing radiation damage...
081339 - Processing radiation damage...
081739 - Processing radiation damage...
082138 - Saving game.
082139 - Processing health regeneration...
082139 - Processing radiation damage...
082202 - Verifying ID BE58DC73B330F9471BF10B4C4CE499DAA8F8A947FCA79AD1D4078CC417A7C0DB.
082541 - Processing radiation damage...
082941 - Processing radiation damage...
083341 - Processing radiation damage...
083641 - Processing health regeneration...
083702 - Verifying ID BE58DC73B330F9471BF10B4C4CE499DAA8F8A947FCA79AD1D4078CC417A7C0DB.
083741 - Processing radiation damage...
084141 - Processing radiation damage...
084541 - Processing radiation damage...
084941 - Processing radiation damage...
085141 - Processing health regeneration...
085201 - Verifying ID BE58DC73B330F9471BF10B4C4CE499DAA8F8A947FCA79AD1D4078CC417A7C0DB.
085341 - Processing radiation damage...
085741 - Processing radiation damage...
090000 - It's a new hour!
090000 - Performing wealth generation...
090000 - Aggressive Menace gets nothing.
090141 - Processing radiation damage...
090541 - Processing radiation damage...
090641 - Processing health regeneration...
090701 - Verifying ID BE58DC73B330F9471BF10B4C4CE499DAA8F8A947FCA79AD1D4078CC417A7C0DB.
090941 - Processing radiation damage...
091341 - Processing radiation damage...
091741 - Processing radiation damage...
092141 - Processing health regeneration...
092141 - Processing radiation damage...
092541 - Processing radiation damage...
092910 - Verifying ID BE58DC73B330F9471BF10B4C4CE499DAA8F8A947FCA79AD1D4078CC417A7C0DB.
092941 - Processing radiation damage...
093341 - Processing radiation damage...
093641 - Processing health regeneration...
093741 - Processing radiation damage...
093745 - Verifying ID BE58DC73B330F9471BF10B4C4CE499DAA8F8A947FCA79AD1D4078CC417A7C0DB.
094141 - Processing radiation damage...
094541 - Processing radiation damage...
094941 - Processing radiation damage...
095141 - Processing health regeneration...
095341 - Processing radiation damage...
095606 - Verifying ID BE58DC73B330F9471BF10B4C4CE499DAA8F8A947FCA79AD1D4078CC417A7C0DB.
095741 - Processing radiation damage...
100000 - It's a new hour!
100000 - Performing wealth generation...
100000 - Aggressive Menace gets nothing.
100141 - Processing radiation damage...
100541 - Processing radiation damage...
100641 - Processing health regeneration...
100941 - Processing radiation damage...
101341 - Processing radiation damage...
101741 - Processing radiation damage...
102140 - Saving game.
102141 - Processing health regeneration...
102141 - Processing radiation damage...
102541 - Processing radiation damage...
102941 - Processing radiation damage...
103341 - Processing radiation damage...
103641 - Processing health regeneration...
103741 - Processing radiation damage...
104141 - Processing radiation damage...
104541 - Processing radiation damage...
104941 - Processing radiation damage...
105141 - Processing health regeneration...
105341 - Processing radiation damage...
105741 - Processing radiation damage...
110000 - It's a new hour!
110000 - Performing wealth generation...
110000 - Aggressive Menace gets nothing.
110141 - Processing radiation damage...
110541 - Processing radiation damage...
110641 - Processing health regeneration...
110941 - Processing radiation damage...
111341 - Processing radiation damage...
111741 - Processing radiation damage...
112141 - Processing health regeneration...
112141 - Processing radiation damage...
112541 - Processing radiation damage...
112941 - Processing radiation damage...
113341 - Processing radiation damage...
113641 - Processing health regeneration...
113741 - Processing radiation damage...
114141 - Processing radiation damage...
114541 - Processing radiation damage...
114941 - Processing radiation damage...
115141 - Processing health regeneration...
115341 - Processing radiation damage...
