062059 - It's a new hour!
062100 - Performing wealth generation...
062101 - Testy gets nothing.
062101 - Processing health regeneration...
062101 - Processing radiation damage...
062101 - Processing radiation damage...
062101 - Processing radiation damage...
062101 - Processing radiation damage...
062101 - Processing radiation damage...
062101 - Processing radiation damage...
062101 - Processing radiation damage...
062101 - Testy charged for online missile site.
062101 - Processing health regeneration...
062101 - Processing radiation damage...
062101 - Processing radiation damage...
062101 - Processing radiation damage...
062101 - Processing radiation damage...
062101 - Processing radiation damage...
062101 - Processing radiation damage...
062101 - Processing radiation damage...
062101 - Processing radiation damage...
062101 - Processing health regeneration...
062101 - Processing radiation damage...
062101 - Processing radiation damage...
062102 - Processing radiation damage...
062102 - Processing radiation damage...
062102 - Processing radiation damage...
062102 - Processing radiation damage...
062102 - Processing radiation damage...
062102 - Processing health regeneration...
062102 - Processing radiation damage...
062102 - Saving game.
062102 - Processing radiation damage...
062102 - Processing radiation damage...
062102 - Processing radiation damage...
062102 - Processing radiation damage...
062102 - Processing radiation damage...
062102 - Processing radiation damage...
062102 - Processing radiation damage...
062102 - Processing health regeneration...
062102 - Processing radiation damage...
062102 - Processing radiation damage...
062102 - Processing radiation damage...
062102 - Processing radiation damage...
062102 - Processing radiation damage...
062102 - Processing radiation damage...
062102 - Processing radiation damage...
062102 - Testy charged for online missile site.
062102 - Processing health regeneration...
062102 - Processing radiation damage...
062102 - Processing radiation damage...
062102 - Processing radiation damage...
062102 - Processing radiation damage...
062102 - Processing radiation damage...
062102 - Processing radiation damage...
062102 - Processing radiation damage...
062102 - Processing radiation damage...
062102 - Processing health regeneration...
062102 - Processing radiation damage...
062102 - Processing radiation damage...
062102 - Processing radiation damage...
062102 - Processing radiation damage...
062102 - Processing radiation damage...
062102 - Processing radiation damage...
062102 - Processing radiation damage...
062102 - Processing health regeneration...
062102 - Processing radiation damage...
062102 - Processing radiation damage...
062102 - Processing radiation damage...
062102 - Processing radiation damage...
062102 - Processing radiation damage...
062102 - Processing radiation damage...
062102 - Processing radiation damage...
062102 - Processing radiation damage...
062102 - Processing health regeneration...
062102 - Processing radiation damage...
062102 - Processing radiation damage...
062102 - Processing radiation damage...
062102 - Processing radiation damage...
062102 - Processing radiation damage...
062102 - Processing radiation damage...
062102 - Processing radiation damage...
062102 - Testy charged for online missile site.
062102 - Processing health regeneration...
062102 - Processing radiation damage...
062102 - Processing radiation damage...
062102 - Processing radiation damage...
062102 - Processing radiation damage...
062102 - Processing radiation damage...
062102 - Processing radiation damage...
062102 - Processing radiation damage...
062102 - Processing radiation damage...
062102 - Processing health regeneration...
062102 - Processing radiation damage...
062102 - Processing radiation damage...
062102 - Processing radiation damage...
062102 - Processing radiation damage...
062102 - Processing radiation damage...
062102 - Processing radiation damage...
062102 - Processing radiation damage...
062102 - Processing health regeneration...
062102 - Processing radiation damage...
062102 - Saving game.
062103 - Processing radiation damage...
062103 - Processing radiation damage...
062103 - Processing radiation damage...
062103 - Processing radiation damage...
062103 - Processing radiation damage...
062103 - Processing radiation damage...
062103 - Processing radiation damage...
062103 - Processing health regeneration...
062103 - Processing radiation damage...
062103 - Processing radiation damage...
062103 - Processing radiation damage...
062103 - Processing radiation damage...
062103 - Processing radiation damage...
062103 - Processing radiation damage...
062103 - Processing radiation damage...
062103 - Testy charged for online missile site.
062103 - Processing health regeneration...
062103 - Processing radiation damage...
062103 - Processing radiation damage...
062103 - Processing radiation damage...
062103 - Processing radiation damage...
062103 - Processing radiation damage...
062103 - Processing radiation damage...
062103 - Processing radiation damage...
062103 - Processing radiation damage...
062103 - Processing health regeneration...
062103 - Processing radiation damage...
062103 - Processing radiation damage...
062103 - Processing radiation damage...
062103 - Processing radiation damage...
062103 - Processing radiation damage...
062103 - Processing radiation damage...
062103 - Processing radiation damage...
062103 - Processing health regeneration...
062103 - Processing radiation damage...
062103 - Processing radiation damage...
062103 - Processing radiation damage...
062103 - Processing radiation damage...
062103 - Processing radiation damage...
062103 - Processing radiation damage...
062103 - Processing radiation damage...
062103 - Processing radiation damage...
062103 - Processing health regeneration...
062103 - Processing radiation damage...
062103 - Processing radiation damage...
062103 - Processing radiation damage...
062103 - Processing radiation damage...
062103 - Processing radiation damage...
062103 - Processing radiation damage...
062103 - Processing radiation damage...
062103 - Testy charged for online missile site.
062103 - Processing health regeneration...
062103 - Processing radiation damage...
062103 - Processing radiation damage...
062103 - Processing radiation damage...
062103 - Processing radiation damage...
062103 - Processing radiation damage...
062103 - Processing radiation damage...
062103 - Processing radiation damage...
062103 - Processing radiation damage...
062103 - Processing health regeneration...
062103 - Processing radiation damage...
062103 - Processing radiation damage...
062103 - Processing radiation damage...
062103 - Processing radiation damage...
062103 - Processing radiation damage...
062103 - Processing radiation damage...
062103 - Processing radiation damage...
062103 - Processing health regeneration...
062103 - Processing radiation damage...
062103 - Saving game.
062103 - Processing radiation damage...
062103 - Processing radiation damage...
062103 - Processing radiation damage...
062103 - Processing radiation damage...
062103 - Processing radiation damage...
062103 - Processing radiation damage...
062103 - Processing radiation damage...
062103 - Processing health regeneration...
062103 - Processing radiation damage...
062103 - Processing radiation damage...
062103 - Processing radiation damage...
062103 - Processing radiation damage...
062103 - Processing radiation damage...
062103 - Processing radiation damage...
062103 - Processing radiation damage...
062103 - Testy charged for online missile site.
062103 - Processing health regeneration...
062103 - Processing radiation damage...
062103 - Processing radiation damage...
062103 - Processing radiation damage...
062103 - Processing radiation damage...
062103 - Processing radiation damage...
062103 - Processing radiation damage...
062103 - Processing radiation damage...
062103 - Processing radiation damage...
062103 - Processing health regeneration...
062103 - Processing radiation damage...
062103 - Processing radiation damage...
062103 - Processing radiation damage...
062103 - Processing radiation damage...
062103 - Processing radiation damage...
062103 - Processing radiation damage...
062103 - Processing radiation damage...
062103 - Processing health regeneration...
062103 - Processing radiation damage...
062103 - Processing radiation damage...
062103 - Processing radiation damage...
062103 - Processing radiation damage...
062103 - Processing radiation damage...
062103 - Processing radiation damage...
062103 - Processing radiation damage...
062103 - Processing radiation damage...
062103 - Processing health regeneration...
062103 - Processing radiation damage...
062103 - Processing radiation damage...
062103 - Processing radiation damage...
062103 - Processing radiation damage...
062103 - Processing radiation damage...
062103 - Processing radiation damage...
062103 - Processing radiation damage...
062103 - Testy charged for online missile site.
062103 - Processing health regeneration...
062103 - Processing radiation damage...
062103 - Processing radiation damage...
062103 - Processing radiation damage...
062103 - Processing radiation damage...
062103 - Processing radiation damage...
062103 - Processing radiation damage...
062103 - Processing radiation damage...
062103 - Processing radiation damage...
062103 - Processing health regeneration...
062103 - Processing radiation damage...
062103 - Processing radiation damage...
062103 - Processing radiation damage...
062103 - Processing radiation damage...
062103 - Processing radiation damage...
062103 - Processing radiation damage...
062103 - Processing radiation damage...
062103 - Processing health regeneration...
062103 - Processing radiation damage...
062103 - Saving game.
062104 - Processing radiation damage...
062104 - Processing radiation damage...
062104 - Processing radiation damage...
062104 - Processing radiation damage...
062104 - Processing radiation damage...
062104 - Processing radiation damage...
062104 - Processing radiation damage...
062104 - Processing health regeneration...
062104 - Processing radiation damage...
062104 - Processing radiation damage...
062104 - Processing radiation damage...
062104 - Processing radiation damage...
062104 - Processing radiation damage...
062104 - Processing radiation damage...
062104 - Processing radiation damage...
062104 - Testy charged for online missile site.
062104 - Processing health regeneration...
062104 - Processing radiation damage...
062104 - Processing radiation damage...
062104 - Processing radiation damage...
062104 - Processing radiation damage...
062104 - Processing radiation damage...
062104 - Processing radiation damage...
062104 - Processing radiation damage...
062104 - Processing radiation damage...
062104 - Processing health regeneration...
062104 - Processing radiation damage...
062104 - Processing radiation damage...
062104 - Processing radiation damage...
062104 - Processing radiation damage...
062104 - Processing radiation damage...
062104 - Processing radiation damage...
062104 - Processing radiation damage...
062104 - Processing health regeneration...
062104 - Processing radiation damage...
062104 - Processing radiation damage...
062104 - Processing radiation damage...
062104 - Processing radiation damage...
062104 - Processing radiation damage...
062104 - Processing radiation damage...
062104 - Processing radiation damage...
062104 - Processing radiation damage...
062104 - Processing health regeneration...
062104 - Processing radiation damage...
062104 - Processing radiation damage...
062104 - Processing radiation damage...
062104 - Processing radiation damage...
062104 - Processing radiation damage...
062104 - Processing radiation damage...
062104 - Processing radiation damage...
095234 - It's a new hour!
095236 - Performing wealth generation...
095236 - Testy gets nothing.
095236 - Testy charged for online missile site.
095236 - Processing health regeneration...
095236 - Processing radiation damage...
095236 - Processing radiation damage...
095236 - Processing radiation damage...
095236 - Processing radiation damage...
095236 - Processing radiation damage...
095236 - Processing radiation damage...
095236 - Processing radiation damage...
095236 - Processing radiation damage...
095236 - Processing health regeneration...
095236 - Processing radiation damage...
095236 - Processing radiation damage...
095236 - Processing radiation damage...
095236 - Processing radiation damage...
095236 - Processing radiation damage...
095236 - Processing radiation damage...
095236 - Processing radiation damage...
095236 - Processing health regeneration...
095236 - Processing radiation damage...
095236 - Saving game.
095238 - Processing radiation damage...
095238 - Processing radiation damage...
095238 - Processing radiation damage...
095238 - Processing radiation damage...
095238 - Processing radiation damage...
095238 - Processing radiation damage...
095238 - Processing radiation damage...
095238 - Processing health regeneration...
095238 - Processing radiation damage...
095238 - Processing radiation damage...
095238 - Processing radiation damage...
095238 - Processing radiation damage...
095238 - Processing radiation damage...
095238 - Processing radiation damage...
095238 - Processing radiation damage...
095238 - Testy charged for online missile site.
095238 - Processing health regeneration...
095238 - Processing radiation damage...
095238 - Processing radiation damage...
095238 - Processing radiation damage...
095238 - Processing radiation damage...
095238 - Processing radiation damage...
095238 - Processing radiation damage...
095238 - Processing radiation damage...
095238 - Processing radiation damage...
095238 - Processing health regeneration...
095238 - Processing radiation damage...
095238 - Processing radiation damage...
095238 - Processing radiation damage...
095238 - Processing radiation damage...
095238 - Processing radiation damage...
095238 - Processing radiation damage...
095238 - Processing radiation damage...
095238 - Processing health regeneration...
095238 - Processing radiation damage...
095238 - Processing radiation damage...
095238 - Processing radiation damage...
095238 - Processing radiation damage...
095238 - Processing radiation damage...
095238 - Processing radiation damage...
095238 - Processing radiation damage...
095238 - Processing radiation damage...
095238 - Processing health regeneration...
095238 - Processing radiation damage...
095238 - Processing radiation damage...
095238 - Processing radiation damage...
095238 - Processing radiation damage...
095238 - Processing radiation damage...
095238 - Processing radiation damage...
095238 - Processing radiation damage...
095238 - Testy charged for online missile site.
095238 - Processing health regeneration...
095238 - Processing radiation damage...
095238 - Processing radiation damage...
095238 - Processing radiation damage...
095238 - Processing radiation damage...
095238 - Processing radiation damage...
095238 - Processing radiation damage...
095238 - Processing radiation damage...
095238 - Processing radiation damage...
095238 - Processing health regeneration...
095238 - Processing radiation damage...
095238 - Processing radiation damage...
095238 - Processing radiation damage...
095238 - Processing radiation damage...
095238 - Processing radiation damage...
095238 - Processing radiation damage...
095238 - Processing radiation damage...
095238 - Processing health regeneration...
095238 - Processing radiation damage...
095238 - Saving game.
095239 - Processing radiation damage...
095239 - Processing radiation damage...
095239 - Processing radiation damage...
095239 - Processing radiation damage...
095239 - Processing radiation damage...
095239 - Processing radiation damage...
095239 - Processing radiation damage...
095239 - Processing health regeneration...
095239 - Processing radiation damage...
095239 - Processing radiation damage...
095239 - Processing radiation damage...
095239 - Processing radiation damage...
095239 - Processing radiation damage...
095239 - Processing radiation damage...
095239 - Processing radiation damage...
095239 - Testy charged for online missile site.
095239 - Processing health regeneration...
095239 - Processing radiation damage...
095239 - Processing radiation damage...
095239 - Processing radiation damage...
095239 - Processing radiation damage...
095239 - Processing radiation damage...
095239 - Processing radiation damage...
095239 - Processing radiation damage...
095239 - Processing radiation damage...
095239 - Processing health regeneration...
095239 - Processing radiation damage...
095239 - Processing radiation damage...
095239 - Processing radiation damage...
095239 - Processing radiation damage...
095239 - Processing radiation damage...
095239 - Processing radiation damage...
095239 - Processing radiation damage...
095251 - Processing health regeneration...
095251 - Processing radiation damage...
095341 - Verifying ID 40F224674D479514D8E2642E3E50C395BA0EF34CFBAEBB4EF20D6438CF6A490F.
095451 - Processing radiation damage...
095651 - Processing radiation damage...
095851 - Processing radiation damage...
100000 - It's a new hour!
100000 - Performing wealth generation...
100000 - Testy gets nothing.
100051 - Processing radiation damage...
100251 - Processing radiation damage...
100451 - Processing radiation damage...
100651 - Processing radiation damage...
100751 - Processing health regeneration...
100851 - Processing radiation damage...
101051 - Processing radiation damage...
101251 - Processing radiation damage...
101329 - Verifying ID 40F224674D479514D8E2642E3E50C395BA0EF34CFBAEBB4EF20D6438CF6A490F.
101451 - Processing radiation damage...
101651 - Processing radiation damage...
101851 - Processing radiation damage...
102051 - Processing radiation damage...
102208 - Testy charged for online missile site.
102251 - Processing health regeneration...
102251 - Processing radiation damage...
102451 - Processing radiation damage...
102651 - Processing radiation damage...
102835 - Verifying ID 40F224674D479514D8E2642E3E50C395BA0EF34CFBAEBB4EF20D6438CF6A490F.
102851 - Processing radiation damage...
103051 - Processing radiation damage...
105737 - Starting services...
105737 - ...Started.
105737 - Processing health regeneration...
105737 - Processing radiation damage...
105758 - Verifying ID 40F224674D479514D8E2642E3E50C395BA0EF34CFBAEBB4EF20D6438CF6A490F.
105803 - Checking availability of Biscuit...
105803 - It's available.
105803 - Verifying ID 40F224674D479514D8E2642E3E50C395BA0EF34CFBAEBB4EF20D6438CF6A490F.
105803 - Checking availability of Biscuit...
105803 - It's available.
105803 - Verifying ID 40F224674D479514D8E2642E3E50C395BA0EF34CFBAEBB4EF20D6438CF6A490F.
105803 - Creating a player.
105803 - (Event) Give a warm, explosive welcome to Biscuit, who has joined the Game!
105803 - (Report) Give a warm, explosive welcome to Biscuit, who has joined the Game!
105804 - Verifying ID 40F224674D479514D8E2642E3E50C395BA0EF34CFBAEBB4EF20D6438CF6A490F.
105804 - (Report -> Admins) Player Biscuit has funky data directory /data/user/0/com.apps.fast.counterforce. Probable emulator.
105804 - Biscuit's respawn protection time expired.
105809 - Updating Biscuit's location.
105809 - Performed multiaccounting check for Biscuit
105813 - Biscuit is attempting to respawn...
105813 - (Event) Biscuit respawned.
105814 - Updating Biscuit's location.
105819 - Updating Biscuit's location.
105824 - Updating Biscuit's location.
105829 - Updating Biscuit's location.
105834 - Updating Biscuit's location.
105839 - Updating Biscuit's location.
105844 - Updating Biscuit's location.
105849 - Updating Biscuit's location.
105854 - Updating Biscuit's location.
105859 - Updating Biscuit's location.
105904 - Updating Biscuit's location.
105909 - Updating Biscuit's location.
105914 - Updating Biscuit's location.
105919 - Updating Biscuit's location.
105924 - Updating Biscuit's location.
105929 - Updating Biscuit's location.
105934 - Updating Biscuit's location.
105937 - Processing radiation damage...
105939 - Updating Biscuit's location.
105944 - Updating Biscuit's location.
105949 - Updating Biscuit's location.
105954 - Updating Biscuit's location.
105959 - Updating Biscuit's location.
110000 - It's a new hour!
110000 - Performing wealth generation...
110000 - Biscuit gets nothing.
110004 - Updating Biscuit's location.
110009 - Updating Biscuit's location.
110014 - Updating Biscuit's location.
110019 - Updating Biscuit's location.
110024 - Updating Biscuit's location.
110029 - Updating Biscuit's location.
110034 - Updating Biscuit's location.
110039 - Updating Biscuit's location.
110044 - Updating Biscuit's location.
110049 - Updating Biscuit's location.
110054 - Updating Biscuit's location.
110059 - Updating Biscuit's location.
110137 - Processing radiation damage...
110337 - Processing radiation damage...
110537 - Processing radiation damage...
110737 - Processing radiation damage...
110937 - Processing radiation damage...
111137 - Processing radiation damage...
111237 - Processing health regeneration...
111337 - Processing radiation damage...
111537 - Processing radiation damage...
111737 - Processing radiation damage...
111937 - Processing radiation damage...
112137 - Processing radiation damage...
113811 - Processing radiation damage...
113811 - Processing radiation damage...
113811 - Processing health regeneration...
113811 - Processing radiation damage...
113811 - Processing radiation damage...
113811 - Processing radiation damage...
113811 - Processing radiation damage...
113811 - Processing radiation damage...
113811 - Processing radiation damage...
113937 - Processing radiation damage...
114137 - Processing radiation damage...
114237 - Processing health regeneration...
114337 - Processing radiation damage...
114537 - Processing radiation damage...
114737 - Processing radiation damage...
114937 - Processing radiation damage...
115137 - Processing radiation damage...
115337 - Processing radiation damage...
115537 - Processing radiation damage...
115737 - Processing health regeneration...
115737 - Processing radiation damage...
115937 - Processing radiation damage...
120000 - It's a new hour!
120000 - Performing wealth generation...
120000 - Biscuit gets nothing.
120137 - Processing radiation damage...
120337 - Processing radiation damage...
120537 - Processing radiation damage...
120737 - Processing radiation damage...
120937 - Processing radiation damage...
121137 - Processing radiation damage...
121237 - Processing health regeneration...
121337 - Processing radiation damage...
121537 - Processing radiation damage...
121737 - Processing radiation damage...
121937 - Processing radiation damage...
122137 - Processing radiation damage...
122337 - Processing radiation damage...
122537 - Processing radiation damage...
122737 - Processing health regeneration...
122737 - Processing radiation damage...
122937 - Processing radiation damage...
123137 - Processing radiation damage...
123337 - Processing radiation damage...
123537 - Processing radiation damage...
123737 - Processing radiation damage...
123937 - Processing radiation damage...
124137 - Processing radiation damage...
124237 - Processing health regeneration...
124337 - Processing radiation damage...
124537 - Processing radiation damage...
125242 - Processing radiation damage...
125242 - Processing radiation damage...
125242 - Processing radiation damage...
125337 - Processing radiation damage...
125537 - Processing radiation damage...
125736 - Saving game.
125737 - Processing health regeneration...
125737 - Processing radiation damage...
125937 - Processing radiation damage...
130000 - It's a new hour!
130000 - Performing wealth generation...
130000 - Biscuit gets nothing.
130137 - Processing radiation damage...
130337 - Processing radiation damage...
130537 - Processing radiation damage...
130737 - Processing radiation damage...
130937 - Processing radiation damage...
131137 - Processing radiation damage...
131237 - Processing health regeneration...
131337 - Processing radiation damage...
131537 - Processing radiation damage...
131737 - Processing radiation damage...
131937 - Processing radiation damage...
132137 - Processing radiation damage...
132337 - Processing radiation damage...
132537 - Processing radiation damage...
132737 - Processing health regeneration...
132737 - Processing radiation damage...
132937 - Processing radiation damage...
133137 - Processing radiation damage...
134523 - Processing radiation damage...
134523 - Processing radiation damage...
134524 - Processing radiation damage...
134524 - Processing radiation damage...
134524 - Processing radiation damage...
134524 - Processing health regeneration...
134524 - Processing radiation damage...
134537 - Processing radiation damage...
134737 - Processing radiation damage...
134937 - Processing radiation damage...
143353 - It's a new hour!
143353 - Performing wealth generation...
143353 - Biscuit gets nothing.
143353 - Processing radiation damage...
143354 - Processing radiation damage...
143354 - Processing radiation damage...
143354 - Processing health regeneration...
143354 - Processing radiation damage...
143354 - Processing radiation damage...
143354 - Processing radiation damage...
143354 - Processing radiation damage...
143354 - Processing radiation damage...
143354 - Processing radiation damage...
143354 - Processing radiation damage...
143354 - Processing radiation damage...
143354 - Processing health regeneration...
143354 - Processing radiation damage...
143354 - Processing radiation damage...
143354 - Processing radiation damage...
143354 - Processing radiation damage...
143354 - Processing radiation damage...
143354 - Processing radiation damage...
143354 - Processing radiation damage...
143354 - Processing health regeneration...
143354 - Processing radiation damage...
143354 - Processing radiation damage...
143354 - Processing radiation damage...
143354 - Processing radiation damage...
143537 - Processing radiation damage...
143737 - Processing radiation damage...
143937 - Processing radiation damage...
144137 - Processing radiation damage...
144237 - Processing health regeneration...
144337 - Processing radiation damage...
144537 - Processing radiation damage...
144737 - Processing radiation damage...
144937 - Processing radiation damage...
145137 - Processing radiation damage...
145337 - Processing radiation damage...
145537 - Processing radiation damage...
145736 - Saving game.
145737 - Processing health regeneration...
145737 - Processing radiation damage...
150619 - It's a new hour!
150619 - Performing wealth generation...
150619 - Biscuit gets nothing.
150619 - Processing radiation damage...
150619 - Processing radiation damage...
150620 - Processing radiation damage...
150620 - Processing radiation damage...
150737 - Processing radiation damage...
161807 - It's a new hour!
161808 - Performing wealth generation...
161808 - Biscuit gets nothing.
161808 - Processing radiation damage...
161808 - Processing radiation damage...
161808 - Processing health regeneration...
161808 - Processing radiation damage...
161808 - Processing radiation damage...
161808 - Processing radiation damage...
161808 - Processing radiation damage...
161808 - Processing radiation damage...
161808 - Processing radiation damage...
161808 - Processing radiation damage...
161808 - Processing health regeneration...
161808 - Processing radiation damage...
161808 - Processing radiation damage...
161808 - Processing radiation damage...
161808 - Processing radiation damage...
161808 - Processing radiation damage...
161808 - Processing radiation damage...
161808 - Processing radiation damage...
161808 - Processing radiation damage...
161808 - Processing health regeneration...
161808 - Processing radiation damage...
161808 - Processing radiation damage...
161809 - Processing radiation damage...
161809 - Processing radiation damage...
161809 - Processing radiation damage...
161809 - Processing radiation damage...
161809 - Processing radiation damage...
161809 - Processing health regeneration...
161809 - Processing radiation damage...
161809 - Processing radiation damage...
161809 - Processing radiation damage...
161809 - Processing radiation damage...
161809 - Processing radiation damage...
161809 - Processing radiation damage...
161809 - Processing radiation damage...
161809 - Processing radiation damage...
161809 - Processing health regeneration...
161809 - Processing radiation damage...
161809 - Processing radiation damage...
161809 - Processing radiation damage...
161937 - Processing radiation damage...
162137 - Processing radiation damage...
162337 - Processing radiation damage...
162537 - Processing radiation damage...
162737 - Processing health regeneration...
162737 - Processing radiation damage...
162937 - Processing radiation damage...
163137 - Processing radiation damage...
163337 - Processing radiation damage...
163537 - Processing radiation damage...
163737 - Processing radiation damage...
163937 - Processing radiation damage...
164137 - Processing radiation damage...
164237 - Processing health regeneration...
164337 - Processing radiation damage...
164537 - Processing radiation damage...
164737 - Processing radiation damage...
164937 - Processing radiation damage...
165137 - Processing radiation damage...
165337 - Processing radiation damage...
165537 - Processing radiation damage...
165600 - Verifying ID 40F224674D479514D8E2642E3E50C395BA0EF34CFBAEBB4EF20D6438CF6A490F.
165600 - (Report -> Admins) Player Biscuit has funky data directory /data/user/0/com.apps.fast.counterforce. Probable emulator.
165605 - Updating Biscuit's location.
165610 - Updating Biscuit's location.
165615 - Updating Biscuit's location.
165620 - Updating Biscuit's location.
165625 - Updating Biscuit's location.
165630 - Updating Biscuit's location.
165635 - Updating Biscuit's location.
165640 - Updating Biscuit's location.
165645 - Updating Biscuit's location.
165650 - Updating Biscuit's location.
165655 - Updating Biscuit's location.
165700 - Updating Biscuit's location.
165705 - Updating Biscuit's location.
165710 - Updating Biscuit's location.
165715 - Updating Biscuit's location.
165720 - Updating Biscuit's location.
165725 - Updating Biscuit's location.
165726 - Validating Biscuit's sentry gun construction attempt...
165726 - (Event) Biscuit constructed a sentry gun.
165730 - Updating Biscuit's location.
165735 - Updating Biscuit's location.
165736 - Saving game.
165737 - Processing health regeneration...
165737 - Processing radiation damage...
165740 - Updating Biscuit's location.
165745 - Updating Biscuit's location.
165749 - Biscuit is attempting to sell a sentry gun...
165749 - (Event) Biscuit is decommissioning a sentry gun.
165750 - Updating Biscuit's location.
165755 - Updating Biscuit's location.
165756 - Processing radiation damage...
165756 - Processing radiation damage...
165756 - Processing radiation damage...
165756 - Processing radiation damage...
165756 - Processing radiation damage...
165756 - Processing radiation damage...
165756 - Processing radiation damage...
165756 - Processing health regeneration...
165756 - Processing radiation damage...
165756 - Processing radiation damage...
165756 - Processing radiation damage...
165756 - Processing radiation damage...
165756 - Processing radiation damage...
165756 - Processing radiation damage...
165756 - Processing radiation damage...
165756 - Processing health regeneration...
165756 - Processing radiation damage...
165756 - Processing radiation damage...
165756 - Processing radiation damage...
165756 - Processing radiation damage...
165756 - Processing radiation damage...
165756 - Processing radiation damage...
165756 - Processing radiation damage...
165756 - Processing radiation damage...
165756 - Processing health regeneration...
165756 - Processing radiation damage...
165756 - Processing radiation damage...
165756 - Processing radiation damage...
165756 - Processing radiation damage...
165756 - Processing radiation damage...
165756 - Processing radiation damage...
165756 - Processing radiation damage...
165756 - Processing health regeneration...
165756 - Processing radiation damage...
165756 - Processing radiation damage...
165756 - Processing radiation damage...
165756 - Processing radiation damage...
165756 - Processing radiation damage...
165756 - Processing radiation damage...
165756 - Processing radiation damage...
165756 - Processing radiation damage...
165756 - Processing health regeneration...
165756 - Processing radiation damage...
165756 - Processing radiation damage...
165756 - Processing radiation damage...
165756 - Processing radiation damage...
165808 - Verifying ID 40F224674D479514D8E2642E3E50C395BA0EF34CFBAEBB4EF20D6438CF6A490F.
165808 - (Report -> Admins) Player Biscuit has funky data directory /data/user/0/com.apps.fast.counterforce. Probable emulator.
165808 - Updating Biscuit's location.
165813 - Updating Biscuit's location.
165817 - Processing radiation damage...
165818 - Updating Biscuit's location.
165823 - Updating Biscuit's location.
165824 - Processing radiation damage...
165824 - Processing radiation damage...
165824 - Processing health regeneration...
165824 - Processing radiation damage...
165824 - Processing radiation damage...
165824 - Processing radiation damage...
165824 - Processing radiation damage...
165824 - Processing radiation damage...
165824 - Processing radiation damage...
165824 - Processing radiation damage...
165824 - Processing radiation damage...
165824 - Processing health regeneration...
165824 - Processing radiation damage...
165824 - Processing radiation damage...
165824 - Processing radiation damage...
165824 - Processing radiation damage...
165824 - Processing radiation damage...
165824 - Processing radiation damage...
165824 - Processing radiation damage...
165824 - Saving game.
165824 - Processing health regeneration...
165824 - Processing radiation damage...
165824 - Processing radiation damage...
165824 - Processing radiation damage...
165824 - Processing radiation damage...
165824 - Processing radiation damage...
165824 - Processing radiation damage...
165824 - Processing radiation damage...
165824 - Processing radiation damage...
165824 - Processing health regeneration...
165824 - Processing radiation damage...
165824 - Processing radiation damage...
165824 - Processing radiation damage...
165824 - Processing radiation damage...
165824 - Processing radiation damage...
165824 - Processing radiation damage...
165824 - Processing radiation damage...
165824 - Processing health regeneration...
165824 - Processing radiation damage...
165824 - Processing radiation damage...
165824 - Processing radiation damage...
165824 - Processing radiation damage...
165824 - Processing radiation damage...
165824 - Processing radiation damage...
165824 - Processing radiation damage...
165824 - Processing radiation damage...
165824 - Processing health regeneration...
165824 - Processing radiation damage...
165824 - Processing radiation damage...
165824 - Processing radiation damage...
165824 - Processing radiation damage...
165824 - Processing radiation damage...
165824 - Processing radiation damage...
165824 - Processing radiation damage...
165824 - Processing health regeneration...
165824 - Processing radiation damage...
165824 - Processing radiation damage...
165824 - Processing radiation damage...
165824 - Processing radiation damage...
165824 - Processing radiation damage...
165824 - Processing radiation damage...
165824 - Processing radiation damage...
165824 - Processing radiation damage...
165824 - Processing health regeneration...
165824 - Processing radiation damage...
165824 - Processing radiation damage...
165824 - Processing radiation damage...
165824 - Processing radiation damage...
165824 - Processing radiation damage...
165824 - Processing radiation damage...
165824 - Processing radiation damage...
165824 - Processing health regeneration...
165824 - Processing radiation damage...
165824 - Processing radiation damage...
165824 - Processing radiation damage...
165824 - Processing radiation damage...
165824 - Processing radiation damage...
165824 - Processing radiation damage...
165824 - Processing radiation damage...
165824 - Processing radiation damage...
165824 - Processing health regeneration...
165824 - Processing radiation damage...
165824 - Processing radiation damage...
165824 - Processing radiation damage...
165824 - Processing radiation damage...
165824 - Processing radiation damage...
165824 - Processing radiation damage...
165824 - Processing radiation damage...
165824 - Saving game.
165824 - Processing health regeneration...
165824 - Processing radiation damage...
165824 - Processing radiation damage...
165824 - Processing radiation damage...
165824 - Processing radiation damage...
165824 - Processing radiation damage...
165824 - Processing radiation damage...
165830 - Verifying ID 40F224674D479514D8E2642E3E50C395BA0EF34CFBAEBB4EF20D6438CF6A490F.
165830 - (Report -> Admins) Player Biscuit has funky data directory /data/user/0/com.apps.fast.counterforce. Probable emulator.
165831 - Updating Biscuit's location.
165836 - Updating Biscuit's location.
165841 - Verifying ID 40F224674D479514D8E2642E3E50C395BA0EF34CFBAEBB4EF20D6438CF6A490F.
165842 - (Report -> Admins) Player Biscuit has funky data directory /data/user/0/com.apps.fast.counterforce. Probable emulator.
165847 - Updating Biscuit's location.
165851 - Verifying ID 40F224674D479514D8E2642E3E50C395BA0EF34CFBAEBB4EF20D6438CF6A490F.
165851 - (Report -> Admins) Player Biscuit has funky data directory /data/user/0/com.apps.fast.counterforce. Probable emulator.
165856 - Updating Biscuit's location.
165937 - Processing radiation damage...
170000 - It's a new hour!
170000 - Performing wealth generation...
170000 - Biscuit gets 200.
170137 - Processing radiation damage...
170157 - Verifying ID 40F224674D479514D8E2642E3E50C395BA0EF34CFBAEBB4EF20D6438CF6A490F.
170157 - (Report -> Admins) Player Biscuit has funky data directory /data/user/0/com.apps.fast.counterforce. Probable emulator.
170202 - Updating Biscuit's location.
170207 - Updating Biscuit's location.
170237 - Processing health regeneration...
170318 - Verifying ID 40F224674D479514D8E2642E3E50C395BA0EF34CFBAEBB4EF20D6438CF6A490F.
170318 - (Report -> Admins) Player Biscuit has funky data directory /data/user/0/com.apps.fast.counterforce. Probable emulator.
170323 - Updating Biscuit's location.
170337 - Processing radiation damage...
170344 - Verifying ID 40F224674D479514D8E2642E3E50C395BA0EF34CFBAEBB4EF20D6438CF6A490F.
170344 - (Report -> Admins) Player Biscuit has funky data directory /data/user/0/com.apps.fast.counterforce. Probable emulator.
170350 - Updating Biscuit's location.
170355 - Updating Biscuit's location.
170400 - Updating Biscuit's location.
170405 - Updating Biscuit's location.
170410 - Updating Biscuit's location.
170415 - Updating Biscuit's location.
170420 - Updating Biscuit's location.
170425 - Updating Biscuit's location.
170537 - Processing radiation damage...
170547 - Verifying ID 40F224674D479514D8E2642E3E50C395BA0EF34CFBAEBB4EF20D6438CF6A490F.
170547 - (Report -> Admins) Player Biscuit has funky data directory /data/user/0/com.apps.fast.counterforce. Probable emulator.
170553 - Updating Biscuit's location.
170558 - Updating Biscuit's location.
170603 - Updating Biscuit's location.
170608 - Updating Biscuit's location.
170613 - Updating Biscuit's location.
170618 - Updating Biscuit's location.
170623 - Updating Biscuit's location.
170737 - Processing radiation damage...
170937 - Processing radiation damage...
171137 - Processing radiation damage...
173247 - Processing radiation damage...
173247 - Processing radiation damage...
173247 - Processing health regeneration...
173247 - Processing radiation damage...
173247 - Processing radiation damage...
173247 - Processing radiation damage...
173247 - Processing radiation damage...
173247 - Processing radiation damage...
173247 - Processing radiation damage...
173247 - Processing radiation damage...
173247 - Processing radiation damage...
173247 - Processing health regeneration...
173329 - Verifying ID 40F224674D479514D8E2642E3E50C395BA0EF34CFBAEBB4EF20D6438CF6A490F.
173337 - Processing radiation damage...
173537 - Processing radiation damage...
173737 - Processing radiation damage...
173937 - Processing radiation damage...
174137 - Processing radiation damage...
174337 - Processing radiation damage...
174537 - Processing radiation damage...
174737 - Processing health regeneration...
174737 - Processing radiation damage...
174937 - Processing radiation damage...
175137 - Processing radiation damage...
175329 - Verifying ID 40F224674D479514D8E2642E3E50C395BA0EF34CFBAEBB4EF20D6438CF6A490F.
175330 - Verifying ID 40F224674D479514D8E2642E3E50C395BA0EF34CFBAEBB4EF20D6438CF6A490F.
175337 - Processing radiation damage...
175537 - Processing radiation damage...
175737 - Processing radiation damage...
175937 - Processing radiation damage...
180000 - It's a new hour!
180000 - Performing wealth generation...
180000 - Biscuit gets nothing.
180137 - Processing radiation damage...
180237 - Processing health regeneration...
180337 - Processing radiation damage...
180537 - Processing radiation damage...
180737 - Processing radiation damage...
205409 - It's a new hour!
205410 - Performing wealth generation...
205410 - Biscuit gets nothing.
205410 - It's a new day!
205410 - Processing end of day events...
205410 - Processing radiation damage...
205410 - Processing radiation damage...
205410 - Processing radiation damage...
205410 - Processing radiation damage...
205410 - Processing health regeneration...
205410 - Processing radiation damage...
205410 - Processing radiation damage...
205410 - Processing radiation damage...
205410 - Processing radiation damage...
205410 - Processing radiation damage...
205410 - Processing radiation damage...
205410 - Processing radiation damage...
205410 - Processing radiation damage...
205410 - Processing health regeneration...
205410 - Processing radiation damage...
205410 - Processing radiation damage...
205410 - Processing radiation damage...
205410 - Processing radiation damage...
205410 - Processing radiation damage...
205410 - Processing radiation damage...
205410 - Processing radiation damage...
205410 - Saving game.
205411 - Processing health regeneration...
205411 - Processing radiation damage...
205411 - Processing radiation damage...
205411 - Processing radiation damage...
205411 - Processing radiation damage...
205411 - Processing radiation damage...
205411 - Processing radiation damage...
205411 - Processing radiation damage...
205411 - Processing radiation damage...
205411 - Processing health regeneration...
205411 - Processing radiation damage...
205411 - Processing radiation damage...
205411 - Processing radiation damage...
205411 - Processing radiation damage...
205411 - Processing radiation damage...
205411 - Processing radiation damage...
205411 - Processing radiation damage...
205411 - Processing health regeneration...
205411 - Processing radiation damage...
205411 - Processing radiation damage...
205411 - Processing radiation damage...
205411 - Processing radiation damage...
205411 - Processing radiation damage...
205411 - Processing radiation damage...
205411 - Processing radiation damage...
205411 - Processing radiation damage...
205411 - Processing health regeneration...
205411 - Processing radiation damage...
205411 - Processing radiation damage...
205411 - Processing radiation damage...
205411 - Processing radiation damage...
205411 - Processing radiation damage...
205411 - Processing radiation damage...
205411 - Processing radiation damage...
205411 - Processing health regeneration...
205411 - Processing radiation damage...
205411 - Processing radiation damage...
205411 - Processing radiation damage...
205411 - Processing radiation damage...
205411 - Processing radiation damage...
205411 - Processing radiation damage...
205411 - Processing radiation damage...
205411 - Processing radiation damage...
205411 - Processing health regeneration...
205411 - Processing radiation damage...
205411 - Processing radiation damage...
205411 - Processing radiation damage...
205411 - Processing radiation damage...
205412 - Processing radiation damage...
205412 - Processing radiation damage...
205412 - Processing radiation damage...
205412 - Processing health regeneration...
205412 - Processing radiation damage...
205412 - Processing radiation damage...
205412 - Processing radiation damage...
205412 - Processing radiation damage...
205412 - Processing radiation damage...
205412 - Processing radiation damage...
205412 - Processing radiation damage...
205412 - Processing radiation damage...
205412 - Processing health regeneration...
205412 - Processing radiation damage...
205412 - Processing radiation damage...
205412 - Processing radiation damage...
205412 - Processing radiation damage...
205412 - Processing radiation damage...
205412 - Processing radiation damage...
205412 - Processing radiation damage...
205412 - Saving game.
205412 - Processing health regeneration...
205412 - Processing radiation damage...
205412 - Processing radiation damage...
205412 - Processing radiation damage...
205412 - Processing radiation damage...
205537 - Processing radiation damage...
205737 - Processing radiation damage...
205937 - Processing radiation damage...
210000 - It's a new hour!
210000 - Performing wealth generation...
210000 - Biscuit gets nothing.
210137 - Processing radiation damage...
211213 - Processing health regeneration...
211214 - Processing radiation damage...
211214 - Processing radiation damage...
211214 - Processing radiation damage...
211214 - Processing radiation damage...
211214 - Processing radiation damage...
211332 - Verifying ID 40F224674D479514D8E2642E3E50C395BA0EF34CFBAEBB4EF20D6438CF6A490F.
211337 - Processing radiation damage...
211537 - Processing radiation damage...
211737 - Processing health regeneration...
211737 - Processing radiation damage...
211937 - Processing radiation damage...
212137 - Processing radiation damage...
212337 - Processing radiation damage...
212537 - Processing radiation damage...
212737 - Processing radiation damage...
212830 - Verifying ID 40F224674D479514D8E2642E3E50C395BA0EF34CFBAEBB4EF20D6438CF6A490F.
212937 - Processing radiation damage...
213137 - Processing radiation damage...
213237 - Processing health regeneration...
213337 - Processing radiation damage...
213537 - Processing radiation damage...
213737 - Processing radiation damage...
213937 - Processing radiation damage...
214137 - Processing radiation damage...
214337 - Processing radiation damage...
214537 - Processing radiation damage...
214737 - Processing health regeneration...
214737 - Processing radiation damage...
214937 - Processing radiation damage...
215009 - Verifying ID 40F224674D479514D8E2642E3E50C395BA0EF34CFBAEBB4EF20D6438CF6A490F.
215137 - Processing radiation damage...
215337 - Processing radiation damage...
215537 - Processing radiation damage...
215737 - Processing radiation damage...
215937 - Processing radiation damage...
220000 - It's a new hour!
220000 - Performing wealth generation...
220000 - Biscuit gets nothing.
220137 - Processing radiation damage...
220237 - Processing health regeneration...
220337 - Processing radiation damage...
220537 - Processing radiation damage...
220737 - Processing radiation damage...
220937 - Processing radiation damage...
221137 - Processing radiation damage...
221337 - Processing radiation damage...
