115441 - Starting services...
115441 - ...Started.
115441 - Processing health regeneration...
115441 - Processing radiation damage...
115642 - Verifying ID D0067361CEDACE45FAB141A3BBACF4D7A1DF870F4851D6FA53BF22884D24EC9D.
115648 - Checking availability of Test...
115648 - It's available.
115648 - Verifying ID D0067361CEDACE45FAB141A3BBACF4D7A1DF870F4851D6FA53BF22884D24EC9D.
115648 - Creating a player.
115648 - (Event) Give a warm, explosive welcome to Test, who has joined the Game!
115648 - (Report) Give a warm, explosive welcome to Test, who has joined the Game!
115648 - Verifying ID D0067361CEDACE45FAB141A3BBACF4D7A1DF870F4851D6FA53BF22884D24EC9D.
115648 - Test's respawn protection time expired.
115649 - Test is attempting to respawn...
115649 - (Event) Test respawned.
115653 - Updating Test's location.
115654 - Test is attempting to purchase a missile system...
115654 - (Event) Test acquired a missile system.
115656 - Performed multiaccounting check for Test
115801 - Verifying ID D0067361CEDACE45FAB141A3BBACF4D7A1DF870F4851D6FA53BF22884D24EC9D.
115807 - Updating Test's location.
115812 - Updating Test's location.
115817 - Updating Test's location.
115822 - Updating Test's location.
115827 - Updating Test's location.
121235 - Shutting down.
121235 - Saving game.
121235 - Stopping service tasks.
121241 - Shutting down.
121241 - Saving game.
121241 - Stopping service tasks.
121247 - Shutting down.
121247 - Saving game.
121247 - Stopping service tasks.
121249 - Shutting down.
121249 - Saving game.
121249 - Stopping service tasks.
121251 - Shutting down.
121251 - Saving game.
121251 - Stopping service tasks.
121253 - Shutting down.
121253 - Saving game.
121253 - Stopping service tasks.
121254 - Shutting down.
121254 - Saving game.
121254 - Stopping service tasks.
121255 - Shutting down.
121255 - Saving game.
121255 - Stopping service tasks.
121257 - Shutting down.
121257 - Saving game.
121257 - Stopping service tasks.
121258 - Shutting down.
121258 - Saving game.
121258 - Stopping service tasks.
121259 - Shutting down.
121259 - Saving game.
121259 - Stopping service tasks.
133948 - Shutting down.
133948 - Saving game.
133948 - Stopping service tasks.
134035 - Shutting down.
134035 - Saving game.
134035 - Stopping service tasks.
134037 - Shutting down.
134037 - Saving game.
134037 - Stopping service tasks.
134040 - Shutting down.
134040 - Saving game.
134040 - Stopping service tasks.
135620 - Shutting down.
135620 - Saving game.
135620 - Stopping service tasks.
135622 - Shutting down.
135622 - Saving game.
135622 - Stopping service tasks.
135624 - Shutting down.
135624 - Saving game.
135624 - Stopping service tasks.
135625 - Shutting down.
135625 - Saving game.
135625 - Stopping service tasks.
135627 - Shutting down.
135627 - Saving game.
135627 - Stopping service tasks.
140754 - Shutting down.
140754 - Saving game.
140754 - Stopping service tasks.
141616 - Starting services...
141616 - ...Started.
141616 - Processing health regeneration...
141616 - Processing radiation damage...
141720 - Verifying ID C04278ECA1C485AF5C1B82AAD5582C4E6BA1293C384CEF565E7D9E51655F82EA.
141726 - Checking availability of Test...
141726 - It's available.
141726 - Verifying ID C04278ECA1C485AF5C1B82AAD5582C4E6BA1293C384CEF565E7D9E51655F82EA.
141726 - Creating a player.
141726 - (Event) Give a warm, explosive welcome to Test, who has joined the Game!
141726 - (Report) Give a warm, explosive welcome to Test, who has joined the Game!
141726 - Verifying ID C04278ECA1C485AF5C1B82AAD5582C4E6BA1293C384CEF565E7D9E51655F82EA.
141727 - Test's respawn protection time expired.
141729 - (Report -> Admins) [Admin] Test failed device checks. Admin checks required.
141732 - Updating Test's location.
141732 - Performed multiaccounting check for Test
141737 - Updating Test's location.
141742 - Updating Test's location.
141742 - Test is attempting to respawn...
141742 - (Event) Test respawned.
141747 - Updating Test's location.
141752 - Updating Test's location.
141757 - Updating Test's location.
141802 - Updating Test's location.
141803 - Test is attempting to purchase a missile system...
141803 - (Event) Test acquired a missile system.
141807 - Updating Test's location.
141812 - Updating Test's location.
141817 - Updating Test's location.
141822 - Updating Test's location.
141827 - Updating Test's location.
141832 - Updating Test's location.
141837 - Updating Test's location.
141842 - Updating Test's location.
141847 - Updating Test's location.
141852 - Updating Test's location.
141857 - Updating Test's location.
141902 - Updating Test's location.
141907 - Updating Test's location.
141912 - Updating Test's location.
141917 - Updating Test's location.
141922 - Updating Test's location.
141927 - Updating Test's location.
141932 - Updating Test's location.
141937 - Updating Test's location.
141942 - Updating Test's location.
141947 - Updating Test's location.
141952 - Updating Test's location.
141957 - Updating Test's location.
142002 - Updating Test's location.
142007 - Updating Test's location.
142012 - Updating Test's location.
142017 - Updating Test's location.
142022 - Updating Test's location.
142027 - Updating Test's location.
142032 - Updating Test's location.
142037 - Updating Test's location.
142042 - Updating Test's location.
142047 - Updating Test's location.
142052 - Updating Test's location.
142057 - Updating Test's location.
142102 - Updating Test's location.
142107 - Updating Test's location.
142112 - Updating Test's location.
142117 - Updating Test's location.
142122 - Updating Test's location.
142127 - Updating Test's location.
142132 - Updating Test's location.
142137 - Updating Test's location.
142142 - Updating Test's location.
142147 - Updating Test's location.
142152 - Updating Test's location.
142157 - Updating Test's location.
142202 - Updating Test's location.
142207 - Updating Test's location.
142212 - Updating Test's location.
142216 - Processing radiation damage...
142217 - Updating Test's location.
142222 - Updating Test's location.
142227 - Updating Test's location.
142232 - Updating Test's location.
142237 - Updating Test's location.
142242 - Updating Test's location.
142247 - Updating Test's location.
142252 - Updating Test's location.
142257 - Updating Test's location.
142302 - Updating Test's location.
142307 - Updating Test's location.
142312 - Updating Test's location.
142317 - Updating Test's location.
142322 - Updating Test's location.
142327 - Updating Test's location.
142332 - Updating Test's location.
142337 - Updating Test's location.
142342 - Updating Test's location.
142347 - Updating Test's location.
142352 - Updating Test's location.
142357 - Updating Test's location.
142402 - Updating Test's location.
142407 - Updating Test's location.
142412 - Updating Test's location.
142417 - Updating Test's location.
142422 - Updating Test's location.
142427 - Updating Test's location.
142432 - Updating Test's location.
142437 - Updating Test's location.
142442 - Updating Test's location.
142447 - Updating Test's location.
142452 - Updating Test's location.
142457 - Updating Test's location.
142502 - Updating Test's location.
142507 - Updating Test's location.
142512 - Updating Test's location.
142517 - Updating Test's location.
142522 - Updating Test's location.
142527 - Updating Test's location.
142532 - Updating Test's location.
142537 - Updating Test's location.
142542 - Updating Test's location.
142547 - Updating Test's location.
142552 - Updating Test's location.
142557 - Updating Test's location.
142602 - Updating Test's location.
142607 - Updating Test's location.
142612 - Updating Test's location.
142617 - Updating Test's location.
142622 - Updating Test's location.
142627 - Updating Test's location.
142632 - Updating Test's location.
142632 - Verifying ID D0067361CEDACE45FAB141A3BBACF4D7A1DF870F4851D6FA53BF22884D24EC9D.
142635 - Checking availability of Tttttt...
142635 - It's available.
142636 - Verifying ID D0067361CEDACE45FAB141A3BBACF4D7A1DF870F4851D6FA53BF22884D24EC9D.
142636 - Creating a player.
142636 - (Event) Give a warm, explosive welcome to Tttttt, who has joined the Game!
142636 - (Report) Give a warm, explosive welcome to Tttttt, who has joined the Game!
142636 - Verifying ID D0067361CEDACE45FAB141A3BBACF4D7A1DF870F4851D6FA53BF22884D24EC9D.
142636 - Tttttt's respawn protection time expired.
142637 - Updating Test's location.
142637 - Tttttt is attempting to respawn...
142637 - (Event) Tttttt respawned.
142641 - Updating Tttttt's location.
142642 - Updating Test's location.
142644 - Performed multiaccounting check for Tttttt
142646 - Updating Tttttt's location.
142647 - Updating Test's location.
142651 - Updating Tttttt's location.
142652 - Updating Test's location.
142656 - Tttttt is attempting to purchase a missile system...
142656 - (Event) Tttttt acquired a missile system.
142656 - Updating Tttttt's location.
142657 - Updating Test's location.
142702 - Updating Test's location.
142707 - Updating Test's location.
142712 - Updating Test's location.
142717 - Updating Test's location.
142722 - Updating Test's location.
142723 - Verifying ID D0067361CEDACE45FAB141A3BBACF4D7A1DF870F4851D6FA53BF22884D24EC9D.
142727 - Updating Test's location.
142732 - Updating Test's location.
142737 - Updating Test's location.
142742 - Updating Test's location.
142747 - Updating Test's location.
142752 - Updating Test's location.
142757 - Updating Test's location.
142802 - Updating Test's location.
142807 - Updating Test's location.
142812 - Updating Test's location.
142816 - Processing radiation damage...
142817 - Updating Test's location.
142822 - Updating Test's location.
142827 - Updating Test's location.
142832 - Updating Test's location.
142837 - Updating Test's location.
142842 - Updating Test's location.
142847 - Updating Test's location.
142852 - Updating Test's location.
142857 - Updating Test's location.
142902 - Updating Test's location.
142907 - Updating Test's location.
142909 - Verifying ID D0067361CEDACE45FAB141A3BBACF4D7A1DF870F4851D6FA53BF22884D24EC9D.
142912 - Updating Test's location.
142914 - Updating Tttttt's location.
142917 - Updating Test's location.
142919 - Updating Tttttt's location.
142922 - Updating Test's location.
142924 - Updating Tttttt's location.
142927 - Updating Test's location.
142929 - Updating Tttttt's location.
142932 - Updating Test's location.
142934 - Updating Tttttt's location.
142937 - Updating Test's location.
142942 - Updating Test's location.
142947 - Updating Test's location.
142952 - Updating Test's location.
142957 - Updating Test's location.
143002 - Updating Test's location.
143007 - Updating Test's location.
143012 - Updating Test's location.
143017 - Updating Test's location.
143022 - Updating Test's location.
143027 - Updating Test's location.
143032 - Updating Test's location.
143037 - Updating Test's location.
143042 - Updating Test's location.
143047 - Updating Test's location.
143052 - Updating Test's location.
143057 - Updating Test's location.
143102 - Updating Test's location.
143107 - Updating Test's location.
143112 - Updating Test's location.
143116 - Processing health regeneration...
143117 - Updating Test's location.
143122 - Updating Test's location.
143127 - Updating Test's location.
143132 - Updating Test's location.
143137 - Updating Test's location.
143142 - Updating Test's location.
143147 - Updating Test's location.
143152 - Updating Test's location.
143157 - Updating Test's location.
143202 - Updating Test's location.
143207 - Updating Test's location.
143212 - Updating Test's location.
143217 - Updating Test's location.
143222 - Updating Test's location.
143227 - Updating Test's location.
143232 - Updating Test's location.
143237 - Updating Test's location.
143242 - Updating Test's location.
143247 - Updating Test's location.
143252 - Updating Test's location.
143257 - Updating Test's location.
143302 - Updating Test's location.
143307 - Updating Test's location.
143312 - Updating Test's location.
143317 - Updating Test's location.
143322 - Updating Test's location.
143327 - Updating Test's location.
143332 - Updating Test's location.
143337 - Updating Test's location.
143342 - Updating Test's location.
143347 - Updating Test's location.
143352 - Updating Test's location.
143357 - Updating Test's location.
143402 - Updating Test's location.
143407 - Updating Test's location.
143412 - Updating Test's location.
143416 - Processing radiation damage...
143417 - Updating Test's location.
143422 - Updating Test's location.
143427 - Updating Test's location.
143432 - Updating Test's location.
143437 - Updating Test's location.
143442 - Updating Test's location.
143447 - Updating Test's location.
143452 - Updating Test's location.
143457 - Updating Test's location.
143502 - Updating Test's location.
143507 - Updating Test's location.
143512 - Updating Test's location.
143517 - Updating Test's location.
143522 - Updating Test's location.
143527 - Updating Test's location.
143532 - Updating Test's location.
143537 - Updating Test's location.
143542 - Updating Test's location.
143547 - Updating Test's location.
143552 - Updating Test's location.
143557 - Updating Test's location.
143602 - Updating Test's location.
143607 - Updating Test's location.
143612 - Updating Test's location.
143617 - Updating Test's location.
143622 - Updating Test's location.
143627 - Updating Test's location.
143632 - Updating Test's location.
143637 - Updating Test's location.
143642 - Updating Test's location.
143647 - Updating Test's location.
143652 - Updating Test's location.
143657 - Updating Test's location.
143702 - Updating Test's location.
143707 - Updating Test's location.
143712 - Updating Test's location.
143717 - Updating Test's location.
143722 - Updating Test's location.
143727 - Updating Test's location.
143732 - Updating Test's location.
143737 - Updating Test's location.
143742 - Updating Test's location.
143747 - Updating Test's location.
143752 - Updating Test's location.
143757 - Updating Test's location.
143802 - Updating Test's location.
143807 - Updating Test's location.
143812 - Updating Test's location.
143817 - Updating Test's location.
143822 - Updating Test's location.
143827 - Updating Test's location.
143832 - Updating Test's location.
143837 - Updating Test's location.
143842 - Updating Test's location.
143847 - Updating Test's location.
143852 - Updating Test's location.
143857 - Updating Test's location.
143902 - Updating Test's location.
143907 - Updating Test's location.
143912 - Updating Test's location.
143917 - Updating Test's location.
143922 - Updating Test's location.
143928 - Updating Test's location.
143932 - Updating Test's location.
143938 - Updating Test's location.
143943 - Updating Test's location.
143948 - Updating Test's location.
143953 - Updating Test's location.
143958 - Updating Test's location.
144003 - Updating Test's location.
144008 - Updating Test's location.
144013 - Updating Test's location.
144016 - Processing radiation damage...
144018 - Updating Test's location.
144023 - Updating Test's location.
144028 - Updating Test's location.
144033 - Updating Test's location.
144038 - Updating Test's location.
144043 - Updating Test's location.
144048 - Updating Test's location.
144053 - Updating Test's location.
144058 - Updating Test's location.
144103 - Updating Test's location.
144108 - Updating Test's location.
144113 - Updating Test's location.
144118 - Updating Test's location.
144123 - Updating Test's location.
144128 - Updating Test's location.
144133 - Updating Test's location.
144138 - Updating Test's location.
144143 - Updating Test's location.
144148 - Updating Test's location.
144153 - Updating Test's location.
144158 - Updating Test's location.
144203 - Updating Test's location.
144208 - Updating Test's location.
144213 - Updating Test's location.
144218 - Updating Test's location.
144223 - Updating Test's location.
144228 - Updating Test's location.
144233 - Updating Test's location.
144238 - Updating Test's location.
144243 - Updating Test's location.
144248 - Updating Test's location.
144253 - Updating Test's location.
144258 - Updating Test's location.
144303 - Updating Test's location.
144308 - Updating Test's location.
144313 - Updating Test's location.
144318 - Updating Test's location.
144323 - Updating Test's location.
144328 - Updating Test's location.
144333 - Updating Test's location.
144338 - Updating Test's location.
144343 - Updating Test's location.
144348 - Updating Test's location.
144353 - Updating Test's location.
144358 - Updating Test's location.
144403 - Updating Test's location.
144403 - Validating Test's nuclear missile site construction attempt...
144403 - ...Affordable...
144403 - (Event) Test constructed a nuclear missile site.
144408 - Updating Test's location.
144413 - Updating Test's location.
144418 - Updating Test's location.
144423 - Updating Test's location.
144428 - Updating Test's location.
144433 - Updating Test's location.
144438 - Updating Test's location.
144443 - Updating Test's location.
144448 - Updating Test's location.
144453 - Updating Test's location.
144458 - Updating Test's location.
144503 - Updating Test's location.
144508 - Updating Test's location.
144513 - Updating Test's location.
144518 - Updating Test's location.
144523 - Updating Test's location.
144528 - Updating Test's location.
144533 - Updating Test's location.
144538 - Updating Test's location.
144543 - Updating Test's location.
144548 - Updating Test's location.
144553 - Updating Test's location.
144558 - Updating Test's location.
144603 - Updating Test's location.
144608 - Updating Test's location.
144613 - Updating Test's location.
144616 - Processing health regeneration...
144616 - Processing radiation damage...
144618 - Updating Test's location.
144623 - Updating Test's location.
144628 - Updating Test's location.
144633 - Updating Test's location.
160505 - It's a new hour!
160505 - Performing wealth generation...
160506 - Adam Min gets nothing.
160506 - Test gets 420.
160506 - Tttttt gets 395.
160506 - Processing radiation damage...
160507 - Processing radiation damage...
160507 - Processing health regeneration...
160507 - Processing radiation damage...
160507 - Processing radiation damage...
160507 - Processing health regeneration...
160507 - Processing radiation damage...
160508 - Processing radiation damage...
160508 - Processing radiation damage...
160508 - Processing health regeneration...
160508 - Processing radiation damage...
160508 - Processing radiation damage...
160508 - Test charged for online missile site.
160508 - Processing health regeneration...
160508 - Processing radiation damage...
160508 - Processing radiation damage...
160508 - Processing radiation damage...
160508 - Processing health regeneration...
160508 - Processing radiation damage...
160539 - Verifying ID C04278ECA1C485AF5C1B82AAD5582C4E6BA1293C384CEF565E7D9E51655F82EA.
160539 - Updating Test's location.
160544 - Updating Test's location.
160549 - Updating Test's location.
160554 - Updating Test's location.
160559 - Updating Test's location.
160604 - Updating Test's location.
160609 - Updating Test's location.
160614 - Updating Test's location.
160619 - Updating Test's location.
160624 - Updating Test's location.
160629 - Updating Test's location.
160634 - Updating Test's location.
160639 - Updating Test's location.
160644 - Updating Test's location.
160649 - Updating Test's location.
160654 - Updating Test's location.
160659 - Updating Test's location.
160704 - Updating Test's location.
160709 - Updating Test's location.
160714 - Updating Test's location.
160719 - Updating Test's location.
160724 - Updating Test's location.
160729 - Updating Test's location.
160734 - Updating Test's location.
160739 - Updating Test's location.
160744 - Updating Test's location.
160749 - Updating Test's location.
160754 - Updating Test's location.
160759 - Updating Test's location.
160804 - Updating Test's location.
160809 - Updating Test's location.
160814 - Updating Test's location.
160819 - Updating Test's location.
160824 - Updating Test's location.
160829 - Updating Test's location.
160834 - Updating Test's location.
160839 - Updating Test's location.
160844 - Updating Test's location.
160849 - Updating Test's location.
160854 - Updating Test's location.
160859 - Updating Test's location.
160904 - Updating Test's location.
160909 - Updating Test's location.
160914 - Updating Test's location.
160919 - Updating Test's location.
160924 - Updating Test's location.
160929 - Updating Test's location.
160934 - Updating Test's location.
160939 - Updating Test's location.
160944 - Updating Test's location.
160949 - Updating Test's location.
160954 - Updating Test's location.
160959 - Updating Test's location.
161004 - Updating Test's location.
161009 - Updating Test's location.
161014 - Updating Test's location.
161016 - Processing radiation damage...
161019 - Updating Test's location.
161024 - Updating Test's location.
161029 - Updating Test's location.
161034 - Updating Test's location.
161039 - Updating Test's location.
161044 - Updating Test's location.
161049 - Updating Test's location.
161054 - Updating Test's location.
161059 - Updating Test's location.
161104 - Updating Test's location.
161109 - Updating Test's location.
161114 - Updating Test's location.
161119 - Updating Test's location.
161124 - Updating Test's location.
161129 - Updating Test's location.
161134 - Updating Test's location.
161139 - Updating Test's location.
161144 - Updating Test's location.
161149 - Updating Test's location.
161154 - Updating Test's location.
161159 - Updating Test's location.
161204 - Updating Test's location.
161209 - Updating Test's location.
161214 - Updating Test's location.
161219 - Updating Test's location.
161224 - Updating Test's location.
161229 - Updating Test's location.
161234 - Updating Test's location.
161239 - Updating Test's location.
161244 - Updating Test's location.
161249 - Updating Test's location.
161254 - Updating Test's location.
161259 - Updating Test's location.
161304 - Updating Test's location.
191333 - It's a new hour!
191335 - Performing wealth generation...
191336 - Updating Test's location.
191336 - Adam Min gets nothing.
191336 - Test gets 415.
191336 - Tttttt gets 395.
191336 - Saving game.
191338 - Processing health regeneration...
191338 - Processing radiation damage...
191338 - Processing radiation damage...
191338 - Processing radiation damage...
191338 - Processing health regeneration...
191338 - Processing radiation damage...
191338 - Processing radiation damage...
191338 - Test charged for online missile site.
191338 - Processing health regeneration...
191338 - Processing radiation damage...
191338 - Processing radiation damage...
191338 - Processing radiation damage...
191338 - Processing health regeneration...
191338 - Processing radiation damage...
191338 - Processing radiation damage...
191338 - Processing health regeneration...
191338 - Processing radiation damage...
191338 - Processing radiation damage...
191338 - Processing radiation damage...
191338 - Processing health regeneration...
191338 - Processing radiation damage...
191338 - Processing radiation damage...
191338 - Test charged for online missile site.
191338 - Processing health regeneration...
191338 - Processing radiation damage...
191338 - Processing radiation damage...
191338 - Processing radiation damage...
191338 - Processing health regeneration...
191338 - Processing radiation damage...
191338 - Processing radiation damage...
191338 - Saving game.
191338 - Processing health regeneration...
191338 - Processing radiation damage...
191338 - Processing radiation damage...
191338 - Processing radiation damage...
191338 - Processing health regeneration...
191338 - Processing radiation damage...
191338 - Processing radiation damage...
191338 - Test charged for online missile site.
191338 - Processing health regeneration...
191338 - Processing radiation damage...
191338 - Processing radiation damage...
191338 - Processing radiation damage...
191338 - Processing health regeneration...
191338 - Processing radiation damage...
191338 - Processing radiation damage...
191345 - Verifying ID C04278ECA1C485AF5C1B82AAD5582C4E6BA1293C384CEF565E7D9E51655F82EA.
191345 - Updating Test's location.
191350 - Updating Test's location.
191355 - Updating Test's location.
191400 - Updating Test's location.
191405 - Updating Test's location.
191410 - Updating Test's location.
191415 - Updating Test's location.
191420 - Updating Test's location.
191425 - Updating Test's location.
191430 - Updating Test's location.
191435 - Updating Test's location.
191440 - Updating Test's location.
191445 - Updating Test's location.
191450 - Updating Test's location.
191455 - Updating Test's location.
191500 - Updating Test's location.
191505 - Updating Test's location.
191510 - Updating Test's location.
191515 - Updating Test's location.
191520 - Updating Test's location.
191525 - Updating Test's location.
191530 - Updating Test's location.
191535 - Updating Test's location.
191540 - Updating Test's location.
191545 - Updating Test's location.
191550 - Updating Test's location.
191555 - Updating Test's location.
191600 - Updating Test's location.
191605 - Updating Test's location.
191610 - Updating Test's location.
191615 - Updating Test's location.
191616 - Processing health regeneration...
191616 - Processing radiation damage...
191620 - Updating Test's location.
191625 - Updating Test's location.
191630 - Updating Test's location.
191635 - Updating Test's location.
191640 - Updating Test's location.
191645 - Updating Test's location.
191650 - Updating Test's location.
191655 - Updating Test's location.
191700 - Updating Test's location.
191705 - Updating Test's location.
191710 - Updating Test's location.
191715 - Updating Test's location.
191720 - Updating Test's location.
191725 - Updating Test's location.
191730 - Updating Test's location.
191735 - Updating Test's location.
191740 - Updating Test's location.
191745 - Updating Test's location.
191750 - Updating Test's location.
191755 - Updating Test's location.
191800 - Updating Test's location.
191805 - Updating Test's location.
191810 - Updating Test's location.
191815 - Updating Test's location.
191820 - Updating Test's location.
191825 - Updating Test's location.
191830 - Updating Test's location.
191835 - Updating Test's location.
191840 - Updating Test's location.
191845 - Updating Test's location.
191850 - Updating Test's location.
191855 - Updating Test's location.
191900 - Updating Test's location.
191905 - Updating Test's location.
191910 - Updating Test's location.
191915 - Updating Test's location.
191920 - Updating Test's location.
191925 - Updating Test's location.
191930 - Updating Test's location.
191935 - Updating Test's location.
191940 - Updating Test's location.
191945 - Updating Test's location.
191950 - Updating Test's location.
191955 - Updating Test's location.
192000 - Updating Test's location.
192005 - Updating Test's location.
192010 - Updating Test's location.
192015 - Updating Test's location.
192020 - Updating Test's location.
192025 - Updating Test's location.
192030 - Updating Test's location.
192035 - Updating Test's location.
192040 - Updating Test's location.
192045 - Updating Test's location.
192050 - Updating Test's location.
192055 - Updating Test's location.
192100 - Updating Test's location.
192105 - Updating Test's location.
192110 - Updating Test's location.
192115 - Updating Test's location.
192120 - Updating Test's location.
192125 - Updating Test's location.
192130 - Updating Test's location.
192135 - Updating Test's location.
192140 - Updating Test's location.
192145 - Updating Test's location.
192150 - Updating Test's location.
192155 - Updating Test's location.
192200 - Updating Test's location.
192205 - Updating Test's location.
192210 - Updating Test's location.
192215 - Updating Test's location.
192216 - Processing radiation damage...
192220 - Updating Test's location.
192225 - Updating Test's location.
192230 - Updating Test's location.
192235 - Updating Test's location.
192240 - Updating Test's location.
192245 - Updating Test's location.
192250 - Updating Test's location.
192255 - Updating Test's location.
192928 - Processing radiation damage...
192940 - Verifying ID C04278ECA1C485AF5C1B82AAD5582C4E6BA1293C384CEF565E7D9E51655F82EA.
192940 - Updating Test's location.
192945 - Updating Test's location.
192950 - Updating Test's location.
192955 - Updating Test's location.
193000 - Updating Test's location.
193005 - Updating Test's location.
193010 - Updating Test's location.
193015 - Updating Test's location.
193020 - Updating Test's location.
193025 - Updating Test's location.
193030 - Updating Test's location.
193035 - Updating Test's location.
193040 - Updating Test's location.
193045 - Updating Test's location.
193050 - Updating Test's location.
193055 - Updating Test's location.
193100 - Updating Test's location.
193105 - Updating Test's location.
193110 - Updating Test's location.
193115 - Updating Test's location.
193116 - Processing health regeneration...
193120 - Updating Test's location.
193125 - Updating Test's location.
193130 - Updating Test's location.
193135 - Updating Test's location.
193140 - Updating Test's location.
193145 - Updating Test's location.
193150 - Updating Test's location.
193155 - Updating Test's location.
193200 - Updating Test's location.
193205 - Updating Test's location.
193210 - Updating Test's location.
193215 - Updating Test's location.
193220 - Updating Test's location.
193225 - Updating Test's location.
193230 - Updating Test's location.
193235 - Updating Test's location.
193240 - Updating Test's location.
193245 - Updating Test's location.
193250 - Updating Test's location.
193255 - Updating Test's location.
193300 - Updating Test's location.
193305 - Updating Test's location.
193310 - Updating Test's location.
193315 - Updating Test's location.
193320 - Updating Test's location.
193325 - Updating Test's location.
193330 - Updating Test's location.
193335 - Updating Test's location.
193340 - Updating Test's location.
193345 - Updating Test's location.
193350 - Updating Test's location.
193355 - Updating Test's location.
193400 - Updating Test's location.
193405 - Updating Test's location.
193410 - Updating Test's location.
193415 - Updating Test's location.
193416 - Processing radiation damage...
193420 - Updating Test's location.
193425 - Updating Test's location.
193430 - Updating Test's location.
193435 - Updating Test's location.
193440 - Updating Test's location.
193445 - Updating Test's location.
193450 - Updating Test's location.
193455 - Updating Test's location.
193500 - Updating Test's location.
193505 - Updating Test's location.
193510 - Updating Test's location.
193515 - Updating Test's location.
193520 - Updating Test's location.
193525 - Updating Test's location.
193530 - Updating Test's location.
193535 - Updating Test's location.
193540 - Updating Test's location.
193545 - Updating Test's location.
193550 - Updating Test's location.
193555 - Updating Test's location.
193600 - Updating Test's location.
193605 - Updating Test's location.
193610 - Updating Test's location.
193615 - Updating Test's location.
193620 - Updating Test's location.
193625 - Updating Test's location.
193630 - Updating Test's location.
193635 - Updating Test's location.
193640 - Updating Test's location.
193645 - Updating Test's location.
193650 - Updating Test's location.
193655 - Updating Test's location.
193700 - Updating Test's location.
193705 - Updating Test's location.
193710 - Updating Test's location.
193715 - Updating Test's location.
193720 - Updating Test's location.
193725 - Updating Test's location.
193730 - Updating Test's location.
193735 - Updating Test's location.
193740 - Updating Test's location.
193745 - Updating Test's location.
193750 - Updating Test's location.
193755 - Updating Test's location.
193800 - Updating Test's location.
193805 - Updating Test's location.
193810 - Updating Test's location.
193815 - Updating Test's location.
193820 - Updating Test's location.
193825 - Updating Test's location.
193830 - Updating Test's location.
193835 - Updating Test's location.
193840 - Updating Test's location.
193845 - Updating Test's location.
193850 - Updating Test's location.
193855 - Updating Test's location.
193900 - Updating Test's location.
193905 - Updating Test's location.
193910 - Updating Test's location.
193915 - Updating Test's location.
193920 - Updating Test's location.
193925 - Updating Test's location.
193930 - Updating Test's location.
193935 - Updating Test's location.
193940 - Updating Test's location.
193945 - Updating Test's location.
193950 - Updating Test's location.
193955 - Updating Test's location.
194000 - Updating Test's location.
194005 - Updating Test's location.
194010 - Updating Test's location.
194015 - Updating Test's location.
194016 - Processing radiation damage...
194020 - Updating Test's location.
194025 - Updating Test's location.
194030 - Updating Test's location.
194035 - Updating Test's location.
194040 - Updating Test's location.
194045 - Updating Test's location.
194050 - Updating Test's location.
194055 - Updating Test's location.
194100 - Updating Test's location.
194105 - Updating Test's location.
194110 - Updating Test's location.
194115 - Updating Test's location.
194120 - Updating Test's location.
194125 - Updating Test's location.
194130 - Updating Test's location.
194135 - Updating Test's location.
194140 - Updating Test's location.
194145 - Updating Test's location.
194150 - Updating Test's location.
194155 - Updating Test's location.
194200 - Updating Test's location.
194205 - Updating Test's location.
194210 - Updating Test's location.
194215 - Updating Test's location.
194220 - Updating Test's location.
194225 - Updating Test's location.
194230 - Updating Test's location.
194235 - Updating Test's location.
194240 - Updating Test's location.
194245 - Updating Test's location.
194250 - Updating Test's location.
194255 - Updating Test's location.
194300 - Updating Test's location.
194305 - Updating Test's location.
194310 - Updating Test's location.
194315 - Updating Test's location.
194320 - Updating Test's location.
194325 - Updating Test's location.
194330 - Updating Test's location.
194335 - Updating Test's location.
194340 - Updating Test's location.
194345 - Updating Test's location.
194350 - Updating Test's location.
194355 - Updating Test's location.
194400 - Updating Test's location.
194403 - Test charged for online missile site.
194405 - Updating Test's location.
194410 - Updating Test's location.
194415 - Updating Test's location.
194420 - Updating Test's location.
194425 - Updating Test's location.
194430 - Updating Test's location.
194435 - Updating Test's location.
194440 - Updating Test's location.
194445 - Updating Test's location.
194450 - Updating Test's location.
194455 - Updating Test's location.
194500 - Updating Test's location.
194505 - Updating Test's location.
194510 - Updating Test's location.
194515 - Updating Test's location.
194520 - Updating Test's location.
194525 - Updating Test's location.
194530 - Updating Test's location.
194535 - Updating Test's location.
194540 - Updating Test's location.
194545 - Updating Test's location.
194550 - Updating Test's location.
194555 - Updating Test's location.
194600 - Updating Test's location.
194605 - Updating Test's location.
194610 - Updating Test's location.
194615 - Updating Test's location.
194616 - Processing health regeneration...
194616 - Processing radiation damage...
194620 - Updating Test's location.
194625 - Updating Test's location.
194630 - Updating Test's location.
194635 - Updating Test's location.
194640 - Updating Test's location.
194645 - Updating Test's location.
194650 - Updating Test's location.
194655 - Updating Test's location.
194700 - Updating Test's location.
194705 - Updating Test's location.
194710 - Updating Test's location.
194715 - Updating Test's location.
194720 - Updating Test's location.
194725 - Updating Test's location.
194730 - Updating Test's location.
194735 - Updating Test's location.
194740 - Updating Test's location.
194745 - Updating Test's location.
194750 - Updating Test's location.
194755 - Updating Test's location.
194800 - Updating Test's location.
194805 - Updating Test's location.
194810 - Updating Test's location.
194815 - Updating Test's location.
194820 - Updating Test's location.
194825 - Updating Test's location.
194830 - Updating Test's location.
194835 - Updating Test's location.
194840 - Updating Test's location.
194845 - Updating Test's location.
194850 - Updating Test's location.
194855 - Updating Test's location.
194900 - Updating Test's location.
194905 - Updating Test's location.
194910 - Updating Test's location.
194915 - Updating Test's location.
194920 - Updating Test's location.
194925 - Updating Test's location.
194930 - Updating Test's location.
194935 - Updating Test's location.
194940 - Updating Test's location.
194945 - Updating Test's location.
194950 - Updating Test's location.
194955 - Updating Test's location.
195000 - Updating Test's location.
195005 - Updating Test's location.
195010 - Updating Test's location.
195015 - Updating Test's location.
195020 - Updating Test's location.
195025 - Updating Test's location.
195030 - Updating Test's location.
195035 - Updating Test's location.
195040 - Updating Test's location.
195045 - Updating Test's location.
195050 - Updating Test's location.
195055 - Updating Test's location.
195100 - Updating Test's location.
195105 - Updating Test's location.
195110 - Updating Test's location.
195115 - Updating Test's location.
195120 - Updating Test's location.
195125 - Updating Test's location.
195130 - Updating Test's location.
195135 - Updating Test's location.
195140 - Updating Test's location.
195145 - Updating Test's location.
195150 - Updating Test's location.
195155 - Updating Test's location.
195200 - Updating Test's location.
195205 - Updating Test's location.
195210 - Updating Test's location.
195215 - Updating Test's location.
195216 - Processing radiation damage...
195220 - Updating Test's location.
195225 - Updating Test's location.
195230 - Updating Test's location.
195235 - Updating Test's location.
195240 - Updating Test's location.
195245 - Updating Test's location.
195250 - Updating Test's location.
195255 - Updating Test's location.
195300 - Updating Test's location.
195305 - Updating Test's location.
195310 - Updating Test's location.
195315 - Updating Test's location.
195320 - Updating Test's location.
195325 - Updating Test's location.
195330 - Updating Test's location.
195335 - Updating Test's location.
195340 - Updating Test's location.
195345 - Updating Test's location.
195350 - Updating Test's location.
195355 - Updating Test's location.
195400 - Updating Test's location.
195405 - Updating Test's location.
195410 - Updating Test's location.
195415 - Updating Test's location.
195420 - Updating Test's location.
195425 - Updating Test's location.
195430 - Updating Test's location.
195435 - Updating Test's location.
195440 - Updating Test's location.
195445 - Updating Test's location.
195450 - Updating Test's location.
195455 - Updating Test's location.
195500 - Updating Test's location.
195505 - Updating Test's location.
195510 - Updating Test's location.
195515 - Updating Test's location.
195520 - Updating Test's location.
195525 - Updating Test's location.
195530 - Updating Test's location.
195535 - Updating Test's location.
195540 - Updating Test's location.
195545 - Updating Test's location.
195550 - Updating Test's location.
195555 - Updating Test's location.
195600 - Updating Test's location.
195605 - Updating Test's location.
195610 - Updating Test's location.
195615 - Updating Test's location.
195620 - Updating Test's location.
195625 - Updating Test's location.
195630 - Updating Test's location.
195635 - Updating Test's location.
195640 - Updating Test's location.
195645 - Updating Test's location.
195650 - Updating Test's location.
195655 - Updating Test's location.
195700 - Updating Test's location.
195705 - Updating Test's location.
195710 - Updating Test's location.
195715 - Updating Test's location.
195720 - Updating Test's location.
195725 - Updating Test's location.
195730 - Updating Test's location.
195735 - Updating Test's location.
195740 - Updating Test's location.
195745 - Updating Test's location.
195750 - Updating Test's location.
195755 - Updating Test's location.
195800 - Updating Test's location.
195805 - Updating Test's location.
195810 - Updating Test's location.
195815 - Updating Test's location.
195816 - Processing radiation damage...
195820 - Updating Test's location.
195825 - Updating Test's location.
195830 - Updating Test's location.
195835 - Updating Test's location.
195840 - Updating Test's location.
195845 - Updating Test's location.
195850 - Updating Test's location.
195855 - Updating Test's location.
195900 - Updating Test's location.
195905 - Updating Test's location.
195910 - Updating Test's location.
195915 - Updating Test's location.
195920 - Updating Test's location.
195925 - Updating Test's location.
195930 - Updating Test's location.
195935 - Updating Test's location.
195940 - Updating Test's location.
195945 - Updating Test's location.
195950 - Updating Test's location.
195955 - Updating Test's location.
200000 - It's a new hour!
200000 - Performing wealth generation...
200000 - Adam Min gets nothing.
200000 - Test gets 415.
200000 - Tttttt gets 395.
200000 - It's a new day!
200000 - Processing end of day events...
200000 - Updating Test's location.
200000 - Performed multiaccounting check for Test
200005 - Updating Test's location.
200010 - Updating Test's location.
200015 - Updating Test's location.
200020 - Updating Test's location.
200025 - Updating Test's location.
200030 - Updating Test's location.
200035 - Updating Test's location.
200040 - Updating Test's location.
200045 - Updating Test's location.
200050 - Updating Test's location.
200055 - Updating Test's location.
200100 - Updating Test's location.
200105 - Updating Test's location.
200110 - Updating Test's location.
200115 - Updating Test's location.
200116 - Processing health regeneration...
200120 - Updating Test's location.
200125 - Updating Test's location.
200130 - Updating Test's location.
200135 - Updating Test's location.
200140 - Updating Test's location.
200145 - Updating Test's location.
200150 - Updating Test's location.
200155 - Updating Test's location.
200200 - Updating Test's location.
200205 - Updating Test's location.
200210 - Updating Test's location.
200215 - Updating Test's location.
200220 - Updating Test's location.
200225 - Updating Test's location.
200230 - Updating Test's location.
200235 - Updating Test's location.
200240 - Updating Test's location.
200245 - Updating Test's location.
200250 - Updating Test's location.
200255 - Updating Test's location.
200300 - Updating Test's location.
200305 - Updating Test's location.
200310 - Updating Test's location.
200315 - Updating Test's location.
200320 - Updating Test's location.
200325 - Updating Test's location.
200330 - Updating Test's location.
200336 - Updating Test's location.
200341 - Updating Test's location.
200345 - Updating Test's location.
200351 - Updating Test's location.
200356 - Updating Test's location.
200401 - Updating Test's location.
200406 - Updating Test's location.
200411 - Updating Test's location.
200416 - Updating Test's location.
200416 - Processing radiation damage...
200421 - Updating Test's location.
200426 - Updating Test's location.
200431 - Updating Test's location.
200436 - Updating Test's location.
200441 - Updating Test's location.
200446 - Updating Test's location.
200451 - Updating Test's location.
200456 - Updating Test's location.
200501 - Updating Test's location.
200506 - Updating Test's location.
200511 - Updating Test's location.
200516 - Updating Test's location.
200521 - Updating Test's location.
200526 - Updating Test's location.
200531 - Updating Test's location.
200536 - Updating Test's location.
200541 - Updating Test's location.
200546 - Updating Test's location.
200551 - Updating Test's location.
200556 - Updating Test's location.
200601 - Updating Test's location.
200606 - Updating Test's location.
200611 - Updating Test's location.
200616 - Updating Test's location.
200621 - Updating Test's location.
200626 - Updating Test's location.
200631 - Updating Test's location.
200636 - Updating Test's location.
200641 - Updating Test's location.
200646 - Updating Test's location.
200651 - Updating Test's location.
200656 - Updating Test's location.
200701 - Updating Test's location.
200706 - Updating Test's location.
200711 - Updating Test's location.
200716 - Updating Test's location.
200721 - Updating Test's location.
200726 - Updating Test's location.
200731 - Updating Test's location.
200736 - Updating Test's location.
200741 - Updating Test's location.
200746 - Updating Test's location.
200751 - Updating Test's location.
200756 - Updating Test's location.
200801 - Updating Test's location.
200806 - Updating Test's location.
200811 - Updating Test's location.
200816 - Updating Test's location.
200821 - Updating Test's location.
200826 - Updating Test's location.
200831 - Updating Test's location.
200836 - Updating Test's location.
200841 - Updating Test's location.
200846 - Updating Test's location.
200851 - Updating Test's location.
200856 - Updating Test's location.
200901 - Updating Test's location.
200906 - Updating Test's location.
200911 - Updating Test's location.
200916 - Updating Test's location.
200921 - Updating Test's location.
200926 - Updating Test's location.
200931 - Updating Test's location.
200936 - Updating Test's location.
200941 - Updating Test's location.
200946 - Updating Test's location.
200951 - Updating Test's location.
200956 - Updating Test's location.
201001 - Updating Test's location.
201006 - Updating Test's location.
201011 - Updating Test's location.
201016 - Updating Test's location.
201016 - Processing radiation damage...
201021 - Updating Test's location.
201026 - Updating Test's location.
201031 - Updating Test's location.
201036 - Updating Test's location.
201041 - Updating Test's location.
201046 - Updating Test's location.
201051 - Updating Test's location.
201056 - Updating Test's location.
201101 - Updating Test's location.
201106 - Updating Test's location.
201111 - Updating Test's location.
201116 - Updating Test's location.
201121 - Updating Test's location.
201126 - Updating Test's location.
201131 - Updating Test's location.
201136 - Updating Test's location.
201141 - Updating Test's location.
201146 - Updating Test's location.
201151 - Updating Test's location.
201156 - Updating Test's location.
201201 - Updating Test's location.
201206 - Updating Test's location.
201211 - Updating Test's location.
201216 - Updating Test's location.
201221 - Updating Test's location.
201226 - Updating Test's location.
201231 - Updating Test's location.
201236 - Updating Test's location.
201241 - Updating Test's location.
201246 - Updating Test's location.
201251 - Updating Test's location.
201256 - Updating Test's location.
201301 - Updating Test's location.
201306 - Updating Test's location.
201311 - Updating Test's location.
201316 - Updating Test's location.
201321 - Updating Test's location.
201326 - Updating Test's location.
201331 - Updating Test's location.
201336 - Updating Test's location.
201341 - Updating Test's location.
201346 - Updating Test's location.
201351 - Updating Test's location.
201356 - Updating Test's location.
201401 - Updating Test's location.
201406 - Updating Test's location.
201411 - Updating Test's location.
201416 - Updating Test's location.
201421 - Updating Test's location.
201426 - Updating Test's location.
201431 - Updating Test's location.
201436 - Updating Test's location.
201441 - Updating Test's location.
201446 - Updating Test's location.
201451 - Updating Test's location.
201456 - Updating Test's location.
201501 - Updating Test's location.
201506 - Updating Test's location.
201511 - Updating Test's location.
201516 - Updating Test's location.
201521 - Updating Test's location.
201526 - Updating Test's location.
201531 - Updating Test's location.
201536 - Updating Test's location.
201541 - Updating Test's location.
201546 - Updating Test's location.
201551 - Updating Test's location.
201556 - Updating Test's location.
201601 - Updating Test's location.
201606 - Updating Test's location.
201611 - Updating Test's location.
201615 - Saving game.
201616 - Updating Test's location.
201616 - Processing health regeneration...
201616 - Processing radiation damage...
201621 - Updating Test's location.
201626 - Updating Test's location.
201631 - Updating Test's location.
201636 - Updating Test's location.
201641 - Updating Test's location.
201646 - Updating Test's location.
201651 - Updating Test's location.
201656 - Updating Test's location.
201701 - Updating Test's location.
201706 - Updating Test's location.
201711 - Updating Test's location.
201716 - Updating Test's location.
201721 - Updating Test's location.
201726 - Updating Test's location.
201731 - Updating Test's location.
201736 - Updating Test's location.
201741 - Updating Test's location.
201746 - Updating Test's location.
201751 - Updating Test's location.
201756 - Updating Test's location.
201801 - Updating Test's location.
201806 - Updating Test's location.
201811 - Updating Test's location.
201816 - Updating Test's location.
201821 - Updating Test's location.
201826 - Updating Test's location.
201831 - Updating Test's location.
201836 - Updating Test's location.
201841 - Updating Test's location.
201846 - Updating Test's location.
201851 - Updating Test's location.
201856 - Updating Test's location.
201901 - Updating Test's location.
201906 - Updating Test's location.
201911 - Updating Test's location.
201916 - Updating Test's location.
201921 - Updating Test's location.
201926 - Updating Test's location.
201931 - Updating Test's location.
201936 - Updating Test's location.
201941 - Updating Test's location.
201946 - Updating Test's location.
201951 - Updating Test's location.
201956 - Updating Test's location.
202001 - Updating Test's location.
202006 - Updating Test's location.
202011 - Updating Test's location.
202016 - Updating Test's location.
202021 - Updating Test's location.
202026 - Updating Test's location.
202031 - Updating Test's location.
202036 - Updating Test's location.
202041 - Updating Test's location.
202046 - Updating Test's location.
202051 - Updating Test's location.
202056 - Updating Test's location.
202101 - Updating Test's location.
202106 - Updating Test's location.
202111 - Updating Test's location.
202116 - Updating Test's location.
202121 - Updating Test's location.
202126 - Updating Test's location.
202131 - Updating Test's location.
202136 - Updating Test's location.
202141 - Updating Test's location.
202146 - Updating Test's location.
202151 - Updating Test's location.
202156 - Updating Test's location.
202201 - Updating Test's location.
202206 - Updating Test's location.
202211 - Updating Test's location.
202216 - Processing radiation damage...
202216 - Updating Test's location.
202221 - Updating Test's location.
202226 - Updating Test's location.
202231 - Updating Test's location.
202236 - Updating Test's location.
202241 - Updating Test's location.
202246 - Updating Test's location.
202251 - Updating Test's location.
202256 - Updating Test's location.
202301 - Updating Test's location.
202306 - Updating Test's location.
202311 - Updating Test's location.
202316 - Updating Test's location.
202321 - Updating Test's location.
202326 - Updating Test's location.
202331 - Updating Test's location.
202336 - Updating Test's location.
202341 - Updating Test's location.
202346 - Updating Test's location.
202351 - Updating Test's location.
202356 - Updating Test's location.
202401 - Updating Test's location.
202407 - Updating Test's location.
202411 - Updating Test's location.
202416 - Updating Test's location.
202421 - Updating Test's location.
202426 - Updating Test's location.
202431 - Updating Test's location.
202436 - Updating Test's location.
202441 - Updating Test's location.
202446 - Updating Test's location.
202451 - Updating Test's location.
202456 - Updating Test's location.
202501 - Updating Test's location.
202506 - Updating Test's location.
202511 - Updating Test's location.
202516 - Updating Test's location.
202521 - Updating Test's location.
202526 - Updating Test's location.
202531 - Updating Test's location.
202536 - Updating Test's location.
202541 - Updating Test's location.
202546 - Updating Test's location.
202551 - Updating Test's location.
202556 - Updating Test's location.
202601 - Updating Test's location.
202606 - Updating Test's location.
202611 - Updating Test's location.
202617 - Updating Test's location.
202621 - Updating Test's location.
202626 - Updating Test's location.
202632 - Updating Test's location.
202637 - Updating Test's location.
202642 - Updating Test's location.
202647 - Updating Test's location.
202652 - Updating Test's location.
202657 - Updating Test's location.
202702 - Updating Test's location.
202707 - Updating Test's location.
202712 - Updating Test's location.
202717 - Updating Test's location.
202722 - Updating Test's location.
202727 - Updating Test's location.
202732 - Updating Test's location.
202737 - Updating Test's location.
202742 - Updating Test's location.
202747 - Updating Test's location.
202752 - Updating Test's location.
202757 - Updating Test's location.
202802 - Updating Test's location.
202807 - Updating Test's location.
202812 - Updating Test's location.
202816 - Processing radiation damage...
202817 - Updating Test's location.
202822 - Updating Test's location.
202827 - Updating Test's location.
202832 - Updating Test's location.
202837 - Updating Test's location.
202842 - Updating Test's location.
202847 - Updating Test's location.
202852 - Updating Test's location.
202857 - Updating Test's location.
202902 - Updating Test's location.
202907 - Updating Test's location.
202912 - Updating Test's location.
202917 - Updating Test's location.
202922 - Updating Test's location.
202927 - Updating Test's location.
202932 - Updating Test's location.
202937 - Updating Test's location.
202942 - Updating Test's location.
202947 - Updating Test's location.
202952 - Updating Test's location.
202957 - Updating Test's location.
203002 - Updating Test's location.
203007 - Updating Test's location.
203012 - Updating Test's location.
203017 - Updating Test's location.
203022 - Updating Test's location.
203027 - Updating Test's location.
203032 - Updating Test's location.
203037 - Updating Test's location.
203042 - Updating Test's location.
203047 - Updating Test's location.
203052 - Updating Test's location.
203057 - Updating Test's location.
203102 - Updating Test's location.
203107 - Updating Test's location.
203112 - Updating Test's location.
203116 - Processing health regeneration...
203117 - Updating Test's location.
203122 - Updating Test's location.
203128 - Updating Test's location.
203132 - Updating Test's location.
203137 - Updating Test's location.
203142 - Updating Test's location.
203147 - Updating Test's location.
203152 - Updating Test's location.
203158 - Updating Test's location.
203202 - Updating Test's location.
203208 - Updating Test's location.
203213 - Updating Test's location.
203218 - Updating Test's location.
203223 - Updating Test's location.
203228 - Updating Test's location.
203233 - Updating Test's location.
203238 - Updating Test's location.
203243 - Updating Test's location.
203248 - Updating Test's location.
203253 - Updating Test's location.
203258 - Updating Test's location.
203303 - Updating Test's location.
203308 - Updating Test's location.
203313 - Updating Test's location.
203318 - Updating Test's location.
203323 - Updating Test's location.
203328 - Updating Test's location.
203333 - Updating Test's location.
203338 - Updating Test's location.
203343 - Updating Test's location.
203348 - Updating Test's location.
203353 - Updating Test's location.
203358 - Updating Test's location.
203403 - Updating Test's location.
203408 - Updating Test's location.
203413 - Updating Test's location.
203416 - Processing radiation damage...
203418 - Updating Test's location.
203423 - Updating Test's location.
203428 - Updating Test's location.
203433 - Updating Test's location.
203438 - Updating Test's location.
203443 - Updating Test's location.
203448 - Updating Test's location.
203456 - Updating Test's location.
203501 - Updating Test's location.
203506 - Updating Test's location.
203511 - Updating Test's location.
203516 - Updating Test's location.
203521 - Updating Test's location.
203526 - Updating Test's location.
203531 - Updating Test's location.
203536 - Updating Test's location.
203541 - Updating Test's location.
203546 - Updating Test's location.
203551 - Updating Test's location.
203556 - Updating Test's location.
203601 - Updating Test's location.
203606 - Updating Test's location.
203611 - Updating Test's location.
203616 - Updating Test's location.
203621 - Updating Test's location.
203626 - Updating Test's location.
203632 - Updating Test's location.
203636 - Updating Test's location.
203641 - Updating Test's location.
203647 - Updating Test's location.
203652 - Updating Test's location.
203657 - Updating Test's location.
203702 - Updating Test's location.
203707 - Updating Test's location.
203712 - Updating Test's location.
203717 - Updating Test's location.
203722 - Updating Test's location.
203727 - Updating Test's location.
203732 - Updating Test's location.
203737 - Updating Test's location.
203743 - Updating Test's location.
203747 - Updating Test's location.
203752 - Updating Test's location.
203757 - Updating Test's location.
203802 - Updating Test's location.
203807 - Updating Test's location.
203812 - Updating Test's location.
203818 - Updating Test's location.
203823 - Updating Test's location.
203828 - Updating Test's location.
203833 - Updating Test's location.
203838 - Updating Test's location.
203843 - Updating Test's location.
203848 - Updating Test's location.
203853 - Updating Test's location.
203858 - Updating Test's location.
203903 - Updating Test's location.
203908 - Updating Test's location.
203913 - Updating Test's location.
203918 - Updating Test's location.
203923 - Updating Test's location.
203928 - Updating Test's location.
203933 - Updating Test's location.
203938 - Updating Test's location.
203943 - Updating Test's location.
203948 - Updating Test's location.
203953 - Updating Test's location.
203958 - Updating Test's location.
204003 - Updating Test's location.
204008 - Updating Test's location.
204013 - Updating Test's location.
204016 - Processing radiation damage...
204018 - Updating Test's location.
204023 - Updating Test's location.
204028 - Updating Test's location.
204033 - Updating Test's location.
204038 - Updating Test's location.
204043 - Updating Test's location.
204048 - Updating Test's location.
204053 - Updating Test's location.
204058 - Updating Test's location.
204103 - Updating Test's location.
204108 - Updating Test's location.
204113 - Updating Test's location.
204118 - Updating Test's location.
204123 - Updating Test's location.
204128 - Updating Test's location.
204133 - Updating Test's location.
204138 - Updating Test's location.
204143 - Updating Test's location.
204148 - Updating Test's location.
204153 - Updating Test's location.
204158 - Updating Test's location.
204203 - Updating Test's location.
204208 - Updating Test's location.
204213 - Updating Test's location.
204218 - Updating Test's location.
204223 - Updating Test's location.
204228 - Updating Test's location.
204233 - Updating Test's location.
204238 - Updating Test's location.
204243 - Updating Test's location.
204248 - Updating Test's location.
204253 - Updating Test's location.
204258 - Updating Test's location.
204303 - Updating Test's location.
204308 - Updating Test's location.
204313 - Updating Test's location.
204318 - Updating Test's location.
204323 - Updating Test's location.
204328 - Updating Test's location.
204333 - Updating Test's location.
204338 - Updating Test's location.
204343 - Updating Test's location.
204348 - Updating Test's location.
204353 - Updating Test's location.
204358 - Updating Test's location.
204403 - Test charged for online missile site.
204403 - Updating Test's location.
204408 - Updating Test's location.
204413 - Updating Test's location.
204418 - Updating Test's location.
204423 - Updating Test's location.
204428 - Updating Test's location.
204433 - Updating Test's location.
204438 - Updating Test's location.
204443 - Updating Test's location.
204448 - Updating Test's location.
204453 - Updating Test's location.
204458 - Updating Test's location.
204503 - Updating Test's location.
204508 - Updating Test's location.
204513 - Updating Test's location.
204518 - Updating Test's location.
204523 - Updating Test's location.
204528 - Updating Test's location.
204533 - Updating Test's location.
204538 - Updating Test's location.
204543 - Updating Test's location.
204549 - Updating Test's location.
204554 - Updating Test's location.
204559 - Updating Test's location.
204604 - Updating Test's location.
204609 - Updating Test's location.
204614 - Updating Test's location.
204616 - Processing health regeneration...
204616 - Processing radiation damage...
204619 - Updating Test's location.
204624 - Updating Test's location.
204629 - Updating Test's location.
204634 - Updating Test's location.
204639 - Updating Test's location.
204644 - Updating Test's location.
204649 - Updating Test's location.
204654 - Updating Test's location.
204659 - Updating Test's location.
204704 - Updating Test's location.
204709 - Updating Test's location.
204714 - Updating Test's location.
204719 - Updating Test's location.
204724 - Updating Test's location.
204729 - Updating Test's location.
204734 - Updating Test's location.
204739 - Updating Test's location.
204744 - Updating Test's location.
204749 - Updating Test's location.
204754 - Updating Test's location.
204759 - Updating Test's location.
204804 - Updating Test's location.
204809 - Updating Test's location.
204814 - Updating Test's location.
204819 - Updating Test's location.
204824 - Updating Test's location.
204829 - Updating Test's location.
204834 - Updating Test's location.
204839 - Updating Test's location.
204844 - Updating Test's location.
204849 - Updating Test's location.
204854 - Updating Test's location.
204859 - Updating Test's location.
204904 - Updating Test's location.
204909 - Updating Test's location.
204914 - Updating Test's location.
204919 - Updating Test's location.
204924 - Updating Test's location.
204929 - Updating Test's location.
204934 - Updating Test's location.
204939 - Updating Test's location.
204944 - Updating Test's location.
204949 - Updating Test's location.
204954 - Updating Test's location.
204959 - Updating Test's location.
205004 - Updating Test's location.
205009 - Updating Test's location.
205014 - Updating Test's location.
205019 - Updating Test's location.
205024 - Updating Test's location.
205029 - Updating Test's location.
205034 - Updating Test's location.
205039 - Updating Test's location.
205044 - Updating Test's location.
205049 - Updating Test's location.
205054 - Updating Test's location.
205059 - Updating Test's location.
205104 - Updating Test's location.
205109 - Updating Test's location.
205114 - Updating Test's location.
205119 - Updating Test's location.
205124 - Updating Test's location.
205129 - Updating Test's location.
205134 - Updating Test's location.
205139 - Updating Test's location.
205144 - Updating Test's location.
205149 - Updating Test's location.
205154 - Updating Test's location.
205159 - Updating Test's location.
205204 - Updating Test's location.
205209 - Updating Test's location.
205214 - Updating Test's location.
205216 - Processing radiation damage...
205219 - Updating Test's location.
205224 - Updating Test's location.
205229 - Updating Test's location.
205234 - Updating Test's location.
205239 - Updating Test's location.
205244 - Updating Test's location.
205249 - Updating Test's location.
205254 - Updating Test's location.
205259 - Updating Test's location.
205304 - Updating Test's location.
205309 - Updating Test's location.
205314 - Updating Test's location.
205319 - Updating Test's location.
205324 - Updating Test's location.
205329 - Updating Test's location.
205334 - Updating Test's location.
205339 - Updating Test's location.
205344 - Updating Test's location.
205349 - Updating Test's location.
205354 - Updating Test's location.
205359 - Updating Test's location.
205404 - Updating Test's location.
205409 - Updating Test's location.
205414 - Updating Test's location.
205419 - Updating Test's location.
205424 - Updating Test's location.
205429 - Updating Test's location.
205434 - Updating Test's location.
205439 - Updating Test's location.
205444 - Updating Test's location.
205449 - Updating Test's location.
205454 - Updating Test's location.
205459 - Updating Test's location.
205504 - Updating Test's location.
205509 - Updating Test's location.
205514 - Updating Test's location.
205519 - Updating Test's location.
205524 - Updating Test's location.
205529 - Updating Test's location.
205534 - Updating Test's location.
205539 - Updating Test's location.
205544 - Updating Test's location.
205549 - Updating Test's location.
205554 - Updating Test's location.
205559 - Updating Test's location.
205604 - Updating Test's location.
205609 - Updating Test's location.
205614 - Updating Test's location.
205619 - Updating Test's location.
205624 - Updating Test's location.
205629 - Updating Test's location.
205634 - Updating Test's location.
212441 - Starting services...
212441 - ...Started.
212441 - Processing health regeneration...
212441 - Processing radiation damage...
212442 - Verifying ID C04278ECA1C485AF5C1B82AAD5582C4E6BA1293C384CEF565E7D9E51655F82EA.
212443 - Updating Test's location.
212443 - Performed multiaccounting check for Test
212448 - Verifying ID C04278ECA1C485AF5C1B82AAD5582C4E6BA1293C384CEF565E7D9E51655F82EA.
212448 - Updating Test's location.
212454 - Verifying ID C04278ECA1C485AF5C1B82AAD5582C4E6BA1293C384CEF565E7D9E51655F82EA.
212455 - Updating Test's location.
212458 - Verifying ID C04278ECA1C485AF5C1B82AAD5582C4E6BA1293C384CEF565E7D9E51655F82EA.
212459 - Updating Test's location.
212502 - Verifying ID C04278ECA1C485AF5C1B82AAD5582C4E6BA1293C384CEF565E7D9E51655F82EA.
212503 - Updating Test's location.
212506 - Verifying ID C04278ECA1C485AF5C1B82AAD5582C4E6BA1293C384CEF565E7D9E51655F82EA.
212507 - Updating Test's location.
212512 - Verifying ID C04278ECA1C485AF5C1B82AAD5582C4E6BA1293C384CEF565E7D9E51655F82EA.
212515 - Updating Test's location.
212516 - Verifying ID C04278ECA1C485AF5C1B82AAD5582C4E6BA1293C384CEF565E7D9E51655F82EA.
212516 - Updating Test's location.
212519 - Verifying ID C04278ECA1C485AF5C1B82AAD5582C4E6BA1293C384CEF565E7D9E51655F82EA.
212523 - Verifying ID C04278ECA1C485AF5C1B82AAD5582C4E6BA1293C384CEF565E7D9E51655F82EA.
212527 - Verifying ID C04278ECA1C485AF5C1B82AAD5582C4E6BA1293C384CEF565E7D9E51655F82EA.
212528 - Updating Test's location.
212528 - Updating Test's location.
212529 - Updating Test's location.
212531 - Verifying ID C04278ECA1C485AF5C1B82AAD5582C4E6BA1293C384CEF565E7D9E51655F82EA.
212536 - Updating Test's location.
212537 - Verifying ID C04278ECA1C485AF5C1B82AAD5582C4E6BA1293C384CEF565E7D9E51655F82EA.
212538 - Updating Test's location.
212541 - Verifying ID C04278ECA1C485AF5C1B82AAD5582C4E6BA1293C384CEF565E7D9E51655F82EA.
212544 - Updating Test's location.
212547 - Verifying ID C04278ECA1C485AF5C1B82AAD5582C4E6BA1293C384CEF565E7D9E51655F82EA.
212548 - Updating Test's location.
212551 - Verifying ID C04278ECA1C485AF5C1B82AAD5582C4E6BA1293C384CEF565E7D9E51655F82EA.
212556 - Updating Test's location.
212556 - Verifying ID C04278ECA1C485AF5C1B82AAD5582C4E6BA1293C384CEF565E7D9E51655F82EA.
212557 - Updating Test's location.
212600 - Verifying ID C04278ECA1C485AF5C1B82AAD5582C4E6BA1293C384CEF565E7D9E51655F82EA.
212606 - Verifying ID C04278ECA1C485AF5C1B82AAD5582C4E6BA1293C384CEF565E7D9E51655F82EA.
212614 - Verifying ID C04278ECA1C485AF5C1B82AAD5582C4E6BA1293C384CEF565E7D9E51655F82EA.
212621 - Verifying ID C04278ECA1C485AF5C1B82AAD5582C4E6BA1293C384CEF565E7D9E51655F82EA.
212624 - Verifying ID C04278ECA1C485AF5C1B82AAD5582C4E6BA1293C384CEF565E7D9E51655F82EA.
212628 - Verifying ID C04278ECA1C485AF5C1B82AAD5582C4E6BA1293C384CEF565E7D9E51655F82EA.
212633 - Verifying ID C04278ECA1C485AF5C1B82AAD5582C4E6BA1293C384CEF565E7D9E51655F82EA.
212637 - Verifying ID C04278ECA1C485AF5C1B82AAD5582C4E6BA1293C384CEF565E7D9E51655F82EA.
212640 - Updating Test's location.
212640 - Updating Test's location.
212640 - Updating Test's location.
212643 - Verifying ID C04278ECA1C485AF5C1B82AAD5582C4E6BA1293C384CEF565E7D9E51655F82EA.
212646 - Verifying ID C04278ECA1C485AF5C1B82AAD5582C4E6BA1293C384CEF565E7D9E51655F82EA.
212651 - Updating Test's location.
212656 - Updating Test's location.
212701 - Updating Test's location.
212701 - Updating Test's location.
212702 - Updating Test's location.
212702 - Updating Test's location.
212707 - Updating Test's location.
212712 - Updating Test's location.
212715 - Updating Test's location.
212716 - Updating Test's location.
212720 - Updating Test's location.
212725 - Updating Test's location.
212730 - Updating Test's location.
212735 - Updating Test's location.
212740 - Updating Test's location.
212746 - Updating Test's location.
212751 - Updating Test's location.
212756 - Updating Test's location.
212801 - Updating Test's location.
212806 - Updating Test's location.
212811 - Updating Test's location.
212816 - Updating Test's location.
212819 - Verifying ID D0067361CEDACE45FAB141A3BBACF4D7A1DF870F4851D6FA53BF22884D24EC9D.
212821 - Updating Test's location.
212824 - Updating Tttttt's location.
212824 - Performed multiaccounting check for Tttttt
212826 - Updating Test's location.
212826 - Validating Tttttt's nuclear missile site construction attempt...
212826 - ...Affordable...
212826 - (Event) Tttttt constructed a nuclear missile site.
212829 - Updating Tttttt's location.
212831 - Updating Test's location.
212834 - Updating Tttttt's location.
212837 - Updating Test's location.
212839 - Updating Tttttt's location.
212842 - Updating Test's location.
212847 - Updating Test's location.
212852 - Updating Test's location.
212858 - Updating Test's location.
212903 - Updating Test's location.
213041 - Processing radiation damage...
213056 - Verifying ID D0067361CEDACE45FAB141A3BBACF4D7A1DF870F4851D6FA53BF22884D24EC9D.
213056 - Updating Tttttt's location.
213101 - Updating Tttttt's location.
213106 - Updating Tttttt's location.
213111 - Updating Tttttt's location.
213116 - Updating Tttttt's location.
213641 - Processing radiation damage...
213941 - Processing health regeneration...
214241 - Processing radiation damage...
214556 - Verifying ID D0067361CEDACE45FAB141A3BBACF4D7A1DF870F4851D6FA53BF22884D24EC9D.
214841 - Processing radiation damage...
215228 - Test charged for online missile site.
215441 - Processing health regeneration...
215441 - Processing radiation damage...
220000 - It's a new hour!
220000 - Performing wealth generation...
220000 - Adam Min gets nothing.
220000 - Test gets 415.
220000 - Tttttt gets 420.
220041 - Processing radiation damage...
220515 - Verifying ID D0067361CEDACE45FAB141A3BBACF4D7A1DF870F4851D6FA53BF22884D24EC9D.
220641 - Processing radiation damage...
220941 - Processing health regeneration...
221241 - Processing radiation damage...
221557 - Verifying ID D0067361CEDACE45FAB141A3BBACF4D7A1DF870F4851D6FA53BF22884D24EC9D.
221841 - Processing radiation damage...
