174837 - Loading config xml...
174837 - Loading game xml...
174837 - Loading missiles...
174837 - Loading interceptors...
174837 - Loading missile sites...
174837 - Loading SAM sites...
174837 - Loading sentry guns...
174837 - Loading ore mines...
174837 - Loading loots...
174837 - Loading radiations...
175203 - Loading config xml...
175203 - Loading game xml...
175203 - Loading missiles...
175203 - Loading interceptors...
175203 - Loading missile sites...
175203 - Loading SAM sites...
175203 - Loading sentry guns...
175203 - Loading ore mines...
175203 - Loading loots...
175203 - Loading radiations...
204524 - Loading config xml...
204524 - Loading game xml...
204524 - Loading missiles...
204524 - Loading interceptors...
204524 - Loading missile sites...
204524 - Loading SAM sites...
204524 - Loading sentry guns...
204524 - Loading ore mines...
204524 - Loading loots...
204524 - Loading radiations...
