085508 - Saving and backing up the game.
085510 - Saving and backing up the game.
085510 - Saving and backing up the game.
085510 - Saving and backing up the game.
085511 - Saving and backing up the game.
104737 - Saving and backing up the game.
155526 - Saving and backing up the game.
155527 - Saving and backing up the game.
174056 - Saving and backing up the game.
174837 - Firing up Launch server...
174837 - Load warning: Unable to get byte root element Variant. Returning default 0.
174837 - Loading game...
174837 - ...game loaded.
174837 - ...We're running.
175203 - Firing up Launch server...
175203 - Load warning: Unable to get byte root element Variant. Returning default 0.
175203 - Loading game...
175203 - ...game loaded.
175203 - ...We're running.
202940 - Saving and backing up the game.
204524 - Firing up Launch server...
204524 - Load warning: Unable to get byte root element Variant. Returning default 0.
204524 - Loading game...
204524 - ...game loaded.
204524 - ...We're running.
234431 - Saving and backing up the game.
