094303 - Loading config xml...
094303 - Loading game xml...
094303 - Loading missiles...
094303 - Loading interceptors...
094303 - Loading missile sites...
094303 - Loading SAM sites...
094303 - Loading sentry guns...
094303 - Loading ore mines...
094303 - Loading loots...
094303 - Loading radiations...
130019 - Loading config xml...
130019 - Loading game xml...
130019 - Loading missiles...
130019 - Loading interceptors...
130019 - Loading missile sites...
130019 - Loading SAM sites...
130019 - Loading sentry guns...
130019 - Loading ore mines...
130019 - Loading loots...
130019 - Loading radiations...
131424 - Loading config xml...
131424 - Loading game xml...
131424 - Loading missiles...
131424 - Loading interceptors...
131424 - Loading missile sites...
131424 - Loading SAM sites...
131424 - Loading sentry guns...
131424 - Loading ore mines...
131424 - Loading loots...
131424 - Loading radiations...
134714 - Loading config xml...
134714 - Loading game xml...
134714 - Loading missiles...
134714 - Loading interceptors...
134714 - Loading missile sites...
134714 - Loading SAM sites...
134714 - Loading sentry guns...
134714 - Loading ore mines...
134714 - Loading loots...
134714 - Loading radiations...
141211 - Loading config xml...
141212 - Loading game xml...
141212 - Loading missiles...
141212 - Loading interceptors...
141212 - Loading missile sites...
141212 - Loading SAM sites...
141212 - Loading sentry guns...
141212 - Loading ore mines...
141212 - Loading loots...
141212 - Loading radiations...
142035 - Loading config xml...
142035 - Loading game xml...
142036 - Loading missiles...
142036 - Loading interceptors...
142036 - Loading missile sites...
142036 - Loading SAM sites...
142036 - Loading sentry guns...
142036 - Loading ore mines...
142036 - Loading loots...
142036 - Loading radiations...
142109 - Loading config xml...
142109 - Loading game xml...
142109 - Loading missiles...
142109 - Loading interceptors...
142109 - Loading missile sites...
142109 - Loading SAM sites...
142109 - Loading sentry guns...
142109 - Loading ore mines...
142109 - Loading loots...
142109 - Loading radiations...
142131 - Loading config xml...
142131 - Loading game xml...
142132 - Loading missiles...
142132 - Loading interceptors...
142132 - Loading missile sites...
142132 - Loading SAM sites...
142132 - Loading sentry guns...
142132 - Loading ore mines...
142132 - Loading loots...
142132 - Loading radiations...
