094302 - Firing up Launch server...
094303 - Load warning: Unable to get byte root element Variant. Returning default 0.
094303 - Loading game...
094303 - ...game loaded.
094303 - ...We're running.
130019 - Firing up Launch server...
130019 - Load warning: Unable to get byte root element Variant. Returning default 0.
130019 - Loading game...
130019 - ...game loaded.
130019 - ...We're running.
131423 - Firing up Launch server...
131424 - Load warning: Unable to get byte root element Variant. Returning default 0.
131424 - Loading game...
131424 - ...game loaded.
131424 - ...We're running.
134714 - Firing up Launch server...
134714 - Load warning: Unable to get byte root element Variant. Returning default 0.
134714 - Loading game...
134714 - ...game loaded.
134714 - ...We're running.
141211 - Firing up Launch server...
141211 - Load warning: Unable to get byte root element Variant. Returning default 0.
141211 - Loading game...
141212 - ...game loaded.
141212 - ...We're running.
142035 - Firing up Launch server...
142035 - Load warning: Unable to get byte root element Variant. Returning default 0.
142035 - Loading game...
142036 - ...game loaded.
142036 - ...We're running.
142036 - Quit. Waiting for game to stop running...
142036 - Goodbye.
142109 - Firing up Launch server...
142109 - Load warning: Unable to get byte root element Variant. Returning default 0.
142109 - Loading game...
142109 - ...game loaded.
142109 - ...We're running.
142109 - Quit. Waiting for game to stop running...
142109 - Goodbye.
142131 - Firing up Launch server...
142131 - Load warning: Unable to get byte root element Variant. Returning default 0.
142131 - Loading game...
142132 - ...game loaded.
142132 - ...We're running.
